<?xml version="1.0" encoding="UTF-8"?>
<!-- Generated by org.testng.reporters.JUnitXMLReporter -->
<testsuite hostname="DESKTOP-AO989VD" ignored="0" name="Test" tests="2" failures="2" timestamp="24 Jul 2019 09:52:40 GMT" time="30.538" errors="0">
  <testcase name="Registration" time="0.016" classname="script.Test2">
    <failure type="java.lang.StackOverflowError">
      <![CDATA[java.lang.StackOverflowError
at Po.LoginPo.<init>(LoginPo.java:10)
at library.BaseClass.<init>(BaseClass.java:17)
at Po.LoginPo.<init>(LoginPo.java:10)
at library.BaseClass.<init>(BaseClass.java:17)
at Po.LoginPo.<init>(LoginPo.java:10)
at library.BaseClass.<init>(BaseClass.java:17)
at Po.LoginPo.<init>(LoginPo.java:10)
at library.BaseClass.<init>(BaseClass.java:17)
at Po.LoginPo.<init>(LoginPo.java:10)
at library.BaseClass.<init>(BaseClass.java:17)
at Po.LoginPo.<init>(LoginPo.java:10)
at library.BaseClass.<init>(BaseClass.java:17)
at Po.LoginPo.<init>(LoginPo.java:10)
at library.BaseClass.<init>(BaseClass.java:17)
at Po.LoginPo.<init>(LoginPo.java:10)
at library.BaseClass.<init>(BaseClass.java:17)
at Po.LoginPo.<init>(LoginPo.java:10)
at library.BaseClass.<init>(BaseClass.java:17)
at Po.LoginPo.<init>(LoginPo.java:10)
at library.BaseClass.<init>(BaseClass.java:17)
at Po.LoginPo.<init>(LoginPo.java:10)
at library.BaseClass.<init>(BaseClass.java:17)
at Po.LoginPo.<init>(LoginPo.java:10)
at library.BaseClass.<init>(BaseClass.java:17)
at Po.LoginPo.<init>(LoginPo.java:10)
at library.BaseClass.<init>(BaseClass.java:17)
at Po.LoginPo.<init>(LoginPo.java:10)
at library.BaseClass.<init>(BaseClass.java:17)
at Po.LoginPo.<init>(LoginPo.java:10)
at library.BaseClass.<init>(BaseClass.java:17)
at Po.LoginPo.<init>(LoginPo.java:10)
at library.BaseClass.<init>(BaseClass.java:17)
at Po.LoginPo.<init>(LoginPo.java:10)
at library.BaseClass.<init>(BaseClass.java:17)
at Po.LoginPo.<init>(LoginPo.java:10)
at library.BaseClass.<init>(BaseClass.java:17)
at Po.LoginPo.<init>(LoginPo.java:10)
at library.BaseClass.<init>(BaseClass.java:17)
at Po.LoginPo.<init>(LoginPo.java:10)
at library.BaseClass.<init>(BaseClass.java:17)
at Po.LoginPo.<init>(LoginPo.java:10)
at library.BaseClass.<init>(BaseClass.java:17)
at Po.LoginPo.<init>(LoginPo.java:10)
at library.BaseClass.<init>(BaseClass.java:17)
at Po.LoginPo.<init>(LoginPo.java:10)
at library.BaseClass.<init>(BaseClass.java:17)
at Po.LoginPo.<init>(LoginPo.java:10)
at library.BaseClass.<init>(BaseClass.java:17)
at Po.LoginPo.<init>(LoginPo.java:10)
at library.BaseClass.<init>(BaseClass.java:17)
at Po.LoginPo.<init>(LoginPo.java:10)
at library.BaseClass.<init>(BaseClass.java:17)
at Po.LoginPo.<init>(LoginPo.java:10)
at library.BaseClass.<init>(BaseClass.java:17)
at Po.LoginPo.<init>(LoginPo.java:10)
at library.BaseClass.<init>(BaseClass.java:17)
at Po.LoginPo.<init>(LoginPo.java:10)
at library.BaseClass.<init>(BaseClass.java:17)
at Po.LoginPo.<init>(LoginPo.java:10)
at library.BaseClass.<init>(BaseClass.java:17)
at Po.LoginPo.<init>(LoginPo.java:10)
at library.BaseClass.<init>(BaseClass.java:17)
at Po.LoginPo.<init>(LoginPo.java:10)
at library.BaseClass.<init>(BaseClass.java:17)
at Po.LoginPo.<init>(LoginPo.java:10)
at library.BaseClass.<init>(BaseClass.java:17)
at Po.LoginPo.<init>(LoginPo.java:10)
at library.BaseClass.<init>(BaseClass.java:17)
at Po.LoginPo.<init>(LoginPo.java:10)
at library.BaseClass.<init>(BaseClass.java:17)
at Po.LoginPo.<init>(LoginPo.java:10)
at library.BaseClass.<init>(BaseClass.java:17)
at Po.LoginPo.<init>(LoginPo.java:10)
at library.BaseClass.<init>(BaseClass.java:17)
at Po.LoginPo.<init>(LoginPo.java:10)
at library.BaseClass.<init>(BaseClass.java:17)
at Po.LoginPo.<init>(LoginPo.java:10)
at library.BaseClass.<init>(BaseClass.java:17)
at Po.LoginPo.<init>(LoginPo.java:10)
at library.BaseClass.<init>(BaseClass.java:17)
at Po.LoginPo.<init>(LoginPo.java:10)
at library.BaseClass.<init>(BaseClass.java:17)
at Po.LoginPo.<init>(LoginPo.java:10)
at library.BaseClass.<init>(BaseClass.java:17)
at Po.LoginPo.<init>(LoginPo.java:10)
at library.BaseClass.<init>(BaseClass.java:17)
at Po.LoginPo.<init>(LoginPo.java:10)
at library.BaseClass.<init>(BaseClass.java:17)
at Po.LoginPo.<init>(LoginPo.java:10)
at library.BaseClass.<init>(BaseClass.java:17)
at Po.LoginPo.<init>(LoginPo.java:10)
at library.BaseClass.<init>(BaseClass.java:17)
at Po.LoginPo.<init>(LoginPo.java:10)
at library.BaseClass.<init>(BaseClass.java:17)
at Po.LoginPo.<init>(LoginPo.java:10)
at library.BaseClass.<init>(BaseClass.java:17)
at Po.LoginPo.<init>(LoginPo.java:10)
at library.BaseClass.<init>(BaseClass.java:17)
at Po.LoginPo.<init>(LoginPo.java:10)
at library.BaseClass.<init>(BaseClass.java:17)
at Po.LoginPo.<init>(LoginPo.java:10)
at library.BaseClass.<init>(BaseClass.java:17)
at Po.LoginPo.<init>(LoginPo.java:10)
at library.BaseClass.<init>(BaseClass.java:17)
at Po.LoginPo.<init>(LoginPo.java:10)
at library.BaseClass.<init>(BaseClass.java:17)
at Po.LoginPo.<init>(LoginPo.java:10)
at library.BaseClass.<init>(BaseClass.java:17)
at Po.LoginPo.<init>(LoginPo.java:10)
at library.BaseClass.<init>(BaseClass.java:17)
at Po.LoginPo.<init>(LoginPo.java:10)
at library.BaseClass.<init>(BaseClass.java:17)
at Po.LoginPo.<init>(LoginPo.java:10)
at library.BaseClass.<init>(BaseClass.java:17)
at Po.LoginPo.<init>(LoginPo.java:10)
at library.BaseClass.<init>(BaseClass.java:17)
at Po.LoginPo.<init>(LoginPo.java:10)
at library.BaseClass.<init>(BaseClass.java:17)
at Po.LoginPo.<init>(LoginPo.java:10)
at library.BaseClass.<init>(BaseClass.java:17)
at Po.LoginPo.<init>(LoginPo.java:10)
at library.BaseClass.<init>(BaseClass.java:17)
at Po.LoginPo.<init>(LoginPo.java:10)
at library.BaseClass.<init>(BaseClass.java:17)
at Po.LoginPo.<init>(LoginPo.java:10)
at library.BaseClass.<init>(BaseClass.java:17)
at Po.LoginPo.<init>(LoginPo.java:10)
at library.BaseClass.<init>(BaseClass.java:17)
at Po.LoginPo.<init>(LoginPo.java:10)
at library.BaseClass.<init>(BaseClass.java:17)
at Po.LoginPo.<init>(LoginPo.java:10)
at library.BaseClass.<init>(BaseClass.java:17)
at Po.LoginPo.<init>(LoginPo.java:10)
at library.BaseClass.<init>(BaseClass.java:17)
at Po.LoginPo.<init>(LoginPo.java:10)
at library.BaseClass.<init>(BaseClass.java:17)
at Po.LoginPo.<init>(LoginPo.java:10)
at library.BaseClass.<init>(BaseClass.java:17)
at Po.LoginPo.<init>(LoginPo.java:10)
at library.BaseClass.<init>(BaseClass.java:17)
at Po.LoginPo.<init>(LoginPo.java:10)
at library.BaseClass.<init>(BaseClass.java:17)
at Po.LoginPo.<init>(LoginPo.java:10)
at library.BaseClass.<init>(BaseClass.java:17)
at Po.LoginPo.<init>(LoginPo.java:10)
at library.BaseClass.<init>(BaseClass.java:17)
at Po.LoginPo.<init>(LoginPo.java:10)
at library.BaseClass.<init>(BaseClass.java:17)
at Po.LoginPo.<init>(LoginPo.java:10)
at library.BaseClass.<init>(BaseClass.java:17)
at Po.LoginPo.<init>(LoginPo.java:10)
at library.BaseClass.<init>(BaseClass.java:17)
at Po.LoginPo.<init>(LoginPo.java:10)
at library.BaseClass.<init>(BaseClass.java:17)
at Po.LoginPo.<init>(LoginPo.java:10)
at library.BaseClass.<init>(BaseClass.java:17)
at Po.LoginPo.<init>(LoginPo.java:10)
at library.BaseClass.<init>(BaseClass.java:17)
at Po.LoginPo.<init>(LoginPo.java:10)
at library.BaseClass.<init>(BaseClass.java:17)
at Po.LoginPo.<init>(LoginPo.java:10)
at library.BaseClass.<init>(BaseClass.java:17)
at Po.LoginPo.<init>(LoginPo.java:10)
at library.BaseClass.<init>(BaseClass.java:17)
at Po.LoginPo.<init>(LoginPo.java:10)
at library.BaseClass.<init>(BaseClass.java:17)
at Po.LoginPo.<init>(LoginPo.java:10)
at library.BaseClass.<init>(BaseClass.java:17)
at Po.LoginPo.<init>(LoginPo.java:10)
at library.BaseClass.<init>(BaseClass.java:17)
at Po.LoginPo.<init>(LoginPo.java:10)
at library.BaseClass.<init>(BaseClass.java:17)
at Po.LoginPo.<init>(LoginPo.java:10)
at library.BaseClass.<init>(BaseClass.java:17)
at Po.LoginPo.<init>(LoginPo.java:10)
at library.BaseClass.<init>(BaseClass.java:17)
at Po.LoginPo.<init>(LoginPo.java:10)
at library.BaseClass.<init>(BaseClass.java:17)
at Po.LoginPo.<init>(LoginPo.java:10)
at library.BaseClass.<init>(BaseClass.java:17)
at Po.LoginPo.<init>(LoginPo.java:10)
at library.BaseClass.<init>(BaseClass.java:17)
at Po.LoginPo.<init>(LoginPo.java:10)
at library.BaseClass.<init>(BaseClass.java:17)
at Po.LoginPo.<init>(LoginPo.java:10)
at library.BaseClass.<init>(BaseClass.java:17)
at Po.LoginPo.<init>(LoginPo.java:10)
at library.BaseClass.<init>(BaseClass.java:17)
at Po.LoginPo.<init>(LoginPo.java:10)
at library.BaseClass.<init>(BaseClass.java:17)
at Po.LoginPo.<init>(LoginPo.java:10)
at library.BaseClass.<init>(BaseClass.java:17)
at Po.LoginPo.<init>(LoginPo.java:10)
at library.BaseClass.<init>(BaseClass.java:17)
at Po.LoginPo.<init>(LoginPo.java:10)
at library.BaseClass.<init>(BaseClass.java:17)
at Po.LoginPo.<init>(LoginPo.java:10)
at library.BaseClass.<init>(BaseClass.java:17)
at Po.LoginPo.<init>(LoginPo.java:10)
at library.BaseClass.<init>(BaseClass.java:17)
at Po.LoginPo.<init>(LoginPo.java:10)
at library.BaseClass.<init>(BaseClass.java:17)
at Po.LoginPo.<init>(LoginPo.java:10)
at library.BaseClass.<init>(BaseClass.java:17)
at Po.LoginPo.<init>(LoginPo.java:10)
at library.BaseClass.<init>(BaseClass.java:17)
at Po.LoginPo.<init>(LoginPo.java:10)
at library.BaseClass.<init>(BaseClass.java:17)
at Po.LoginPo.<init>(LoginPo.java:10)
at library.BaseClass.<init>(BaseClass.java:17)
at Po.LoginPo.<init>(LoginPo.java:10)
at library.BaseClass.<init>(BaseClass.java:17)
at Po.LoginPo.<init>(LoginPo.java:10)
at library.BaseClass.<init>(BaseClass.java:17)
at Po.LoginPo.<init>(LoginPo.java:10)
at library.BaseClass.<init>(BaseClass.java:17)
at Po.LoginPo.<init>(LoginPo.java:10)
at library.BaseClass.<init>(BaseClass.java:17)
at Po.LoginPo.<init>(LoginPo.java:10)
at library.BaseClass.<init>(BaseClass.java:17)
at Po.LoginPo.<init>(LoginPo.java:10)
at library.BaseClass.<init>(BaseClass.java:17)
at Po.LoginPo.<init>(LoginPo.java:10)
at library.BaseClass.<init>(BaseClass.java:17)
at Po.LoginPo.<init>(LoginPo.java:10)
at library.BaseClass.<init>(BaseClass.java:17)
at Po.LoginPo.<init>(LoginPo.java:10)
at library.BaseClass.<init>(BaseClass.java:17)
at Po.LoginPo.<init>(LoginPo.java:10)
at library.BaseClass.<init>(BaseClass.java:17)
at Po.LoginPo.<init>(LoginPo.java:10)
at library.BaseClass.<init>(BaseClass.java:17)
at Po.LoginPo.<init>(LoginPo.java:10)
at library.BaseClass.<init>(BaseClass.java:17)
at Po.LoginPo.<init>(LoginPo.java:10)
at library.BaseClass.<init>(BaseClass.java:17)
at Po.LoginPo.<init>(LoginPo.java:10)
at library.BaseClass.<init>(BaseClass.java:17)
at Po.LoginPo.<init>(LoginPo.java:10)
at library.BaseClass.<init>(BaseClass.java:17)
at Po.LoginPo.<init>(LoginPo.java:10)
at library.BaseClass.<init>(BaseClass.java:17)
at Po.LoginPo.<init>(LoginPo.java:10)
at library.BaseClass.<init>(BaseClass.java:17)
at Po.LoginPo.<init>(LoginPo.java:10)
at library.BaseClass.<init>(BaseClass.java:17)
at Po.LoginPo.<init>(LoginPo.java:10)
at library.BaseClass.<init>(BaseClass.java:17)
at Po.LoginPo.<init>(LoginPo.java:10)
at library.BaseClass.<init>(BaseClass.java:17)
at Po.LoginPo.<init>(LoginPo.java:10)
at library.BaseClass.<init>(BaseClass.java:17)
at Po.LoginPo.<init>(LoginPo.java:10)
at library.BaseClass.<init>(BaseClass.java:17)
at Po.LoginPo.<init>(LoginPo.java:10)
at library.BaseClass.<init>(BaseClass.java:17)
at Po.LoginPo.<init>(LoginPo.java:10)
at library.BaseClass.<init>(BaseClass.java:17)
at Po.LoginPo.<init>(LoginPo.java:10)
at library.BaseClass.<init>(BaseClass.java:17)
at Po.LoginPo.<init>(LoginPo.java:10)
at library.BaseClass.<init>(BaseClass.java:17)
at Po.LoginPo.<init>(LoginPo.java:10)
at library.BaseClass.<init>(BaseClass.java:17)
at Po.LoginPo.<init>(LoginPo.java:10)
at library.BaseClass.<init>(BaseClass.java:17)
at Po.LoginPo.<init>(LoginPo.java:10)
at library.BaseClass.<init>(BaseClass.java:17)
at Po.LoginPo.<init>(LoginPo.java:10)
at library.BaseClass.<init>(BaseClass.java:17)
at Po.LoginPo.<init>(LoginPo.java:10)
at library.BaseClass.<init>(BaseClass.java:17)
at Po.LoginPo.<init>(LoginPo.java:10)
at library.BaseClass.<init>(BaseClass.java:17)
at Po.LoginPo.<init>(LoginPo.java:10)
at library.BaseClass.<init>(BaseClass.java:17)
at Po.LoginPo.<init>(LoginPo.java:10)
at library.BaseClass.<init>(BaseClass.java:17)
at Po.LoginPo.<init>(LoginPo.java:10)
at library.BaseClass.<init>(BaseClass.java:17)
at Po.LoginPo.<init>(LoginPo.java:10)
at library.BaseClass.<init>(BaseClass.java:17)
at Po.LoginPo.<init>(LoginPo.java:10)
at library.BaseClass.<init>(BaseClass.java:17)
at Po.LoginPo.<init>(LoginPo.java:10)
at library.BaseClass.<init>(BaseClass.java:17)
at Po.LoginPo.<init>(LoginPo.java:10)
at library.BaseClass.<init>(BaseClass.java:17)
at Po.LoginPo.<init>(LoginPo.java:10)
at library.BaseClass.<init>(BaseClass.java:17)
at Po.LoginPo.<init>(LoginPo.java:10)
at library.BaseClass.<init>(BaseClass.java:17)
at Po.LoginPo.<init>(LoginPo.java:10)
at library.BaseClass.<init>(BaseClass.java:17)
at Po.LoginPo.<init>(LoginPo.java:10)
at library.BaseClass.<init>(BaseClass.java:17)
at Po.LoginPo.<init>(LoginPo.java:10)
at library.BaseClass.<init>(BaseClass.java:17)
at Po.LoginPo.<init>(LoginPo.java:10)
at library.BaseClass.<init>(BaseClass.java:17)
at Po.LoginPo.<init>(LoginPo.java:10)
at library.BaseClass.<init>(BaseClass.java:17)
at Po.LoginPo.<init>(LoginPo.java:10)
at library.BaseClass.<init>(BaseClass.java:17)
at Po.LoginPo.<init>(LoginPo.java:10)
at library.BaseClass.<init>(BaseClass.java:17)
at Po.LoginPo.<init>(LoginPo.java:10)
at library.BaseClass.<init>(BaseClass.java:17)
at Po.LoginPo.<init>(LoginPo.java:10)
at library.BaseClass.<init>(BaseClass.java:17)
at Po.LoginPo.<init>(LoginPo.java:10)
at library.BaseClass.<init>(BaseClass.java:17)
at Po.LoginPo.<init>(LoginPo.java:10)
at library.BaseClass.<init>(BaseClass.java:17)
at Po.LoginPo.<init>(LoginPo.java:10)
at library.BaseClass.<init>(BaseClass.java:17)
at Po.LoginPo.<init>(LoginPo.java:10)
at library.BaseClass.<init>(BaseClass.java:17)
at Po.LoginPo.<init>(LoginPo.java:10)
at library.BaseClass.<init>(BaseClass.java:17)
at Po.LoginPo.<init>(LoginPo.java:10)
at library.BaseClass.<init>(BaseClass.java:17)
at Po.LoginPo.<init>(LoginPo.java:10)
at library.BaseClass.<init>(BaseClass.java:17)
at Po.LoginPo.<init>(LoginPo.java:10)
at library.BaseClass.<init>(BaseClass.java:17)
at Po.LoginPo.<init>(LoginPo.java:10)
at library.BaseClass.<init>(BaseClass.java:17)
at Po.LoginPo.<init>(LoginPo.java:10)
at library.BaseClass.<init>(BaseClass.java:17)
at Po.LoginPo.<init>(LoginPo.java:10)
at library.BaseClass.<init>(BaseClass.java:17)
at Po.LoginPo.<init>(LoginPo.java:10)
at library.BaseClass.<init>(BaseClass.java:17)
at Po.LoginPo.<init>(LoginPo.java:10)
at library.BaseClass.<init>(BaseClass.java:17)
at Po.LoginPo.<init>(LoginPo.java:10)
at library.BaseClass.<init>(BaseClass.java:17)
at Po.LoginPo.<init>(LoginPo.java:10)
at library.BaseClass.<init>(BaseClass.java:17)
at Po.LoginPo.<init>(LoginPo.java:10)
at library.BaseClass.<init>(BaseClass.java:17)
at Po.LoginPo.<init>(LoginPo.java:10)
at library.BaseClass.<init>(BaseClass.java:17)
at Po.LoginPo.<init>(LoginPo.java:10)
at library.BaseClass.<init>(BaseClass.java:17)
at Po.LoginPo.<init>(LoginPo.java:10)
at library.BaseClass.<init>(BaseClass.java:17)
at Po.LoginPo.<init>(LoginPo.java:10)
at library.BaseClass.<init>(BaseClass.java:17)
at Po.LoginPo.<init>(LoginPo.java:10)
at library.BaseClass.<init>(BaseClass.java:17)
at Po.LoginPo.<init>(LoginPo.java:10)
at library.BaseClass.<init>(BaseClass.java:17)
at Po.LoginPo.<init>(LoginPo.java:10)
at library.BaseClass.<init>(BaseClass.java:17)
at Po.LoginPo.<init>(LoginPo.java:10)
at library.BaseClass.<init>(BaseClass.java:17)
at Po.LoginPo.<init>(LoginPo.java:10)
at library.BaseClass.<init>(BaseClass.java:17)
at Po.LoginPo.<init>(LoginPo.java:10)
at library.BaseClass.<init>(BaseClass.java:17)
at Po.LoginPo.<init>(LoginPo.java:10)
at library.BaseClass.<init>(BaseClass.java:17)
at Po.LoginPo.<init>(LoginPo.java:10)
at library.BaseClass.<init>(BaseClass.java:17)
at Po.LoginPo.<init>(LoginPo.java:10)
at library.BaseClass.<init>(BaseClass.java:17)
at Po.LoginPo.<init>(LoginPo.java:10)
at library.BaseClass.<init>(BaseClass.java:17)
at Po.LoginPo.<init>(LoginPo.java:10)
at library.BaseClass.<init>(BaseClass.java:17)
at Po.LoginPo.<init>(LoginPo.java:10)
at library.BaseClass.<init>(BaseClass.java:17)
at Po.LoginPo.<init>(LoginPo.java:10)
at library.BaseClass.<init>(BaseClass.java:17)
at Po.LoginPo.<init>(LoginPo.java:10)
at library.BaseClass.<init>(BaseClass.java:17)
at Po.LoginPo.<init>(LoginPo.java:10)
at library.BaseClass.<init>(BaseClass.java:17)
at Po.LoginPo.<init>(LoginPo.java:10)
at library.BaseClass.<init>(BaseClass.java:17)
at Po.LoginPo.<init>(LoginPo.java:10)
at library.BaseClass.<init>(BaseClass.java:17)
at Po.LoginPo.<init>(LoginPo.java:10)
at library.BaseClass.<init>(BaseClass.java:17)
at Po.LoginPo.<init>(LoginPo.java:10)
at library.BaseClass.<init>(BaseClass.java:17)
at Po.LoginPo.<init>(LoginPo.java:10)
at library.BaseClass.<init>(BaseClass.java:17)
at Po.LoginPo.<init>(LoginPo.java:10)
at library.BaseClass.<init>(BaseClass.java:17)
at Po.LoginPo.<init>(LoginPo.java:10)
at library.BaseClass.<init>(BaseClass.java:17)
at Po.LoginPo.<init>(LoginPo.java:10)
at library.BaseClass.<init>(BaseClass.java:17)
at Po.LoginPo.<init>(LoginPo.java:10)
at library.BaseClass.<init>(BaseClass.java:17)
at Po.LoginPo.<init>(LoginPo.java:10)
at library.BaseClass.<init>(BaseClass.java:17)
at Po.LoginPo.<init>(LoginPo.java:10)
at library.BaseClass.<init>(BaseClass.java:17)
at Po.LoginPo.<init>(LoginPo.java:10)
at library.BaseClass.<init>(BaseClass.java:17)
at Po.LoginPo.<init>(LoginPo.java:10)
at library.BaseClass.<init>(BaseClass.java:17)
at Po.LoginPo.<init>(LoginPo.java:10)
at library.BaseClass.<init>(BaseClass.java:17)
at Po.LoginPo.<init>(LoginPo.java:10)
at library.BaseClass.<init>(BaseClass.java:17)
at Po.LoginPo.<init>(LoginPo.java:10)
at library.BaseClass.<init>(BaseClass.java:17)
at Po.LoginPo.<init>(LoginPo.java:10)
at library.BaseClass.<init>(BaseClass.java:17)
at Po.LoginPo.<init>(LoginPo.java:10)
at library.BaseClass.<init>(BaseClass.java:17)
at Po.LoginPo.<init>(LoginPo.java:10)
at library.BaseClass.<init>(BaseClass.java:17)
at Po.LoginPo.<init>(LoginPo.java:10)
at library.BaseClass.<init>(BaseClass.java:17)
at Po.LoginPo.<init>(LoginPo.java:10)
at library.BaseClass.<init>(BaseClass.java:17)
at Po.LoginPo.<init>(LoginPo.java:10)
at library.BaseClass.<init>(BaseClass.java:17)
at Po.LoginPo.<init>(LoginPo.java:10)
at library.BaseClass.<init>(BaseClass.java:17)
at Po.LoginPo.<init>(LoginPo.java:10)
at library.BaseClass.<init>(BaseClass.java:17)
at Po.LoginPo.<init>(LoginPo.java:10)
at library.BaseClass.<init>(BaseClass.java:17)
at Po.LoginPo.<init>(LoginPo.java:10)
at library.BaseClass.<init>(BaseClass.java:17)
at Po.LoginPo.<init>(LoginPo.java:10)
at library.BaseClass.<init>(BaseClass.java:17)
at Po.LoginPo.<init>(LoginPo.java:10)
at library.BaseClass.<init>(BaseClass.java:17)
at Po.LoginPo.<init>(LoginPo.java:10)
at library.BaseClass.<init>(BaseClass.java:17)
at Po.LoginPo.<init>(LoginPo.java:10)
at library.BaseClass.<init>(BaseClass.java:17)
at Po.LoginPo.<init>(LoginPo.java:10)
at library.BaseClass.<init>(BaseClass.java:17)
at Po.LoginPo.<init>(LoginPo.java:10)
at library.BaseClass.<init>(BaseClass.java:17)
at Po.LoginPo.<init>(LoginPo.java:10)
at library.BaseClass.<init>(BaseClass.java:17)
at Po.LoginPo.<init>(LoginPo.java:10)
at library.BaseClass.<init>(BaseClass.java:17)
at Po.LoginPo.<init>(LoginPo.java:10)
at library.BaseClass.<init>(BaseClass.java:17)
at Po.LoginPo.<init>(LoginPo.java:10)
at library.BaseClass.<init>(BaseClass.java:17)
at Po.LoginPo.<init>(LoginPo.java:10)
at library.BaseClass.<init>(BaseClass.java:17)
at Po.LoginPo.<init>(LoginPo.java:10)
at library.BaseClass.<init>(BaseClass.java:17)
at Po.LoginPo.<init>(LoginPo.java:10)
at library.BaseClass.<init>(BaseClass.java:17)
at Po.LoginPo.<init>(LoginPo.java:10)
at library.BaseClass.<init>(BaseClass.java:17)
at Po.LoginPo.<init>(LoginPo.java:10)
at library.BaseClass.<init>(BaseClass.java:17)
at Po.LoginPo.<init>(LoginPo.java:10)
at library.BaseClass.<init>(BaseClass.java:17)
at Po.LoginPo.<init>(LoginPo.java:10)
at library.BaseClass.<init>(BaseClass.java:17)
at Po.LoginPo.<init>(LoginPo.java:10)
at library.BaseClass.<init>(BaseClass.java:17)
at Po.LoginPo.<init>(LoginPo.java:10)
at library.BaseClass.<init>(BaseClass.java:17)
at Po.LoginPo.<init>(LoginPo.java:10)
at library.BaseClass.<init>(BaseClass.java:17)
at Po.LoginPo.<init>(LoginPo.java:10)
at library.BaseClass.<init>(BaseClass.java:17)
at Po.LoginPo.<init>(LoginPo.java:10)
at library.BaseClass.<init>(BaseClass.java:17)
at Po.LoginPo.<init>(LoginPo.java:10)
at library.BaseClass.<init>(BaseClass.java:17)
at Po.LoginPo.<init>(LoginPo.java:10)
at library.BaseClass.<init>(BaseClass.java:17)
at Po.LoginPo.<init>(LoginPo.java:10)
at library.BaseClass.<init>(BaseClass.java:17)
at Po.LoginPo.<init>(LoginPo.java:10)
at library.BaseClass.<init>(BaseClass.java:17)
at Po.LoginPo.<init>(LoginPo.java:10)
at library.BaseClass.<init>(BaseClass.java:17)
at Po.LoginPo.<init>(LoginPo.java:10)
at library.BaseClass.<init>(BaseClass.java:17)
at Po.LoginPo.<init>(LoginPo.java:10)
at library.BaseClass.<init>(BaseClass.java:17)
at Po.LoginPo.<init>(LoginPo.java:10)
at library.BaseClass.<init>(BaseClass.java:17)
at Po.LoginPo.<init>(LoginPo.java:10)
at library.BaseClass.<init>(BaseClass.java:17)
at Po.LoginPo.<init>(LoginPo.java:10)
at library.BaseClass.<init>(BaseClass.java:17)
at Po.LoginPo.<init>(LoginPo.java:10)
at library.BaseClass.<init>(BaseClass.java:17)
at Po.LoginPo.<init>(LoginPo.java:10)
at library.BaseClass.<init>(BaseClass.java:17)
at Po.LoginPo.<init>(LoginPo.java:10)
at library.BaseClass.<init>(BaseClass.java:17)
at Po.LoginPo.<init>(LoginPo.java:10)
at library.BaseClass.<init>(BaseClass.java:17)
at Po.LoginPo.<init>(LoginPo.java:10)
at library.BaseClass.<init>(BaseClass.java:17)
at Po.LoginPo.<init>(LoginPo.java:10)
at library.BaseClass.<init>(BaseClass.java:17)
at Po.LoginPo.<init>(LoginPo.java:10)
at library.BaseClass.<init>(BaseClass.java:17)
at Po.LoginPo.<init>(LoginPo.java:10)
at library.BaseClass.<init>(BaseClass.java:17)
at Po.LoginPo.<init>(LoginPo.java:10)
at library.BaseClass.<init>(BaseClass.java:17)
at Po.LoginPo.<init>(LoginPo.java:10)
at library.BaseClass.<init>(BaseClass.java:17)
at Po.LoginPo.<init>(LoginPo.java:10)
at library.BaseClass.<init>(BaseClass.java:17)
at Po.LoginPo.<init>(LoginPo.java:10)
at library.BaseClass.<init>(BaseClass.java:17)
at Po.LoginPo.<init>(LoginPo.java:10)
at library.BaseClass.<init>(BaseClass.java:17)
at Po.LoginPo.<init>(LoginPo.java:10)
at library.BaseClass.<init>(BaseClass.java:17)
at Po.LoginPo.<init>(LoginPo.java:10)
at library.BaseClass.<init>(BaseClass.java:17)
at Po.LoginPo.<init>(LoginPo.java:10)
at library.BaseClass.<init>(BaseClass.java:17)
at Po.LoginPo.<init>(LoginPo.java:10)
at library.BaseClass.<init>(BaseClass.java:17)
at Po.LoginPo.<init>(LoginPo.java:10)
at library.BaseClass.<init>(BaseClass.java:17)
at Po.LoginPo.<init>(LoginPo.java:10)
at library.BaseClass.<init>(BaseClass.java:17)
at Po.LoginPo.<init>(LoginPo.java:10)
at library.BaseClass.<init>(BaseClass.java:17)
at Po.LoginPo.<init>(LoginPo.java:10)
at library.BaseClass.<init>(BaseClass.java:17)
at Po.LoginPo.<init>(LoginPo.java:10)
at library.BaseClass.<init>(BaseClass.java:17)
at Po.LoginPo.<init>(LoginPo.java:10)
at library.BaseClass.<init>(BaseClass.java:17)
at Po.LoginPo.<init>(LoginPo.java:10)
at library.BaseClass.<init>(BaseClass.java:17)
at Po.LoginPo.<init>(LoginPo.java:10)
at library.BaseClass.<init>(BaseClass.java:17)
at Po.LoginPo.<init>(LoginPo.java:10)
at library.BaseClass.<init>(BaseClass.java:17)
at Po.LoginPo.<init>(LoginPo.java:10)
at library.BaseClass.<init>(BaseClass.java:17)
at Po.LoginPo.<init>(LoginPo.java:10)
at library.BaseClass.<init>(BaseClass.java:17)
at Po.LoginPo.<init>(LoginPo.java:10)
at library.BaseClass.<init>(BaseClass.java:17)
at Po.LoginPo.<init>(LoginPo.java:10)
at library.BaseClass.<init>(BaseClass.java:17)
at Po.LoginPo.<init>(LoginPo.java:10)
at library.BaseClass.<init>(BaseClass.java:17)
at Po.LoginPo.<init>(LoginPo.java:10)
at library.BaseClass.<init>(BaseClass.java:17)
at Po.LoginPo.<init>(LoginPo.java:10)
at library.BaseClass.<init>(BaseClass.java:17)
at Po.LoginPo.<init>(LoginPo.java:10)
at library.BaseClass.<init>(BaseClass.java:17)
at Po.LoginPo.<init>(LoginPo.java:10)
at library.BaseClass.<init>(BaseClass.java:17)
at Po.LoginPo.<init>(LoginPo.java:10)
at library.BaseClass.<init>(BaseClass.java:17)
at Po.LoginPo.<init>(LoginPo.java:10)
at library.BaseClass.<init>(BaseClass.java:17)
at Po.LoginPo.<init>(LoginPo.java:10)
at library.BaseClass.<init>(BaseClass.java:17)
at Po.LoginPo.<init>(LoginPo.java:10)
at library.BaseClass.<init>(BaseClass.java:17)
at Po.LoginPo.<init>(LoginPo.java:10)
at library.BaseClass.<init>(BaseClass.java:17)
at Po.LoginPo.<init>(LoginPo.java:10)
at library.BaseClass.<init>(BaseClass.java:17)
at Po.LoginPo.<init>(LoginPo.java:10)
at library.BaseClass.<init>(BaseClass.java:17)
at Po.LoginPo.<init>(LoginPo.java:10)
at library.BaseClass.<init>(BaseClass.java:17)
at Po.LoginPo.<init>(LoginPo.java:10)
at library.BaseClass.<init>(BaseClass.java:17)
at Po.LoginPo.<init>(LoginPo.java:10)
at library.BaseClass.<init>(BaseClass.java:17)
at Po.LoginPo.<init>(LoginPo.java:10)
at library.BaseClass.<init>(BaseClass.java:17)
at Po.LoginPo.<init>(LoginPo.java:10)
at library.BaseClass.<init>(BaseClass.java:17)
at Po.LoginPo.<init>(LoginPo.java:10)
at library.BaseClass.<init>(BaseClass.java:17)
at Po.LoginPo.<init>(LoginPo.java:10)
at library.BaseClass.<init>(BaseClass.java:17)
at Po.LoginPo.<init>(LoginPo.java:10)
at library.BaseClass.<init>(BaseClass.java:17)
at Po.LoginPo.<init>(LoginPo.java:10)
at library.BaseClass.<init>(BaseClass.java:17)
at Po.LoginPo.<init>(LoginPo.java:10)
at library.BaseClass.<init>(BaseClass.java:17)
at Po.LoginPo.<init>(LoginPo.java:10)
at library.BaseClass.<init>(BaseClass.java:17)
at Po.LoginPo.<init>(LoginPo.java:10)
at library.BaseClass.<init>(BaseClass.java:17)
at Po.LoginPo.<init>(LoginPo.java:10)
at library.BaseClass.<init>(BaseClass.java:17)
at Po.LoginPo.<init>(LoginPo.java:10)
at library.BaseClass.<init>(BaseClass.java:17)
at Po.LoginPo.<init>(LoginPo.java:10)
at library.BaseClass.<init>(BaseClass.java:17)
at Po.LoginPo.<init>(LoginPo.java:10)
at library.BaseClass.<init>(BaseClass.java:17)
at Po.LoginPo.<init>(LoginPo.java:10)
at library.BaseClass.<init>(BaseClass.java:17)
at Po.LoginPo.<init>(LoginPo.java:10)
at library.BaseClass.<init>(BaseClass.java:17)
at Po.LoginPo.<init>(LoginPo.java:10)
at library.BaseClass.<init>(BaseClass.java:17)
at Po.LoginPo.<init>(LoginPo.java:10)
at library.BaseClass.<init>(BaseClass.java:17)
at Po.LoginPo.<init>(LoginPo.java:10)
at library.BaseClass.<init>(BaseClass.java:17)
at Po.LoginPo.<init>(LoginPo.java:10)
at library.BaseClass.<init>(BaseClass.java:17)
at Po.LoginPo.<init>(LoginPo.java:10)
at library.BaseClass.<init>(BaseClass.java:17)
at Po.LoginPo.<init>(LoginPo.java:10)
at library.BaseClass.<init>(BaseClass.java:17)
at Po.LoginPo.<init>(LoginPo.java:10)
at library.BaseClass.<init>(BaseClass.java:17)
at Po.LoginPo.<init>(LoginPo.java:10)
at library.BaseClass.<init>(BaseClass.java:17)
at Po.LoginPo.<init>(LoginPo.java:10)
at library.BaseClass.<init>(BaseClass.java:17)
at Po.LoginPo.<init>(LoginPo.java:10)
at library.BaseClass.<init>(BaseClass.java:17)
at Po.LoginPo.<init>(LoginPo.java:10)
at library.BaseClass.<init>(BaseClass.java:17)
at Po.LoginPo.<init>(LoginPo.java:10)
at library.BaseClass.<init>(BaseClass.java:17)
at Po.LoginPo.<init>(LoginPo.java:10)
at library.BaseClass.<init>(BaseClass.java:17)
at Po.LoginPo.<init>(LoginPo.java:10)
at library.BaseClass.<init>(BaseClass.java:17)
at Po.LoginPo.<init>(LoginPo.java:10)
at library.BaseClass.<init>(BaseClass.java:17)
at Po.LoginPo.<init>(LoginPo.java:10)
at library.BaseClass.<init>(BaseClass.java:17)
at Po.LoginPo.<init>(LoginPo.java:10)
at library.BaseClass.<init>(BaseClass.java:17)
at Po.LoginPo.<init>(LoginPo.java:10)
at library.BaseClass.<init>(BaseClass.java:17)
at Po.LoginPo.<init>(LoginPo.java:10)
at library.BaseClass.<init>(BaseClass.java:17)
at Po.LoginPo.<init>(LoginPo.java:10)
at library.BaseClass.<init>(BaseClass.java:17)
at Po.LoginPo.<init>(LoginPo.java:10)
at library.BaseClass.<init>(BaseClass.java:17)
at Po.LoginPo.<init>(LoginPo.java:10)
at library.BaseClass.<init>(BaseClass.java:17)
at Po.LoginPo.<init>(LoginPo.java:10)
at library.BaseClass.<init>(BaseClass.java:17)
at Po.LoginPo.<init>(LoginPo.java:10)
at library.BaseClass.<init>(BaseClass.java:17)
at Po.LoginPo.<init>(LoginPo.java:10)
at library.BaseClass.<init>(BaseClass.java:17)
at Po.LoginPo.<init>(LoginPo.java:10)
at library.BaseClass.<init>(BaseClass.java:17)
at Po.LoginPo.<init>(LoginPo.java:10)
at library.BaseClass.<init>(BaseClass.java:17)
at Po.LoginPo.<init>(LoginPo.java:10)
at library.BaseClass.<init>(BaseClass.java:17)
at Po.LoginPo.<init>(LoginPo.java:10)
at library.BaseClass.<init>(BaseClass.java:17)
at Po.LoginPo.<init>(LoginPo.java:10)
at library.BaseClass.<init>(BaseClass.java:17)
at Po.LoginPo.<init>(LoginPo.java:10)
at library.BaseClass.<init>(BaseClass.java:17)
at Po.LoginPo.<init>(LoginPo.java:10)
at library.BaseClass.<init>(BaseClass.java:17)
at Po.LoginPo.<init>(LoginPo.java:10)
at library.BaseClass.<init>(BaseClass.java:17)
at Po.LoginPo.<init>(LoginPo.java:10)
at library.BaseClass.<init>(BaseClass.java:17)
at Po.LoginPo.<init>(LoginPo.java:10)
at library.BaseClass.<init>(BaseClass.java:17)
at Po.LoginPo.<init>(LoginPo.java:10)
at library.BaseClass.<init>(BaseClass.java:17)
at Po.LoginPo.<init>(LoginPo.java:10)
at library.BaseClass.<init>(BaseClass.java:17)
at Po.LoginPo.<init>(LoginPo.java:10)
at library.BaseClass.<init>(BaseClass.java:17)
at Po.LoginPo.<init>(LoginPo.java:10)
at library.BaseClass.<init>(BaseClass.java:17)
at Po.LoginPo.<init>(LoginPo.java:10)
at library.BaseClass.<init>(BaseClass.java:17)
at Po.LoginPo.<init>(LoginPo.java:10)
at library.BaseClass.<init>(BaseClass.java:17)
at Po.LoginPo.<init>(LoginPo.java:10)
at library.BaseClass.<init>(BaseClass.java:17)
at Po.LoginPo.<init>(LoginPo.java:10)
at library.BaseClass.<init>(BaseClass.java:17)
at Po.LoginPo.<init>(LoginPo.java:10)
at library.BaseClass.<init>(BaseClass.java:17)
at Po.LoginPo.<init>(LoginPo.java:10)
at library.BaseClass.<init>(BaseClass.java:17)
at Po.LoginPo.<init>(LoginPo.java:10)
at library.BaseClass.<init>(BaseClass.java:17)
at Po.LoginPo.<init>(LoginPo.java:10)
at library.BaseClass.<init>(BaseClass.java:17)
at Po.LoginPo.<init>(LoginPo.java:10)
at library.BaseClass.<init>(BaseClass.java:17)
at Po.LoginPo.<init>(LoginPo.java:10)
at library.BaseClass.<init>(BaseClass.java:17)
at Po.LoginPo.<init>(LoginPo.java:10)
at library.BaseClass.<init>(BaseClass.java:17)
at Po.LoginPo.<init>(LoginPo.java:10)
at library.BaseClass.<init>(BaseClass.java:17)
at Po.LoginPo.<init>(LoginPo.java:10)
at library.BaseClass.<init>(BaseClass.java:17)
at Po.LoginPo.<init>(LoginPo.java:10)
at library.BaseClass.<init>(BaseClass.java:17)
at Po.LoginPo.<init>(LoginPo.java:10)
at library.BaseClass.<init>(BaseClass.java:17)
at Po.LoginPo.<init>(LoginPo.java:10)
at library.BaseClass.<init>(BaseClass.java:17)
at Po.LoginPo.<init>(LoginPo.java:10)
at library.BaseClass.<init>(BaseClass.java:17)
at Po.LoginPo.<init>(LoginPo.java:10)
at library.BaseClass.<init>(BaseClass.java:17)
at Po.LoginPo.<init>(LoginPo.java:10)
at library.BaseClass.<init>(BaseClass.java:17)
at Po.LoginPo.<init>(LoginPo.java:10)
at library.BaseClass.<init>(BaseClass.java:17)
at Po.LoginPo.<init>(LoginPo.java:10)
at library.BaseClass.<init>(BaseClass.java:17)
at Po.LoginPo.<init>(LoginPo.java:10)
at library.BaseClass.<init>(BaseClass.java:17)
at Po.LoginPo.<init>(LoginPo.java:10)
at library.BaseClass.<init>(BaseClass.java:17)
at Po.LoginPo.<init>(LoginPo.java:10)
at library.BaseClass.<init>(BaseClass.java:17)
at Po.LoginPo.<init>(LoginPo.java:10)
at library.BaseClass.<init>(BaseClass.java:17)
at Po.LoginPo.<init>(LoginPo.java:10)
at library.BaseClass.<init>(BaseClass.java:17)
at Po.LoginPo.<init>(LoginPo.java:10)
at library.BaseClass.<init>(BaseClass.java:17)
at Po.LoginPo.<init>(LoginPo.java:10)
at library.BaseClass.<init>(BaseClass.java:17)
at Po.LoginPo.<init>(LoginPo.java:10)
at library.BaseClass.<init>(BaseClass.java:17)
at Po.LoginPo.<init>(LoginPo.java:10)
at library.BaseClass.<init>(BaseClass.java:17)
at Po.LoginPo.<init>(LoginPo.java:10)
at library.BaseClass.<init>(BaseClass.java:17)
at Po.LoginPo.<init>(LoginPo.java:10)
at library.BaseClass.<init>(BaseClass.java:17)
at Po.LoginPo.<init>(LoginPo.java:10)
at library.BaseClass.<init>(BaseClass.java:17)
at Po.LoginPo.<init>(LoginPo.java:10)
at library.BaseClass.<init>(BaseClass.java:17)
at Po.LoginPo.<init>(LoginPo.java:10)
at library.BaseClass.<init>(BaseClass.java:17)
at Po.LoginPo.<init>(LoginPo.java:10)
at library.BaseClass.<init>(BaseClass.java:17)
at Po.LoginPo.<init>(LoginPo.java:10)
at library.BaseClass.<init>(BaseClass.java:17)
at Po.LoginPo.<init>(LoginPo.java:10)
at library.BaseClass.<init>(BaseClass.java:17)
at Po.LoginPo.<init>(LoginPo.java:10)
at library.BaseClass.<init>(BaseClass.java:17)
at Po.LoginPo.<init>(LoginPo.java:10)
at library.BaseClass.<init>(BaseClass.java:17)
at Po.LoginPo.<init>(LoginPo.java:10)
at library.BaseClass.<init>(BaseClass.java:17)
at Po.LoginPo.<init>(LoginPo.java:10)
at library.BaseClass.<init>(BaseClass.java:17)
at Po.LoginPo.<init>(LoginPo.java:10)
at library.BaseClass.<init>(BaseClass.java:17)
at Po.LoginPo.<init>(LoginPo.java:10)
at library.BaseClass.<init>(BaseClass.java:17)
at Po.LoginPo.<init>(LoginPo.java:10)
at library.BaseClass.<init>(BaseClass.java:17)
at Po.LoginPo.<init>(LoginPo.java:10)
at library.BaseClass.<init>(BaseClass.java:17)
at Po.LoginPo.<init>(LoginPo.java:10)
at library.BaseClass.<init>(BaseClass.java:17)
at Po.LoginPo.<init>(LoginPo.java:10)
at library.BaseClass.<init>(BaseClass.java:17)
at Po.LoginPo.<init>(LoginPo.java:10)
at library.BaseClass.<init>(BaseClass.java:17)
at Po.LoginPo.<init>(LoginPo.java:10)
at library.BaseClass.<init>(BaseClass.java:17)
at Po.LoginPo.<init>(LoginPo.java:10)
at library.BaseClass.<init>(BaseClass.java:17)
at Po.LoginPo.<init>(LoginPo.java:10)
at library.BaseClass.<init>(BaseClass.java:17)
at Po.LoginPo.<init>(LoginPo.java:10)
at library.BaseClass.<init>(BaseClass.java:17)
at Po.LoginPo.<init>(LoginPo.java:10)
at library.BaseClass.<init>(BaseClass.java:17)
at Po.LoginPo.<init>(LoginPo.java:10)
at library.BaseClass.<init>(BaseClass.java:17)
at Po.LoginPo.<init>(LoginPo.java:10)
at library.BaseClass.<init>(BaseClass.java:17)
at Po.LoginPo.<init>(LoginPo.java:10)
at library.BaseClass.<init>(BaseClass.java:17)
at Po.LoginPo.<init>(LoginPo.java:10)
at library.BaseClass.<init>(BaseClass.java:17)
at Po.LoginPo.<init>(LoginPo.java:10)
at library.BaseClass.<init>(BaseClass.java:17)
at Po.LoginPo.<init>(LoginPo.java:10)
at library.BaseClass.<init>(BaseClass.java:17)
at Po.LoginPo.<init>(LoginPo.java:10)
at library.BaseClass.<init>(BaseClass.java:17)
at Po.LoginPo.<init>(LoginPo.java:10)
at library.BaseClass.<init>(BaseClass.java:17)
at Po.LoginPo.<init>(LoginPo.java:10)
at library.BaseClass.<init>(BaseClass.java:17)
at Po.LoginPo.<init>(LoginPo.java:10)
at library.BaseClass.<init>(BaseClass.java:17)
at Po.LoginPo.<init>(LoginPo.java:10)
at library.BaseClass.<init>(BaseClass.java:17)
at Po.LoginPo.<init>(LoginPo.java:10)
at library.BaseClass.<init>(BaseClass.java:17)
at Po.LoginPo.<init>(LoginPo.java:10)
at library.BaseClass.<init>(BaseClass.java:17)
at Po.LoginPo.<init>(LoginPo.java:10)
at library.BaseClass.<init>(BaseClass.java:17)
at Po.LoginPo.<init>(LoginPo.java:10)
at library.BaseClass.<init>(BaseClass.java:17)
at Po.LoginPo.<init>(LoginPo.java:10)
at library.BaseClass.<init>(BaseClass.java:17)
at Po.LoginPo.<init>(LoginPo.java:10)
at library.BaseClass.<init>(BaseClass.java:17)
at Po.LoginPo.<init>(LoginPo.java:10)
at library.BaseClass.<init>(BaseClass.java:17)
at Po.LoginPo.<init>(LoginPo.java:10)
at library.BaseClass.<init>(BaseClass.java:17)
at Po.LoginPo.<init>(LoginPo.java:10)
at library.BaseClass.<init>(BaseClass.java:17)
at Po.LoginPo.<init>(LoginPo.java:10)
at library.BaseClass.<init>(BaseClass.java:17)
at Po.LoginPo.<init>(LoginPo.java:10)
at library.BaseClass.<init>(BaseClass.java:17)
at Po.LoginPo.<init>(LoginPo.java:10)
at library.BaseClass.<init>(BaseClass.java:17)
at Po.LoginPo.<init>(LoginPo.java:10)
at library.BaseClass.<init>(BaseClass.java:17)
at Po.LoginPo.<init>(LoginPo.java:10)
at library.BaseClass.<init>(BaseClass.java:17)
at Po.LoginPo.<init>(LoginPo.java:10)
at library.BaseClass.<init>(BaseClass.java:17)
at Po.LoginPo.<init>(LoginPo.java:10)
at library.BaseClass.<init>(BaseClass.java:17)
at Po.LoginPo.<init>(LoginPo.java:10)
at library.BaseClass.<init>(BaseClass.java:17)
at Po.LoginPo.<init>(LoginPo.java:10)
at library.BaseClass.<init>(BaseClass.java:17)
at Po.LoginPo.<init>(LoginPo.java:10)
at library.BaseClass.<init>(BaseClass.java:17)
at Po.LoginPo.<init>(LoginPo.java:10)
at library.BaseClass.<init>(BaseClass.java:17)
at Po.LoginPo.<init>(LoginPo.java:10)
at library.BaseClass.<init>(BaseClass.java:17)
at Po.LoginPo.<init>(LoginPo.java:10)
at library.BaseClass.<init>(BaseClass.java:17)
at Po.LoginPo.<init>(LoginPo.java:10)
at library.BaseClass.<init>(BaseClass.java:17)
at Po.LoginPo.<init>(LoginPo.java:10)
at library.BaseClass.<init>(BaseClass.java:17)
at Po.LoginPo.<init>(LoginPo.java:10)
at library.BaseClass.<init>(BaseClass.java:17)
at Po.LoginPo.<init>(LoginPo.java:10)
at library.BaseClass.<init>(BaseClass.java:17)
at Po.LoginPo.<init>(LoginPo.java:10)
at library.BaseClass.<init>(BaseClass.java:17)
at Po.LoginPo.<init>(LoginPo.java:10)
at library.BaseClass.<init>(BaseClass.java:17)
at Po.LoginPo.<init>(LoginPo.java:10)
at library.BaseClass.<init>(BaseClass.java:17)
at Po.LoginPo.<init>(LoginPo.java:10)
at library.BaseClass.<init>(BaseClass.java:17)
at Po.LoginPo.<init>(LoginPo.java:10)
at library.BaseClass.<init>(BaseClass.java:17)
at Po.LoginPo.<init>(LoginPo.java:10)
at library.BaseClass.<init>(BaseClass.java:17)
at Po.LoginPo.<init>(LoginPo.java:10)
at library.BaseClass.<init>(BaseClass.java:17)
at Po.LoginPo.<init>(LoginPo.java:10)
at library.BaseClass.<init>(BaseClass.java:17)
at Po.LoginPo.<init>(LoginPo.java:10)
at library.BaseClass.<init>(BaseClass.java:17)
at Po.LoginPo.<init>(LoginPo.java:10)
at library.BaseClass.<init>(BaseClass.java:17)
at Po.LoginPo.<init>(LoginPo.java:10)
at library.BaseClass.<init>(BaseClass.java:17)
at Po.LoginPo.<init>(LoginPo.java:10)
at library.BaseClass.<init>(BaseClass.java:17)
at Po.LoginPo.<init>(LoginPo.java:10)
at library.BaseClass.<init>(BaseClass.java:17)
at Po.LoginPo.<init>(LoginPo.java:10)
at library.BaseClass.<init>(BaseClass.java:17)
at Po.LoginPo.<init>(LoginPo.java:10)
at library.BaseClass.<init>(BaseClass.java:17)
at Po.LoginPo.<init>(LoginPo.java:10)
at library.BaseClass.<init>(BaseClass.java:17)
at Po.LoginPo.<init>(LoginPo.java:10)
at library.BaseClass.<init>(BaseClass.java:17)
at Po.LoginPo.<init>(LoginPo.java:10)
at library.BaseClass.<init>(BaseClass.java:17)
at Po.LoginPo.<init>(LoginPo.java:10)
at library.BaseClass.<init>(BaseClass.java:17)
at Po.LoginPo.<init>(LoginPo.java:10)
at library.BaseClass.<init>(BaseClass.java:17)
at Po.LoginPo.<init>(LoginPo.java:10)
at library.BaseClass.<init>(BaseClass.java:17)
at Po.LoginPo.<init>(LoginPo.java:10)
at library.BaseClass.<init>(BaseClass.java:17)
at Po.LoginPo.<init>(LoginPo.java:10)
at library.BaseClass.<init>(BaseClass.java:17)
at Po.LoginPo.<init>(LoginPo.java:10)
at library.BaseClass.<init>(BaseClass.java:17)
at Po.LoginPo.<init>(LoginPo.java:10)
at library.BaseClass.<init>(BaseClass.java:17)
at Po.LoginPo.<init>(LoginPo.java:10)
at library.BaseClass.<init>(BaseClass.java:17)
at Po.LoginPo.<init>(LoginPo.java:10)
at library.BaseClass.<init>(BaseClass.java:17)
at Po.LoginPo.<init>(LoginPo.java:10)
at library.BaseClass.<init>(BaseClass.java:17)
at Po.LoginPo.<init>(LoginPo.java:10)
at library.BaseClass.<init>(BaseClass.java:17)
at Po.LoginPo.<init>(LoginPo.java:10)
at library.BaseClass.<init>(BaseClass.java:17)
at Po.LoginPo.<init>(LoginPo.java:10)
at library.BaseClass.<init>(BaseClass.java:17)
at Po.LoginPo.<init>(LoginPo.java:10)
at library.BaseClass.<init>(BaseClass.java:17)
at Po.LoginPo.<init>(LoginPo.java:10)
at library.BaseClass.<init>(BaseClass.java:17)
at Po.LoginPo.<init>(LoginPo.java:10)
at library.BaseClass.<init>(BaseClass.java:17)
at Po.LoginPo.<init>(LoginPo.java:10)
at library.BaseClass.<init>(BaseClass.java:17)
at Po.LoginPo.<init>(LoginPo.java:10)
at library.BaseClass.<init>(BaseClass.java:17)
at Po.LoginPo.<init>(LoginPo.java:10)
at library.BaseClass.<init>(BaseClass.java:17)
at Po.LoginPo.<init>(LoginPo.java:10)
at library.BaseClass.<init>(BaseClass.java:17)
at Po.LoginPo.<init>(LoginPo.java:10)
at library.BaseClass.<init>(BaseClass.java:17)
at Po.LoginPo.<init>(LoginPo.java:10)
at library.BaseClass.<init>(BaseClass.java:17)
at Po.LoginPo.<init>(LoginPo.java:10)
at library.BaseClass.<init>(BaseClass.java:17)
at Po.LoginPo.<init>(LoginPo.java:10)
at library.BaseClass.<init>(BaseClass.java:17)
at Po.LoginPo.<init>(LoginPo.java:10)
at library.BaseClass.<init>(BaseClass.java:17)
at Po.LoginPo.<init>(LoginPo.java:10)
at library.BaseClass.<init>(BaseClass.java:17)
at Po.LoginPo.<init>(LoginPo.java:10)
at library.BaseClass.<init>(BaseClass.java:17)
at Po.LoginPo.<init>(LoginPo.java:10)
at library.BaseClass.<init>(BaseClass.java:17)
at Po.LoginPo.<init>(LoginPo.java:10)
at library.BaseClass.<init>(BaseClass.java:17)
at Po.LoginPo.<init>(LoginPo.java:10)
at library.BaseClass.<init>(BaseClass.java:17)
at Po.LoginPo.<init>(LoginPo.java:10)
at library.BaseClass.<init>(BaseClass.java:17)
at Po.LoginPo.<init>(LoginPo.java:10)
at library.BaseClass.<init>(BaseClass.java:17)
at Po.LoginPo.<init>(LoginPo.java:10)
at library.BaseClass.<init>(BaseClass.java:17)
at Po.LoginPo.<init>(LoginPo.java:10)
at library.BaseClass.<init>(BaseClass.java:17)
at Po.LoginPo.<init>(LoginPo.java:10)
at library.BaseClass.<init>(BaseClass.java:17)
at Po.LoginPo.<init>(LoginPo.java:10)
at library.BaseClass.<init>(BaseClass.java:17)
at Po.LoginPo.<init>(LoginPo.java:10)
at library.BaseClass.<init>(BaseClass.java:17)
at Po.LoginPo.<init>(LoginPo.java:10)
at library.BaseClass.<init>(BaseClass.java:17)
at Po.LoginPo.<init>(LoginPo.java:10)
at library.BaseClass.<init>(BaseClass.java:17)
at Po.LoginPo.<init>(LoginPo.java:10)
at library.BaseClass.<init>(BaseClass.java:17)
at Po.LoginPo.<init>(LoginPo.java:10)
at library.BaseClass.<init>(BaseClass.java:17)
at Po.LoginPo.<init>(LoginPo.java:10)
at library.BaseClass.<init>(BaseClass.java:17)
at Po.LoginPo.<init>(LoginPo.java:10)
at library.BaseClass.<init>(BaseClass.java:17)
at Po.LoginPo.<init>(LoginPo.java:10)
at library.BaseClass.<init>(BaseClass.java:17)
at Po.LoginPo.<init>(LoginPo.java:10)
at library.BaseClass.<init>(BaseClass.java:17)
at Po.LoginPo.<init>(LoginPo.java:10)
at library.BaseClass.<init>(BaseClass.java:17)
at Po.LoginPo.<init>(LoginPo.java:10)
at library.BaseClass.<init>(BaseClass.java:17)
at Po.LoginPo.<init>(LoginPo.java:10)
at library.BaseClass.<init>(BaseClass.java:17)
at Po.LoginPo.<init>(LoginPo.java:10)
at library.BaseClass.<init>(BaseClass.java:17)
at Po.LoginPo.<init>(LoginPo.java:10)
at library.BaseClass.<init>(BaseClass.java:17)
at Po.LoginPo.<init>(LoginPo.java:10)
at library.BaseClass.<init>(BaseClass.java:17)
at Po.LoginPo.<init>(LoginPo.java:10)
at library.BaseClass.<init>(BaseClass.java:17)
at Po.LoginPo.<init>(LoginPo.java:10)
at library.BaseClass.<init>(BaseClass.java:17)
at Po.LoginPo.<init>(LoginPo.java:10)
at library.BaseClass.<init>(BaseClass.java:17)
at Po.LoginPo.<init>(LoginPo.java:10)
at library.BaseClass.<init>(BaseClass.java:17)
at Po.LoginPo.<init>(LoginPo.java:10)
at library.BaseClass.<init>(BaseClass.java:17)
]]>
    </failure>
  </testcase> <!-- Registration -->
  <testcase name="Login" time="0.0" classname="script.Test1">
    <failure type="java.lang.StackOverflowError">
      <![CDATA[java.lang.StackOverflowError
at Po.LoginPo.<init>(LoginPo.java:10)
at library.BaseClass.<init>(BaseClass.java:17)
at Po.LoginPo.<init>(LoginPo.java:10)
at library.BaseClass.<init>(BaseClass.java:17)
at Po.LoginPo.<init>(LoginPo.java:10)
at library.BaseClass.<init>(BaseClass.java:17)
at Po.LoginPo.<init>(LoginPo.java:10)
at library.BaseClass.<init>(BaseClass.java:17)
at Po.LoginPo.<init>(LoginPo.java:10)
at library.BaseClass.<init>(BaseClass.java:17)
at Po.LoginPo.<init>(LoginPo.java:10)
at library.BaseClass.<init>(BaseClass.java:17)
at Po.LoginPo.<init>(LoginPo.java:10)
at library.BaseClass.<init>(BaseClass.java:17)
at Po.LoginPo.<init>(LoginPo.java:10)
at library.BaseClass.<init>(BaseClass.java:17)
at Po.LoginPo.<init>(LoginPo.java:10)
at library.BaseClass.<init>(BaseClass.java:17)
at Po.LoginPo.<init>(LoginPo.java:10)
at library.BaseClass.<init>(BaseClass.java:17)
at Po.LoginPo.<init>(LoginPo.java:10)
at library.BaseClass.<init>(BaseClass.java:17)
at Po.LoginPo.<init>(LoginPo.java:10)
at library.BaseClass.<init>(BaseClass.java:17)
at Po.LoginPo.<init>(LoginPo.java:10)
at library.BaseClass.<init>(BaseClass.java:17)
at Po.LoginPo.<init>(LoginPo.java:10)
at library.BaseClass.<init>(BaseClass.java:17)
at Po.LoginPo.<init>(LoginPo.java:10)
at library.BaseClass.<init>(BaseClass.java:17)
at Po.LoginPo.<init>(LoginPo.java:10)
at library.BaseClass.<init>(BaseClass.java:17)
at Po.LoginPo.<init>(LoginPo.java:10)
at library.BaseClass.<init>(BaseClass.java:17)
at Po.LoginPo.<init>(LoginPo.java:10)
at library.BaseClass.<init>(BaseClass.java:17)
at Po.LoginPo.<init>(LoginPo.java:10)
at library.BaseClass.<init>(BaseClass.java:17)
at Po.LoginPo.<init>(LoginPo.java:10)
at library.BaseClass.<init>(BaseClass.java:17)
at Po.LoginPo.<init>(LoginPo.java:10)
at library.BaseClass.<init>(BaseClass.java:17)
at Po.LoginPo.<init>(LoginPo.java:10)
at library.BaseClass.<init>(BaseClass.java:17)
at Po.LoginPo.<init>(LoginPo.java:10)
at library.BaseClass.<init>(BaseClass.java:17)
at Po.LoginPo.<init>(LoginPo.java:10)
at library.BaseClass.<init>(BaseClass.java:17)
at Po.LoginPo.<init>(LoginPo.java:10)
at library.BaseClass.<init>(BaseClass.java:17)
at Po.LoginPo.<init>(LoginPo.java:10)
at library.BaseClass.<init>(BaseClass.java:17)
at Po.LoginPo.<init>(LoginPo.java:10)
at library.BaseClass.<init>(BaseClass.java:17)
at Po.LoginPo.<init>(LoginPo.java:10)
at library.BaseClass.<init>(BaseClass.java:17)
at Po.LoginPo.<init>(LoginPo.java:10)
at library.BaseClass.<init>(BaseClass.java:17)
at Po.LoginPo.<init>(LoginPo.java:10)
at library.BaseClass.<init>(BaseClass.java:17)
at Po.LoginPo.<init>(LoginPo.java:10)
at library.BaseClass.<init>(BaseClass.java:17)
at Po.LoginPo.<init>(LoginPo.java:10)
at library.BaseClass.<init>(BaseClass.java:17)
at Po.LoginPo.<init>(LoginPo.java:10)
at library.BaseClass.<init>(BaseClass.java:17)
at Po.LoginPo.<init>(LoginPo.java:10)
at library.BaseClass.<init>(BaseClass.java:17)
at Po.LoginPo.<init>(LoginPo.java:10)
at library.BaseClass.<init>(BaseClass.java:17)
at Po.LoginPo.<init>(LoginPo.java:10)
at library.BaseClass.<init>(BaseClass.java:17)
at Po.LoginPo.<init>(LoginPo.java:10)
at library.BaseClass.<init>(BaseClass.java:17)
at Po.LoginPo.<init>(LoginPo.java:10)
at library.BaseClass.<init>(BaseClass.java:17)
at Po.LoginPo.<init>(LoginPo.java:10)
at library.BaseClass.<init>(BaseClass.java:17)
at Po.LoginPo.<init>(LoginPo.java:10)
at library.BaseClass.<init>(BaseClass.java:17)
at Po.LoginPo.<init>(LoginPo.java:10)
at library.BaseClass.<init>(BaseClass.java:17)
at Po.LoginPo.<init>(LoginPo.java:10)
at library.BaseClass.<init>(BaseClass.java:17)
at Po.LoginPo.<init>(LoginPo.java:10)
at library.BaseClass.<init>(BaseClass.java:17)
at Po.LoginPo.<init>(LoginPo.java:10)
at library.BaseClass.<init>(BaseClass.java:17)
at Po.LoginPo.<init>(LoginPo.java:10)
at library.BaseClass.<init>(BaseClass.java:17)
at Po.LoginPo.<init>(LoginPo.java:10)
at library.BaseClass.<init>(BaseClass.java:17)
at Po.LoginPo.<init>(LoginPo.java:10)
at library.BaseClass.<init>(BaseClass.java:17)
at Po.LoginPo.<init>(LoginPo.java:10)
at library.BaseClass.<init>(BaseClass.java:17)
at Po.LoginPo.<init>(LoginPo.java:10)
at library.BaseClass.<init>(BaseClass.java:17)
at Po.LoginPo.<init>(LoginPo.java:10)
at library.BaseClass.<init>(BaseClass.java:17)
at Po.LoginPo.<init>(LoginPo.java:10)
at library.BaseClass.<init>(BaseClass.java:17)
at Po.LoginPo.<init>(LoginPo.java:10)
at library.BaseClass.<init>(BaseClass.java:17)
at Po.LoginPo.<init>(LoginPo.java:10)
at library.BaseClass.<init>(BaseClass.java:17)
at Po.LoginPo.<init>(LoginPo.java:10)
at library.BaseClass.<init>(BaseClass.java:17)
at Po.LoginPo.<init>(LoginPo.java:10)
at library.BaseClass.<init>(BaseClass.java:17)
at Po.LoginPo.<init>(LoginPo.java:10)
at library.BaseClass.<init>(BaseClass.java:17)
at Po.LoginPo.<init>(LoginPo.java:10)
at library.BaseClass.<init>(BaseClass.java:17)
at Po.LoginPo.<init>(LoginPo.java:10)
at library.BaseClass.<init>(BaseClass.java:17)
at Po.LoginPo.<init>(LoginPo.java:10)
at library.BaseClass.<init>(BaseClass.java:17)
at Po.LoginPo.<init>(LoginPo.java:10)
at library.BaseClass.<init>(BaseClass.java:17)
at Po.LoginPo.<init>(LoginPo.java:10)
at library.BaseClass.<init>(BaseClass.java:17)
at Po.LoginPo.<init>(LoginPo.java:10)
at library.BaseClass.<init>(BaseClass.java:17)
at Po.LoginPo.<init>(LoginPo.java:10)
at library.BaseClass.<init>(BaseClass.java:17)
at Po.LoginPo.<init>(LoginPo.java:10)
at library.BaseClass.<init>(BaseClass.java:17)
at Po.LoginPo.<init>(LoginPo.java:10)
at library.BaseClass.<init>(BaseClass.java:17)
at Po.LoginPo.<init>(LoginPo.java:10)
at library.BaseClass.<init>(BaseClass.java:17)
at Po.LoginPo.<init>(LoginPo.java:10)
at library.BaseClass.<init>(BaseClass.java:17)
at Po.LoginPo.<init>(LoginPo.java:10)
at library.BaseClass.<init>(BaseClass.java:17)
at Po.LoginPo.<init>(LoginPo.java:10)
at library.BaseClass.<init>(BaseClass.java:17)
at Po.LoginPo.<init>(LoginPo.java:10)
at library.BaseClass.<init>(BaseClass.java:17)
at Po.LoginPo.<init>(LoginPo.java:10)
at library.BaseClass.<init>(BaseClass.java:17)
at Po.LoginPo.<init>(LoginPo.java:10)
at library.BaseClass.<init>(BaseClass.java:17)
at Po.LoginPo.<init>(LoginPo.java:10)
at library.BaseClass.<init>(BaseClass.java:17)
at Po.LoginPo.<init>(LoginPo.java:10)
at library.BaseClass.<init>(BaseClass.java:17)
at Po.LoginPo.<init>(LoginPo.java:10)
at library.BaseClass.<init>(BaseClass.java:17)
at Po.LoginPo.<init>(LoginPo.java:10)
at library.BaseClass.<init>(BaseClass.java:17)
at Po.LoginPo.<init>(LoginPo.java:10)
at library.BaseClass.<init>(BaseClass.java:17)
at Po.LoginPo.<init>(LoginPo.java:10)
at library.BaseClass.<init>(BaseClass.java:17)
at Po.LoginPo.<init>(LoginPo.java:10)
at library.BaseClass.<init>(BaseClass.java:17)
at Po.LoginPo.<init>(LoginPo.java:10)
at library.BaseClass.<init>(BaseClass.java:17)
at Po.LoginPo.<init>(LoginPo.java:10)
at library.BaseClass.<init>(BaseClass.java:17)
at Po.LoginPo.<init>(LoginPo.java:10)
at library.BaseClass.<init>(BaseClass.java:17)
at Po.LoginPo.<init>(LoginPo.java:10)
at library.BaseClass.<init>(BaseClass.java:17)
at Po.LoginPo.<init>(LoginPo.java:10)
at library.BaseClass.<init>(BaseClass.java:17)
at Po.LoginPo.<init>(LoginPo.java:10)
at library.BaseClass.<init>(BaseClass.java:17)
at Po.LoginPo.<init>(LoginPo.java:10)
at library.BaseClass.<init>(BaseClass.java:17)
at Po.LoginPo.<init>(LoginPo.java:10)
at library.BaseClass.<init>(BaseClass.java:17)
at Po.LoginPo.<init>(LoginPo.java:10)
at library.BaseClass.<init>(BaseClass.java:17)
at Po.LoginPo.<init>(LoginPo.java:10)
at library.BaseClass.<init>(BaseClass.java:17)
at Po.LoginPo.<init>(LoginPo.java:10)
at library.BaseClass.<init>(BaseClass.java:17)
at Po.LoginPo.<init>(LoginPo.java:10)
at library.BaseClass.<init>(BaseClass.java:17)
at Po.LoginPo.<init>(LoginPo.java:10)
at library.BaseClass.<init>(BaseClass.java:17)
at Po.LoginPo.<init>(LoginPo.java:10)
at library.BaseClass.<init>(BaseClass.java:17)
at Po.LoginPo.<init>(LoginPo.java:10)
at library.BaseClass.<init>(BaseClass.java:17)
at Po.LoginPo.<init>(LoginPo.java:10)
at library.BaseClass.<init>(BaseClass.java:17)
at Po.LoginPo.<init>(LoginPo.java:10)
at library.BaseClass.<init>(BaseClass.java:17)
at Po.LoginPo.<init>(LoginPo.java:10)
at library.BaseClass.<init>(BaseClass.java:17)
at Po.LoginPo.<init>(LoginPo.java:10)
at library.BaseClass.<init>(BaseClass.java:17)
at Po.LoginPo.<init>(LoginPo.java:10)
at library.BaseClass.<init>(BaseClass.java:17)
at Po.LoginPo.<init>(LoginPo.java:10)
at library.BaseClass.<init>(BaseClass.java:17)
at Po.LoginPo.<init>(LoginPo.java:10)
at library.BaseClass.<init>(BaseClass.java:17)
at Po.LoginPo.<init>(LoginPo.java:10)
at library.BaseClass.<init>(BaseClass.java:17)
at Po.LoginPo.<init>(LoginPo.java:10)
at library.BaseClass.<init>(BaseClass.java:17)
at Po.LoginPo.<init>(LoginPo.java:10)
at library.BaseClass.<init>(BaseClass.java:17)
at Po.LoginPo.<init>(LoginPo.java:10)
at library.BaseClass.<init>(BaseClass.java:17)
at Po.LoginPo.<init>(LoginPo.java:10)
at library.BaseClass.<init>(BaseClass.java:17)
at Po.LoginPo.<init>(LoginPo.java:10)
at library.BaseClass.<init>(BaseClass.java:17)
at Po.LoginPo.<init>(LoginPo.java:10)
at library.BaseClass.<init>(BaseClass.java:17)
at Po.LoginPo.<init>(LoginPo.java:10)
at library.BaseClass.<init>(BaseClass.java:17)
at Po.LoginPo.<init>(LoginPo.java:10)
at library.BaseClass.<init>(BaseClass.java:17)
at Po.LoginPo.<init>(LoginPo.java:10)
at library.BaseClass.<init>(BaseClass.java:17)
at Po.LoginPo.<init>(LoginPo.java:10)
at library.BaseClass.<init>(BaseClass.java:17)
at Po.LoginPo.<init>(LoginPo.java:10)
at library.BaseClass.<init>(BaseClass.java:17)
at Po.LoginPo.<init>(LoginPo.java:10)
at library.BaseClass.<init>(BaseClass.java:17)
at Po.LoginPo.<init>(LoginPo.java:10)
at library.BaseClass.<init>(BaseClass.java:17)
at Po.LoginPo.<init>(LoginPo.java:10)
at library.BaseClass.<init>(BaseClass.java:17)
at Po.LoginPo.<init>(LoginPo.java:10)
at library.BaseClass.<init>(BaseClass.java:17)
at Po.LoginPo.<init>(LoginPo.java:10)
at library.BaseClass.<init>(BaseClass.java:17)
at Po.LoginPo.<init>(LoginPo.java:10)
at library.BaseClass.<init>(BaseClass.java:17)
at Po.LoginPo.<init>(LoginPo.java:10)
at library.BaseClass.<init>(BaseClass.java:17)
at Po.LoginPo.<init>(LoginPo.java:10)
at library.BaseClass.<init>(BaseClass.java:17)
at Po.LoginPo.<init>(LoginPo.java:10)
at library.BaseClass.<init>(BaseClass.java:17)
at Po.LoginPo.<init>(LoginPo.java:10)
at library.BaseClass.<init>(BaseClass.java:17)
at Po.LoginPo.<init>(LoginPo.java:10)
at library.BaseClass.<init>(BaseClass.java:17)
at Po.LoginPo.<init>(LoginPo.java:10)
at library.BaseClass.<init>(BaseClass.java:17)
at Po.LoginPo.<init>(LoginPo.java:10)
at library.BaseClass.<init>(BaseClass.java:17)
at Po.LoginPo.<init>(LoginPo.java:10)
at library.BaseClass.<init>(BaseClass.java:17)
at Po.LoginPo.<init>(LoginPo.java:10)
at library.BaseClass.<init>(BaseClass.java:17)
at Po.LoginPo.<init>(LoginPo.java:10)
at library.BaseClass.<init>(BaseClass.java:17)
at Po.LoginPo.<init>(LoginPo.java:10)
at library.BaseClass.<init>(BaseClass.java:17)
at Po.LoginPo.<init>(LoginPo.java:10)
at library.BaseClass.<init>(BaseClass.java:17)
at Po.LoginPo.<init>(LoginPo.java:10)
at library.BaseClass.<init>(BaseClass.java:17)
at Po.LoginPo.<init>(LoginPo.java:10)
at library.BaseClass.<init>(BaseClass.java:17)
at Po.LoginPo.<init>(LoginPo.java:10)
at library.BaseClass.<init>(BaseClass.java:17)
at Po.LoginPo.<init>(LoginPo.java:10)
at library.BaseClass.<init>(BaseClass.java:17)
at Po.LoginPo.<init>(LoginPo.java:10)
at library.BaseClass.<init>(BaseClass.java:17)
at Po.LoginPo.<init>(LoginPo.java:10)
at library.BaseClass.<init>(BaseClass.java:17)
at Po.LoginPo.<init>(LoginPo.java:10)
at library.BaseClass.<init>(BaseClass.java:17)
at Po.LoginPo.<init>(LoginPo.java:10)
at library.BaseClass.<init>(BaseClass.java:17)
at Po.LoginPo.<init>(LoginPo.java:10)
at library.BaseClass.<init>(BaseClass.java:17)
at Po.LoginPo.<init>(LoginPo.java:10)
at library.BaseClass.<init>(BaseClass.java:17)
at Po.LoginPo.<init>(LoginPo.java:10)
at library.BaseClass.<init>(BaseClass.java:17)
at Po.LoginPo.<init>(LoginPo.java:10)
at library.BaseClass.<init>(BaseClass.java:17)
at Po.LoginPo.<init>(LoginPo.java:10)
at library.BaseClass.<init>(BaseClass.java:17)
at Po.LoginPo.<init>(LoginPo.java:10)
at library.BaseClass.<init>(BaseClass.java:17)
at Po.LoginPo.<init>(LoginPo.java:10)
at library.BaseClass.<init>(BaseClass.java:17)
at Po.LoginPo.<init>(LoginPo.java:10)
at library.BaseClass.<init>(BaseClass.java:17)
at Po.LoginPo.<init>(LoginPo.java:10)
at library.BaseClass.<init>(BaseClass.java:17)
at Po.LoginPo.<init>(LoginPo.java:10)
at library.BaseClass.<init>(BaseClass.java:17)
at Po.LoginPo.<init>(LoginPo.java:10)
at library.BaseClass.<init>(BaseClass.java:17)
at Po.LoginPo.<init>(LoginPo.java:10)
at library.BaseClass.<init>(BaseClass.java:17)
at Po.LoginPo.<init>(LoginPo.java:10)
at library.BaseClass.<init>(BaseClass.java:17)
at Po.LoginPo.<init>(LoginPo.java:10)
at library.BaseClass.<init>(BaseClass.java:17)
at Po.LoginPo.<init>(LoginPo.java:10)
at library.BaseClass.<init>(BaseClass.java:17)
at Po.LoginPo.<init>(LoginPo.java:10)
at library.BaseClass.<init>(BaseClass.java:17)
at Po.LoginPo.<init>(LoginPo.java:10)
at library.BaseClass.<init>(BaseClass.java:17)
at Po.LoginPo.<init>(LoginPo.java:10)
at library.BaseClass.<init>(BaseClass.java:17)
at Po.LoginPo.<init>(LoginPo.java:10)
at library.BaseClass.<init>(BaseClass.java:17)
at Po.LoginPo.<init>(LoginPo.java:10)
at library.BaseClass.<init>(BaseClass.java:17)
at Po.LoginPo.<init>(LoginPo.java:10)
at library.BaseClass.<init>(BaseClass.java:17)
at Po.LoginPo.<init>(LoginPo.java:10)
at library.BaseClass.<init>(BaseClass.java:17)
at Po.LoginPo.<init>(LoginPo.java:10)
at library.BaseClass.<init>(BaseClass.java:17)
at Po.LoginPo.<init>(LoginPo.java:10)
at library.BaseClass.<init>(BaseClass.java:17)
at Po.LoginPo.<init>(LoginPo.java:10)
at library.BaseClass.<init>(BaseClass.java:17)
at Po.LoginPo.<init>(LoginPo.java:10)
at library.BaseClass.<init>(BaseClass.java:17)
at Po.LoginPo.<init>(LoginPo.java:10)
at library.BaseClass.<init>(BaseClass.java:17)
at Po.LoginPo.<init>(LoginPo.java:10)
at library.BaseClass.<init>(BaseClass.java:17)
at Po.LoginPo.<init>(LoginPo.java:10)
at library.BaseClass.<init>(BaseClass.java:17)
at Po.LoginPo.<init>(LoginPo.java:10)
at library.BaseClass.<init>(BaseClass.java:17)
at Po.LoginPo.<init>(LoginPo.java:10)
at library.BaseClass.<init>(BaseClass.java:17)
at Po.LoginPo.<init>(LoginPo.java:10)
at library.BaseClass.<init>(BaseClass.java:17)
at Po.LoginPo.<init>(LoginPo.java:10)
at library.BaseClass.<init>(BaseClass.java:17)
at Po.LoginPo.<init>(LoginPo.java:10)
at library.BaseClass.<init>(BaseClass.java:17)
at Po.LoginPo.<init>(LoginPo.java:10)
at library.BaseClass.<init>(BaseClass.java:17)
at Po.LoginPo.<init>(LoginPo.java:10)
at library.BaseClass.<init>(BaseClass.java:17)
at Po.LoginPo.<init>(LoginPo.java:10)
at library.BaseClass.<init>(BaseClass.java:17)
at Po.LoginPo.<init>(LoginPo.java:10)
at library.BaseClass.<init>(BaseClass.java:17)
at Po.LoginPo.<init>(LoginPo.java:10)
at library.BaseClass.<init>(BaseClass.java:17)
at Po.LoginPo.<init>(LoginPo.java:10)
at library.BaseClass.<init>(BaseClass.java:17)
at Po.LoginPo.<init>(LoginPo.java:10)
at library.BaseClass.<init>(BaseClass.java:17)
at Po.LoginPo.<init>(LoginPo.java:10)
at library.BaseClass.<init>(BaseClass.java:17)
at Po.LoginPo.<init>(LoginPo.java:10)
at library.BaseClass.<init>(BaseClass.java:17)
at Po.LoginPo.<init>(LoginPo.java:10)
at library.BaseClass.<init>(BaseClass.java:17)
at Po.LoginPo.<init>(LoginPo.java:10)
at library.BaseClass.<init>(BaseClass.java:17)
at Po.LoginPo.<init>(LoginPo.java:10)
at library.BaseClass.<init>(BaseClass.java:17)
at Po.LoginPo.<init>(LoginPo.java:10)
at library.BaseClass.<init>(BaseClass.java:17)
at Po.LoginPo.<init>(LoginPo.java:10)
at library.BaseClass.<init>(BaseClass.java:17)
at Po.LoginPo.<init>(LoginPo.java:10)
at library.BaseClass.<init>(BaseClass.java:17)
at Po.LoginPo.<init>(LoginPo.java:10)
at library.BaseClass.<init>(BaseClass.java:17)
at Po.LoginPo.<init>(LoginPo.java:10)
at library.BaseClass.<init>(BaseClass.java:17)
at Po.LoginPo.<init>(LoginPo.java:10)
at library.BaseClass.<init>(BaseClass.java:17)
at Po.LoginPo.<init>(LoginPo.java:10)
at library.BaseClass.<init>(BaseClass.java:17)
at Po.LoginPo.<init>(LoginPo.java:10)
at library.BaseClass.<init>(BaseClass.java:17)
at Po.LoginPo.<init>(LoginPo.java:10)
at library.BaseClass.<init>(BaseClass.java:17)
at Po.LoginPo.<init>(LoginPo.java:10)
at library.BaseClass.<init>(BaseClass.java:17)
at Po.LoginPo.<init>(LoginPo.java:10)
at library.BaseClass.<init>(BaseClass.java:17)
at Po.LoginPo.<init>(LoginPo.java:10)
at library.BaseClass.<init>(BaseClass.java:17)
at Po.LoginPo.<init>(LoginPo.java:10)
at library.BaseClass.<init>(BaseClass.java:17)
at Po.LoginPo.<init>(LoginPo.java:10)
at library.BaseClass.<init>(BaseClass.java:17)
at Po.LoginPo.<init>(LoginPo.java:10)
at library.BaseClass.<init>(BaseClass.java:17)
at Po.LoginPo.<init>(LoginPo.java:10)
at library.BaseClass.<init>(BaseClass.java:17)
at Po.LoginPo.<init>(LoginPo.java:10)
at library.BaseClass.<init>(BaseClass.java:17)
at Po.LoginPo.<init>(LoginPo.java:10)
at library.BaseClass.<init>(BaseClass.java:17)
at Po.LoginPo.<init>(LoginPo.java:10)
at library.BaseClass.<init>(BaseClass.java:17)
at Po.LoginPo.<init>(LoginPo.java:10)
at library.BaseClass.<init>(BaseClass.java:17)
at Po.LoginPo.<init>(LoginPo.java:10)
at library.BaseClass.<init>(BaseClass.java:17)
at Po.LoginPo.<init>(LoginPo.java:10)
at library.BaseClass.<init>(BaseClass.java:17)
at Po.LoginPo.<init>(LoginPo.java:10)
at library.BaseClass.<init>(BaseClass.java:17)
at Po.LoginPo.<init>(LoginPo.java:10)
at library.BaseClass.<init>(BaseClass.java:17)
at Po.LoginPo.<init>(LoginPo.java:10)
at library.BaseClass.<init>(BaseClass.java:17)
at Po.LoginPo.<init>(LoginPo.java:10)
at library.BaseClass.<init>(BaseClass.java:17)
at Po.LoginPo.<init>(LoginPo.java:10)
at library.BaseClass.<init>(BaseClass.java:17)
at Po.LoginPo.<init>(LoginPo.java:10)
at library.BaseClass.<init>(BaseClass.java:17)
at Po.LoginPo.<init>(LoginPo.java:10)
at library.BaseClass.<init>(BaseClass.java:17)
at Po.LoginPo.<init>(LoginPo.java:10)
at library.BaseClass.<init>(BaseClass.java:17)
at Po.LoginPo.<init>(LoginPo.java:10)
at library.BaseClass.<init>(BaseClass.java:17)
at Po.LoginPo.<init>(LoginPo.java:10)
at library.BaseClass.<init>(BaseClass.java:17)
at Po.LoginPo.<init>(LoginPo.java:10)
at library.BaseClass.<init>(BaseClass.java:17)
at Po.LoginPo.<init>(LoginPo.java:10)
at library.BaseClass.<init>(BaseClass.java:17)
at Po.LoginPo.<init>(LoginPo.java:10)
at library.BaseClass.<init>(BaseClass.java:17)
at Po.LoginPo.<init>(LoginPo.java:10)
at library.BaseClass.<init>(BaseClass.java:17)
at Po.LoginPo.<init>(LoginPo.java:10)
at library.BaseClass.<init>(BaseClass.java:17)
at Po.LoginPo.<init>(LoginPo.java:10)
at library.BaseClass.<init>(BaseClass.java:17)
at Po.LoginPo.<init>(LoginPo.java:10)
at library.BaseClass.<init>(BaseClass.java:17)
at Po.LoginPo.<init>(LoginPo.java:10)
at library.BaseClass.<init>(BaseClass.java:17)
at Po.LoginPo.<init>(LoginPo.java:10)
at library.BaseClass.<init>(BaseClass.java:17)
at Po.LoginPo.<init>(LoginPo.java:10)
at library.BaseClass.<init>(BaseClass.java:17)
at Po.LoginPo.<init>(LoginPo.java:10)
at library.BaseClass.<init>(BaseClass.java:17)
at Po.LoginPo.<init>(LoginPo.java:10)
at library.BaseClass.<init>(BaseClass.java:17)
at Po.LoginPo.<init>(LoginPo.java:10)
at library.BaseClass.<init>(BaseClass.java:17)
at Po.LoginPo.<init>(LoginPo.java:10)
at library.BaseClass.<init>(BaseClass.java:17)
at Po.LoginPo.<init>(LoginPo.java:10)
at library.BaseClass.<init>(BaseClass.java:17)
at Po.LoginPo.<init>(LoginPo.java:10)
at library.BaseClass.<init>(BaseClass.java:17)
at Po.LoginPo.<init>(LoginPo.java:10)
at library.BaseClass.<init>(BaseClass.java:17)
at Po.LoginPo.<init>(LoginPo.java:10)
at library.BaseClass.<init>(BaseClass.java:17)
at Po.LoginPo.<init>(LoginPo.java:10)
at library.BaseClass.<init>(BaseClass.java:17)
at Po.LoginPo.<init>(LoginPo.java:10)
at library.BaseClass.<init>(BaseClass.java:17)
at Po.LoginPo.<init>(LoginPo.java:10)
at library.BaseClass.<init>(BaseClass.java:17)
at Po.LoginPo.<init>(LoginPo.java:10)
at library.BaseClass.<init>(BaseClass.java:17)
at Po.LoginPo.<init>(LoginPo.java:10)
at library.BaseClass.<init>(BaseClass.java:17)
at Po.LoginPo.<init>(LoginPo.java:10)
at library.BaseClass.<init>(BaseClass.java:17)
at Po.LoginPo.<init>(LoginPo.java:10)
at library.BaseClass.<init>(BaseClass.java:17)
at Po.LoginPo.<init>(LoginPo.java:10)
at library.BaseClass.<init>(BaseClass.java:17)
at Po.LoginPo.<init>(LoginPo.java:10)
at library.BaseClass.<init>(BaseClass.java:17)
at Po.LoginPo.<init>(LoginPo.java:10)
at library.BaseClass.<init>(BaseClass.java:17)
at Po.LoginPo.<init>(LoginPo.java:10)
at library.BaseClass.<init>(BaseClass.java:17)
at Po.LoginPo.<init>(LoginPo.java:10)
at library.BaseClass.<init>(BaseClass.java:17)
at Po.LoginPo.<init>(LoginPo.java:10)
at library.BaseClass.<init>(BaseClass.java:17)
at Po.LoginPo.<init>(LoginPo.java:10)
at library.BaseClass.<init>(BaseClass.java:17)
at Po.LoginPo.<init>(LoginPo.java:10)
at library.BaseClass.<init>(BaseClass.java:17)
at Po.LoginPo.<init>(LoginPo.java:10)
at library.BaseClass.<init>(BaseClass.java:17)
at Po.LoginPo.<init>(LoginPo.java:10)
at library.BaseClass.<init>(BaseClass.java:17)
at Po.LoginPo.<init>(LoginPo.java:10)
at library.BaseClass.<init>(BaseClass.java:17)
at Po.LoginPo.<init>(LoginPo.java:10)
at library.BaseClass.<init>(BaseClass.java:17)
at Po.LoginPo.<init>(LoginPo.java:10)
at library.BaseClass.<init>(BaseClass.java:17)
at Po.LoginPo.<init>(LoginPo.java:10)
at library.BaseClass.<init>(BaseClass.java:17)
at Po.LoginPo.<init>(LoginPo.java:10)
at library.BaseClass.<init>(BaseClass.java:17)
at Po.LoginPo.<init>(LoginPo.java:10)
at library.BaseClass.<init>(BaseClass.java:17)
at Po.LoginPo.<init>(LoginPo.java:10)
at library.BaseClass.<init>(BaseClass.java:17)
at Po.LoginPo.<init>(LoginPo.java:10)
at library.BaseClass.<init>(BaseClass.java:17)
at Po.LoginPo.<init>(LoginPo.java:10)
at library.BaseClass.<init>(BaseClass.java:17)
at Po.LoginPo.<init>(LoginPo.java:10)
at library.BaseClass.<init>(BaseClass.java:17)
at Po.LoginPo.<init>(LoginPo.java:10)
at library.BaseClass.<init>(BaseClass.java:17)
at Po.LoginPo.<init>(LoginPo.java:10)
at library.BaseClass.<init>(BaseClass.java:17)
at Po.LoginPo.<init>(LoginPo.java:10)
at library.BaseClass.<init>(BaseClass.java:17)
at Po.LoginPo.<init>(LoginPo.java:10)
at library.BaseClass.<init>(BaseClass.java:17)
at Po.LoginPo.<init>(LoginPo.java:10)
at library.BaseClass.<init>(BaseClass.java:17)
at Po.LoginPo.<init>(LoginPo.java:10)
at library.BaseClass.<init>(BaseClass.java:17)
at Po.LoginPo.<init>(LoginPo.java:10)
at library.BaseClass.<init>(BaseClass.java:17)
at Po.LoginPo.<init>(LoginPo.java:10)
at library.BaseClass.<init>(BaseClass.java:17)
at Po.LoginPo.<init>(LoginPo.java:10)
at library.BaseClass.<init>(BaseClass.java:17)
at Po.LoginPo.<init>(LoginPo.java:10)
at library.BaseClass.<init>(BaseClass.java:17)
at Po.LoginPo.<init>(LoginPo.java:10)
at library.BaseClass.<init>(BaseClass.java:17)
at Po.LoginPo.<init>(LoginPo.java:10)
at library.BaseClass.<init>(BaseClass.java:17)
at Po.LoginPo.<init>(LoginPo.java:10)
at library.BaseClass.<init>(BaseClass.java:17)
at Po.LoginPo.<init>(LoginPo.java:10)
at library.BaseClass.<init>(BaseClass.java:17)
at Po.LoginPo.<init>(LoginPo.java:10)
at library.BaseClass.<init>(BaseClass.java:17)
at Po.LoginPo.<init>(LoginPo.java:10)
at library.BaseClass.<init>(BaseClass.java:17)
at Po.LoginPo.<init>(LoginPo.java:10)
at library.BaseClass.<init>(BaseClass.java:17)
at Po.LoginPo.<init>(LoginPo.java:10)
at library.BaseClass.<init>(BaseClass.java:17)
at Po.LoginPo.<init>(LoginPo.java:10)
at library.BaseClass.<init>(BaseClass.java:17)
at Po.LoginPo.<init>(LoginPo.java:10)
at library.BaseClass.<init>(BaseClass.java:17)
at Po.LoginPo.<init>(LoginPo.java:10)
at library.BaseClass.<init>(BaseClass.java:17)
at Po.LoginPo.<init>(LoginPo.java:10)
at library.BaseClass.<init>(BaseClass.java:17)
at Po.LoginPo.<init>(LoginPo.java:10)
at library.BaseClass.<init>(BaseClass.java:17)
at Po.LoginPo.<init>(LoginPo.java:10)
at library.BaseClass.<init>(BaseClass.java:17)
at Po.LoginPo.<init>(LoginPo.java:10)
at library.BaseClass.<init>(BaseClass.java:17)
at Po.LoginPo.<init>(LoginPo.java:10)
at library.BaseClass.<init>(BaseClass.java:17)
at Po.LoginPo.<init>(LoginPo.java:10)
at library.BaseClass.<init>(BaseClass.java:17)
at Po.LoginPo.<init>(LoginPo.java:10)
at library.BaseClass.<init>(BaseClass.java:17)
at Po.LoginPo.<init>(LoginPo.java:10)
at library.BaseClass.<init>(BaseClass.java:17)
at Po.LoginPo.<init>(LoginPo.java:10)
at library.BaseClass.<init>(BaseClass.java:17)
at Po.LoginPo.<init>(LoginPo.java:10)
at library.BaseClass.<init>(BaseClass.java:17)
at Po.LoginPo.<init>(LoginPo.java:10)
at library.BaseClass.<init>(BaseClass.java:17)
at Po.LoginPo.<init>(LoginPo.java:10)
at library.BaseClass.<init>(BaseClass.java:17)
at Po.LoginPo.<init>(LoginPo.java:10)
at library.BaseClass.<init>(BaseClass.java:17)
at Po.LoginPo.<init>(LoginPo.java:10)
at library.BaseClass.<init>(BaseClass.java:17)
at Po.LoginPo.<init>(LoginPo.java:10)
at library.BaseClass.<init>(BaseClass.java:17)
at Po.LoginPo.<init>(LoginPo.java:10)
at library.BaseClass.<init>(BaseClass.java:17)
at Po.LoginPo.<init>(LoginPo.java:10)
at library.BaseClass.<init>(BaseClass.java:17)
at Po.LoginPo.<init>(LoginPo.java:10)
at library.BaseClass.<init>(BaseClass.java:17)
at Po.LoginPo.<init>(LoginPo.java:10)
at library.BaseClass.<init>(BaseClass.java:17)
at Po.LoginPo.<init>(LoginPo.java:10)
at library.BaseClass.<init>(BaseClass.java:17)
at Po.LoginPo.<init>(LoginPo.java:10)
at library.BaseClass.<init>(BaseClass.java:17)
at Po.LoginPo.<init>(LoginPo.java:10)
at library.BaseClass.<init>(BaseClass.java:17)
at Po.LoginPo.<init>(LoginPo.java:10)
at library.BaseClass.<init>(BaseClass.java:17)
at Po.LoginPo.<init>(LoginPo.java:10)
at library.BaseClass.<init>(BaseClass.java:17)
at Po.LoginPo.<init>(LoginPo.java:10)
at library.BaseClass.<init>(BaseClass.java:17)
at Po.LoginPo.<init>(LoginPo.java:10)
at library.BaseClass.<init>(BaseClass.java:17)
at Po.LoginPo.<init>(LoginPo.java:10)
at library.BaseClass.<init>(BaseClass.java:17)
at Po.LoginPo.<init>(LoginPo.java:10)
at library.BaseClass.<init>(BaseClass.java:17)
at Po.LoginPo.<init>(LoginPo.java:10)
at library.BaseClass.<init>(BaseClass.java:17)
at Po.LoginPo.<init>(LoginPo.java:10)
at library.BaseClass.<init>(BaseClass.java:17)
at Po.LoginPo.<init>(LoginPo.java:10)
at library.BaseClass.<init>(BaseClass.java:17)
at Po.LoginPo.<init>(LoginPo.java:10)
at library.BaseClass.<init>(BaseClass.java:17)
at Po.LoginPo.<init>(LoginPo.java:10)
at library.BaseClass.<init>(BaseClass.java:17)
at Po.LoginPo.<init>(LoginPo.java:10)
at library.BaseClass.<init>(BaseClass.java:17)
at Po.LoginPo.<init>(LoginPo.java:10)
at library.BaseClass.<init>(BaseClass.java:17)
at Po.LoginPo.<init>(LoginPo.java:10)
at library.BaseClass.<init>(BaseClass.java:17)
at Po.LoginPo.<init>(LoginPo.java:10)
at library.BaseClass.<init>(BaseClass.java:17)
at Po.LoginPo.<init>(LoginPo.java:10)
at library.BaseClass.<init>(BaseClass.java:17)
at Po.LoginPo.<init>(LoginPo.java:10)
at library.BaseClass.<init>(BaseClass.java:17)
at Po.LoginPo.<init>(LoginPo.java:10)
at library.BaseClass.<init>(BaseClass.java:17)
at Po.LoginPo.<init>(LoginPo.java:10)
at library.BaseClass.<init>(BaseClass.java:17)
at Po.LoginPo.<init>(LoginPo.java:10)
at library.BaseClass.<init>(BaseClass.java:17)
at Po.LoginPo.<init>(LoginPo.java:10)
at library.BaseClass.<init>(BaseClass.java:17)
at Po.LoginPo.<init>(LoginPo.java:10)
at library.BaseClass.<init>(BaseClass.java:17)
at Po.LoginPo.<init>(LoginPo.java:10)
at library.BaseClass.<init>(BaseClass.java:17)
at Po.LoginPo.<init>(LoginPo.java:10)
at library.BaseClass.<init>(BaseClass.java:17)
at Po.LoginPo.<init>(LoginPo.java:10)
at library.BaseClass.<init>(BaseClass.java:17)
at Po.LoginPo.<init>(LoginPo.java:10)
at library.BaseClass.<init>(BaseClass.java:17)
at Po.LoginPo.<init>(LoginPo.java:10)
at library.BaseClass.<init>(BaseClass.java:17)
at Po.LoginPo.<init>(LoginPo.java:10)
at library.BaseClass.<init>(BaseClass.java:17)
at Po.LoginPo.<init>(LoginPo.java:10)
at library.BaseClass.<init>(BaseClass.java:17)
at Po.LoginPo.<init>(LoginPo.java:10)
at library.BaseClass.<init>(BaseClass.java:17)
at Po.LoginPo.<init>(LoginPo.java:10)
at library.BaseClass.<init>(BaseClass.java:17)
at Po.LoginPo.<init>(LoginPo.java:10)
at library.BaseClass.<init>(BaseClass.java:17)
at Po.LoginPo.<init>(LoginPo.java:10)
at library.BaseClass.<init>(BaseClass.java:17)
at Po.LoginPo.<init>(LoginPo.java:10)
at library.BaseClass.<init>(BaseClass.java:17)
at Po.LoginPo.<init>(LoginPo.java:10)
at library.BaseClass.<init>(BaseClass.java:17)
at Po.LoginPo.<init>(LoginPo.java:10)
at library.BaseClass.<init>(BaseClass.java:17)
at Po.LoginPo.<init>(LoginPo.java:10)
at library.BaseClass.<init>(BaseClass.java:17)
at Po.LoginPo.<init>(LoginPo.java:10)
at library.BaseClass.<init>(BaseClass.java:17)
at Po.LoginPo.<init>(LoginPo.java:10)
at library.BaseClass.<init>(BaseClass.java:17)
at Po.LoginPo.<init>(LoginPo.java:10)
at library.BaseClass.<init>(BaseClass.java:17)
at Po.LoginPo.<init>(LoginPo.java:10)
at library.BaseClass.<init>(BaseClass.java:17)
at Po.LoginPo.<init>(LoginPo.java:10)
at library.BaseClass.<init>(BaseClass.java:17)
at Po.LoginPo.<init>(LoginPo.java:10)
at library.BaseClass.<init>(BaseClass.java:17)
at Po.LoginPo.<init>(LoginPo.java:10)
at library.BaseClass.<init>(BaseClass.java:17)
at Po.LoginPo.<init>(LoginPo.java:10)
at library.BaseClass.<init>(BaseClass.java:17)
at Po.LoginPo.<init>(LoginPo.java:10)
at library.BaseClass.<init>(BaseClass.java:17)
at Po.LoginPo.<init>(LoginPo.java:10)
at library.BaseClass.<init>(BaseClass.java:17)
at Po.LoginPo.<init>(LoginPo.java:10)
at library.BaseClass.<init>(BaseClass.java:17)
at Po.LoginPo.<init>(LoginPo.java:10)
at library.BaseClass.<init>(BaseClass.java:17)
at Po.LoginPo.<init>(LoginPo.java:10)
at library.BaseClass.<init>(BaseClass.java:17)
at Po.LoginPo.<init>(LoginPo.java:10)
at library.BaseClass.<init>(BaseClass.java:17)
at Po.LoginPo.<init>(LoginPo.java:10)
at library.BaseClass.<init>(BaseClass.java:17)
at Po.LoginPo.<init>(LoginPo.java:10)
at library.BaseClass.<init>(BaseClass.java:17)
at Po.LoginPo.<init>(LoginPo.java:10)
at library.BaseClass.<init>(BaseClass.java:17)
at Po.LoginPo.<init>(LoginPo.java:10)
at library.BaseClass.<init>(BaseClass.java:17)
at Po.LoginPo.<init>(LoginPo.java:10)
at library.BaseClass.<init>(BaseClass.java:17)
at Po.LoginPo.<init>(LoginPo.java:10)
at library.BaseClass.<init>(BaseClass.java:17)
at Po.LoginPo.<init>(LoginPo.java:10)
at library.BaseClass.<init>(BaseClass.java:17)
at Po.LoginPo.<init>(LoginPo.java:10)
at library.BaseClass.<init>(BaseClass.java:17)
at Po.LoginPo.<init>(LoginPo.java:10)
at library.BaseClass.<init>(BaseClass.java:17)
at Po.LoginPo.<init>(LoginPo.java:10)
at library.BaseClass.<init>(BaseClass.java:17)
at Po.LoginPo.<init>(LoginPo.java:10)
at library.BaseClass.<init>(BaseClass.java:17)
at Po.LoginPo.<init>(LoginPo.java:10)
at library.BaseClass.<init>(BaseClass.java:17)
at Po.LoginPo.<init>(LoginPo.java:10)
at library.BaseClass.<init>(BaseClass.java:17)
at Po.LoginPo.<init>(LoginPo.java:10)
at library.BaseClass.<init>(BaseClass.java:17)
at Po.LoginPo.<init>(LoginPo.java:10)
at library.BaseClass.<init>(BaseClass.java:17)
at Po.LoginPo.<init>(LoginPo.java:10)
at library.BaseClass.<init>(BaseClass.java:17)
at Po.LoginPo.<init>(LoginPo.java:10)
at library.BaseClass.<init>(BaseClass.java:17)
at Po.LoginPo.<init>(LoginPo.java:10)
at library.BaseClass.<init>(BaseClass.java:17)
at Po.LoginPo.<init>(LoginPo.java:10)
at library.BaseClass.<init>(BaseClass.java:17)
at Po.LoginPo.<init>(LoginPo.java:10)
at library.BaseClass.<init>(BaseClass.java:17)
at Po.LoginPo.<init>(LoginPo.java:10)
at library.BaseClass.<init>(BaseClass.java:17)
at Po.LoginPo.<init>(LoginPo.java:10)
at library.BaseClass.<init>(BaseClass.java:17)
at Po.LoginPo.<init>(LoginPo.java:10)
at library.BaseClass.<init>(BaseClass.java:17)
at Po.LoginPo.<init>(LoginPo.java:10)
at library.BaseClass.<init>(BaseClass.java:17)
at Po.LoginPo.<init>(LoginPo.java:10)
at library.BaseClass.<init>(BaseClass.java:17)
at Po.LoginPo.<init>(LoginPo.java:10)
at library.BaseClass.<init>(BaseClass.java:17)
at Po.LoginPo.<init>(LoginPo.java:10)
at library.BaseClass.<init>(BaseClass.java:17)
at Po.LoginPo.<init>(LoginPo.java:10)
at library.BaseClass.<init>(BaseClass.java:17)
at Po.LoginPo.<init>(LoginPo.java:10)
at library.BaseClass.<init>(BaseClass.java:17)
at Po.LoginPo.<init>(LoginPo.java:10)
at library.BaseClass.<init>(BaseClass.java:17)
at Po.LoginPo.<init>(LoginPo.java:10)
at library.BaseClass.<init>(BaseClass.java:17)
at Po.LoginPo.<init>(LoginPo.java:10)
at library.BaseClass.<init>(BaseClass.java:17)
at Po.LoginPo.<init>(LoginPo.java:10)
at library.BaseClass.<init>(BaseClass.java:17)
at Po.LoginPo.<init>(LoginPo.java:10)
at library.BaseClass.<init>(BaseClass.java:17)
at Po.LoginPo.<init>(LoginPo.java:10)
at library.BaseClass.<init>(BaseClass.java:17)
at Po.LoginPo.<init>(LoginPo.java:10)
at library.BaseClass.<init>(BaseClass.java:17)
at Po.LoginPo.<init>(LoginPo.java:10)
at library.BaseClass.<init>(BaseClass.java:17)
at Po.LoginPo.<init>(LoginPo.java:10)
at library.BaseClass.<init>(BaseClass.java:17)
at Po.LoginPo.<init>(LoginPo.java:10)
at library.BaseClass.<init>(BaseClass.java:17)
at Po.LoginPo.<init>(LoginPo.java:10)
at library.BaseClass.<init>(BaseClass.java:17)
at Po.LoginPo.<init>(LoginPo.java:10)
at library.BaseClass.<init>(BaseClass.java:17)
at Po.LoginPo.<init>(LoginPo.java:10)
at library.BaseClass.<init>(BaseClass.java:17)
at Po.LoginPo.<init>(LoginPo.java:10)
at library.BaseClass.<init>(BaseClass.java:17)
at Po.LoginPo.<init>(LoginPo.java:10)
at library.BaseClass.<init>(BaseClass.java:17)
at Po.LoginPo.<init>(LoginPo.java:10)
at library.BaseClass.<init>(BaseClass.java:17)
at Po.LoginPo.<init>(LoginPo.java:10)
at library.BaseClass.<init>(BaseClass.java:17)
at Po.LoginPo.<init>(LoginPo.java:10)
at library.BaseClass.<init>(BaseClass.java:17)
at Po.LoginPo.<init>(LoginPo.java:10)
at library.BaseClass.<init>(BaseClass.java:17)
at Po.LoginPo.<init>(LoginPo.java:10)
at library.BaseClass.<init>(BaseClass.java:17)
at Po.LoginPo.<init>(LoginPo.java:10)
at library.BaseClass.<init>(BaseClass.java:17)
at Po.LoginPo.<init>(LoginPo.java:10)
at library.BaseClass.<init>(BaseClass.java:17)
at Po.LoginPo.<init>(LoginPo.java:10)
at library.BaseClass.<init>(BaseClass.java:17)
at Po.LoginPo.<init>(LoginPo.java:10)
at library.BaseClass.<init>(BaseClass.java:17)
at Po.LoginPo.<init>(LoginPo.java:10)
at library.BaseClass.<init>(BaseClass.java:17)
at Po.LoginPo.<init>(LoginPo.java:10)
at library.BaseClass.<init>(BaseClass.java:17)
at Po.LoginPo.<init>(LoginPo.java:10)
at library.BaseClass.<init>(BaseClass.java:17)
at Po.LoginPo.<init>(LoginPo.java:10)
at library.BaseClass.<init>(BaseClass.java:17)
at Po.LoginPo.<init>(LoginPo.java:10)
at library.BaseClass.<init>(BaseClass.java:17)
at Po.LoginPo.<init>(LoginPo.java:10)
at library.BaseClass.<init>(BaseClass.java:17)
at Po.LoginPo.<init>(LoginPo.java:10)
at library.BaseClass.<init>(BaseClass.java:17)
at Po.LoginPo.<init>(LoginPo.java:10)
at library.BaseClass.<init>(BaseClass.java:17)
at Po.LoginPo.<init>(LoginPo.java:10)
at library.BaseClass.<init>(BaseClass.java:17)
at Po.LoginPo.<init>(LoginPo.java:10)
at library.BaseClass.<init>(BaseClass.java:17)
at Po.LoginPo.<init>(LoginPo.java:10)
at library.BaseClass.<init>(BaseClass.java:17)
at Po.LoginPo.<init>(LoginPo.java:10)
at library.BaseClass.<init>(BaseClass.java:17)
at Po.LoginPo.<init>(LoginPo.java:10)
at library.BaseClass.<init>(BaseClass.java:17)
at Po.LoginPo.<init>(LoginPo.java:10)
at library.BaseClass.<init>(BaseClass.java:17)
at Po.LoginPo.<init>(LoginPo.java:10)
at library.BaseClass.<init>(BaseClass.java:17)
at Po.LoginPo.<init>(LoginPo.java:10)
at library.BaseClass.<init>(BaseClass.java:17)
at Po.LoginPo.<init>(LoginPo.java:10)
at library.BaseClass.<init>(BaseClass.java:17)
at Po.LoginPo.<init>(LoginPo.java:10)
at library.BaseClass.<init>(BaseClass.java:17)
at Po.LoginPo.<init>(LoginPo.java:10)
at library.BaseClass.<init>(BaseClass.java:17)
at Po.LoginPo.<init>(LoginPo.java:10)
at library.BaseClass.<init>(BaseClass.java:17)
at Po.LoginPo.<init>(LoginPo.java:10)
at library.BaseClass.<init>(BaseClass.java:17)
at Po.LoginPo.<init>(LoginPo.java:10)
at library.BaseClass.<init>(BaseClass.java:17)
at Po.LoginPo.<init>(LoginPo.java:10)
at library.BaseClass.<init>(BaseClass.java:17)
at Po.LoginPo.<init>(LoginPo.java:10)
at library.BaseClass.<init>(BaseClass.java:17)
at Po.LoginPo.<init>(LoginPo.java:10)
at library.BaseClass.<init>(BaseClass.java:17)
at Po.LoginPo.<init>(LoginPo.java:10)
at library.BaseClass.<init>(BaseClass.java:17)
at Po.LoginPo.<init>(LoginPo.java:10)
at library.BaseClass.<init>(BaseClass.java:17)
at Po.LoginPo.<init>(LoginPo.java:10)
at library.BaseClass.<init>(BaseClass.java:17)
at Po.LoginPo.<init>(LoginPo.java:10)
at library.BaseClass.<init>(BaseClass.java:17)
at Po.LoginPo.<init>(LoginPo.java:10)
at library.BaseClass.<init>(BaseClass.java:17)
at Po.LoginPo.<init>(LoginPo.java:10)
at library.BaseClass.<init>(BaseClass.java:17)
at Po.LoginPo.<init>(LoginPo.java:10)
at library.BaseClass.<init>(BaseClass.java:17)
at Po.LoginPo.<init>(LoginPo.java:10)
at library.BaseClass.<init>(BaseClass.java:17)
at Po.LoginPo.<init>(LoginPo.java:10)
at library.BaseClass.<init>(BaseClass.java:17)
at Po.LoginPo.<init>(LoginPo.java:10)
at library.BaseClass.<init>(BaseClass.java:17)
at Po.LoginPo.<init>(LoginPo.java:10)
at library.BaseClass.<init>(BaseClass.java:17)
at Po.LoginPo.<init>(LoginPo.java:10)
at library.BaseClass.<init>(BaseClass.java:17)
at Po.LoginPo.<init>(LoginPo.java:10)
at library.BaseClass.<init>(BaseClass.java:17)
at Po.LoginPo.<init>(LoginPo.java:10)
at library.BaseClass.<init>(BaseClass.java:17)
at Po.LoginPo.<init>(LoginPo.java:10)
at library.BaseClass.<init>(BaseClass.java:17)
at Po.LoginPo.<init>(LoginPo.java:10)
at library.BaseClass.<init>(BaseClass.java:17)
at Po.LoginPo.<init>(LoginPo.java:10)
at library.BaseClass.<init>(BaseClass.java:17)
at Po.LoginPo.<init>(LoginPo.java:10)
at library.BaseClass.<init>(BaseClass.java:17)
at Po.LoginPo.<init>(LoginPo.java:10)
at library.BaseClass.<init>(BaseClass.java:17)
at Po.LoginPo.<init>(LoginPo.java:10)
at library.BaseClass.<init>(BaseClass.java:17)
at Po.LoginPo.<init>(LoginPo.java:10)
at library.BaseClass.<init>(BaseClass.java:17)
at Po.LoginPo.<init>(LoginPo.java:10)
at library.BaseClass.<init>(BaseClass.java:17)
at Po.LoginPo.<init>(LoginPo.java:10)
at library.BaseClass.<init>(BaseClass.java:17)
at Po.LoginPo.<init>(LoginPo.java:10)
at library.BaseClass.<init>(BaseClass.java:17)
at Po.LoginPo.<init>(LoginPo.java:10)
at library.BaseClass.<init>(BaseClass.java:17)
at Po.LoginPo.<init>(LoginPo.java:10)
at library.BaseClass.<init>(BaseClass.java:17)
at Po.LoginPo.<init>(LoginPo.java:10)
at library.BaseClass.<init>(BaseClass.java:17)
at Po.LoginPo.<init>(LoginPo.java:10)
at library.BaseClass.<init>(BaseClass.java:17)
at Po.LoginPo.<init>(LoginPo.java:10)
at library.BaseClass.<init>(BaseClass.java:17)
at Po.LoginPo.<init>(LoginPo.java:10)
at library.BaseClass.<init>(BaseClass.java:17)
at Po.LoginPo.<init>(LoginPo.java:10)
at library.BaseClass.<init>(BaseClass.java:17)
at Po.LoginPo.<init>(LoginPo.java:10)
at library.BaseClass.<init>(BaseClass.java:17)
at Po.LoginPo.<init>(LoginPo.java:10)
at library.BaseClass.<init>(BaseClass.java:17)
at Po.LoginPo.<init>(LoginPo.java:10)
at library.BaseClass.<init>(BaseClass.java:17)
at Po.LoginPo.<init>(LoginPo.java:10)
at library.BaseClass.<init>(BaseClass.java:17)
at Po.LoginPo.<init>(LoginPo.java:10)
at library.BaseClass.<init>(BaseClass.java:17)
at Po.LoginPo.<init>(LoginPo.java:10)
at library.BaseClass.<init>(BaseClass.java:17)
at Po.LoginPo.<init>(LoginPo.java:10)
at library.BaseClass.<init>(BaseClass.java:17)
at Po.LoginPo.<init>(LoginPo.java:10)
at library.BaseClass.<init>(BaseClass.java:17)
at Po.LoginPo.<init>(LoginPo.java:10)
at library.BaseClass.<init>(BaseClass.java:17)
at Po.LoginPo.<init>(LoginPo.java:10)
at library.BaseClass.<init>(BaseClass.java:17)
at Po.LoginPo.<init>(LoginPo.java:10)
at library.BaseClass.<init>(BaseClass.java:17)
at Po.LoginPo.<init>(LoginPo.java:10)
at library.BaseClass.<init>(BaseClass.java:17)
at Po.LoginPo.<init>(LoginPo.java:10)
at library.BaseClass.<init>(BaseClass.java:17)
at Po.LoginPo.<init>(LoginPo.java:10)
at library.BaseClass.<init>(BaseClass.java:17)
at Po.LoginPo.<init>(LoginPo.java:10)
at library.BaseClass.<init>(BaseClass.java:17)
at Po.LoginPo.<init>(LoginPo.java:10)
at library.BaseClass.<init>(BaseClass.java:17)
at Po.LoginPo.<init>(LoginPo.java:10)
at library.BaseClass.<init>(BaseClass.java:17)
at Po.LoginPo.<init>(LoginPo.java:10)
at library.BaseClass.<init>(BaseClass.java:17)
at Po.LoginPo.<init>(LoginPo.java:10)
at library.BaseClass.<init>(BaseClass.java:17)
at Po.LoginPo.<init>(LoginPo.java:10)
at library.BaseClass.<init>(BaseClass.java:17)
at Po.LoginPo.<init>(LoginPo.java:10)
at library.BaseClass.<init>(BaseClass.java:17)
at Po.LoginPo.<init>(LoginPo.java:10)
at library.BaseClass.<init>(BaseClass.java:17)
at Po.LoginPo.<init>(LoginPo.java:10)
at library.BaseClass.<init>(BaseClass.java:17)
at Po.LoginPo.<init>(LoginPo.java:10)
at library.BaseClass.<init>(BaseClass.java:17)
at Po.LoginPo.<init>(LoginPo.java:10)
at library.BaseClass.<init>(BaseClass.java:17)
at Po.LoginPo.<init>(LoginPo.java:10)
at library.BaseClass.<init>(BaseClass.java:17)
at Po.LoginPo.<init>(LoginPo.java:10)
at library.BaseClass.<init>(BaseClass.java:17)
at Po.LoginPo.<init>(LoginPo.java:10)
at library.BaseClass.<init>(BaseClass.java:17)
at Po.LoginPo.<init>(LoginPo.java:10)
at library.BaseClass.<init>(BaseClass.java:17)
at Po.LoginPo.<init>(LoginPo.java:10)
at library.BaseClass.<init>(BaseClass.java:17)
at Po.LoginPo.<init>(LoginPo.java:10)
at library.BaseClass.<init>(BaseClass.java:17)
at Po.LoginPo.<init>(LoginPo.java:10)
at library.BaseClass.<init>(BaseClass.java:17)
at Po.LoginPo.<init>(LoginPo.java:10)
at library.BaseClass.<init>(BaseClass.java:17)
at Po.LoginPo.<init>(LoginPo.java:10)
at library.BaseClass.<init>(BaseClass.java:17)
at Po.LoginPo.<init>(LoginPo.java:10)
at library.BaseClass.<init>(BaseClass.java:17)
at Po.LoginPo.<init>(LoginPo.java:10)
at library.BaseClass.<init>(BaseClass.java:17)
at Po.LoginPo.<init>(LoginPo.java:10)
at library.BaseClass.<init>(BaseClass.java:17)
at Po.LoginPo.<init>(LoginPo.java:10)
at library.BaseClass.<init>(BaseClass.java:17)
at Po.LoginPo.<init>(LoginPo.java:10)
at library.BaseClass.<init>(BaseClass.java:17)
at Po.LoginPo.<init>(LoginPo.java:10)
at library.BaseClass.<init>(BaseClass.java:17)
at Po.LoginPo.<init>(LoginPo.java:10)
at library.BaseClass.<init>(BaseClass.java:17)
at Po.LoginPo.<init>(LoginPo.java:10)
at library.BaseClass.<init>(BaseClass.java:17)
at Po.LoginPo.<init>(LoginPo.java:10)
at library.BaseClass.<init>(BaseClass.java:17)
at Po.LoginPo.<init>(LoginPo.java:10)
at library.BaseClass.<init>(BaseClass.java:17)
at Po.LoginPo.<init>(LoginPo.java:10)
at library.BaseClass.<init>(BaseClass.java:17)
at Po.LoginPo.<init>(LoginPo.java:10)
at library.BaseClass.<init>(BaseClass.java:17)
at Po.LoginPo.<init>(LoginPo.java:10)
at library.BaseClass.<init>(BaseClass.java:17)
]]>
    </failure>
  </testcase> <!-- Login -->
</testsuite> <!-- Test -->
