<?xml version="1.0" encoding="UTF-8"?>
<testsuite name="TestSuite" time="0.033" tests="3" errors="0" skipped="0" failures="3">
  <properties>
[...]
</properties>
  <testcase name="Registration" classname="script.Test2" time="0.024">
    <failure type="java.lang.StackOverflowError:"><![CDATA[java.lang.StackOverflowError: null
	at Po.LoginPo.<init>(LoginPo.java:10)
	at library.BaseClass.<init>(BaseClass.java:17)
	at Po.LoginPo.<init>(LoginPo.java:10)
	at library.BaseClass.<init>(BaseClass.java:17)
	at Po.LoginPo.<init>(LoginPo.java:10)
	at library.BaseClass.<init>(BaseClass.java:17)
	at Po.LoginPo.<init>(LoginPo.java:10)
	at library.BaseClass.<init>(BaseClass.java:17)
	at Po.LoginPo.<init>(LoginPo.java:10)
	at library.BaseClass.<init>(BaseClass.java:17)
	at Po.LoginPo.<init>(LoginPo.java:10)
	at library.BaseClass.<init>(BaseClass.java:17)
	at Po.LoginPo.<init>(LoginPo.java:10)
	at library.BaseClass.<init>(BaseClass.java:17)
	at Po.LoginPo.<init>(LoginPo.java:10)
	at library.BaseClass.<init>(BaseClass.java:17)
	at Po.LoginPo.<init>(LoginPo.java:10)
	at library.BaseClass.<init>(BaseClass.java:17)
	at Po.LoginPo.<init>(LoginPo.java:10)
	at library.BaseClass.<init>(BaseClass.java:17)
	at Po.LoginPo.<init>(LoginPo.java:10)
	at library.BaseClass.<init>(BaseClass.java:17)
	at Po.LoginPo.<init>(LoginPo.java:10)
	at library.BaseClass.<init>(BaseClass.java:17)
	at Po.LoginPo.<init>(LoginPo.java:10)
	at library.BaseClass.<init>(BaseClass.java:17)
	at Po.LoginPo.<init>(LoginPo.java:10)
	at library.BaseClass.<init>(BaseClass.java:17)
	at Po.LoginPo.<init>(LoginPo.java:10)
	at library.BaseClass.<init>(BaseClass.java:17)
	at Po.LoginPo.<init>(LoginPo.java:10)
	at library.BaseClass.<init>(BaseClass.java:17)
	at Po.LoginPo.<init>(LoginPo.java:10)
	at library.BaseClass.<init>(BaseClass.java:17)
	at Po.LoginPo.<init>(LoginPo.java:10)
	at library.BaseClass.<init>(BaseClass.java:17)
	at Po.LoginPo.<init>(LoginPo.java:10)
	at library.BaseClass.<init>(BaseClass.java:17)
	at Po.LoginPo.<init>(LoginPo.java:10)
	at library.BaseClass.<init>(BaseClass.java:17)
	at Po.LoginPo.<init>(LoginPo.java:10)
	at library.BaseClass.<init>(BaseClass.java:17)
	at Po.LoginPo.<init>(LoginPo.java:10)
	at library.BaseClass.<init>(BaseClass.java:17)
	at Po.LoginPo.<init>(LoginPo.java:10)
	at library.BaseClass.<init>(BaseClass.java:17)
	at Po.LoginPo.<init>(LoginPo.java:10)
	at library.BaseClass.<init>(BaseClass.java:17)
	at Po.LoginPo.<init>(LoginPo.java:10)
	at library.BaseClass.<init>(BaseClass.java:17)
	at Po.LoginPo.<init>(LoginPo.java:10)
	at library.BaseClass.<init>(BaseClass.java:17)
	at Po.LoginPo.<init>(LoginPo.java:10)
	at library.BaseClass.<init>(BaseClass.java:17)
	at Po.LoginPo.<init>(LoginPo.java:10)
	at library.BaseClass.<init>(BaseClass.java:17)
	at Po.LoginPo.<init>(LoginPo.java:10)
	at library.BaseClass.<init>(BaseClass.java:17)
	at Po.LoginPo.<init>(LoginPo.java:10)
	at library.BaseClass.<init>(BaseClass.java:17)
	at Po.LoginPo.<init>(LoginPo.java:10)
	at library.BaseClass.<init>(BaseClass.java:17)
	at Po.LoginPo.<init>(LoginPo.java:10)
	at library.BaseClass.<init>(BaseClass.java:17)
	at Po.LoginPo.<init>(LoginPo.java:10)
	at library.BaseClass.<init>(BaseClass.java:17)
	at Po.LoginPo.<init>(LoginPo.java:10)
	at library.BaseClass.<init>(BaseClass.java:17)
	at Po.LoginPo.<init>(LoginPo.java:10)
	at library.BaseClass.<init>(BaseClass.java:17)
	at Po.LoginPo.<init>(LoginPo.java:10)
	at library.BaseClass.<init>(BaseClass.java:17)
	at Po.LoginPo.<init>(LoginPo.java:10)
	at library.BaseClass.<init>(BaseClass.java:17)
	at Po.LoginPo.<init>(LoginPo.java:10)
	at library.BaseClass.<init>(BaseClass.java:17)
	at Po.LoginPo.<init>(LoginPo.java:10)
	at library.BaseClass.<init>(BaseClass.java:17)
	at Po.LoginPo.<init>(LoginPo.java:10)
	at library.BaseClass.<init>(BaseClass.java:17)
	at Po.LoginPo.<init>(LoginPo.java:10)
	at library.BaseClass.<init>(BaseClass.java:17)
	at Po.LoginPo.<init>(LoginPo.java:10)
	at library.BaseClass.<init>(BaseClass.java:17)
	at Po.LoginPo.<init>(LoginPo.java:10)
	at library.BaseClass.<init>(BaseClass.java:17)
	at Po.LoginPo.<init>(LoginPo.java:10)
	at library.BaseClass.<init>(BaseClass.java:17)
	at Po.LoginPo.<init>(LoginPo.java:10)
	at library.BaseClass.<init>(BaseClass.java:17)
	at Po.LoginPo.<init>(LoginPo.java:10)
	at library.BaseClass.<init>(BaseClass.java:17)
	at Po.LoginPo.<init>(LoginPo.java:10)
	at library.BaseClass.<init>(BaseClass.java:17)
	at Po.LoginPo.<init>(LoginPo.java:10)
	at library.BaseClass.<init>(BaseClass.java:17)
	at Po.LoginPo.<init>(LoginPo.java:10)
	at library.BaseClass.<init>(BaseClass.java:17)
	at Po.LoginPo.<init>(LoginPo.java:10)
	at library.BaseClass.<init>(BaseClass.java:17)
	at Po.LoginPo.<init>(LoginPo.java:10)
	at library.BaseClass.<init>(BaseClass.java:17)
	at Po.LoginPo.<init>(LoginPo.java:10)
	at library.BaseClass.<init>(BaseClass.java:17)
	at Po.LoginPo.<init>(LoginPo.java:10)
	at library.BaseClass.<init>(BaseClass.java:17)
	at Po.LoginPo.<init>(LoginPo.java:10)
	at library.BaseClass.<init>(BaseClass.java:17)
	at Po.LoginPo.<init>(LoginPo.java:10)
	at library.BaseClass.<init>(BaseClass.java:17)
	at Po.LoginPo.<init>(LoginPo.java:10)
	at library.BaseClass.<init>(BaseClass.java:17)
	at Po.LoginPo.<init>(LoginPo.java:10)
	at library.BaseClass.<init>(BaseClass.java:17)
	at Po.LoginPo.<init>(LoginPo.java:10)
	at library.BaseClass.<init>(BaseClass.java:17)
	at Po.LoginPo.<init>(LoginPo.java:10)
	at library.BaseClass.<init>(BaseClass.java:17)
	at Po.LoginPo.<init>(LoginPo.java:10)
	at library.BaseClass.<init>(BaseClass.java:17)
	at Po.LoginPo.<init>(LoginPo.java:10)
	at library.BaseClass.<init>(BaseClass.java:17)
	at Po.LoginPo.<init>(LoginPo.java:10)
	at library.BaseClass.<init>(BaseClass.java:17)
	at Po.LoginPo.<init>(LoginPo.java:10)
	at library.BaseClass.<init>(BaseClass.java:17)
	at Po.LoginPo.<init>(LoginPo.java:10)
	at library.BaseClass.<init>(BaseClass.java:17)
	at Po.LoginPo.<init>(LoginPo.java:10)
	at library.BaseClass.<init>(BaseClass.java:17)
	at Po.LoginPo.<init>(LoginPo.java:10)
	at library.BaseClass.<init>(BaseClass.java:17)
	at Po.LoginPo.<init>(LoginPo.java:10)
	at library.BaseClass.<init>(BaseClass.java:17)
	at Po.LoginPo.<init>(LoginPo.java:10)
	at library.BaseClass.<init>(BaseClass.java:17)
	at Po.LoginPo.<init>(LoginPo.java:10)
	at library.BaseClass.<init>(BaseClass.java:17)
	at Po.LoginPo.<init>(LoginPo.java:10)
	at library.BaseClass.<init>(BaseClass.java:17)
	at Po.LoginPo.<init>(LoginPo.java:10)
	at library.BaseClass.<init>(BaseClass.java:17)
	at Po.LoginPo.<init>(LoginPo.java:10)
	at library.BaseClass.<init>(BaseClass.java:17)
	at Po.LoginPo.<init>(LoginPo.java:10)
	at library.BaseClass.<init>(BaseClass.java:17)
	at Po.LoginPo.<init>(LoginPo.java:10)
	at library.BaseClass.<init>(BaseClass.java:17)
	at Po.LoginPo.<init>(LoginPo.java:10)
	at library.BaseClass.<init>(BaseClass.java:17)
	at Po.LoginPo.<init>(LoginPo.java:10)
	at library.BaseClass.<init>(BaseClass.java:17)
	at Po.LoginPo.<init>(LoginPo.java:10)
	at library.BaseClass.<init>(BaseClass.java:17)
	at Po.LoginPo.<init>(LoginPo.java:10)
	at library.BaseClass.<init>(BaseClass.java:17)
	at Po.LoginPo.<init>(LoginPo.java:10)
	at library.BaseClass.<init>(BaseClass.java:17)
	at Po.LoginPo.<init>(LoginPo.java:10)
	at library.BaseClass.<init>(BaseClass.java:17)
	at Po.LoginPo.<init>(LoginPo.java:10)
	at library.BaseClass.<init>(BaseClass.java:17)
	at Po.LoginPo.<init>(LoginPo.java:10)
	at library.BaseClass.<init>(BaseClass.java:17)
	at Po.LoginPo.<init>(LoginPo.java:10)
	at library.BaseClass.<init>(BaseClass.java:17)
	at Po.LoginPo.<init>(LoginPo.java:10)
	at library.BaseClass.<init>(BaseClass.java:17)
	at Po.LoginPo.<init>(LoginPo.java:10)
	at library.BaseClass.<init>(BaseClass.java:17)
	at Po.LoginPo.<init>(LoginPo.java:10)
	at library.BaseClass.<init>(BaseClass.java:17)
	at Po.LoginPo.<init>(LoginPo.java:10)
	at library.BaseClass.<init>(BaseClass.java:17)
	at Po.LoginPo.<init>(LoginPo.java:10)
	at library.BaseClass.<init>(BaseClass.java:17)
	at Po.LoginPo.<init>(LoginPo.java:10)
	at library.BaseClass.<init>(BaseClass.java:17)
	at Po.LoginPo.<init>(LoginPo.java:10)
	at library.BaseClass.<init>(BaseClass.java:17)
	at Po.LoginPo.<init>(LoginPo.java:10)
	at library.BaseClass.<init>(BaseClass.java:17)
	at Po.LoginPo.<init>(LoginPo.java:10)
	at library.BaseClass.<init>(BaseClass.java:17)
	at Po.LoginPo.<init>(LoginPo.java:10)
	at library.BaseClass.<init>(BaseClass.java:17)
	at Po.LoginPo.<init>(LoginPo.java:10)
	at library.BaseClass.<init>(BaseClass.java:17)
	at Po.LoginPo.<init>(LoginPo.java:10)
	at library.BaseClass.<init>(BaseClass.java:17)
	at Po.LoginPo.<init>(LoginPo.java:10)
	at library.BaseClass.<init>(BaseClass.java:17)
	at Po.LoginPo.<init>(LoginPo.java:10)
	at library.BaseClass.<init>(BaseClass.java:17)
	at Po.LoginPo.<init>(LoginPo.java:10)
	at library.BaseClass.<init>(BaseClass.java:17)
	at Po.LoginPo.<init>(LoginPo.java:10)
	at library.BaseClass.<init>(BaseClass.java:17)
	at Po.LoginPo.<init>(LoginPo.java:10)
	at library.BaseClass.<init>(BaseClass.java:17)
	at Po.LoginPo.<init>(LoginPo.java:10)
	at library.BaseClass.<init>(BaseClass.java:17)
	at Po.LoginPo.<init>(LoginPo.java:10)
	at library.BaseClass.<init>(BaseClass.java:17)
	at Po.LoginPo.<init>(LoginPo.java:10)
	at library.BaseClass.<init>(BaseClass.java:17)
	at Po.LoginPo.<init>(LoginPo.java:10)
	at library.BaseClass.<init>(BaseClass.java:17)
	at Po.LoginPo.<init>(LoginPo.java:10)
	at library.BaseClass.<init>(BaseClass.java:17)
	at Po.LoginPo.<init>(LoginPo.java:10)
	at library.BaseClass.<init>(BaseClass.java:17)
	at Po.LoginPo.<init>(LoginPo.java:10)
	at library.BaseClass.<init>(BaseClass.java:17)
	at Po.LoginPo.<init>(LoginPo.java:10)
	at library.BaseClass.<init>(BaseClass.java:17)
	at Po.LoginPo.<init>(LoginPo.java:10)
	at library.BaseClass.<init>(BaseClass.java:17)
	at Po.LoginPo.<init>(LoginPo.java:10)
	at library.BaseClass.<init>(BaseClass.java:17)
	at Po.LoginPo.<init>(LoginPo.java:10)
	at library.BaseClass.<init>(BaseClass.java:17)
	at Po.LoginPo.<init>(LoginPo.java:10)
	at library.BaseClass.<init>(BaseClass.java:17)
	at Po.LoginPo.<init>(LoginPo.java:10)
	at library.BaseClass.<init>(BaseClass.java:17)
	at Po.LoginPo.<init>(LoginPo.java:10)
	at library.BaseClass.<init>(BaseClass.java:17)
	at Po.LoginPo.<init>(LoginPo.java:10)
	at library.BaseClass.<init>(BaseClass.java:17)
	at Po.LoginPo.<init>(LoginPo.java:10)
	at library.BaseClass.<init>(BaseClass.java:17)
	at Po.LoginPo.<init>(LoginPo.java:10)
	at library.BaseClass.<init>(BaseClass.java:17)
	at Po.LoginPo.<init>(LoginPo.java:10)
	at library.BaseClass.<init>(BaseClass.java:17)
	at Po.LoginPo.<init>(LoginPo.java:10)
	at library.BaseClass.<init>(BaseClass.java:17)
	at Po.LoginPo.<init>(LoginPo.java:10)
	at library.BaseClass.<init>(BaseClass.java:17)
	at Po.LoginPo.<init>(LoginPo.java:10)
	at library.BaseClass.<init>(BaseClass.java:17)
	at Po.LoginPo.<init>(LoginPo.java:10)
	at library.BaseClass.<init>(BaseClass.java:17)
	at Po.LoginPo.<init>(LoginPo.java:10)
	at library.BaseClass.<init>(BaseClass.java:17)
	at Po.LoginPo.<init>(LoginPo.java:10)
	at library.BaseClass.<init>(BaseClass.java:17)
	at Po.LoginPo.<init>(LoginPo.java:10)
	at library.BaseClass.<init>(BaseClass.java:17)
	at Po.LoginPo.<init>(LoginPo.java:10)
	at library.BaseClass.<init>(BaseClass.java:17)
	at Po.LoginPo.<init>(LoginPo.java:10)
	at library.BaseClass.<init>(BaseClass.java:17)
	at Po.LoginPo.<init>(LoginPo.java:10)
	at library.BaseClass.<init>(BaseClass.java:17)
	at Po.LoginPo.<init>(LoginPo.java:10)
	at library.BaseClass.<init>(BaseClass.java:17)
	at Po.LoginPo.<init>(LoginPo.java:10)
	at library.BaseClass.<init>(BaseClass.java:17)
	at Po.LoginPo.<init>(LoginPo.java:10)
	at library.BaseClass.<init>(BaseClass.java:17)
	at Po.LoginPo.<init>(LoginPo.java:10)
	at library.BaseClass.<init>(BaseClass.java:17)
	at Po.LoginPo.<init>(LoginPo.java:10)
	at library.BaseClass.<init>(BaseClass.java:17)
	at Po.LoginPo.<init>(LoginPo.java:10)
	at library.BaseClass.<init>(BaseClass.java:17)
	at Po.LoginPo.<init>(LoginPo.java:10)
	at library.BaseClass.<init>(BaseClass.java:17)
	at Po.LoginPo.<init>(LoginPo.java:10)
	at library.BaseClass.<init>(BaseClass.java:17)
	at Po.LoginPo.<init>(LoginPo.java:10)
	at library.BaseClass.<init>(BaseClass.java:17)
	at Po.LoginPo.<init>(LoginPo.java:10)
	at library.BaseClass.<init>(BaseClass.java:17)
	at Po.LoginPo.<init>(LoginPo.java:10)
	at library.BaseClass.<init>(BaseClass.java:17)
	at Po.LoginPo.<init>(LoginPo.java:10)
	at library.BaseClass.<init>(BaseClass.java:17)
	at Po.LoginPo.<init>(LoginPo.java:10)
	at library.BaseClass.<init>(BaseClass.java:17)
	at Po.LoginPo.<init>(LoginPo.java:10)
	at library.BaseClass.<init>(BaseClass.java:17)
	at Po.LoginPo.<init>(LoginPo.java:10)
	at library.BaseClass.<init>(BaseClass.java:17)
	at Po.LoginPo.<init>(LoginPo.java:10)
	at library.BaseClass.<init>(BaseClass.java:17)
	at Po.LoginPo.<init>(LoginPo.java:10)
	at library.BaseClass.<init>(BaseClass.java:17)
	at Po.LoginPo.<init>(LoginPo.java:10)
	at library.BaseClass.<init>(BaseClass.java:17)
	at Po.LoginPo.<init>(LoginPo.java:10)
	at library.BaseClass.<init>(BaseClass.java:17)
	at Po.LoginPo.<init>(LoginPo.java:10)
	at library.BaseClass.<init>(BaseClass.java:17)
	at Po.LoginPo.<init>(LoginPo.java:10)
	at library.BaseClass.<init>(BaseClass.java:17)
	at Po.LoginPo.<init>(LoginPo.java:10)
	at library.BaseClass.<init>(BaseClass.java:17)
	at Po.LoginPo.<init>(LoginPo.java:10)
	at library.BaseClass.<init>(BaseClass.java:17)
	at Po.LoginPo.<init>(LoginPo.java:10)
	at library.BaseClass.<init>(BaseClass.java:17)
	at Po.LoginPo.<init>(LoginPo.java:10)
	at library.BaseClass.<init>(BaseClass.java:17)
	at Po.LoginPo.<init>(LoginPo.java:10)
	at library.BaseClass.<init>(BaseClass.java:17)
	at Po.LoginPo.<init>(LoginPo.java:10)
	at library.BaseClass.<init>(BaseClass.java:17)
	at Po.LoginPo.<init>(LoginPo.java:10)
	at library.BaseClass.<init>(BaseClass.java:17)
	at Po.LoginPo.<init>(LoginPo.java:10)
	at library.BaseClass.<init>(BaseClass.java:17)
	at Po.LoginPo.<init>(LoginPo.java:10)
	at library.BaseClass.<init>(BaseClass.java:17)
	at Po.LoginPo.<init>(LoginPo.java:10)
	at library.BaseClass.<init>(BaseClass.java:17)
	at Po.LoginPo.<init>(LoginPo.java:10)
	at library.BaseClass.<init>(BaseClass.java:17)
	at Po.LoginPo.<init>(LoginPo.java:10)
	at library.BaseClass.<init>(BaseClass.java:17)
	at Po.LoginPo.<init>(LoginPo.java:10)
	at library.BaseClass.<init>(BaseClass.java:17)
	at Po.LoginPo.<init>(LoginPo.java:10)
	at library.BaseClass.<init>(BaseClass.java:17)
	at Po.LoginPo.<init>(LoginPo.java:10)
	at library.BaseClass.<init>(BaseClass.java:17)
	at Po.LoginPo.<init>(LoginPo.java:10)
	at library.BaseClass.<init>(BaseClass.java:17)
	at Po.LoginPo.<init>(LoginPo.java:10)
	at library.BaseClass.<init>(BaseClass.java:17)
	at Po.LoginPo.<init>(LoginPo.java:10)
	at library.BaseClass.<init>(BaseClass.java:17)
	at Po.LoginPo.<init>(LoginPo.java:10)
	at library.BaseClass.<init>(BaseClass.java:17)
	at Po.LoginPo.<init>(LoginPo.java:10)
	at library.BaseClass.<init>(BaseClass.java:17)
	at Po.LoginPo.<init>(LoginPo.java:10)
	at library.BaseClass.<init>(BaseClass.java:17)
	at Po.LoginPo.<init>(LoginPo.java:10)
	at library.BaseClass.<init>(BaseClass.java:17)
	at Po.LoginPo.<init>(LoginPo.java:10)
	at library.BaseClass.<init>(BaseClass.java:17)
	at Po.LoginPo.<init>(LoginPo.java:10)
	at library.BaseClass.<init>(BaseClass.java:17)
	at Po.LoginPo.<init>(LoginPo.java:10)
	at library.BaseClass.<init>(BaseClass.java:17)
	at Po.LoginPo.<init>(LoginPo.java:10)
	at library.BaseClass.<init>(BaseClass.java:17)
	at Po.LoginPo.<init>(LoginPo.java:10)
	at library.BaseClass.<init>(BaseClass.java:17)
	at Po.LoginPo.<init>(LoginPo.java:10)
	at library.BaseClass.<init>(BaseClass.java:17)
	at Po.LoginPo.<init>(LoginPo.java:10)
	at library.BaseClass.<init>(BaseClass.java:17)
	at Po.LoginPo.<init>(LoginPo.java:10)
	at library.BaseClass.<init>(BaseClass.java:17)
	at Po.LoginPo.<init>(LoginPo.java:10)
	at library.BaseClass.<init>(BaseClass.java:17)
	at Po.LoginPo.<init>(LoginPo.java:10)
	at library.BaseClass.<init>(BaseClass.java:17)
	at Po.LoginPo.<init>(LoginPo.java:10)
	at library.BaseClass.<init>(BaseClass.java:17)
	at Po.LoginPo.<init>(LoginPo.java:10)
	at library.BaseClass.<init>(BaseClass.java:17)
	at Po.LoginPo.<init>(LoginPo.java:10)
	at library.BaseClass.<init>(BaseClass.java:17)
	at Po.LoginPo.<init>(LoginPo.java:10)
	at library.BaseClass.<init>(BaseClass.java:17)
	at Po.LoginPo.<init>(LoginPo.java:10)
	at library.BaseClass.<init>(BaseClass.java:17)
	at Po.LoginPo.<init>(LoginPo.java:10)
	at library.BaseClass.<init>(BaseClass.java:17)
	at Po.LoginPo.<init>(LoginPo.java:10)
	at library.BaseClass.<init>(BaseClass.java:17)
	at Po.LoginPo.<init>(LoginPo.java:10)
	at library.BaseClass.<init>(BaseClass.java:17)
	at Po.LoginPo.<init>(LoginPo.java:10)
	at library.BaseClass.<init>(BaseClass.java:17)
	at Po.LoginPo.<init>(LoginPo.java:10)
	at library.BaseClass.<init>(BaseClass.java:17)
	at Po.LoginPo.<init>(LoginPo.java:10)
	at library.BaseClass.<init>(BaseClass.java:17)
	at Po.LoginPo.<init>(LoginPo.java:10)
	at library.BaseClass.<init>(BaseClass.java:17)
	at Po.LoginPo.<init>(LoginPo.java:10)
	at library.BaseClass.<init>(BaseClass.java:17)
	at Po.LoginPo.<init>(LoginPo.java:10)
	at library.BaseClass.<init>(BaseClass.java:17)
	at Po.LoginPo.<init>(LoginPo.java:10)
	at library.BaseClass.<init>(BaseClass.java:17)
	at Po.LoginPo.<init>(LoginPo.java:10)
	at library.BaseClass.<init>(BaseClass.java:17)
	at Po.LoginPo.<init>(LoginPo.java:10)
	at library.BaseClass.<init>(BaseClass.java:17)
	at Po.LoginPo.<init>(LoginPo.java:10)
	at library.BaseClass.<init>(BaseClass.java:17)
	at Po.LoginPo.<init>(LoginPo.java:10)
	at library.BaseClass.<init>(BaseClass.java:17)
	at Po.LoginPo.<init>(LoginPo.java:10)
	at library.BaseClass.<init>(BaseClass.java:17)
	at Po.LoginPo.<init>(LoginPo.java:10)
	at library.BaseClass.<init>(BaseClass.java:17)
	at Po.LoginPo.<init>(LoginPo.java:10)
	at library.BaseClass.<init>(BaseClass.java:17)
	at Po.LoginPo.<init>(LoginPo.java:10)
	at library.BaseClass.<init>(BaseClass.java:17)
	at Po.LoginPo.<init>(LoginPo.java:10)
	at library.BaseClass.<init>(BaseClass.java:17)
	at Po.LoginPo.<init>(LoginPo.java:10)
	at library.BaseClass.<init>(BaseClass.java:17)
	at Po.LoginPo.<init>(LoginPo.java:10)
	at library.BaseClass.<init>(BaseClass.java:17)
	at Po.LoginPo.<init>(LoginPo.java:10)
	at library.BaseClass.<init>(BaseClass.java:17)
	at Po.LoginPo.<init>(LoginPo.java:10)
	at library.BaseClass.<init>(BaseClass.java:17)
	at Po.LoginPo.<init>(LoginPo.java:10)
	at library.BaseClass.<init>(BaseClass.java:17)
	at Po.LoginPo.<init>(LoginPo.java:10)
	at library.BaseClass.<init>(BaseClass.java:17)
	at Po.LoginPo.<init>(LoginPo.java:10)
	at library.BaseClass.<init>(BaseClass.java:17)
	at Po.LoginPo.<init>(LoginPo.java:10)
	at library.BaseClass.<init>(BaseClass.java:17)
	at Po.LoginPo.<init>(LoginPo.java:10)
	at library.BaseClass.<init>(BaseClass.java:17)
	at Po.LoginPo.<init>(LoginPo.java:10)
	at library.BaseClass.<init>(BaseClass.java:17)
	at Po.LoginPo.<init>(LoginPo.java:10)
	at library.BaseClass.<init>(BaseClass.java:17)
	at Po.LoginPo.<init>(LoginPo.java:10)
	at library.BaseClass.<init>(BaseClass.java:17)
	at Po.LoginPo.<init>(LoginPo.java:10)
	at library.BaseClass.<init>(BaseClass.java:17)
	at Po.LoginPo.<init>(LoginPo.java:10)
	at library.BaseClass.<init>(BaseClass.java:17)
	at Po.LoginPo.<init>(LoginPo.java:10)
	at library.BaseClass.<init>(BaseClass.java:17)
	at Po.LoginPo.<init>(LoginPo.java:10)
	at library.BaseClass.<init>(BaseClass.java:17)
	at Po.LoginPo.<init>(LoginPo.java:10)
	at library.BaseClass.<init>(BaseClass.java:17)
	at Po.LoginPo.<init>(LoginPo.java:10)
	at library.BaseClass.<init>(BaseClass.java:17)
	at Po.LoginPo.<init>(LoginPo.java:10)
	at library.BaseClass.<init>(BaseClass.java:17)
	at Po.LoginPo.<init>(LoginPo.java:10)
	at library.BaseClass.<init>(BaseClass.java:17)
	at Po.LoginPo.<init>(LoginPo.java:10)
	at library.BaseClass.<init>(BaseClass.java:17)
	at Po.LoginPo.<init>(LoginPo.java:10)
	at library.BaseClass.<init>(BaseClass.java:17)
	at Po.LoginPo.<init>(LoginPo.java:10)
	at library.BaseClass.<init>(BaseClass.java:17)
	at Po.LoginPo.<init>(LoginPo.java:10)
	at library.BaseClass.<init>(BaseClass.java:17)
	at Po.LoginPo.<init>(LoginPo.java:10)
	at library.BaseClass.<init>(BaseClass.java:17)
	at Po.LoginPo.<init>(LoginPo.java:10)
	at library.BaseClass.<init>(BaseClass.java:17)
	at Po.LoginPo.<init>(LoginPo.java:10)
	at library.BaseClass.<init>(BaseClass.java:17)
	at Po.LoginPo.<init>(LoginPo.java:10)
	at library.BaseClass.<init>(BaseClass.java:17)
	at Po.LoginPo.<init>(LoginPo.java:10)
	at library.BaseClass.<init>(BaseClass.java:17)
	at Po.LoginPo.<init>(LoginPo.java:10)
	at library.BaseClass.<init>(BaseClass.java:17)
	at Po.LoginPo.<init>(LoginPo.java:10)
	at library.BaseClass.<init>(BaseClass.java:17)
	at Po.LoginPo.<init>(LoginPo.java:10)
	at library.BaseClass.<init>(BaseClass.java:17)
	at Po.LoginPo.<init>(LoginPo.java:10)
	at library.BaseClass.<init>(BaseClass.java:17)
	at Po.LoginPo.<init>(LoginPo.java:10)
	at library.BaseClass.<init>(BaseClass.java:17)
	at Po.LoginPo.<init>(LoginPo.java:10)
	at library.BaseClass.<init>(BaseClass.java:17)
	at Po.LoginPo.<init>(LoginPo.java:10)
	at library.BaseClass.<init>(BaseClass.java:17)
	at Po.LoginPo.<init>(LoginPo.java:10)
	at library.BaseClass.<init>(BaseClass.java:17)
	at Po.LoginPo.<init>(LoginPo.java:10)
	at library.BaseClass.<init>(BaseClass.java:17)
	at Po.LoginPo.<init>(LoginPo.java:10)
	at library.BaseClass.<init>(BaseClass.java:17)
	at Po.LoginPo.<init>(LoginPo.java:10)
	at library.BaseClass.<init>(BaseClass.java:17)
	at Po.LoginPo.<init>(LoginPo.java:10)
	at library.BaseClass.<init>(BaseClass.java:17)
	at Po.LoginPo.<init>(LoginPo.java:10)
	at library.BaseClass.<init>(BaseClass.java:17)
	at Po.LoginPo.<init>(LoginPo.java:10)
	at library.BaseClass.<init>(BaseClass.java:17)
	at Po.LoginPo.<init>(LoginPo.java:10)
	at library.BaseClass.<init>(BaseClass.java:17)
	at Po.LoginPo.<init>(LoginPo.java:10)
	at library.BaseClass.<init>(BaseClass.java:17)
	at Po.LoginPo.<init>(LoginPo.java:10)
	at library.BaseClass.<init>(BaseClass.java:17)
	at Po.LoginPo.<init>(LoginPo.java:10)
	at library.BaseClass.<init>(BaseClass.java:17)
	at Po.LoginPo.<init>(LoginPo.java:10)
	at library.BaseClass.<init>(BaseClass.java:17)
	at Po.LoginPo.<init>(LoginPo.java:10)
	at library.BaseClass.<init>(BaseClass.java:17)
	at Po.LoginPo.<init>(LoginPo.java:10)
	at library.BaseClass.<init>(BaseClass.java:17)
	at Po.LoginPo.<init>(LoginPo.java:10)
	at library.BaseClass.<init>(BaseClass.java:17)
	at Po.LoginPo.<init>(LoginPo.java:10)
	at library.BaseClass.<init>(BaseClass.java:17)
	at Po.LoginPo.<init>(LoginPo.java:10)
	at library.BaseClass.<init>(BaseClass.java:17)
	at Po.LoginPo.<init>(LoginPo.java:10)
	at library.BaseClass.<init>(BaseClass.java:17)
	at Po.LoginPo.<init>(LoginPo.java:10)
	at library.BaseClass.<init>(BaseClass.java:17)
	at Po.LoginPo.<init>(LoginPo.java:10)
	at library.BaseClass.<init>(BaseClass.java:17)
	at Po.LoginPo.<init>(LoginPo.java:10)
	at library.BaseClass.<init>(BaseClass.java:17)
	at Po.LoginPo.<init>(LoginPo.java:10)
	at library.BaseClass.<init>(BaseClass.java:17)
	at Po.LoginPo.<init>(LoginPo.java:10)
	at library.BaseClass.<init>(BaseClass.java:17)
	at Po.LoginPo.<init>(LoginPo.java:10)
	at library.BaseClass.<init>(BaseClass.java:17)
	at Po.LoginPo.<init>(LoginPo.java:10)
	at library.BaseClass.<init>(BaseClass.java:17)
	at Po.LoginPo.<init>(LoginPo.java:10)
	at library.BaseClass.<init>(BaseClass.java:17)
	at Po.LoginPo.<init>(LoginPo.java:10)
	at library.BaseClass.<init>(BaseClass.java:17)
	at Po.LoginPo.<init>(LoginPo.java:10)
	at library.BaseClass.<init>(BaseClass.java:17)
	at Po.LoginPo.<init>(LoginPo.java:10)
	at library.BaseClass.<init>(BaseClass.java:17)
	at Po.LoginPo.<init>(LoginPo.java:10)
	at library.BaseClass.<init>(BaseClass.java:17)
	at Po.LoginPo.<init>(LoginPo.java:10)
	at library.BaseClass.<init>(BaseClass.java:17)
	at Po.LoginPo.<init>(LoginPo.java:10)
	at library.BaseClass.<init>(BaseClass.java:17)
	at Po.LoginPo.<init>(LoginPo.java:10)
	at library.BaseClass.<init>(BaseClass.java:17)
	at Po.LoginPo.<init>(LoginPo.java:10)
	at library.BaseClass.<init>(BaseClass.java:17)
	at Po.LoginPo.<init>(LoginPo.java:10)
	at library.BaseClass.<init>(BaseClass.java:17)
	at Po.LoginPo.<init>(LoginPo.java:10)
	at library.BaseClass.<init>(BaseClass.java:17)
	at Po.LoginPo.<init>(LoginPo.java:10)
	at library.BaseClass.<init>(BaseClass.java:17)
	at Po.LoginPo.<init>(LoginPo.java:10)
	at library.BaseClass.<init>(BaseClass.java:17)
	at Po.LoginPo.<init>(LoginPo.java:10)
	at library.BaseClass.<init>(BaseClass.java:17)
	at Po.LoginPo.<init>(LoginPo.java:10)
	at library.BaseClass.<init>(BaseClass.java:17)
	at Po.LoginPo.<init>(LoginPo.java:10)
	at library.BaseClass.<init>(BaseClass.java:17)
	at Po.LoginPo.<init>(LoginPo.java:10)
	at library.BaseClass.<init>(BaseClass.java:17)
	at Po.LoginPo.<init>(LoginPo.java:10)
	at library.BaseClass.<init>(BaseClass.java:17)
	at Po.LoginPo.<init>(LoginPo.java:10)
	at library.BaseClass.<init>(BaseClass.java:17)
	at Po.LoginPo.<init>(LoginPo.java:10)
	at library.BaseClass.<init>(BaseClass.java:17)
	at Po.LoginPo.<init>(LoginPo.java:10)
	at library.BaseClass.<init>(BaseClass.java:17)
	at Po.LoginPo.<init>(LoginPo.java:10)
	at library.BaseClass.<init>(BaseClass.java:17)
	at Po.LoginPo.<init>(LoginPo.java:10)
	at library.BaseClass.<init>(BaseClass.java:17)
	at Po.LoginPo.<init>(LoginPo.java:10)
	at library.BaseClass.<init>(BaseClass.java:17)
	at Po.LoginPo.<init>(LoginPo.java:10)
	at library.BaseClass.<init>(BaseClass.java:17)
	at Po.LoginPo.<init>(LoginPo.java:10)
	at library.BaseClass.<init>(BaseClass.java:17)
	at Po.LoginPo.<init>(LoginPo.java:10)
	at library.BaseClass.<init>(BaseClass.java:17)
	at Po.LoginPo.<init>(LoginPo.java:10)
	at library.BaseClass.<init>(BaseClass.java:17)
	at Po.LoginPo.<init>(LoginPo.java:10)
	at library.BaseClass.<init>(BaseClass.java:17)
	at Po.LoginPo.<init>(LoginPo.java:10)
	at library.BaseClass.<init>(BaseClass.java:17)
	at Po.LoginPo.<init>(LoginPo.java:10)
	at library.BaseClass.<init>(BaseClass.java:17)
	at Po.LoginPo.<init>(LoginPo.java:10)
	at library.BaseClass.<init>(BaseClass.java:17)
	at Po.LoginPo.<init>(LoginPo.java:10)
	at library.BaseClass.<init>(BaseClass.java:17)
	at Po.LoginPo.<init>(LoginPo.java:10)
	at library.BaseClass.<init>(BaseClass.java:17)
	at Po.LoginPo.<init>(LoginPo.java:10)
	at library.BaseClass.<init>(BaseClass.java:17)
	at Po.LoginPo.<init>(LoginPo.java:10)
	at library.BaseClass.<init>(BaseClass.java:17)
	at Po.LoginPo.<init>(LoginPo.java:10)
	at library.BaseClass.<init>(BaseClass.java:17)
	at Po.LoginPo.<init>(LoginPo.java:10)
	at library.BaseClass.<init>(BaseClass.java:17)
	at Po.LoginPo.<init>(LoginPo.java:10)
	at library.BaseClass.<init>(BaseClass.java:17)
	at Po.LoginPo.<init>(LoginPo.java:10)
	at library.BaseClass.<init>(BaseClass.java:17)
	at Po.LoginPo.<init>(LoginPo.java:10)
	at library.BaseClass.<init>(BaseClass.java:17)
	at Po.LoginPo.<init>(LoginPo.java:10)
	at library.BaseClass.<init>(BaseClass.java:17)
	at Po.LoginPo.<init>(LoginPo.java:10)
	at library.BaseClass.<init>(BaseClass.java:17)
	at Po.LoginPo.<init>(LoginPo.java:10)
	at library.BaseClass.<init>(BaseClass.java:17)
	at Po.LoginPo.<init>(LoginPo.java:10)
	at library.BaseClass.<init>(BaseClass.java:17)
	at Po.LoginPo.<init>(LoginPo.java:10)
	at library.BaseClass.<init>(BaseClass.java:17)
	at Po.LoginPo.<init>(LoginPo.java:10)
	at library.BaseClass.<init>(BaseClass.java:17)
	at Po.LoginPo.<init>(LoginPo.java:10)
	at library.BaseClass.<init>(BaseClass.java:17)
	at Po.LoginPo.<init>(LoginPo.java:10)
	at library.BaseClass.<init>(BaseClass.java:17)
	at Po.LoginPo.<init>(LoginPo.java:10)
	at library.BaseClass.<init>(BaseClass.java:17)
	at Po.LoginPo.<init>(LoginPo.java:10)
	at library.BaseClass.<init>(BaseClass.java:17)
	at Po.LoginPo.<init>(LoginPo.java:10)
	at library.BaseClass.<init>(BaseClass.java:17)
	at Po.LoginPo.<init>(LoginPo.java:10)
	at library.BaseClass.<init>(BaseClass.java:17)
	at Po.LoginPo.<init>(LoginPo.java:10)
	at library.BaseClass.<init>(BaseClass.java:17)
	at Po.LoginPo.<init>(LoginPo.java:10)
	at library.BaseClass.<init>(BaseClass.java:17)
	at Po.LoginPo.<init>(LoginPo.java:10)
	at library.BaseClass.<init>(BaseClass.java:17)
	at Po.LoginPo.<init>(LoginPo.java:10)
	at library.BaseClass.<init>(BaseClass.java:17)
	at Po.LoginPo.<init>(LoginPo.java:10)
	at library.BaseClass.<init>(BaseClass.java:17)
	at Po.LoginPo.<init>(LoginPo.java:10)
	at library.BaseClass.<init>(BaseClass.java:17)
	at Po.LoginPo.<init>(LoginPo.java:10)
	at library.BaseClass.<init>(BaseClass.java:17)
	at Po.LoginPo.<init>(LoginPo.java:10)
	at library.BaseClass.<init>(BaseClass.java:17)
	at Po.LoginPo.<init>(LoginPo.java:10)
	at library.BaseClass.<init>(BaseClass.java:17)
	at Po.LoginPo.<init>(LoginPo.java:10)
	at library.BaseClass.<init>(BaseClass.java:17)
	at Po.LoginPo.<init>(LoginPo.java:10)
	at library.BaseClass.<init>(BaseClass.java:17)
	at Po.LoginPo.<init>(LoginPo.java:10)
	at library.BaseClass.<init>(BaseClass.java:17)
	at Po.LoginPo.<init>(LoginPo.java:10)
	at library.BaseClass.<init>(BaseClass.java:17)
	at Po.LoginPo.<init>(LoginPo.java:10)
	at library.BaseClass.<init>(BaseClass.java:17)
	at Po.LoginPo.<init>(LoginPo.java:10)
	at library.BaseClass.<init>(BaseClass.java:17)
	at Po.LoginPo.<init>(LoginPo.java:10)
	at library.BaseClass.<init>(BaseClass.java:17)
	at Po.LoginPo.<init>(LoginPo.java:10)
	at library.BaseClass.<init>(BaseClass.java:17)
	at Po.LoginPo.<init>(LoginPo.java:10)
	at library.BaseClass.<init>(BaseClass.java:17)
	at Po.LoginPo.<init>(LoginPo.java:10)
	at library.BaseClass.<init>(BaseClass.java:17)
	at Po.LoginPo.<init>(LoginPo.java:10)
	at library.BaseClass.<init>(BaseClass.java:17)
	at Po.LoginPo.<init>(LoginPo.java:10)
	at library.BaseClass.<init>(BaseClass.java:17)
	at Po.LoginPo.<init>(LoginPo.java:10)
	at library.BaseClass.<init>(BaseClass.java:17)
	at Po.LoginPo.<init>(LoginPo.java:10)
	at library.BaseClass.<init>(BaseClass.java:17)
	at Po.LoginPo.<init>(LoginPo.java:10)
	at library.BaseClass.<init>(BaseClass.java:17)
	at Po.LoginPo.<init>(LoginPo.java:10)
	at library.BaseClass.<init>(BaseClass.java:17)
	at Po.LoginPo.<init>(LoginPo.java:10)
	at library.BaseClass.<init>(BaseClass.java:17)
	at Po.LoginPo.<init>(LoginPo.java:10)
	at library.BaseClass.<init>(BaseClass.java:17)
	at Po.LoginPo.<init>(LoginPo.java:10)
	at library.BaseClass.<init>(BaseClass.java:17)
	at Po.LoginPo.<init>(LoginPo.java:10)
	at library.BaseClass.<init>(BaseClass.java:17)
	at Po.LoginPo.<init>(LoginPo.java:10)
	at library.BaseClass.<init>(BaseClass.java:17)
	at Po.LoginPo.<init>(LoginPo.java:10)
	at library.BaseClass.<init>(BaseClass.java:17)
	at Po.LoginPo.<init>(LoginPo.java:10)
	at library.BaseClass.<init>(BaseClass.java:17)
	at Po.LoginPo.<init>(LoginPo.java:10)
	at library.BaseClass.<init>(BaseClass.java:17)
	at Po.LoginPo.<init>(LoginPo.java:10)
	at library.BaseClass.<init>(BaseClass.java:17)
	at Po.LoginPo.<init>(LoginPo.java:10)
	at library.BaseClass.<init>(BaseClass.java:17)
	at Po.LoginPo.<init>(LoginPo.java:10)
	at library.BaseClass.<init>(BaseClass.java:17)
	at Po.LoginPo.<init>(LoginPo.java:10)
	at library.BaseClass.<init>(BaseClass.java:17)
	at Po.LoginPo.<init>(LoginPo.java:10)
	at library.BaseClass.<init>(BaseClass.java:17)
	at Po.LoginPo.<init>(LoginPo.java:10)
	at library.BaseClass.<init>(BaseClass.java:17)
	at Po.LoginPo.<init>(LoginPo.java:10)
	at library.BaseClass.<init>(BaseClass.java:17)
	at Po.LoginPo.<init>(LoginPo.java:10)
	at library.BaseClass.<init>(BaseClass.java:17)
	at Po.LoginPo.<init>(LoginPo.java:10)
	at library.BaseClass.<init>(BaseClass.java:17)
	at Po.LoginPo.<init>(LoginPo.java:10)
	at library.BaseClass.<init>(BaseClass.java:17)
	at Po.LoginPo.<init>(LoginPo.java:10)
	at library.BaseClass.<init>(BaseClass.java:17)
	at Po.LoginPo.<init>(LoginPo.java:10)
	at library.BaseClass.<init>(BaseClass.java:17)
	at Po.LoginPo.<init>(LoginPo.java:10)
	at library.BaseClass.<init>(BaseClass.java:17)
	at Po.LoginPo.<init>(LoginPo.java:10)
	at library.BaseClass.<init>(BaseClass.java:17)
	at Po.LoginPo.<init>(LoginPo.java:10)
	at library.BaseClass.<init>(BaseClass.java:17)
	at Po.LoginPo.<init>(LoginPo.java:10)
	at library.BaseClass.<init>(BaseClass.java:17)
	at Po.LoginPo.<init>(LoginPo.java:10)
	at library.BaseClass.<init>(BaseClass.java:17)
	at Po.LoginPo.<init>(LoginPo.java:10)
	at library.BaseClass.<init>(BaseClass.java:17)
	at Po.LoginPo.<init>(LoginPo.java:10)
	at library.BaseClass.<init>(BaseClass.java:17)
	at Po.LoginPo.<init>(LoginPo.java:10)
	at library.BaseClass.<init>(BaseClass.java:17)
	at Po.LoginPo.<init>(LoginPo.java:10)
	at library.BaseClass.<init>(BaseClass.java:17)
	at Po.LoginPo.<init>(LoginPo.java:10)
	at library.BaseClass.<init>(BaseClass.java:17)
	at Po.LoginPo.<init>(LoginPo.java:10)
	at library.BaseClass.<init>(BaseClass.java:17)
	at Po.LoginPo.<init>(LoginPo.java:10)
	at library.BaseClass.<init>(BaseClass.java:17)
	at Po.LoginPo.<init>(LoginPo.java:10)
	at library.BaseClass.<init>(BaseClass.java:17)
	at Po.LoginPo.<init>(LoginPo.java:10)
	at library.BaseClass.<init>(BaseClass.java:17)
	at Po.LoginPo.<init>(LoginPo.java:10)
	at library.BaseClass.<init>(BaseClass.java:17)
	at Po.LoginPo.<init>(LoginPo.java:10)
	at library.BaseClass.<init>(BaseClass.java:17)
	at Po.LoginPo.<init>(LoginPo.java:10)
	at library.BaseClass.<init>(BaseClass.java:17)
	at Po.LoginPo.<init>(LoginPo.java:10)
	at library.BaseClass.<init>(BaseClass.java:17)
	at Po.LoginPo.<init>(LoginPo.java:10)
	at library.BaseClass.<init>(BaseClass.java:17)
	at Po.LoginPo.<init>(LoginPo.java:10)
	at library.BaseClass.<init>(BaseClass.java:17)
	at Po.LoginPo.<init>(LoginPo.java:10)
	at library.BaseClass.<init>(BaseClass.java:17)
	at Po.LoginPo.<init>(LoginPo.java:10)
	at library.BaseClass.<init>(BaseClass.java:17)
	at Po.LoginPo.<init>(LoginPo.java:10)
	at library.BaseClass.<init>(BaseClass.java:17)
	at Po.LoginPo.<init>(LoginPo.java:10)
	at library.BaseClass.<init>(BaseClass.java:17)
	at Po.LoginPo.<init>(LoginPo.java:10)
	at library.BaseClass.<init>(BaseClass.java:17)
	at Po.LoginPo.<init>(LoginPo.java:10)
	at library.BaseClass.<init>(BaseClass.java:17)
	at Po.LoginPo.<init>(LoginPo.java:10)
	at library.BaseClass.<init>(BaseClass.java:17)
	at Po.LoginPo.<init>(LoginPo.java:10)
	at library.BaseClass.<init>(BaseClass.java:17)
	at Po.LoginPo.<init>(LoginPo.java:10)
	at library.BaseClass.<init>(BaseClass.java:17)
	at Po.LoginPo.<init>(LoginPo.java:10)
	at library.BaseClass.<init>(BaseClass.java:17)
	at Po.LoginPo.<init>(LoginPo.java:10)
	at library.BaseClass.<init>(BaseClass.java:17)
	at Po.LoginPo.<init>(LoginPo.java:10)
	at library.BaseClass.<init>(BaseClass.java:17)
	at Po.LoginPo.<init>(LoginPo.java:10)
	at library.BaseClass.<init>(BaseClass.java:17)
	at Po.LoginPo.<init>(LoginPo.java:10)
	at library.BaseClass.<init>(BaseClass.java:17)
	at Po.LoginPo.<init>(LoginPo.java:10)
	at library.BaseClass.<init>(BaseClass.java:17)
	at Po.LoginPo.<init>(LoginPo.java:10)
	at library.BaseClass.<init>(BaseClass.java:17)
	at Po.LoginPo.<init>(LoginPo.java:10)
	at library.BaseClass.<init>(BaseClass.java:17)
	at Po.LoginPo.<init>(LoginPo.java:10)
	at library.BaseClass.<init>(BaseClass.java:17)
	at Po.LoginPo.<init>(LoginPo.java:10)
	at library.BaseClass.<init>(BaseClass.java:17)
	at Po.LoginPo.<init>(LoginPo.java:10)
	at library.BaseClass.<init>(BaseClass.java:17)
	at Po.LoginPo.<init>(LoginPo.java:10)
	at library.BaseClass.<init>(BaseClass.java:17)
	at Po.LoginPo.<init>(LoginPo.java:10)
	at library.BaseClass.<init>(BaseClass.java:17)
	at Po.LoginPo.<init>(LoginPo.java:10)
	at library.BaseClass.<init>(BaseClass.java:17)
	at Po.LoginPo.<init>(LoginPo.java:10)
	at library.BaseClass.<init>(BaseClass.java:17)
	at Po.LoginPo.<init>(LoginPo.java:10)
	at library.BaseClass.<init>(BaseClass.java:17)
	at Po.LoginPo.<init>(LoginPo.java:10)
	at library.BaseClass.<init>(BaseClass.java:17)
	at Po.LoginPo.<init>(LoginPo.java:10)
	at library.BaseClass.<init>(BaseClass.java:17)
	at Po.LoginPo.<init>(LoginPo.java:10)
	at library.BaseClass.<init>(BaseClass.java:17)
	at Po.LoginPo.<init>(LoginPo.java:10)
	at library.BaseClass.<init>(BaseClass.java:17)
	at Po.LoginPo.<init>(LoginPo.java:10)
	at library.BaseClass.<init>(BaseClass.java:17)
	at Po.LoginPo.<init>(LoginPo.java:10)
	at library.BaseClass.<init>(BaseClass.java:17)
	at Po.LoginPo.<init>(LoginPo.java:10)
	at library.BaseClass.<init>(BaseClass.java:17)
	at Po.LoginPo.<init>(LoginPo.java:10)
	at library.BaseClass.<init>(BaseClass.java:17)
	at Po.LoginPo.<init>(LoginPo.java:10)
	at library.BaseClass.<init>(BaseClass.java:17)
	at Po.LoginPo.<init>(LoginPo.java:10)
	at library.BaseClass.<init>(BaseClass.java:17)
	at Po.LoginPo.<init>(LoginPo.java:10)
	at library.BaseClass.<init>(BaseClass.java:17)
	at Po.LoginPo.<init>(LoginPo.java:10)
	at library.BaseClass.<init>(BaseClass.java:17)
	at Po.LoginPo.<init>(LoginPo.java:10)
	at library.BaseClass.<init>(BaseClass.java:17)
	at Po.LoginPo.<init>(LoginPo.java:10)
	at library.BaseClass.<init>(BaseClass.java:17)
	at Po.LoginPo.<init>(LoginPo.java:10)
	at library.BaseClass.<init>(BaseClass.java:17)
	at Po.LoginPo.<init>(LoginPo.java:10)
	at library.BaseClass.<init>(BaseClass.java:17)
	at Po.LoginPo.<init>(LoginPo.java:10)
	at library.BaseClass.<init>(BaseClass.java:17)
	at Po.LoginPo.<init>(LoginPo.java:10)
	at library.BaseClass.<init>(BaseClass.java:17)
	at Po.LoginPo.<init>(LoginPo.java:10)
	at library.BaseClass.<init>(BaseClass.java:17)
	at Po.LoginPo.<init>(LoginPo.java:10)
	at library.BaseClass.<init>(BaseClass.java:17)
	at Po.LoginPo.<init>(LoginPo.java:10)
	at library.BaseClass.<init>(BaseClass.java:17)
	at Po.LoginPo.<init>(LoginPo.java:10)
	at library.BaseClass.<init>(BaseClass.java:17)
	at Po.LoginPo.<init>(LoginPo.java:10)
	at library.BaseClass.<init>(BaseClass.java:17)
	at Po.LoginPo.<init>(LoginPo.java:10)
	at library.BaseClass.<init>(BaseClass.java:17)
	at Po.LoginPo.<init>(LoginPo.java:10)
	at library.BaseClass.<init>(BaseClass.java:17)
	at Po.LoginPo.<init>(LoginPo.java:10)
	at library.BaseClass.<init>(BaseClass.java:17)
	at Po.LoginPo.<init>(LoginPo.java:10)
	at library.BaseClass.<init>(BaseClass.java:17)
	at Po.LoginPo.<init>(LoginPo.java:10)
	at library.BaseClass.<init>(BaseClass.java:17)
	at Po.LoginPo.<init>(LoginPo.java:10)
	at library.BaseClass.<init>(BaseClass.java:17)
	at Po.LoginPo.<init>(LoginPo.java:10)
	at library.BaseClass.<init>(BaseClass.java:17)
	at Po.LoginPo.<init>(LoginPo.java:10)
	at library.BaseClass.<init>(BaseClass.java:17)
	at Po.LoginPo.<init>(LoginPo.java:10)
	at library.BaseClass.<init>(BaseClass.java:17)
	at Po.LoginPo.<init>(LoginPo.java:10)
	at library.BaseClass.<init>(BaseClass.java:17)
	at Po.LoginPo.<init>(LoginPo.java:10)
	at library.BaseClass.<init>(BaseClass.java:17)
	at Po.LoginPo.<init>(LoginPo.java:10)
	at library.BaseClass.<init>(BaseClass.java:17)
	at Po.LoginPo.<init>(LoginPo.java:10)
	at library.BaseClass.<init>(BaseClass.java:17)
	at Po.LoginPo.<init>(LoginPo.java:10)
	at library.BaseClass.<init>(BaseClass.java:17)
	at Po.LoginPo.<init>(LoginPo.java:10)
	at library.BaseClass.<init>(BaseClass.java:17)
	at Po.LoginPo.<init>(LoginPo.java:10)
	at library.BaseClass.<init>(BaseClass.java:17)
	at Po.LoginPo.<init>(LoginPo.java:10)
	at library.BaseClass.<init>(BaseClass.java:17)
	at Po.LoginPo.<init>(LoginPo.java:10)
	at library.BaseClass.<init>(BaseClass.java:17)
	at Po.LoginPo.<init>(LoginPo.java:10)
	at library.BaseClass.<init>(BaseClass.java:17)
	at Po.LoginPo.<init>(LoginPo.java:10)
	at library.BaseClass.<init>(BaseClass.java:17)
	at Po.LoginPo.<init>(LoginPo.java:10)
	at library.BaseClass.<init>(BaseClass.java:17)
	at Po.LoginPo.<init>(LoginPo.java:10)
	at library.BaseClass.<init>(BaseClass.java:17)
	at Po.LoginPo.<init>(LoginPo.java:10)
	at library.BaseClass.<init>(BaseClass.java:17)
	at Po.LoginPo.<init>(LoginPo.java:10)
	at library.BaseClass.<init>(BaseClass.java:17)
	at Po.LoginPo.<init>(LoginPo.java:10)
	at library.BaseClass.<init>(BaseClass.java:17)
	at Po.LoginPo.<init>(LoginPo.java:10)
	at library.BaseClass.<init>(BaseClass.java:17)
	at Po.LoginPo.<init>(LoginPo.java:10)
	at library.BaseClass.<init>(BaseClass.java:17)
	at Po.LoginPo.<init>(LoginPo.java:10)
	at library.BaseClass.<init>(BaseClass.java:17)
	at Po.LoginPo.<init>(LoginPo.java:10)
	at library.BaseClass.<init>(BaseClass.java:17)
	at Po.LoginPo.<init>(LoginPo.java:10)
	at library.BaseClass.<init>(BaseClass.java:17)
	at Po.LoginPo.<init>(LoginPo.java:10)
	at library.BaseClass.<init>(BaseClass.java:17)
	at Po.LoginPo.<init>(LoginPo.java:10)
	at library.BaseClass.<init>(BaseClass.java:17)
	at Po.LoginPo.<init>(LoginPo.java:10)
	at library.BaseClass.<init>(BaseClass.java:17)
	at Po.LoginPo.<init>(LoginPo.java:10)
	at library.BaseClass.<init>(BaseClass.java:17)
	at Po.LoginPo.<init>(LoginPo.java:10)
	at library.BaseClass.<init>(BaseClass.java:17)
	at Po.LoginPo.<init>(LoginPo.java:10)
	at library.BaseClass.<init>(BaseClass.java:17)
	at Po.LoginPo.<init>(LoginPo.java:10)
	at library.BaseClass.<init>(BaseClass.java:17)
	at Po.LoginPo.<init>(LoginPo.java:10)
	at library.BaseClass.<init>(BaseClass.java:17)
	at Po.LoginPo.<init>(LoginPo.java:10)
	at library.BaseClass.<init>(BaseClass.java:17)
	at Po.LoginPo.<init>(LoginPo.java:10)
	at library.BaseClass.<init>(BaseClass.java:17)
	at Po.LoginPo.<init>(LoginPo.java:10)
	at library.BaseClass.<init>(BaseClass.java:17)
	at Po.LoginPo.<init>(LoginPo.java:10)
	at library.BaseClass.<init>(BaseClass.java:17)
	at Po.LoginPo.<init>(LoginPo.java:10)
	at library.BaseClass.<init>(BaseClass.java:17)
	at Po.LoginPo.<init>(LoginPo.java:10)
	at library.BaseClass.<init>(BaseClass.java:17)
	at Po.LoginPo.<init>(LoginPo.java:10)
	at library.BaseClass.<init>(BaseClass.java:17)
	at Po.LoginPo.<init>(LoginPo.java:10)
	at library.BaseClass.<init>(BaseClass.java:17)
	at Po.LoginPo.<init>(LoginPo.java:10)
	at library.BaseClass.<init>(BaseClass.java:17)
	at Po.LoginPo.<init>(LoginPo.java:10)
	at library.BaseClass.<init>(BaseClass.java:17)
	at Po.LoginPo.<init>(LoginPo.java:10)
	at library.BaseClass.<init>(BaseClass.java:17)
	at Po.LoginPo.<init>(LoginPo.java:10)
	at library.BaseClass.<init>(BaseClass.java:17)
	at Po.LoginPo.<init>(LoginPo.java:10)
	at library.BaseClass.<init>(BaseClass.java:17)
	at Po.LoginPo.<init>(LoginPo.java:10)
	at library.BaseClass.<init>(BaseClass.java:17)
	at Po.LoginPo.<init>(LoginPo.java:10)
	at library.BaseClass.<init>(BaseClass.java:17)
	at Po.LoginPo.<init>(LoginPo.java:10)
	at library.BaseClass.<init>(BaseClass.java:17)
	at Po.LoginPo.<init>(LoginPo.java:10)
	at library.BaseClass.<init>(BaseClass.java:17)
	at Po.LoginPo.<init>(LoginPo.java:10)
	at library.BaseClass.<init>(BaseClass.java:17)
	at Po.LoginPo.<init>(LoginPo.java:10)
	at library.BaseClass.<init>(BaseClass.java:17)
	at Po.LoginPo.<init>(LoginPo.java:10)
	at library.BaseClass.<init>(BaseClass.java:17)
	at Po.LoginPo.<init>(LoginPo.java:10)
	at library.BaseClass.<init>(BaseClass.java:17)
	at Po.LoginPo.<init>(LoginPo.java:10)
	at library.BaseClass.<init>(BaseClass.java:17)
	at Po.LoginPo.<init>(LoginPo.java:10)
	at library.BaseClass.<init>(BaseClass.java:17)
	at Po.LoginPo.<init>(LoginPo.java:10)
	at library.BaseClass.<init>(BaseClass.java:17)
	at Po.LoginPo.<init>(LoginPo.java:10)
	at library.BaseClass.<init>(BaseClass.java:17)
	at Po.LoginPo.<init>(LoginPo.java:10)
	at library.BaseClass.<init>(BaseClass.java:17)
	at Po.LoginPo.<init>(LoginPo.java:10)
	at library.BaseClass.<init>(BaseClass.java:17)
	at Po.LoginPo.<init>(LoginPo.java:10)
	at library.BaseClass.<init>(BaseClass.java:17)
	at Po.LoginPo.<init>(LoginPo.java:10)
	at library.BaseClass.<init>(BaseClass.java:17)
	at Po.LoginPo.<init>(LoginPo.java:10)
	at library.BaseClass.<init>(BaseClass.java:17)
	at Po.LoginPo.<init>(LoginPo.java:10)
	at library.BaseClass.<init>(BaseClass.java:17)
	at Po.LoginPo.<init>(LoginPo.java:10)
	at library.BaseClass.<init>(BaseClass.java:17)
	at Po.LoginPo.<init>(LoginPo.java:10)
	at library.BaseClass.<init>(BaseClass.java:17)
	at Po.LoginPo.<init>(LoginPo.java:10)
	at library.BaseClass.<init>(BaseClass.java:17)
	at Po.LoginPo.<init>(LoginPo.java:10)
	at library.BaseClass.<init>(BaseClass.java:17)
	at Po.LoginPo.<init>(LoginPo.java:10)
	at library.BaseClass.<init>(BaseClass.java:17)
	at Po.LoginPo.<init>(LoginPo.java:10)
	at library.BaseClass.<init>(BaseClass.java:17)
	at Po.LoginPo.<init>(LoginPo.java:10)
	at library.BaseClass.<init>(BaseClass.java:17)
	at Po.LoginPo.<init>(LoginPo.java:10)
	at library.BaseClass.<init>(BaseClass.java:17)
	at Po.LoginPo.<init>(LoginPo.java:10)
	at library.BaseClass.<init>(BaseClass.java:17)
	at Po.LoginPo.<init>(LoginPo.java:10)
	at library.BaseClass.<init>(BaseClass.java:17)
	at Po.LoginPo.<init>(LoginPo.java:10)
	at library.BaseClass.<init>(BaseClass.java:17)
]]></failure>
    <system-err><![CDATA[1563961824944	mozrunner::runner	INFO	Running command: "C:\\Program Files\\Mozilla Firefox\\firefox.exe" "-marionette" "-foreground" "-no-remote" "-profile" "C:\\Users\\Admin\\AppData\\Local\\Temp\\rust_mozprofile.O024xE8kVGTu"
1563961825776	addons.webextension.screenshots@mozilla.org	WARN	Loading extension 'screenshots@mozilla.org': Reading manifest: Invalid extension permission: mozillaAddons
1563961825776	addons.webextension.screenshots@mozilla.org	WARN	Loading extension 'screenshots@mozilla.org': Reading manifest: Invalid extension permission: telemetry
1563961825776	addons.webextension.screenshots@mozilla.org	WARN	Loading extension 'screenshots@mozilla.org': Reading manifest: Invalid extension permission: resource://pdf.js/
1563961825776	addons.webextension.screenshots@mozilla.org	WARN	Loading extension 'screenshots@mozilla.org': Reading manifest: Invalid extension permission: about:reader*
1563961829275	Marionette	INFO	Listening on port 49453
1563961829302	Marionette	WARN	TLS certificate errors will be ignored for this session
Jul 24, 2019 3:20:29 PM org.openqa.selenium.remote.ProtocolHandshake createSession
INFO: Detected dialect: W3C
]]></system-err>
  </testcase>
  <testcase name="Login" classname="script.Test1" time="0.004">
    <failure type="java.lang.StackOverflowError:"><![CDATA[java.lang.StackOverflowError: null
	at Po.LoginPo.<init>(LoginPo.java:10)
	at library.BaseClass.<init>(BaseClass.java:17)
	at Po.LoginPo.<init>(LoginPo.java:10)
	at library.BaseClass.<init>(BaseClass.java:17)
	at Po.LoginPo.<init>(LoginPo.java:10)
	at library.BaseClass.<init>(BaseClass.java:17)
	at Po.LoginPo.<init>(LoginPo.java:10)
	at library.BaseClass.<init>(BaseClass.java:17)
	at Po.LoginPo.<init>(LoginPo.java:10)
	at library.BaseClass.<init>(BaseClass.java:17)
	at Po.LoginPo.<init>(LoginPo.java:10)
	at library.BaseClass.<init>(BaseClass.java:17)
	at Po.LoginPo.<init>(LoginPo.java:10)
	at library.BaseClass.<init>(BaseClass.java:17)
	at Po.LoginPo.<init>(LoginPo.java:10)
	at library.BaseClass.<init>(BaseClass.java:17)
	at Po.LoginPo.<init>(LoginPo.java:10)
	at library.BaseClass.<init>(BaseClass.java:17)
	at Po.LoginPo.<init>(LoginPo.java:10)
	at library.BaseClass.<init>(BaseClass.java:17)
	at Po.LoginPo.<init>(LoginPo.java:10)
	at library.BaseClass.<init>(BaseClass.java:17)
	at Po.LoginPo.<init>(LoginPo.java:10)
	at library.BaseClass.<init>(BaseClass.java:17)
	at Po.LoginPo.<init>(LoginPo.java:10)
	at library.BaseClass.<init>(BaseClass.java:17)
	at Po.LoginPo.<init>(LoginPo.java:10)
	at library.BaseClass.<init>(BaseClass.java:17)
	at Po.LoginPo.<init>(LoginPo.java:10)
	at library.BaseClass.<init>(BaseClass.java:17)
	at Po.LoginPo.<init>(LoginPo.java:10)
	at library.BaseClass.<init>(BaseClass.java:17)
	at Po.LoginPo.<init>(LoginPo.java:10)
	at library.BaseClass.<init>(BaseClass.java:17)
	at Po.LoginPo.<init>(LoginPo.java:10)
	at library.BaseClass.<init>(BaseClass.java:17)
	at Po.LoginPo.<init>(LoginPo.java:10)
	at library.BaseClass.<init>(BaseClass.java:17)
	at Po.LoginPo.<init>(LoginPo.java:10)
	at library.BaseClass.<init>(BaseClass.java:17)
	at Po.LoginPo.<init>(LoginPo.java:10)
	at library.BaseClass.<init>(BaseClass.java:17)
	at Po.LoginPo.<init>(LoginPo.java:10)
	at library.BaseClass.<init>(BaseClass.java:17)
	at Po.LoginPo.<init>(LoginPo.java:10)
	at library.BaseClass.<init>(BaseClass.java:17)
	at Po.LoginPo.<init>(LoginPo.java:10)
	at library.BaseClass.<init>(BaseClass.java:17)
	at Po.LoginPo.<init>(LoginPo.java:10)
	at library.BaseClass.<init>(BaseClass.java:17)
	at Po.LoginPo.<init>(LoginPo.java:10)
	at library.BaseClass.<init>(BaseClass.java:17)
	at Po.LoginPo.<init>(LoginPo.java:10)
	at library.BaseClass.<init>(BaseClass.java:17)
	at Po.LoginPo.<init>(LoginPo.java:10)
	at library.BaseClass.<init>(BaseClass.java:17)
	at Po.LoginPo.<init>(LoginPo.java:10)
	at library.BaseClass.<init>(BaseClass.java:17)
	at Po.LoginPo.<init>(LoginPo.java:10)
	at library.BaseClass.<init>(BaseClass.java:17)
	at Po.LoginPo.<init>(LoginPo.java:10)
	at library.BaseClass.<init>(BaseClass.java:17)
	at Po.LoginPo.<init>(LoginPo.java:10)
	at library.BaseClass.<init>(BaseClass.java:17)
	at Po.LoginPo.<init>(LoginPo.java:10)
	at library.BaseClass.<init>(BaseClass.java:17)
	at Po.LoginPo.<init>(LoginPo.java:10)
	at library.BaseClass.<init>(BaseClass.java:17)
	at Po.LoginPo.<init>(LoginPo.java:10)
	at library.BaseClass.<init>(BaseClass.java:17)
	at Po.LoginPo.<init>(LoginPo.java:10)
	at library.BaseClass.<init>(BaseClass.java:17)
	at Po.LoginPo.<init>(LoginPo.java:10)
	at library.BaseClass.<init>(BaseClass.java:17)
	at Po.LoginPo.<init>(LoginPo.java:10)
	at library.BaseClass.<init>(BaseClass.java:17)
	at Po.LoginPo.<init>(LoginPo.java:10)
	at library.BaseClass.<init>(BaseClass.java:17)
	at Po.LoginPo.<init>(LoginPo.java:10)
	at library.BaseClass.<init>(BaseClass.java:17)
	at Po.LoginPo.<init>(LoginPo.java:10)
	at library.BaseClass.<init>(BaseClass.java:17)
	at Po.LoginPo.<init>(LoginPo.java:10)
	at library.BaseClass.<init>(BaseClass.java:17)
	at Po.LoginPo.<init>(LoginPo.java:10)
	at library.BaseClass.<init>(BaseClass.java:17)
	at Po.LoginPo.<init>(LoginPo.java:10)
	at library.BaseClass.<init>(BaseClass.java:17)
	at Po.LoginPo.<init>(LoginPo.java:10)
	at library.BaseClass.<init>(BaseClass.java:17)
	at Po.LoginPo.<init>(LoginPo.java:10)
	at library.BaseClass.<init>(BaseClass.java:17)
	at Po.LoginPo.<init>(LoginPo.java:10)
	at library.BaseClass.<init>(BaseClass.java:17)
	at Po.LoginPo.<init>(LoginPo.java:10)
	at library.BaseClass.<init>(BaseClass.java:17)
	at Po.LoginPo.<init>(LoginPo.java:10)
	at library.BaseClass.<init>(BaseClass.java:17)
	at Po.LoginPo.<init>(LoginPo.java:10)
	at library.BaseClass.<init>(BaseClass.java:17)
	at Po.LoginPo.<init>(LoginPo.java:10)
	at library.BaseClass.<init>(BaseClass.java:17)
	at Po.LoginPo.<init>(LoginPo.java:10)
	at library.BaseClass.<init>(BaseClass.java:17)
	at Po.LoginPo.<init>(LoginPo.java:10)
	at library.BaseClass.<init>(BaseClass.java:17)
	at Po.LoginPo.<init>(LoginPo.java:10)
	at library.BaseClass.<init>(BaseClass.java:17)
	at Po.LoginPo.<init>(LoginPo.java:10)
	at library.BaseClass.<init>(BaseClass.java:17)
	at Po.LoginPo.<init>(LoginPo.java:10)
	at library.BaseClass.<init>(BaseClass.java:17)
	at Po.LoginPo.<init>(LoginPo.java:10)
	at library.BaseClass.<init>(BaseClass.java:17)
	at Po.LoginPo.<init>(LoginPo.java:10)
	at library.BaseClass.<init>(BaseClass.java:17)
	at Po.LoginPo.<init>(LoginPo.java:10)
	at library.BaseClass.<init>(BaseClass.java:17)
	at Po.LoginPo.<init>(LoginPo.java:10)
	at library.BaseClass.<init>(BaseClass.java:17)
	at Po.LoginPo.<init>(LoginPo.java:10)
	at library.BaseClass.<init>(BaseClass.java:17)
	at Po.LoginPo.<init>(LoginPo.java:10)
	at library.BaseClass.<init>(BaseClass.java:17)
	at Po.LoginPo.<init>(LoginPo.java:10)
	at library.BaseClass.<init>(BaseClass.java:17)
	at Po.LoginPo.<init>(LoginPo.java:10)
	at library.BaseClass.<init>(BaseClass.java:17)
	at Po.LoginPo.<init>(LoginPo.java:10)
	at library.BaseClass.<init>(BaseClass.java:17)
	at Po.LoginPo.<init>(LoginPo.java:10)
	at library.BaseClass.<init>(BaseClass.java:17)
	at Po.LoginPo.<init>(LoginPo.java:10)
	at library.BaseClass.<init>(BaseClass.java:17)
	at Po.LoginPo.<init>(LoginPo.java:10)
	at library.BaseClass.<init>(BaseClass.java:17)
	at Po.LoginPo.<init>(LoginPo.java:10)
	at library.BaseClass.<init>(BaseClass.java:17)
	at Po.LoginPo.<init>(LoginPo.java:10)
	at library.BaseClass.<init>(BaseClass.java:17)
	at Po.LoginPo.<init>(LoginPo.java:10)
	at library.BaseClass.<init>(BaseClass.java:17)
	at Po.LoginPo.<init>(LoginPo.java:10)
	at library.BaseClass.<init>(BaseClass.java:17)
	at Po.LoginPo.<init>(LoginPo.java:10)
	at library.BaseClass.<init>(BaseClass.java:17)
	at Po.LoginPo.<init>(LoginPo.java:10)
	at library.BaseClass.<init>(BaseClass.java:17)
	at Po.LoginPo.<init>(LoginPo.java:10)
	at library.BaseClass.<init>(BaseClass.java:17)
	at Po.LoginPo.<init>(LoginPo.java:10)
	at library.BaseClass.<init>(BaseClass.java:17)
	at Po.LoginPo.<init>(LoginPo.java:10)
	at library.BaseClass.<init>(BaseClass.java:17)
	at Po.LoginPo.<init>(LoginPo.java:10)
	at library.BaseClass.<init>(BaseClass.java:17)
	at Po.LoginPo.<init>(LoginPo.java:10)
	at library.BaseClass.<init>(BaseClass.java:17)
	at Po.LoginPo.<init>(LoginPo.java:10)
	at library.BaseClass.<init>(BaseClass.java:17)
	at Po.LoginPo.<init>(LoginPo.java:10)
	at library.BaseClass.<init>(BaseClass.java:17)
	at Po.LoginPo.<init>(LoginPo.java:10)
	at library.BaseClass.<init>(BaseClass.java:17)
	at Po.LoginPo.<init>(LoginPo.java:10)
	at library.BaseClass.<init>(BaseClass.java:17)
	at Po.LoginPo.<init>(LoginPo.java:10)
	at library.BaseClass.<init>(BaseClass.java:17)
	at Po.LoginPo.<init>(LoginPo.java:10)
	at library.BaseClass.<init>(BaseClass.java:17)
	at Po.LoginPo.<init>(LoginPo.java:10)
	at library.BaseClass.<init>(BaseClass.java:17)
	at Po.LoginPo.<init>(LoginPo.java:10)
	at library.BaseClass.<init>(BaseClass.java:17)
	at Po.LoginPo.<init>(LoginPo.java:10)
	at library.BaseClass.<init>(BaseClass.java:17)
	at Po.LoginPo.<init>(LoginPo.java:10)
	at library.BaseClass.<init>(BaseClass.java:17)
	at Po.LoginPo.<init>(LoginPo.java:10)
	at library.BaseClass.<init>(BaseClass.java:17)
	at Po.LoginPo.<init>(LoginPo.java:10)
	at library.BaseClass.<init>(BaseClass.java:17)
	at Po.LoginPo.<init>(LoginPo.java:10)
	at library.BaseClass.<init>(BaseClass.java:17)
	at Po.LoginPo.<init>(LoginPo.java:10)
	at library.BaseClass.<init>(BaseClass.java:17)
	at Po.LoginPo.<init>(LoginPo.java:10)
	at library.BaseClass.<init>(BaseClass.java:17)
	at Po.LoginPo.<init>(LoginPo.java:10)
	at library.BaseClass.<init>(BaseClass.java:17)
	at Po.LoginPo.<init>(LoginPo.java:10)
	at library.BaseClass.<init>(BaseClass.java:17)
	at Po.LoginPo.<init>(LoginPo.java:10)
	at library.BaseClass.<init>(BaseClass.java:17)
	at Po.LoginPo.<init>(LoginPo.java:10)
	at library.BaseClass.<init>(BaseClass.java:17)
	at Po.LoginPo.<init>(LoginPo.java:10)
	at library.BaseClass.<init>(BaseClass.java:17)
	at Po.LoginPo.<init>(LoginPo.java:10)
	at library.BaseClass.<init>(BaseClass.java:17)
	at Po.LoginPo.<init>(LoginPo.java:10)
	at library.BaseClass.<init>(BaseClass.java:17)
	at Po.LoginPo.<init>(LoginPo.java:10)
	at library.BaseClass.<init>(BaseClass.java:17)
	at Po.LoginPo.<init>(LoginPo.java:10)
	at library.BaseClass.<init>(BaseClass.java:17)
	at Po.LoginPo.<init>(LoginPo.java:10)
	at library.BaseClass.<init>(BaseClass.java:17)
	at Po.LoginPo.<init>(LoginPo.java:10)
	at library.BaseClass.<init>(BaseClass.java:17)
	at Po.LoginPo.<init>(LoginPo.java:10)
	at library.BaseClass.<init>(BaseClass.java:17)
	at Po.LoginPo.<init>(LoginPo.java:10)
	at library.BaseClass.<init>(BaseClass.java:17)
	at Po.LoginPo.<init>(LoginPo.java:10)
	at library.BaseClass.<init>(BaseClass.java:17)
	at Po.LoginPo.<init>(LoginPo.java:10)
	at library.BaseClass.<init>(BaseClass.java:17)
	at Po.LoginPo.<init>(LoginPo.java:10)
	at library.BaseClass.<init>(BaseClass.java:17)
	at Po.LoginPo.<init>(LoginPo.java:10)
	at library.BaseClass.<init>(BaseClass.java:17)
	at Po.LoginPo.<init>(LoginPo.java:10)
	at library.BaseClass.<init>(BaseClass.java:17)
	at Po.LoginPo.<init>(LoginPo.java:10)
	at library.BaseClass.<init>(BaseClass.java:17)
	at Po.LoginPo.<init>(LoginPo.java:10)
	at library.BaseClass.<init>(BaseClass.java:17)
	at Po.LoginPo.<init>(LoginPo.java:10)
	at library.BaseClass.<init>(BaseClass.java:17)
	at Po.LoginPo.<init>(LoginPo.java:10)
	at library.BaseClass.<init>(BaseClass.java:17)
	at Po.LoginPo.<init>(LoginPo.java:10)
	at library.BaseClass.<init>(BaseClass.java:17)
	at Po.LoginPo.<init>(LoginPo.java:10)
	at library.BaseClass.<init>(BaseClass.java:17)
	at Po.LoginPo.<init>(LoginPo.java:10)
	at library.BaseClass.<init>(BaseClass.java:17)
	at Po.LoginPo.<init>(LoginPo.java:10)
	at library.BaseClass.<init>(BaseClass.java:17)
	at Po.LoginPo.<init>(LoginPo.java:10)
	at library.BaseClass.<init>(BaseClass.java:17)
	at Po.LoginPo.<init>(LoginPo.java:10)
	at library.BaseClass.<init>(BaseClass.java:17)
	at Po.LoginPo.<init>(LoginPo.java:10)
	at library.BaseClass.<init>(BaseClass.java:17)
	at Po.LoginPo.<init>(LoginPo.java:10)
	at library.BaseClass.<init>(BaseClass.java:17)
	at Po.LoginPo.<init>(LoginPo.java:10)
	at library.BaseClass.<init>(BaseClass.java:17)
	at Po.LoginPo.<init>(LoginPo.java:10)
	at library.BaseClass.<init>(BaseClass.java:17)
	at Po.LoginPo.<init>(LoginPo.java:10)
	at library.BaseClass.<init>(BaseClass.java:17)
	at Po.LoginPo.<init>(LoginPo.java:10)
	at library.BaseClass.<init>(BaseClass.java:17)
	at Po.LoginPo.<init>(LoginPo.java:10)
	at library.BaseClass.<init>(BaseClass.java:17)
	at Po.LoginPo.<init>(LoginPo.java:10)
	at library.BaseClass.<init>(BaseClass.java:17)
	at Po.LoginPo.<init>(LoginPo.java:10)
	at library.BaseClass.<init>(BaseClass.java:17)
	at Po.LoginPo.<init>(LoginPo.java:10)
	at library.BaseClass.<init>(BaseClass.java:17)
	at Po.LoginPo.<init>(LoginPo.java:10)
	at library.BaseClass.<init>(BaseClass.java:17)
	at Po.LoginPo.<init>(LoginPo.java:10)
	at library.BaseClass.<init>(BaseClass.java:17)
	at Po.LoginPo.<init>(LoginPo.java:10)
	at library.BaseClass.<init>(BaseClass.java:17)
	at Po.LoginPo.<init>(LoginPo.java:10)
	at library.BaseClass.<init>(BaseClass.java:17)
	at Po.LoginPo.<init>(LoginPo.java:10)
	at library.BaseClass.<init>(BaseClass.java:17)
	at Po.LoginPo.<init>(LoginPo.java:10)
	at library.BaseClass.<init>(BaseClass.java:17)
	at Po.LoginPo.<init>(LoginPo.java:10)
	at library.BaseClass.<init>(BaseClass.java:17)
	at Po.LoginPo.<init>(LoginPo.java:10)
	at library.BaseClass.<init>(BaseClass.java:17)
	at Po.LoginPo.<init>(LoginPo.java:10)
	at library.BaseClass.<init>(BaseClass.java:17)
	at Po.LoginPo.<init>(LoginPo.java:10)
	at library.BaseClass.<init>(BaseClass.java:17)
	at Po.LoginPo.<init>(LoginPo.java:10)
	at library.BaseClass.<init>(BaseClass.java:17)
	at Po.LoginPo.<init>(LoginPo.java:10)
	at library.BaseClass.<init>(BaseClass.java:17)
	at Po.LoginPo.<init>(LoginPo.java:10)
	at library.BaseClass.<init>(BaseClass.java:17)
	at Po.LoginPo.<init>(LoginPo.java:10)
	at library.BaseClass.<init>(BaseClass.java:17)
	at Po.LoginPo.<init>(LoginPo.java:10)
	at library.BaseClass.<init>(BaseClass.java:17)
	at Po.LoginPo.<init>(LoginPo.java:10)
	at library.BaseClass.<init>(BaseClass.java:17)
	at Po.LoginPo.<init>(LoginPo.java:10)
	at library.BaseClass.<init>(BaseClass.java:17)
	at Po.LoginPo.<init>(LoginPo.java:10)
	at library.BaseClass.<init>(BaseClass.java:17)
	at Po.LoginPo.<init>(LoginPo.java:10)
	at library.BaseClass.<init>(BaseClass.java:17)
	at Po.LoginPo.<init>(LoginPo.java:10)
	at library.BaseClass.<init>(BaseClass.java:17)
	at Po.LoginPo.<init>(LoginPo.java:10)
	at library.BaseClass.<init>(BaseClass.java:17)
	at Po.LoginPo.<init>(LoginPo.java:10)
	at library.BaseClass.<init>(BaseClass.java:17)
	at Po.LoginPo.<init>(LoginPo.java:10)
	at library.BaseClass.<init>(BaseClass.java:17)
	at Po.LoginPo.<init>(LoginPo.java:10)
	at library.BaseClass.<init>(BaseClass.java:17)
	at Po.LoginPo.<init>(LoginPo.java:10)
	at library.BaseClass.<init>(BaseClass.java:17)
	at Po.LoginPo.<init>(LoginPo.java:10)
	at library.BaseClass.<init>(BaseClass.java:17)
	at Po.LoginPo.<init>(LoginPo.java:10)
	at library.BaseClass.<init>(BaseClass.java:17)
	at Po.LoginPo.<init>(LoginPo.java:10)
	at library.BaseClass.<init>(BaseClass.java:17)
	at Po.LoginPo.<init>(LoginPo.java:10)
	at library.BaseClass.<init>(BaseClass.java:17)
	at Po.LoginPo.<init>(LoginPo.java:10)
	at library.BaseClass.<init>(BaseClass.java:17)
	at Po.LoginPo.<init>(LoginPo.java:10)
	at library.BaseClass.<init>(BaseClass.java:17)
	at Po.LoginPo.<init>(LoginPo.java:10)
	at library.BaseClass.<init>(BaseClass.java:17)
	at Po.LoginPo.<init>(LoginPo.java:10)
	at library.BaseClass.<init>(BaseClass.java:17)
	at Po.LoginPo.<init>(LoginPo.java:10)
	at library.BaseClass.<init>(BaseClass.java:17)
	at Po.LoginPo.<init>(LoginPo.java:10)
	at library.BaseClass.<init>(BaseClass.java:17)
	at Po.LoginPo.<init>(LoginPo.java:10)
	at library.BaseClass.<init>(BaseClass.java:17)
	at Po.LoginPo.<init>(LoginPo.java:10)
	at library.BaseClass.<init>(BaseClass.java:17)
	at Po.LoginPo.<init>(LoginPo.java:10)
	at library.BaseClass.<init>(BaseClass.java:17)
	at Po.LoginPo.<init>(LoginPo.java:10)
	at library.BaseClass.<init>(BaseClass.java:17)
	at Po.LoginPo.<init>(LoginPo.java:10)
	at library.BaseClass.<init>(BaseClass.java:17)
	at Po.LoginPo.<init>(LoginPo.java:10)
	at library.BaseClass.<init>(BaseClass.java:17)
	at Po.LoginPo.<init>(LoginPo.java:10)
	at library.BaseClass.<init>(BaseClass.java:17)
	at Po.LoginPo.<init>(LoginPo.java:10)
	at library.BaseClass.<init>(BaseClass.java:17)
	at Po.LoginPo.<init>(LoginPo.java:10)
	at library.BaseClass.<init>(BaseClass.java:17)
	at Po.LoginPo.<init>(LoginPo.java:10)
	at library.BaseClass.<init>(BaseClass.java:17)
	at Po.LoginPo.<init>(LoginPo.java:10)
	at library.BaseClass.<init>(BaseClass.java:17)
	at Po.LoginPo.<init>(LoginPo.java:10)
	at library.BaseClass.<init>(BaseClass.java:17)
	at Po.LoginPo.<init>(LoginPo.java:10)
	at library.BaseClass.<init>(BaseClass.java:17)
	at Po.LoginPo.<init>(LoginPo.java:10)
	at library.BaseClass.<init>(BaseClass.java:17)
	at Po.LoginPo.<init>(LoginPo.java:10)
	at library.BaseClass.<init>(BaseClass.java:17)
	at Po.LoginPo.<init>(LoginPo.java:10)
	at library.BaseClass.<init>(BaseClass.java:17)
	at Po.LoginPo.<init>(LoginPo.java:10)
	at library.BaseClass.<init>(BaseClass.java:17)
	at Po.LoginPo.<init>(LoginPo.java:10)
	at library.BaseClass.<init>(BaseClass.java:17)
	at Po.LoginPo.<init>(LoginPo.java:10)
	at library.BaseClass.<init>(BaseClass.java:17)
	at Po.LoginPo.<init>(LoginPo.java:10)
	at library.BaseClass.<init>(BaseClass.java:17)
	at Po.LoginPo.<init>(LoginPo.java:10)
	at library.BaseClass.<init>(BaseClass.java:17)
	at Po.LoginPo.<init>(LoginPo.java:10)
	at library.BaseClass.<init>(BaseClass.java:17)
	at Po.LoginPo.<init>(LoginPo.java:10)
	at library.BaseClass.<init>(BaseClass.java:17)
	at Po.LoginPo.<init>(LoginPo.java:10)
	at library.BaseClass.<init>(BaseClass.java:17)
	at Po.LoginPo.<init>(LoginPo.java:10)
	at library.BaseClass.<init>(BaseClass.java:17)
	at Po.LoginPo.<init>(LoginPo.java:10)
	at library.BaseClass.<init>(BaseClass.java:17)
	at Po.LoginPo.<init>(LoginPo.java:10)
	at library.BaseClass.<init>(BaseClass.java:17)
	at Po.LoginPo.<init>(LoginPo.java:10)
	at library.BaseClass.<init>(BaseClass.java:17)
	at Po.LoginPo.<init>(LoginPo.java:10)
	at library.BaseClass.<init>(BaseClass.java:17)
	at Po.LoginPo.<init>(LoginPo.java:10)
	at library.BaseClass.<init>(BaseClass.java:17)
	at Po.LoginPo.<init>(LoginPo.java:10)
	at library.BaseClass.<init>(BaseClass.java:17)
	at Po.LoginPo.<init>(LoginPo.java:10)
	at library.BaseClass.<init>(BaseClass.java:17)
	at Po.LoginPo.<init>(LoginPo.java:10)
	at library.BaseClass.<init>(BaseClass.java:17)
	at Po.LoginPo.<init>(LoginPo.java:10)
	at library.BaseClass.<init>(BaseClass.java:17)
	at Po.LoginPo.<init>(LoginPo.java:10)
	at library.BaseClass.<init>(BaseClass.java:17)
	at Po.LoginPo.<init>(LoginPo.java:10)
	at library.BaseClass.<init>(BaseClass.java:17)
	at Po.LoginPo.<init>(LoginPo.java:10)
	at library.BaseClass.<init>(BaseClass.java:17)
	at Po.LoginPo.<init>(LoginPo.java:10)
	at library.BaseClass.<init>(BaseClass.java:17)
	at Po.LoginPo.<init>(LoginPo.java:10)
	at library.BaseClass.<init>(BaseClass.java:17)
	at Po.LoginPo.<init>(LoginPo.java:10)
	at library.BaseClass.<init>(BaseClass.java:17)
	at Po.LoginPo.<init>(LoginPo.java:10)
	at library.BaseClass.<init>(BaseClass.java:17)
	at Po.LoginPo.<init>(LoginPo.java:10)
	at library.BaseClass.<init>(BaseClass.java:17)
	at Po.LoginPo.<init>(LoginPo.java:10)
	at library.BaseClass.<init>(BaseClass.java:17)
	at Po.LoginPo.<init>(LoginPo.java:10)
	at library.BaseClass.<init>(BaseClass.java:17)
	at Po.LoginPo.<init>(LoginPo.java:10)
	at library.BaseClass.<init>(BaseClass.java:17)
	at Po.LoginPo.<init>(LoginPo.java:10)
	at library.BaseClass.<init>(BaseClass.java:17)
	at Po.LoginPo.<init>(LoginPo.java:10)
	at library.BaseClass.<init>(BaseClass.java:17)
	at Po.LoginPo.<init>(LoginPo.java:10)
	at library.BaseClass.<init>(BaseClass.java:17)
	at Po.LoginPo.<init>(LoginPo.java:10)
	at library.BaseClass.<init>(BaseClass.java:17)
	at Po.LoginPo.<init>(LoginPo.java:10)
	at library.BaseClass.<init>(BaseClass.java:17)
	at Po.LoginPo.<init>(LoginPo.java:10)
	at library.BaseClass.<init>(BaseClass.java:17)
	at Po.LoginPo.<init>(LoginPo.java:10)
	at library.BaseClass.<init>(BaseClass.java:17)
	at Po.LoginPo.<init>(LoginPo.java:10)
	at library.BaseClass.<init>(BaseClass.java:17)
	at Po.LoginPo.<init>(LoginPo.java:10)
	at library.BaseClass.<init>(BaseClass.java:17)
	at Po.LoginPo.<init>(LoginPo.java:10)
	at library.BaseClass.<init>(BaseClass.java:17)
	at Po.LoginPo.<init>(LoginPo.java:10)
	at library.BaseClass.<init>(BaseClass.java:17)
	at Po.LoginPo.<init>(LoginPo.java:10)
	at library.BaseClass.<init>(BaseClass.java:17)
	at Po.LoginPo.<init>(LoginPo.java:10)
	at library.BaseClass.<init>(BaseClass.java:17)
	at Po.LoginPo.<init>(LoginPo.java:10)
	at library.BaseClass.<init>(BaseClass.java:17)
	at Po.LoginPo.<init>(LoginPo.java:10)
	at library.BaseClass.<init>(BaseClass.java:17)
	at Po.LoginPo.<init>(LoginPo.java:10)
	at library.BaseClass.<init>(BaseClass.java:17)
	at Po.LoginPo.<init>(LoginPo.java:10)
	at library.BaseClass.<init>(BaseClass.java:17)
	at Po.LoginPo.<init>(LoginPo.java:10)
	at library.BaseClass.<init>(BaseClass.java:17)
	at Po.LoginPo.<init>(LoginPo.java:10)
	at library.BaseClass.<init>(BaseClass.java:17)
	at Po.LoginPo.<init>(LoginPo.java:10)
	at library.BaseClass.<init>(BaseClass.java:17)
	at Po.LoginPo.<init>(LoginPo.java:10)
	at library.BaseClass.<init>(BaseClass.java:17)
	at Po.LoginPo.<init>(LoginPo.java:10)
	at library.BaseClass.<init>(BaseClass.java:17)
	at Po.LoginPo.<init>(LoginPo.java:10)
	at library.BaseClass.<init>(BaseClass.java:17)
	at Po.LoginPo.<init>(LoginPo.java:10)
	at library.BaseClass.<init>(BaseClass.java:17)
	at Po.LoginPo.<init>(LoginPo.java:10)
	at library.BaseClass.<init>(BaseClass.java:17)
	at Po.LoginPo.<init>(LoginPo.java:10)
	at library.BaseClass.<init>(BaseClass.java:17)
	at Po.LoginPo.<init>(LoginPo.java:10)
	at library.BaseClass.<init>(BaseClass.java:17)
	at Po.LoginPo.<init>(LoginPo.java:10)
	at library.BaseClass.<init>(BaseClass.java:17)
	at Po.LoginPo.<init>(LoginPo.java:10)
	at library.BaseClass.<init>(BaseClass.java:17)
	at Po.LoginPo.<init>(LoginPo.java:10)
	at library.BaseClass.<init>(BaseClass.java:17)
	at Po.LoginPo.<init>(LoginPo.java:10)
	at library.BaseClass.<init>(BaseClass.java:17)
	at Po.LoginPo.<init>(LoginPo.java:10)
	at library.BaseClass.<init>(BaseClass.java:17)
	at Po.LoginPo.<init>(LoginPo.java:10)
	at library.BaseClass.<init>(BaseClass.java:17)
	at Po.LoginPo.<init>(LoginPo.java:10)
	at library.BaseClass.<init>(BaseClass.java:17)
	at Po.LoginPo.<init>(LoginPo.java:10)
	at library.BaseClass.<init>(BaseClass.java:17)
	at Po.LoginPo.<init>(LoginPo.java:10)
	at library.BaseClass.<init>(BaseClass.java:17)
	at Po.LoginPo.<init>(LoginPo.java:10)
	at library.BaseClass.<init>(BaseClass.java:17)
	at Po.LoginPo.<init>(LoginPo.java:10)
	at library.BaseClass.<init>(BaseClass.java:17)
	at Po.LoginPo.<init>(LoginPo.java:10)
	at library.BaseClass.<init>(BaseClass.java:17)
	at Po.LoginPo.<init>(LoginPo.java:10)
	at library.BaseClass.<init>(BaseClass.java:17)
	at Po.LoginPo.<init>(LoginPo.java:10)
	at library.BaseClass.<init>(BaseClass.java:17)
	at Po.LoginPo.<init>(LoginPo.java:10)
	at library.BaseClass.<init>(BaseClass.java:17)
	at Po.LoginPo.<init>(LoginPo.java:10)
	at library.BaseClass.<init>(BaseClass.java:17)
	at Po.LoginPo.<init>(LoginPo.java:10)
	at library.BaseClass.<init>(BaseClass.java:17)
	at Po.LoginPo.<init>(LoginPo.java:10)
	at library.BaseClass.<init>(BaseClass.java:17)
	at Po.LoginPo.<init>(LoginPo.java:10)
	at library.BaseClass.<init>(BaseClass.java:17)
	at Po.LoginPo.<init>(LoginPo.java:10)
	at library.BaseClass.<init>(BaseClass.java:17)
	at Po.LoginPo.<init>(LoginPo.java:10)
	at library.BaseClass.<init>(BaseClass.java:17)
	at Po.LoginPo.<init>(LoginPo.java:10)
	at library.BaseClass.<init>(BaseClass.java:17)
	at Po.LoginPo.<init>(LoginPo.java:10)
	at library.BaseClass.<init>(BaseClass.java:17)
	at Po.LoginPo.<init>(LoginPo.java:10)
	at library.BaseClass.<init>(BaseClass.java:17)
	at Po.LoginPo.<init>(LoginPo.java:10)
	at library.BaseClass.<init>(BaseClass.java:17)
	at Po.LoginPo.<init>(LoginPo.java:10)
	at library.BaseClass.<init>(BaseClass.java:17)
	at Po.LoginPo.<init>(LoginPo.java:10)
	at library.BaseClass.<init>(BaseClass.java:17)
	at Po.LoginPo.<init>(LoginPo.java:10)
	at library.BaseClass.<init>(BaseClass.java:17)
	at Po.LoginPo.<init>(LoginPo.java:10)
	at library.BaseClass.<init>(BaseClass.java:17)
	at Po.LoginPo.<init>(LoginPo.java:10)
	at library.BaseClass.<init>(BaseClass.java:17)
	at Po.LoginPo.<init>(LoginPo.java:10)
	at library.BaseClass.<init>(BaseClass.java:17)
	at Po.LoginPo.<init>(LoginPo.java:10)
	at library.BaseClass.<init>(BaseClass.java:17)
	at Po.LoginPo.<init>(LoginPo.java:10)
	at library.BaseClass.<init>(BaseClass.java:17)
	at Po.LoginPo.<init>(LoginPo.java:10)
	at library.BaseClass.<init>(BaseClass.java:17)
	at Po.LoginPo.<init>(LoginPo.java:10)
	at library.BaseClass.<init>(BaseClass.java:17)
	at Po.LoginPo.<init>(LoginPo.java:10)
	at library.BaseClass.<init>(BaseClass.java:17)
	at Po.LoginPo.<init>(LoginPo.java:10)
	at library.BaseClass.<init>(BaseClass.java:17)
	at Po.LoginPo.<init>(LoginPo.java:10)
	at library.BaseClass.<init>(BaseClass.java:17)
	at Po.LoginPo.<init>(LoginPo.java:10)
	at library.BaseClass.<init>(BaseClass.java:17)
	at Po.LoginPo.<init>(LoginPo.java:10)
	at library.BaseClass.<init>(BaseClass.java:17)
	at Po.LoginPo.<init>(LoginPo.java:10)
	at library.BaseClass.<init>(BaseClass.java:17)
	at Po.LoginPo.<init>(LoginPo.java:10)
	at library.BaseClass.<init>(BaseClass.java:17)
	at Po.LoginPo.<init>(LoginPo.java:10)
	at library.BaseClass.<init>(BaseClass.java:17)
	at Po.LoginPo.<init>(LoginPo.java:10)
	at library.BaseClass.<init>(BaseClass.java:17)
	at Po.LoginPo.<init>(LoginPo.java:10)
	at library.BaseClass.<init>(BaseClass.java:17)
	at Po.LoginPo.<init>(LoginPo.java:10)
	at library.BaseClass.<init>(BaseClass.java:17)
	at Po.LoginPo.<init>(LoginPo.java:10)
	at library.BaseClass.<init>(BaseClass.java:17)
	at Po.LoginPo.<init>(LoginPo.java:10)
	at library.BaseClass.<init>(BaseClass.java:17)
	at Po.LoginPo.<init>(LoginPo.java:10)
	at library.BaseClass.<init>(BaseClass.java:17)
	at Po.LoginPo.<init>(LoginPo.java:10)
	at library.BaseClass.<init>(BaseClass.java:17)
	at Po.LoginPo.<init>(LoginPo.java:10)
	at library.BaseClass.<init>(BaseClass.java:17)
	at Po.LoginPo.<init>(LoginPo.java:10)
	at library.BaseClass.<init>(BaseClass.java:17)
	at Po.LoginPo.<init>(LoginPo.java:10)
	at library.BaseClass.<init>(BaseClass.java:17)
	at Po.LoginPo.<init>(LoginPo.java:10)
	at library.BaseClass.<init>(BaseClass.java:17)
	at Po.LoginPo.<init>(LoginPo.java:10)
	at library.BaseClass.<init>(BaseClass.java:17)
	at Po.LoginPo.<init>(LoginPo.java:10)
	at library.BaseClass.<init>(BaseClass.java:17)
	at Po.LoginPo.<init>(LoginPo.java:10)
	at library.BaseClass.<init>(BaseClass.java:17)
	at Po.LoginPo.<init>(LoginPo.java:10)
	at library.BaseClass.<init>(BaseClass.java:17)
	at Po.LoginPo.<init>(LoginPo.java:10)
	at library.BaseClass.<init>(BaseClass.java:17)
	at Po.LoginPo.<init>(LoginPo.java:10)
	at library.BaseClass.<init>(BaseClass.java:17)
	at Po.LoginPo.<init>(LoginPo.java:10)
	at library.BaseClass.<init>(BaseClass.java:17)
	at Po.LoginPo.<init>(LoginPo.java:10)
	at library.BaseClass.<init>(BaseClass.java:17)
	at Po.LoginPo.<init>(LoginPo.java:10)
	at library.BaseClass.<init>(BaseClass.java:17)
	at Po.LoginPo.<init>(LoginPo.java:10)
	at library.BaseClass.<init>(BaseClass.java:17)
	at Po.LoginPo.<init>(LoginPo.java:10)
	at library.BaseClass.<init>(BaseClass.java:17)
	at Po.LoginPo.<init>(LoginPo.java:10)
	at library.BaseClass.<init>(BaseClass.java:17)
	at Po.LoginPo.<init>(LoginPo.java:10)
	at library.BaseClass.<init>(BaseClass.java:17)
	at Po.LoginPo.<init>(LoginPo.java:10)
	at library.BaseClass.<init>(BaseClass.java:17)
	at Po.LoginPo.<init>(LoginPo.java:10)
	at library.BaseClass.<init>(BaseClass.java:17)
	at Po.LoginPo.<init>(LoginPo.java:10)
	at library.BaseClass.<init>(BaseClass.java:17)
	at Po.LoginPo.<init>(LoginPo.java:10)
	at library.BaseClass.<init>(BaseClass.java:17)
	at Po.LoginPo.<init>(LoginPo.java:10)
	at library.BaseClass.<init>(BaseClass.java:17)
	at Po.LoginPo.<init>(LoginPo.java:10)
	at library.BaseClass.<init>(BaseClass.java:17)
	at Po.LoginPo.<init>(LoginPo.java:10)
	at library.BaseClass.<init>(BaseClass.java:17)
	at Po.LoginPo.<init>(LoginPo.java:10)
	at library.BaseClass.<init>(BaseClass.java:17)
	at Po.LoginPo.<init>(LoginPo.java:10)
	at library.BaseClass.<init>(BaseClass.java:17)
	at Po.LoginPo.<init>(LoginPo.java:10)
	at library.BaseClass.<init>(BaseClass.java:17)
	at Po.LoginPo.<init>(LoginPo.java:10)
	at library.BaseClass.<init>(BaseClass.java:17)
	at Po.LoginPo.<init>(LoginPo.java:10)
	at library.BaseClass.<init>(BaseClass.java:17)
	at Po.LoginPo.<init>(LoginPo.java:10)
	at library.BaseClass.<init>(BaseClass.java:17)
	at Po.LoginPo.<init>(LoginPo.java:10)
	at library.BaseClass.<init>(BaseClass.java:17)
	at Po.LoginPo.<init>(LoginPo.java:10)
	at library.BaseClass.<init>(BaseClass.java:17)
	at Po.LoginPo.<init>(LoginPo.java:10)
	at library.BaseClass.<init>(BaseClass.java:17)
	at Po.LoginPo.<init>(LoginPo.java:10)
	at library.BaseClass.<init>(BaseClass.java:17)
	at Po.LoginPo.<init>(LoginPo.java:10)
	at library.BaseClass.<init>(BaseClass.java:17)
	at Po.LoginPo.<init>(LoginPo.java:10)
	at library.BaseClass.<init>(BaseClass.java:17)
	at Po.LoginPo.<init>(LoginPo.java:10)
	at library.BaseClass.<init>(BaseClass.java:17)
	at Po.LoginPo.<init>(LoginPo.java:10)
	at library.BaseClass.<init>(BaseClass.java:17)
	at Po.LoginPo.<init>(LoginPo.java:10)
	at library.BaseClass.<init>(BaseClass.java:17)
	at Po.LoginPo.<init>(LoginPo.java:10)
	at library.BaseClass.<init>(BaseClass.java:17)
	at Po.LoginPo.<init>(LoginPo.java:10)
	at library.BaseClass.<init>(BaseClass.java:17)
	at Po.LoginPo.<init>(LoginPo.java:10)
	at library.BaseClass.<init>(BaseClass.java:17)
	at Po.LoginPo.<init>(LoginPo.java:10)
	at library.BaseClass.<init>(BaseClass.java:17)
	at Po.LoginPo.<init>(LoginPo.java:10)
	at library.BaseClass.<init>(BaseClass.java:17)
	at Po.LoginPo.<init>(LoginPo.java:10)
	at library.BaseClass.<init>(BaseClass.java:17)
	at Po.LoginPo.<init>(LoginPo.java:10)
	at library.BaseClass.<init>(BaseClass.java:17)
	at Po.LoginPo.<init>(LoginPo.java:10)
	at library.BaseClass.<init>(BaseClass.java:17)
	at Po.LoginPo.<init>(LoginPo.java:10)
	at library.BaseClass.<init>(BaseClass.java:17)
	at Po.LoginPo.<init>(LoginPo.java:10)
	at library.BaseClass.<init>(BaseClass.java:17)
	at Po.LoginPo.<init>(LoginPo.java:10)
	at library.BaseClass.<init>(BaseClass.java:17)
	at Po.LoginPo.<init>(LoginPo.java:10)
	at library.BaseClass.<init>(BaseClass.java:17)
	at Po.LoginPo.<init>(LoginPo.java:10)
	at library.BaseClass.<init>(BaseClass.java:17)
	at Po.LoginPo.<init>(LoginPo.java:10)
	at library.BaseClass.<init>(BaseClass.java:17)
	at Po.LoginPo.<init>(LoginPo.java:10)
	at library.BaseClass.<init>(BaseClass.java:17)
	at Po.LoginPo.<init>(LoginPo.java:10)
	at library.BaseClass.<init>(BaseClass.java:17)
	at Po.LoginPo.<init>(LoginPo.java:10)
	at library.BaseClass.<init>(BaseClass.java:17)
	at Po.LoginPo.<init>(LoginPo.java:10)
	at library.BaseClass.<init>(BaseClass.java:17)
	at Po.LoginPo.<init>(LoginPo.java:10)
	at library.BaseClass.<init>(BaseClass.java:17)
	at Po.LoginPo.<init>(LoginPo.java:10)
	at library.BaseClass.<init>(BaseClass.java:17)
	at Po.LoginPo.<init>(LoginPo.java:10)
	at library.BaseClass.<init>(BaseClass.java:17)
	at Po.LoginPo.<init>(LoginPo.java:10)
	at library.BaseClass.<init>(BaseClass.java:17)
	at Po.LoginPo.<init>(LoginPo.java:10)
	at library.BaseClass.<init>(BaseClass.java:17)
	at Po.LoginPo.<init>(LoginPo.java:10)
	at library.BaseClass.<init>(BaseClass.java:17)
	at Po.LoginPo.<init>(LoginPo.java:10)
	at library.BaseClass.<init>(BaseClass.java:17)
	at Po.LoginPo.<init>(LoginPo.java:10)
	at library.BaseClass.<init>(BaseClass.java:17)
	at Po.LoginPo.<init>(LoginPo.java:10)
	at library.BaseClass.<init>(BaseClass.java:17)
	at Po.LoginPo.<init>(LoginPo.java:10)
	at library.BaseClass.<init>(BaseClass.java:17)
	at Po.LoginPo.<init>(LoginPo.java:10)
	at library.BaseClass.<init>(BaseClass.java:17)
	at Po.LoginPo.<init>(LoginPo.java:10)
	at library.BaseClass.<init>(BaseClass.java:17)
	at Po.LoginPo.<init>(LoginPo.java:10)
	at library.BaseClass.<init>(BaseClass.java:17)
	at Po.LoginPo.<init>(LoginPo.java:10)
	at library.BaseClass.<init>(BaseClass.java:17)
	at Po.LoginPo.<init>(LoginPo.java:10)
	at library.BaseClass.<init>(BaseClass.java:17)
	at Po.LoginPo.<init>(LoginPo.java:10)
	at library.BaseClass.<init>(BaseClass.java:17)
	at Po.LoginPo.<init>(LoginPo.java:10)
	at library.BaseClass.<init>(BaseClass.java:17)
	at Po.LoginPo.<init>(LoginPo.java:10)
	at library.BaseClass.<init>(BaseClass.java:17)
	at Po.LoginPo.<init>(LoginPo.java:10)
	at library.BaseClass.<init>(BaseClass.java:17)
	at Po.LoginPo.<init>(LoginPo.java:10)
	at library.BaseClass.<init>(BaseClass.java:17)
	at Po.LoginPo.<init>(LoginPo.java:10)
	at library.BaseClass.<init>(BaseClass.java:17)
	at Po.LoginPo.<init>(LoginPo.java:10)
	at library.BaseClass.<init>(BaseClass.java:17)
	at Po.LoginPo.<init>(LoginPo.java:10)
	at library.BaseClass.<init>(BaseClass.java:17)
	at Po.LoginPo.<init>(LoginPo.java:10)
	at library.BaseClass.<init>(BaseClass.java:17)
	at Po.LoginPo.<init>(LoginPo.java:10)
	at library.BaseClass.<init>(BaseClass.java:17)
	at Po.LoginPo.<init>(LoginPo.java:10)
	at library.BaseClass.<init>(BaseClass.java:17)
	at Po.LoginPo.<init>(LoginPo.java:10)
	at library.BaseClass.<init>(BaseClass.java:17)
	at Po.LoginPo.<init>(LoginPo.java:10)
	at library.BaseClass.<init>(BaseClass.java:17)
	at Po.LoginPo.<init>(LoginPo.java:10)
	at library.BaseClass.<init>(BaseClass.java:17)
	at Po.LoginPo.<init>(LoginPo.java:10)
	at library.BaseClass.<init>(BaseClass.java:17)
	at Po.LoginPo.<init>(LoginPo.java:10)
	at library.BaseClass.<init>(BaseClass.java:17)
	at Po.LoginPo.<init>(LoginPo.java:10)
	at library.BaseClass.<init>(BaseClass.java:17)
	at Po.LoginPo.<init>(LoginPo.java:10)
	at library.BaseClass.<init>(BaseClass.java:17)
	at Po.LoginPo.<init>(LoginPo.java:10)
	at library.BaseClass.<init>(BaseClass.java:17)
	at Po.LoginPo.<init>(LoginPo.java:10)
	at library.BaseClass.<init>(BaseClass.java:17)
	at Po.LoginPo.<init>(LoginPo.java:10)
	at library.BaseClass.<init>(BaseClass.java:17)
	at Po.LoginPo.<init>(LoginPo.java:10)
	at library.BaseClass.<init>(BaseClass.java:17)
	at Po.LoginPo.<init>(LoginPo.java:10)
	at library.BaseClass.<init>(BaseClass.java:17)
	at Po.LoginPo.<init>(LoginPo.java:10)
	at library.BaseClass.<init>(BaseClass.java:17)
	at Po.LoginPo.<init>(LoginPo.java:10)
	at library.BaseClass.<init>(BaseClass.java:17)
	at Po.LoginPo.<init>(LoginPo.java:10)
	at library.BaseClass.<init>(BaseClass.java:17)
	at Po.LoginPo.<init>(LoginPo.java:10)
[...]
	at library.BaseClass.<init>(BaseClass.java:17)
	at Po.LoginPo.<init>(LoginPo.java:10)
	at library.BaseClass.<init>(BaseClass.java:17)
	at Po.LoginPo.<init>(LoginPo.java:10)
	at library.BaseClass.<init>(BaseClass.java:17)
	at Po.LoginPo.<init>(LoginPo.java:10)
	at library.BaseClass.<init>(BaseClass.java:17)
	at Po.LoginPo.<init>(LoginPo.java:10)
	at library.BaseClass.<init>(BaseClass.java:17)
	at Po.LoginPo.<init>(LoginPo.java:10)
	at library.BaseClass.<init>(BaseClass.java:17)
	at Po.LoginPo.<init>(LoginPo.java:10)
	at library.BaseClass.<init>(BaseClass.java:17)
	at Po.LoginPo.<init>(LoginPo.java:10)
	at library.BaseClass.<init>(BaseClass.java:17)
	at Po.LoginPo.<init>(LoginPo.java:10)
	at library.BaseClass.<init>(BaseClass.java:17)
	at Po.LoginPo.<init>(LoginPo.java:10)
	at library.BaseClass.<init>(BaseClass.java:17)
	at Po.LoginPo.<init>(LoginPo.java:10)
	at library.BaseClass.<init>(BaseClass.java:17)
	at Po.LoginPo.<init>(LoginPo.java:10)
	at library.BaseClass.<init>(BaseClass.java:17)
	at Po.LoginPo.<init>(LoginPo.java:10)
	at library.BaseClass.<init>(BaseClass.java:17)
	at Po.LoginPo.<init>(LoginPo.java:10)
	at library.BaseClass.<init>(BaseClass.java:17)
	at Po.LoginPo.<init>(LoginPo.java:10)
	at library.BaseClass.<init>(BaseClass.java:17)
	at Po.LoginPo.<init>(LoginPo.java:10)
	at library.BaseClass.<init>(BaseClass.java:17)
	at Po.LoginPo.<init>(LoginPo.java:10)
	at library.BaseClass.<init>(BaseClass.java:17)
	at Po.LoginPo.<init>(LoginPo.java:10)
	at library.BaseClass.<init>(BaseClass.java:17)
	at Po.LoginPo.<init>(LoginPo.java:10)
	at library.BaseClass.<init>(BaseClass.java:17)
	at Po.LoginPo.<init>(LoginPo.java:10)
	at library.BaseClass.<init>(BaseClass.java:17)
	at Po.LoginPo.<init>(LoginPo.java:10)
	at library.BaseClass.<init>(BaseClass.java:17)
	at Po.LoginPo.<init>(LoginPo.java:10)
	at library.BaseClass.<init>(BaseClass.java:17)
	at Po.LoginPo.<init>(LoginPo.java:10)
	at library.BaseClass.<init>(BaseClass.java:17)
	at Po.LoginPo.<init>(LoginPo.java:10)
	at library.BaseClass.<init>(BaseClass.java:17)
	at Po.LoginPo.<init>(LoginPo.java:10)
	at library.BaseClass.<init>(BaseClass.java:17)
	at Po.LoginPo.<init>(LoginPo.java:10)
	at library.BaseClass.<init>(BaseClass.java:17)
	at Po.LoginPo.<init>(LoginPo.java:10)
	at library.BaseClass.<init>(BaseClass.java:17)
	at Po.LoginPo.<init>(LoginPo.java:10)
	at library.BaseClass.<init>(BaseClass.java:17)
	at Po.LoginPo.<init>(LoginPo.java:10)
	at library.BaseClass.<init>(BaseClass.java:17)
	at Po.LoginPo.<init>(LoginPo.java:10)
	at library.BaseClass.<init>(BaseClass.java:17)
	at Po.LoginPo.<init>(LoginPo.java:10)
	at library.BaseClass.<init>(BaseClass.java:17)
	at Po.LoginPo.<init>(LoginPo.java:10)
	at library.BaseClass.<init>(BaseClass.java:17)
	at Po.LoginPo.<init>(LoginPo.java:10)
	at library.BaseClass.<init>(BaseClass.java:17)
	at Po.LoginPo.<init>(LoginPo.java:10)
	at library.BaseClass.<init>(BaseClass.java:17)
	at Po.LoginPo.<init>(LoginPo.java:10)
	at library.BaseClass.<init>(BaseClass.java:17)
	at Po.LoginPo.<init>(LoginPo.java:10)
	at library.BaseClass.<init>(BaseClass.java:17)
	at Po.LoginPo.<init>(LoginPo.java:10)
	at library.BaseClass.<init>(BaseClass.java:17)
	at Po.LoginPo.<init>(LoginPo.java:10)
	at library.BaseClass.<init>(BaseClass.java:17)
	at Po.LoginPo.<init>(LoginPo.java:10)
	at library.BaseClass.<init>(BaseClass.java:17)
	at Po.LoginPo.<init>(LoginPo.java:10)
	at library.BaseClass.<init>(BaseClass.java:17)
	at Po.LoginPo.<init>(LoginPo.java:10)
	at library.BaseClass.<init>(BaseClass.java:17)
	at Po.LoginPo.<init>(LoginPo.java:10)
	at library.BaseClass.<init>(BaseClass.java:17)
	at Po.LoginPo.<init>(LoginPo.java:10)
	at library.BaseClass.<init>(BaseClass.java:17)
	at Po.LoginPo.<init>(LoginPo.java:10)
	at library.BaseClass.<init>(BaseClass.java:17)
	at Po.LoginPo.<init>(LoginPo.java:10)
	at library.BaseClass.<init>(BaseClass.java:17)
	at Po.LoginPo.<init>(LoginPo.java:10)
	at library.BaseClass.<init>(BaseClass.java:17)
	at Po.LoginPo.<init>(LoginPo.java:10)
	at library.BaseClass.<init>(BaseClass.java:17)
	at Po.LoginPo.<init>(LoginPo.java:10)
	at library.BaseClass.<init>(BaseClass.java:17)
	at Po.LoginPo.<init>(LoginPo.java:10)
	at library.BaseClass.<init>(BaseClass.java:17)
	at Po.LoginPo.<init>(LoginPo.java:10)
	at library.BaseClass.<init>(BaseClass.java:17)
	at Po.LoginPo.<init>(LoginPo.java:10)
	at library.BaseClass.<init>(BaseClass.java:17)
	at Po.LoginPo.<init>(LoginPo.java:10)
	at library.BaseClass.<init>(BaseClass.java:17)
	at Po.LoginPo.<init>(LoginPo.java:10)
	at library.BaseClass.<init>(BaseClass.java:17)
	at Po.LoginPo.<init>(LoginPo.java:10)
	at library.BaseClass.<init>(BaseClass.java:17)
	at Po.LoginPo.<init>(LoginPo.java:10)
	at library.BaseClass.<init>(BaseClass.java:17)
	at Po.LoginPo.<init>(LoginPo.java:10)
	at library.BaseClass.<init>(BaseClass.java:17)
	at Po.LoginPo.<init>(LoginPo.java:10)
	at library.BaseClass.<init>(BaseClass.java:17)
	at Po.LoginPo.<init>(LoginPo.java:10)
	at library.BaseClass.<init>(BaseClass.java:17)
	at Po.LoginPo.<init>(LoginPo.java:10)
	at library.BaseClass.<init>(BaseClass.java:17)
	at Po.LoginPo.<init>(LoginPo.java:10)
	at library.BaseClass.<init>(BaseClass.java:17)
	at Po.LoginPo.<init>(LoginPo.java:10)
	at library.BaseClass.<init>(BaseClass.java:17)
	at Po.LoginPo.<init>(LoginPo.java:10)
	at library.BaseClass.<init>(BaseClass.java:17)
	at Po.LoginPo.<init>(LoginPo.java:10)
	at library.BaseClass.<init>(BaseClass.java:17)
	at Po.LoginPo.<init>(LoginPo.java:10)
	at library.BaseClass.<init>(BaseClass.java:17)
	at Po.LoginPo.<init>(LoginPo.java:10)
	at library.BaseClass.<init>(BaseClass.java:17)
	at Po.LoginPo.<init>(LoginPo.java:10)
	at library.BaseClass.<init>(BaseClass.java:17)
	at Po.LoginPo.<init>(LoginPo.java:10)
	at library.BaseClass.<init>(BaseClass.java:17)
	at Po.LoginPo.<init>(LoginPo.java:10)
	at library.BaseClass.<init>(BaseClass.java:17)
	at Po.LoginPo.<init>(LoginPo.java:10)
	at library.BaseClass.<init>(BaseClass.java:17)
	at Po.LoginPo.<init>(LoginPo.java:10)
	at library.BaseClass.<init>(BaseClass.java:17)
	at Po.LoginPo.<init>(LoginPo.java:10)
	at library.BaseClass.<init>(BaseClass.java:17)
	at Po.LoginPo.<init>(LoginPo.java:10)
	at library.BaseClass.<init>(BaseClass.java:17)
	at Po.LoginPo.<init>(LoginPo.java:10)
	at library.BaseClass.<init>(BaseClass.java:17)
	at Po.LoginPo.<init>(LoginPo.java:10)
	at library.BaseClass.<init>(BaseClass.java:17)
	at Po.LoginPo.<init>(LoginPo.java:10)
	at library.BaseClass.<init>(BaseClass.java:17)
	at Po.LoginPo.<init>(LoginPo.java:10)
	at library.BaseClass.<init>(BaseClass.java:17)
	at Po.LoginPo.<init>(LoginPo.java:10)
	at library.BaseClass.<init>(BaseClass.java:17)
	at Po.LoginPo.<init>(LoginPo.java:10)
	at library.BaseClass.<init>(BaseClass.java:17)
	at Po.LoginPo.<init>(LoginPo.java:10)
	at library.BaseClass.<init>(BaseClass.java:17)
	at Po.LoginPo.<init>(LoginPo.java:10)
	at library.BaseClass.<init>(BaseClass.java:17)
	at Po.LoginPo.<init>(LoginPo.java:10)
	at library.BaseClass.<init>(BaseClass.java:17)
	at Po.LoginPo.<init>(LoginPo.java:10)
	at library.BaseClass.<init>(BaseClass.java:17)
	at Po.LoginPo.<init>(LoginPo.java:10)
	at library.BaseClass.<init>(BaseClass.java:17)
	at Po.LoginPo.<init>(LoginPo.java:10)
	at library.BaseClass.<init>(BaseClass.java:17)
	at Po.LoginPo.<init>(LoginPo.java:10)
	at library.BaseClass.<init>(BaseClass.java:17)
	at Po.LoginPo.<init>(LoginPo.java:10)
	at library.BaseClass.<init>(BaseClass.java:17)
	at Po.LoginPo.<init>(LoginPo.java:10)
	at library.BaseClass.<init>(BaseClass.java:17)
	at Po.LoginPo.<init>(LoginPo.java:10)
	at library.BaseClass.<init>(BaseClass.java:17)
	at Po.LoginPo.<init>(LoginPo.java:10)
	at library.BaseClass.<init>(BaseClass.java:17)
	at Po.LoginPo.<init>(LoginPo.java:10)
	at library.BaseClass.<init>(BaseClass.java:17)
	at Po.LoginPo.<init>(LoginPo.java:10)
	at library.BaseClass.<init>(BaseClass.java:17)
	at Po.LoginPo.<init>(LoginPo.java:10)
	at library.BaseClass.<init>(BaseClass.java:17)
	at Po.LoginPo.<init>(LoginPo.java:10)
	at library.BaseClass.<init>(BaseClass.java:17)
	at Po.LoginPo.<init>(LoginPo.java:10)
	at library.BaseClass.<init>(BaseClass.java:17)
	at Po.LoginPo.<init>(LoginPo.java:10)
	at library.BaseClass.<init>(BaseClass.java:17)
	at Po.LoginPo.<init>(LoginPo.java:10)
	at library.BaseClass.<init>(BaseClass.java:17)
	at Po.LoginPo.<init>(LoginPo.java:10)
	at library.BaseClass.<init>(BaseClass.java:17)
	at Po.LoginPo.<init>(LoginPo.java:10)
	at library.BaseClass.<init>(BaseClass.java:17)
	at Po.LoginPo.<init>(LoginPo.java:10)
	at library.BaseClass.<init>(BaseClass.java:17)
	at Po.LoginPo.<init>(LoginPo.java:10)
	at library.BaseClass.<init>(BaseClass.java:17)
	at Po.LoginPo.<init>(LoginPo.java:10)
	at library.BaseClass.<init>(BaseClass.java:17)
	at Po.LoginPo.<init>(LoginPo.java:10)
	at library.BaseClass.<init>(BaseClass.java:17)
	at Po.LoginPo.<init>(LoginPo.java:10)
	at library.BaseClass.<init>(BaseClass.java:17)
	at Po.LoginPo.<init>(LoginPo.java:10)
	at library.BaseClass.<init>(BaseClass.java:17)
	at Po.LoginPo.<init>(LoginPo.java:10)
	at library.BaseClass.<init>(BaseClass.java:17)
	at Po.LoginPo.<init>(LoginPo.java:10)
	at library.BaseClass.<init>(BaseClass.java:17)
	at Po.LoginPo.<init>(LoginPo.java:10)
	at library.BaseClass.<init>(BaseClass.java:17)
	at Po.LoginPo.<init>(LoginPo.java:10)
	at library.BaseClass.<init>(BaseClass.java:17)
	at Po.LoginPo.<init>(LoginPo.java:10)
	at library.BaseClass.<init>(BaseClass.java:17)
	at Po.LoginPo.<init>(LoginPo.java:10)
	at library.BaseClass.<init>(BaseClass.java:17)
	at Po.LoginPo.<init>(LoginPo.java:10)
	at library.BaseClass.<init>(BaseClass.java:17)
	at Po.LoginPo.<init>(LoginPo.java:10)
	at library.BaseClass.<init>(BaseClass.java:17)
	at Po.LoginPo.<init>(LoginPo.java:10)
	at library.BaseClass.<init>(BaseClass.java:17)
	at Po.LoginPo.<init>(LoginPo.java:10)
	at library.BaseClass.<init>(BaseClass.java:17)
	at Po.LoginPo.<init>(LoginPo.java:10)
	at library.BaseClass.<init>(BaseClass.java:17)
	at Po.LoginPo.<init>(LoginPo.java:10)
	at library.BaseClass.<init>(BaseClass.java:17)
	at Po.LoginPo.<init>(LoginPo.java:10)
	at library.BaseClass.<init>(BaseClass.java:17)
	at Po.LoginPo.<init>(LoginPo.java:10)
	at library.BaseClass.<init>(BaseClass.java:17)
	at Po.LoginPo.<init>(LoginPo.java:10)
	at library.BaseClass.<init>(BaseClass.java:17)
	at Po.LoginPo.<init>(LoginPo.java:10)
	at library.BaseClass.<init>(BaseClass.java:17)
	at Po.LoginPo.<init>(LoginPo.java:10)
	at library.BaseClass.<init>(BaseClass.java:17)
	at Po.LoginPo.<init>(LoginPo.java:10)
	at library.BaseClass.<init>(BaseClass.java:17)
	at Po.LoginPo.<init>(LoginPo.java:10)
	at library.BaseClass.<init>(BaseClass.java:17)
	at Po.LoginPo.<init>(LoginPo.java:10)
	at library.BaseClass.<init>(BaseClass.java:17)
	at Po.LoginPo.<init>(LoginPo.java:10)
	at library.BaseClass.<init>(BaseClass.java:17)
	at Po.LoginPo.<init>(LoginPo.java:10)
	at library.BaseClass.<init>(BaseClass.java:17)
	at Po.LoginPo.<init>(LoginPo.java:10)
	at library.BaseClass.<init>(BaseClass.java:17)
	at Po.LoginPo.<init>(LoginPo.java:10)
	at library.BaseClass.<init>(BaseClass.java:17)
	at Po.LoginPo.<init>(LoginPo.java:10)
	at library.BaseClass.<init>(BaseClass.java:17)
	at Po.LoginPo.<init>(LoginPo.java:10)
	at library.BaseClass.<init>(BaseClass.java:17)
	at Po.LoginPo.<init>(LoginPo.java:10)
	at library.BaseClass.<init>(BaseClass.java:17)
	at Po.LoginPo.<init>(LoginPo.java:10)
	at library.BaseClass.<init>(BaseClass.java:17)
	at Po.LoginPo.<init>(LoginPo.java:10)
	at library.BaseClass.<init>(BaseClass.java:17)
	at Po.LoginPo.<init>(LoginPo.java:10)
	at library.BaseClass.<init>(BaseClass.java:17)
	at Po.LoginPo.<init>(LoginPo.java:10)
	at library.BaseClass.<init>(BaseClass.java:17)
	at Po.LoginPo.<init>(LoginPo.java:10)
	at library.BaseClass.<init>(BaseClass.java:17)
	at Po.LoginPo.<init>(LoginPo.java:10)
	at library.BaseClass.<init>(BaseClass.java:17)
	at Po.LoginPo.<init>(LoginPo.java:10)
	at library.BaseClass.<init>(BaseClass.java:17)
	at Po.LoginPo.<init>(LoginPo.java:10)
	at library.BaseClass.<init>(BaseClass.java:17)
	at Po.LoginPo.<init>(LoginPo.java:10)
	at library.BaseClass.<init>(BaseClass.java:17)
	at Po.LoginPo.<init>(LoginPo.java:10)
	at library.BaseClass.<init>(BaseClass.java:17)
	at Po.LoginPo.<init>(LoginPo.java:10)
	at library.BaseClass.<init>(BaseClass.java:17)
	at Po.LoginPo.<init>(LoginPo.java:10)
	at library.BaseClass.<init>(BaseClass.java:17)
	at Po.LoginPo.<init>(LoginPo.java:10)
	at library.BaseClass.<init>(BaseClass.java:17)
	at Po.LoginPo.<init>(LoginPo.java:10)
	at library.BaseClass.<init>(BaseClass.java:17)
	at Po.LoginPo.<init>(LoginPo.java:10)
	at library.BaseClass.<init>(BaseClass.java:17)
	at Po.LoginPo.<init>(LoginPo.java:10)
	at library.BaseClass.<init>(BaseClass.java:17)
	at Po.LoginPo.<init>(LoginPo.java:10)
	at library.BaseClass.<init>(BaseClass.java:17)
	at Po.LoginPo.<init>(LoginPo.java:10)
	at library.BaseClass.<init>(BaseClass.java:17)
	at Po.LoginPo.<init>(LoginPo.java:10)
	at library.BaseClass.<init>(BaseClass.java:17)
	at Po.LoginPo.<init>(LoginPo.java:10)
	at library.BaseClass.<init>(BaseClass.java:17)
	at Po.LoginPo.<init>(LoginPo.java:10)
	at library.BaseClass.<init>(BaseClass.java:17)
	at Po.LoginPo.<init>(LoginPo.java:10)
	at library.BaseClass.<init>(BaseClass.java:17)
	at Po.LoginPo.<init>(LoginPo.java:10)
	at library.BaseClass.<init>(BaseClass.java:17)
	at Po.LoginPo.<init>(LoginPo.java:10)
	at library.BaseClass.<init>(BaseClass.java:17)
	at Po.LoginPo.<init>(LoginPo.java:10)
	at library.BaseClass.<init>(BaseClass.java:17)
	at Po.LoginPo.<init>(LoginPo.java:10)
	at library.BaseClass.<init>(BaseClass.java:17)
	at Po.LoginPo.<init>(LoginPo.java:10)
	at library.BaseClass.<init>(BaseClass.java:17)
	at Po.LoginPo.<init>(LoginPo.java:10)
	at library.BaseClass.<init>(BaseClass.java:17)
	at Po.LoginPo.<init>(LoginPo.java:10)
	at library.BaseClass.<init>(BaseClass.java:17)
	at Po.LoginPo.<init>(LoginPo.java:10)
	at library.BaseClass.<init>(BaseClass.java:17)
	at Po.LoginPo.<init>(LoginPo.java:10)
	at library.BaseClass.<init>(BaseClass.java:17)
	at Po.LoginPo.<init>(LoginPo.java:10)
	at library.BaseClass.<init>(BaseClass.java:17)
	at Po.LoginPo.<init>(LoginPo.java:10)
	at library.BaseClass.<init>(BaseClass.java:17)
	at Po.LoginPo.<init>(LoginPo.java:10)
	at library.BaseClass.<init>(BaseClass.java:17)
	at Po.LoginPo.<init>(LoginPo.java:10)
	at library.BaseClass.<init>(BaseClass.java:17)
	at Po.LoginPo.<init>(LoginPo.java:10)
	at library.BaseClass.<init>(BaseClass.java:17)
	at Po.LoginPo.<init>(LoginPo.java:10)
	at library.BaseClass.<init>(BaseClass.java:17)
	at Po.LoginPo.<init>(LoginPo.java:10)
	at library.BaseClass.<init>(BaseClass.java:17)
	at Po.LoginPo.<init>(LoginPo.java:10)
	at library.BaseClass.<init>(BaseClass.java:17)
	at Po.LoginPo.<init>(LoginPo.java:10)
	at library.BaseClass.<init>(BaseClass.java:17)
	at Po.LoginPo.<init>(LoginPo.java:10)
	at library.BaseClass.<init>(BaseClass.java:17)
	at Po.LoginPo.<init>(LoginPo.java:10)
	at library.BaseClass.<init>(BaseClass.java:17)
	at Po.LoginPo.<init>(LoginPo.java:10)
	at library.BaseClass.<init>(BaseClass.java:17)
	at Po.LoginPo.<init>(LoginPo.java:10)
	at library.BaseClass.<init>(BaseClass.java:17)
	at Po.LoginPo.<init>(LoginPo.java:10)
	at library.BaseClass.<init>(BaseClass.java:17)
	at Po.LoginPo.<init>(LoginPo.java:10)
	at library.BaseClass.<init>(BaseClass.java:17)
	at Po.LoginPo.<init>(LoginPo.java:10)
	at library.BaseClass.<init>(BaseClass.java:17)
	at Po.LoginPo.<init>(LoginPo.java:10)
	at library.BaseClass.<init>(BaseClass.java:17)
	at Po.LoginPo.<init>(LoginPo.java:10)
	at library.BaseClass.<init>(BaseClass.java:17)
	at Po.LoginPo.<init>(LoginPo.java:10)
	at library.BaseClass.<init>(BaseClass.java:17)
	at Po.LoginPo.<init>(LoginPo.java:10)
	at library.BaseClass.<init>(BaseClass.java:17)
	at Po.LoginPo.<init>(LoginPo.java:10)
	at library.BaseClass.<init>(BaseClass.java:17)
	at Po.LoginPo.<init>(LoginPo.java:10)
	at library.BaseClass.<init>(BaseClass.java:17)
	at Po.LoginPo.<init>(LoginPo.java:10)
	at library.BaseClass.<init>(BaseClass.java:17)
	at Po.LoginPo.<init>(LoginPo.java:10)
	at library.BaseClass.<init>(BaseClass.java:17)
	at Po.LoginPo.<init>(LoginPo.java:10)
	at library.BaseClass.<init>(BaseClass.java:17)
	at Po.LoginPo.<init>(LoginPo.java:10)
	at library.BaseClass.<init>(BaseClass.java:17)
	at Po.LoginPo.<init>(LoginPo.java:10)
	at library.BaseClass.<init>(BaseClass.java:17)
	at Po.LoginPo.<init>(LoginPo.java:10)
	at library.BaseClass.<init>(BaseClass.java:17)
	at Po.LoginPo.<init>(LoginPo.java:10)
	at library.BaseClass.<init>(BaseClass.java:17)
	at Po.LoginPo.<init>(LoginPo.java:10)
	at library.BaseClass.<init>(BaseClass.java:17)
	at Po.LoginPo.<init>(LoginPo.java:10)
	at library.BaseClass.<init>(BaseClass.java:17)
	at Po.LoginPo.<init>(LoginPo.java:10)
	at library.BaseClass.<init>(BaseClass.java:17)
	at Po.LoginPo.<init>(LoginPo.java:10)
	at library.BaseClass.<init>(BaseClass.java:17)
	at Po.LoginPo.<init>(LoginPo.java:10)
	at library.BaseClass.<init>(BaseClass.java:17)
	at Po.LoginPo.<init>(LoginPo.java:10)
	at library.BaseClass.<init>(BaseClass.java:17)
	at Po.LoginPo.<init>(LoginPo.java:10)
	at library.BaseClass.<init>(BaseClass.java:17)
	at Po.LoginPo.<init>(LoginPo.java:10)
	at library.BaseClass.<init>(BaseClass.java:17)
]]></failure>
    <system-err><![CDATA[1563961849457	Marionette	INFO	Stopped listening on port 49502
[Parent 11108, Gecko_IOThread] WARNING: pipe error: 109: file z:/task_1563383129/build/src/ipc/chromium/src/chrome/common/ipc_channel_win.cc, line 341
[Child 8104, Chrome_ChildThread] WARNING: pipe error: 109: file z:/task_1563383129/build/src/ipc/chromium/src/chrome/common/ipc_channel_win.cc, line 341
[Child 8104, Chrome_ChildThread] WARNING: pipe error: 109: file z:/task_1563383129/build/src/ipc/chromium/src/chrome/common/ipc_channel_win.cc, line 341
[Child 584, Chrome_ChildThread] WARNING: pipe error: 109: file z:/task_1563383129/build/src/ipc/chromium/src/chrome/common/ipc_channel_win.cc, line 341
[Child 584, Chrome_ChildThread] WARNING: pipe error: 109: file z:/task_1563383129/build/src/ipc/chromium/src/chrome/common/ipc_c[Parent 11108, Gecko_IOThread] WARNING: pipe error: 109: file z:/task_1563383129/build/src/ipc/chromium/src/chrome/common/ipc_channel_win.cc, line 341
[Child 5784, Chrome_ChildThread] WARNING: pipe error: 109: file z:/task_1563383129/build/src/ipc/chromium/src/chrome/common/ipc_channel_win.cc, line 341
[Child 5784, Chrome_ChildThread] WARNING: pipe error: 109: file z:/task_1563383129/build/src/ipc/chromium/src/chrome/common/ipc_channel_win.cc, line 341

###!!! [Child][RunMessage] Error: Channel closing: too late to send/recv, messages will be lost

[GPU 10472, Chrome_
###!!! [Child][MessageChannel::SendAndWait] Error: Channel error: cannot send/recv

1563961855891	mozrunner::runner	INFO	Running command: "C:\\Program Files\\Mozilla Firefox\\firefox.exe" "-marionette" "-foreground" "-no-remote" "-profile" "C:\\Users\\Admin\\AppData\\Local\\Temp\\rust_mozprofile.yFf526eXJVsk"
1563961856729	addons.webextension.screenshots@mozilla.org	WARN	Loading extension 'screenshots@mozilla.org': Reading manifest: Invalid extension permission: mozillaAddons
1563961856729	addons.webextension.screenshots@mozilla.org	WARN	Loading extension 'screenshots@mozilla.org': Reading manifest: Invalid extension permission: telemetry
1563961856730	addons.webextension.screenshots@mozilla.org	WARN	Loading extension 'screenshots@mozilla.org': Reading manifest: Invalid extension permission: resource://pdf.js/
1563961856730	addons.webextension.screenshots@mozilla.org	WARN	Loading extension 'screenshots@mozilla.org': Reading manifest: Invalid extension permission: about:reader*
1563961859892	Marionette	INFO	Listening on port 49550
1563961860220	Marionette	WARN	TLS certificate errors will be ignored for this session
Jul 24, 2019 3:21:00 PM org.openqa.selenium.remote.ProtocolHandshake createSession
INFO: Detected dialect: W3C
]]></system-err>
  </testcase>
</testsuite>