<?xml version="1.0" encoding="UTF-8"?>
<testng-results skipped="0" failed="3" ignored="0" total="3" passed="0">
  <reporter-output>
  </reporter-output>
  <suite name="Suite" duration-ms="46009" started-at="2019-07-24T09:50:23Z" finished-at="2019-07-24T09:51:09Z">
    <groups>
    </groups>
    <test name="Test" duration-ms="46009" started-at="2019-07-24T09:50:23Z" finished-at="2019-07-24T09:51:09Z">
      <class name="script.Test2">
        <test-method status="PASS" signature="openbrowser()[pri:0, instance:script.Test2@383f1975]" name="openbrowser" is-config="true" duration-ms="10465" started-at="2019-07-24T09:50:23Z" finished-at="2019-07-24T09:50:34Z">
          <reporter-output>
          </reporter-output>
        </test-method> <!-- openbrowser -->
        <test-method status="FAIL" signature="Registration()[pri:0, instance:script.Test2@383f1975]" name="Registration" duration-ms="22" started-at="2019-07-24T09:50:34Z" finished-at="2019-07-24T09:50:34Z">
          <exception class="java.lang.StackOverflowError">
            <full-stacktrace>
              <![CDATA[java.lang.StackOverflowError
at Po.LoginPo.<init>(LoginPo.java:10)
at library.BaseClass.<init>(BaseClass.java:17)
at Po.LoginPo.<init>(LoginPo.java:10)
at library.BaseClass.<init>(BaseClass.java:17)
at Po.LoginPo.<init>(LoginPo.java:10)
at library.BaseClass.<init>(BaseClass.java:17)
at Po.LoginPo.<init>(LoginPo.java:10)
at library.BaseClass.<init>(BaseClass.java:17)
at Po.LoginPo.<init>(LoginPo.java:10)
at library.BaseClass.<init>(BaseClass.java:17)
at Po.LoginPo.<init>(LoginPo.java:10)
at library.BaseClass.<init>(BaseClass.java:17)
at Po.LoginPo.<init>(LoginPo.java:10)
at library.BaseClass.<init>(BaseClass.java:17)
at Po.LoginPo.<init>(LoginPo.java:10)
at library.BaseClass.<init>(BaseClass.java:17)
at Po.LoginPo.<init>(LoginPo.java:10)
at library.BaseClass.<init>(BaseClass.java:17)
at Po.LoginPo.<init>(LoginPo.java:10)
at library.BaseClass.<init>(BaseClass.java:17)
at Po.LoginPo.<init>(LoginPo.java:10)
at library.BaseClass.<init>(BaseClass.java:17)
at Po.LoginPo.<init>(LoginPo.java:10)
at library.BaseClass.<init>(BaseClass.java:17)
at Po.LoginPo.<init>(LoginPo.java:10)
at library.BaseClass.<init>(BaseClass.java:17)
at Po.LoginPo.<init>(LoginPo.java:10)
at library.BaseClass.<init>(BaseClass.java:17)
at Po.LoginPo.<init>(LoginPo.java:10)
at library.BaseClass.<init>(BaseClass.java:17)
at Po.LoginPo.<init>(LoginPo.java:10)
at library.BaseClass.<init>(BaseClass.java:17)
at Po.LoginPo.<init>(LoginPo.java:10)
at library.BaseClass.<init>(BaseClass.java:17)
at Po.LoginPo.<init>(LoginPo.java:10)
at library.BaseClass.<init>(BaseClass.java:17)
at Po.LoginPo.<init>(LoginPo.java:10)
at library.BaseClass.<init>(BaseClass.java:17)
at Po.LoginPo.<init>(LoginPo.java:10)
at library.BaseClass.<init>(BaseClass.java:17)
at Po.LoginPo.<init>(LoginPo.java:10)
at library.BaseClass.<init>(BaseClass.java:17)
at Po.LoginPo.<init>(LoginPo.java:10)
at library.BaseClass.<init>(BaseClass.java:17)
at Po.LoginPo.<init>(LoginPo.java:10)
at library.BaseClass.<init>(BaseClass.java:17)
at Po.LoginPo.<init>(LoginPo.java:10)
at library.BaseClass.<init>(BaseClass.java:17)
at Po.LoginPo.<init>(LoginPo.java:10)
at library.BaseClass.<init>(BaseClass.java:17)
at Po.LoginPo.<init>(LoginPo.java:10)
at library.BaseClass.<init>(BaseClass.java:17)
at Po.LoginPo.<init>(LoginPo.java:10)
at library.BaseClass.<init>(BaseClass.java:17)
at Po.LoginPo.<init>(LoginPo.java:10)
at library.BaseClass.<init>(BaseClass.java:17)
at Po.LoginPo.<init>(LoginPo.java:10)
at library.BaseClass.<init>(BaseClass.java:17)
at Po.LoginPo.<init>(LoginPo.java:10)
at library.BaseClass.<init>(BaseClass.java:17)
at Po.LoginPo.<init>(LoginPo.java:10)
at library.BaseClass.<init>(BaseClass.java:17)
at Po.LoginPo.<init>(LoginPo.java:10)
at library.BaseClass.<init>(BaseClass.java:17)
at Po.LoginPo.<init>(LoginPo.java:10)
at library.BaseClass.<init>(BaseClass.java:17)
at Po.LoginPo.<init>(LoginPo.java:10)
at library.BaseClass.<init>(BaseClass.java:17)
at Po.LoginPo.<init>(LoginPo.java:10)
at library.BaseClass.<init>(BaseClass.java:17)
at Po.LoginPo.<init>(LoginPo.java:10)
at library.BaseClass.<init>(BaseClass.java:17)
at Po.LoginPo.<init>(LoginPo.java:10)
at library.BaseClass.<init>(BaseClass.java:17)
at Po.LoginPo.<init>(LoginPo.java:10)
at library.BaseClass.<init>(BaseClass.java:17)
at Po.LoginPo.<init>(LoginPo.java:10)
at library.BaseClass.<init>(BaseClass.java:17)
at Po.LoginPo.<init>(LoginPo.java:10)
at library.BaseClass.<init>(BaseClass.java:17)
at Po.LoginPo.<init>(LoginPo.java:10)
at library.BaseClass.<init>(BaseClass.java:17)
at Po.LoginPo.<init>(LoginPo.java:10)
at library.BaseClass.<init>(BaseClass.java:17)
at Po.LoginPo.<init>(LoginPo.java:10)
at library.BaseClass.<init>(BaseClass.java:17)
at Po.LoginPo.<init>(LoginPo.java:10)
at library.BaseClass.<init>(BaseClass.java:17)
at Po.LoginPo.<init>(LoginPo.java:10)
at library.BaseClass.<init>(BaseClass.java:17)
at Po.LoginPo.<init>(LoginPo.java:10)
at library.BaseClass.<init>(BaseClass.java:17)
at Po.LoginPo.<init>(LoginPo.java:10)
at library.BaseClass.<init>(BaseClass.java:17)
at Po.LoginPo.<init>(LoginPo.java:10)
at library.BaseClass.<init>(BaseClass.java:17)
at Po.LoginPo.<init>(LoginPo.java:10)
at library.BaseClass.<init>(BaseClass.java:17)
at Po.LoginPo.<init>(LoginPo.java:10)
at library.BaseClass.<init>(BaseClass.java:17)
at Po.LoginPo.<init>(LoginPo.java:10)
at library.BaseClass.<init>(BaseClass.java:17)
at Po.LoginPo.<init>(LoginPo.java:10)
at library.BaseClass.<init>(BaseClass.java:17)
at Po.LoginPo.<init>(LoginPo.java:10)
at library.BaseClass.<init>(BaseClass.java:17)
at Po.LoginPo.<init>(LoginPo.java:10)
at library.BaseClass.<init>(BaseClass.java:17)
at Po.LoginPo.<init>(LoginPo.java:10)
at library.BaseClass.<init>(BaseClass.java:17)
at Po.LoginPo.<init>(LoginPo.java:10)
at library.BaseClass.<init>(BaseClass.java:17)
at Po.LoginPo.<init>(LoginPo.java:10)
at library.BaseClass.<init>(BaseClass.java:17)
at Po.LoginPo.<init>(LoginPo.java:10)
at library.BaseClass.<init>(BaseClass.java:17)
at Po.LoginPo.<init>(LoginPo.java:10)
at library.BaseClass.<init>(BaseClass.java:17)
at Po.LoginPo.<init>(LoginPo.java:10)
at library.BaseClass.<init>(BaseClass.java:17)
at Po.LoginPo.<init>(LoginPo.java:10)
at library.BaseClass.<init>(BaseClass.java:17)
at Po.LoginPo.<init>(LoginPo.java:10)
at library.BaseClass.<init>(BaseClass.java:17)
at Po.LoginPo.<init>(LoginPo.java:10)
at library.BaseClass.<init>(BaseClass.java:17)
at Po.LoginPo.<init>(LoginPo.java:10)
at library.BaseClass.<init>(BaseClass.java:17)
at Po.LoginPo.<init>(LoginPo.java:10)
at library.BaseClass.<init>(BaseClass.java:17)
at Po.LoginPo.<init>(LoginPo.java:10)
at library.BaseClass.<init>(BaseClass.java:17)
at Po.LoginPo.<init>(LoginPo.java:10)
at library.BaseClass.<init>(BaseClass.java:17)
at Po.LoginPo.<init>(LoginPo.java:10)
at library.BaseClass.<init>(BaseClass.java:17)
at Po.LoginPo.<init>(LoginPo.java:10)
at library.BaseClass.<init>(BaseClass.java:17)
at Po.LoginPo.<init>(LoginPo.java:10)
at library.BaseClass.<init>(BaseClass.java:17)
at Po.LoginPo.<init>(LoginPo.java:10)
at library.BaseClass.<init>(BaseClass.java:17)
at Po.LoginPo.<init>(LoginPo.java:10)
at library.BaseClass.<init>(BaseClass.java:17)
at Po.LoginPo.<init>(LoginPo.java:10)
at library.BaseClass.<init>(BaseClass.java:17)
at Po.LoginPo.<init>(LoginPo.java:10)
at library.BaseClass.<init>(BaseClass.java:17)
at Po.LoginPo.<init>(LoginPo.java:10)
at library.BaseClass.<init>(BaseClass.java:17)
at Po.LoginPo.<init>(LoginPo.java:10)
at library.BaseClass.<init>(BaseClass.java:17)
at Po.LoginPo.<init>(LoginPo.java:10)
at library.BaseClass.<init>(BaseClass.java:17)
at Po.LoginPo.<init>(LoginPo.java:10)
at library.BaseClass.<init>(BaseClass.java:17)
at Po.LoginPo.<init>(LoginPo.java:10)
at library.BaseClass.<init>(BaseClass.java:17)
at Po.LoginPo.<init>(LoginPo.java:10)
at library.BaseClass.<init>(BaseClass.java:17)
at Po.LoginPo.<init>(LoginPo.java:10)
at library.BaseClass.<init>(BaseClass.java:17)
at Po.LoginPo.<init>(LoginPo.java:10)
at library.BaseClass.<init>(BaseClass.java:17)
at Po.LoginPo.<init>(LoginPo.java:10)
at library.BaseClass.<init>(BaseClass.java:17)
at Po.LoginPo.<init>(LoginPo.java:10)
at library.BaseClass.<init>(BaseClass.java:17)
at Po.LoginPo.<init>(LoginPo.java:10)
at library.BaseClass.<init>(BaseClass.java:17)
at Po.LoginPo.<init>(LoginPo.java:10)
at library.BaseClass.<init>(BaseClass.java:17)
at Po.LoginPo.<init>(LoginPo.java:10)
at library.BaseClass.<init>(BaseClass.java:17)
at Po.LoginPo.<init>(LoginPo.java:10)
at library.BaseClass.<init>(BaseClass.java:17)
at Po.LoginPo.<init>(LoginPo.java:10)
at library.BaseClass.<init>(BaseClass.java:17)
at Po.LoginPo.<init>(LoginPo.java:10)
at library.BaseClass.<init>(BaseClass.java:17)
at Po.LoginPo.<init>(LoginPo.java:10)
at library.BaseClass.<init>(BaseClass.java:17)
at Po.LoginPo.<init>(LoginPo.java:10)
at library.BaseClass.<init>(BaseClass.java:17)
at Po.LoginPo.<init>(LoginPo.java:10)
at library.BaseClass.<init>(BaseClass.java:17)
at Po.LoginPo.<init>(LoginPo.java:10)
at library.BaseClass.<init>(BaseClass.java:17)
at Po.LoginPo.<init>(LoginPo.java:10)
at library.BaseClass.<init>(BaseClass.java:17)
at Po.LoginPo.<init>(LoginPo.java:10)
at library.BaseClass.<init>(BaseClass.java:17)
at Po.LoginPo.<init>(LoginPo.java:10)
at library.BaseClass.<init>(BaseClass.java:17)
at Po.LoginPo.<init>(LoginPo.java:10)
at library.BaseClass.<init>(BaseClass.java:17)
at Po.LoginPo.<init>(LoginPo.java:10)
at library.BaseClass.<init>(BaseClass.java:17)
at Po.LoginPo.<init>(LoginPo.java:10)
at library.BaseClass.<init>(BaseClass.java:17)
at Po.LoginPo.<init>(LoginPo.java:10)
at library.BaseClass.<init>(BaseClass.java:17)
at Po.LoginPo.<init>(LoginPo.java:10)
at library.BaseClass.<init>(BaseClass.java:17)
at Po.LoginPo.<init>(LoginPo.java:10)
at library.BaseClass.<init>(BaseClass.java:17)
at Po.LoginPo.<init>(LoginPo.java:10)
at library.BaseClass.<init>(BaseClass.java:17)
at Po.LoginPo.<init>(LoginPo.java:10)
at library.BaseClass.<init>(BaseClass.java:17)
at Po.LoginPo.<init>(LoginPo.java:10)
at library.BaseClass.<init>(BaseClass.java:17)
at Po.LoginPo.<init>(LoginPo.java:10)
at library.BaseClass.<init>(BaseClass.java:17)
at Po.LoginPo.<init>(LoginPo.java:10)
at library.BaseClass.<init>(BaseClass.java:17)
at Po.LoginPo.<init>(LoginPo.java:10)
at library.BaseClass.<init>(BaseClass.java:17)
at Po.LoginPo.<init>(LoginPo.java:10)
at library.BaseClass.<init>(BaseClass.java:17)
at Po.LoginPo.<init>(LoginPo.java:10)
at library.BaseClass.<init>(BaseClass.java:17)
at Po.LoginPo.<init>(LoginPo.java:10)
at library.BaseClass.<init>(BaseClass.java:17)
at Po.LoginPo.<init>(LoginPo.java:10)
at library.BaseClass.<init>(BaseClass.java:17)
at Po.LoginPo.<init>(LoginPo.java:10)
at library.BaseClass.<init>(BaseClass.java:17)
at Po.LoginPo.<init>(LoginPo.java:10)
at library.BaseClass.<init>(BaseClass.java:17)
at Po.LoginPo.<init>(LoginPo.java:10)
at library.BaseClass.<init>(BaseClass.java:17)
at Po.LoginPo.<init>(LoginPo.java:10)
at library.BaseClass.<init>(BaseClass.java:17)
at Po.LoginPo.<init>(LoginPo.java:10)
at library.BaseClass.<init>(BaseClass.java:17)
at Po.LoginPo.<init>(LoginPo.java:10)
at library.BaseClass.<init>(BaseClass.java:17)
at Po.LoginPo.<init>(LoginPo.java:10)
at library.BaseClass.<init>(BaseClass.java:17)
at Po.LoginPo.<init>(LoginPo.java:10)
at library.BaseClass.<init>(BaseClass.java:17)
at Po.LoginPo.<init>(LoginPo.java:10)
at library.BaseClass.<init>(BaseClass.java:17)
at Po.LoginPo.<init>(LoginPo.java:10)
at library.BaseClass.<init>(BaseClass.java:17)
at Po.LoginPo.<init>(LoginPo.java:10)
at library.BaseClass.<init>(BaseClass.java:17)
at Po.LoginPo.<init>(LoginPo.java:10)
at library.BaseClass.<init>(BaseClass.java:17)
at Po.LoginPo.<init>(LoginPo.java:10)
at library.BaseClass.<init>(BaseClass.java:17)
at Po.LoginPo.<init>(LoginPo.java:10)
at library.BaseClass.<init>(BaseClass.java:17)
at Po.LoginPo.<init>(LoginPo.java:10)
at library.BaseClass.<init>(BaseClass.java:17)
at Po.LoginPo.<init>(LoginPo.java:10)
at library.BaseClass.<init>(BaseClass.java:17)
at Po.LoginPo.<init>(LoginPo.java:10)
at library.BaseClass.<init>(BaseClass.java:17)
at Po.LoginPo.<init>(LoginPo.java:10)
at library.BaseClass.<init>(BaseClass.java:17)
at Po.LoginPo.<init>(LoginPo.java:10)
at library.BaseClass.<init>(BaseClass.java:17)
at Po.LoginPo.<init>(LoginPo.java:10)
at library.BaseClass.<init>(BaseClass.java:17)
at Po.LoginPo.<init>(LoginPo.java:10)
at library.BaseClass.<init>(BaseClass.java:17)
at Po.LoginPo.<init>(LoginPo.java:10)
at library.BaseClass.<init>(BaseClass.java:17)
at Po.LoginPo.<init>(LoginPo.java:10)
at library.BaseClass.<init>(BaseClass.java:17)
at Po.LoginPo.<init>(LoginPo.java:10)
at library.BaseClass.<init>(BaseClass.java:17)
at Po.LoginPo.<init>(LoginPo.java:10)
at library.BaseClass.<init>(BaseClass.java:17)
at Po.LoginPo.<init>(LoginPo.java:10)
at library.BaseClass.<init>(BaseClass.java:17)
at Po.LoginPo.<init>(LoginPo.java:10)
at library.BaseClass.<init>(BaseClass.java:17)
at Po.LoginPo.<init>(LoginPo.java:10)
at library.BaseClass.<init>(BaseClass.java:17)
at Po.LoginPo.<init>(LoginPo.java:10)
at library.BaseClass.<init>(BaseClass.java:17)
at Po.LoginPo.<init>(LoginPo.java:10)
at library.BaseClass.<init>(BaseClass.java:17)
at Po.LoginPo.<init>(LoginPo.java:10)
at library.BaseClass.<init>(BaseClass.java:17)
at Po.LoginPo.<init>(LoginPo.java:10)
at library.BaseClass.<init>(BaseClass.java:17)
at Po.LoginPo.<init>(LoginPo.java:10)
at library.BaseClass.<init>(BaseClass.java:17)
at Po.LoginPo.<init>(LoginPo.java:10)
at library.BaseClass.<init>(BaseClass.java:17)
at Po.LoginPo.<init>(LoginPo.java:10)
at library.BaseClass.<init>(BaseClass.java:17)
at Po.LoginPo.<init>(LoginPo.java:10)
at library.BaseClass.<init>(BaseClass.java:17)
at Po.LoginPo.<init>(LoginPo.java:10)
at library.BaseClass.<init>(BaseClass.java:17)
at Po.LoginPo.<init>(LoginPo.java:10)
at library.BaseClass.<init>(BaseClass.java:17)
at Po.LoginPo.<init>(LoginPo.java:10)
at library.BaseClass.<init>(BaseClass.java:17)
at Po.LoginPo.<init>(LoginPo.java:10)
at library.BaseClass.<init>(BaseClass.java:17)
at Po.LoginPo.<init>(LoginPo.java:10)
at library.BaseClass.<init>(BaseClass.java:17)
at Po.LoginPo.<init>(LoginPo.java:10)
at library.BaseClass.<init>(BaseClass.java:17)
at Po.LoginPo.<init>(LoginPo.java:10)
at library.BaseClass.<init>(BaseClass.java:17)
at Po.LoginPo.<init>(LoginPo.java:10)
at library.BaseClass.<init>(BaseClass.java:17)
at Po.LoginPo.<init>(LoginPo.java:10)
at library.BaseClass.<init>(BaseClass.java:17)
at Po.LoginPo.<init>(LoginPo.java:10)
at library.BaseClass.<init>(BaseClass.java:17)
at Po.LoginPo.<init>(LoginPo.java:10)
at library.BaseClass.<init>(BaseClass.java:17)
at Po.LoginPo.<init>(LoginPo.java:10)
at library.BaseClass.<init>(BaseClass.java:17)
at Po.LoginPo.<init>(LoginPo.java:10)
at library.BaseClass.<init>(BaseClass.java:17)
at Po.LoginPo.<init>(LoginPo.java:10)
at library.BaseClass.<init>(BaseClass.java:17)
at Po.LoginPo.<init>(LoginPo.java:10)
at library.BaseClass.<init>(BaseClass.java:17)
at Po.LoginPo.<init>(LoginPo.java:10)
at library.BaseClass.<init>(BaseClass.java:17)
at Po.LoginPo.<init>(LoginPo.java:10)
at library.BaseClass.<init>(BaseClass.java:17)
at Po.LoginPo.<init>(LoginPo.java:10)
at library.BaseClass.<init>(BaseClass.java:17)
at Po.LoginPo.<init>(LoginPo.java:10)
at library.BaseClass.<init>(BaseClass.java:17)
at Po.LoginPo.<init>(LoginPo.java:10)
at library.BaseClass.<init>(BaseClass.java:17)
at Po.LoginPo.<init>(LoginPo.java:10)
at library.BaseClass.<init>(BaseClass.java:17)
at Po.LoginPo.<init>(LoginPo.java:10)
at library.BaseClass.<init>(BaseClass.java:17)
at Po.LoginPo.<init>(LoginPo.java:10)
at library.BaseClass.<init>(BaseClass.java:17)
at Po.LoginPo.<init>(LoginPo.java:10)
at library.BaseClass.<init>(BaseClass.java:17)
at Po.LoginPo.<init>(LoginPo.java:10)
at library.BaseClass.<init>(BaseClass.java:17)
at Po.LoginPo.<init>(LoginPo.java:10)
at library.BaseClass.<init>(BaseClass.java:17)
at Po.LoginPo.<init>(LoginPo.java:10)
at library.BaseClass.<init>(BaseClass.java:17)
at Po.LoginPo.<init>(LoginPo.java:10)
at library.BaseClass.<init>(BaseClass.java:17)
at Po.LoginPo.<init>(LoginPo.java:10)
at library.BaseClass.<init>(BaseClass.java:17)
at Po.LoginPo.<init>(LoginPo.java:10)
at library.BaseClass.<init>(BaseClass.java:17)
at Po.LoginPo.<init>(LoginPo.java:10)
at library.BaseClass.<init>(BaseClass.java:17)
at Po.LoginPo.<init>(LoginPo.java:10)
at library.BaseClass.<init>(BaseClass.java:17)
at Po.LoginPo.<init>(LoginPo.java:10)
at library.BaseClass.<init>(BaseClass.java:17)
at Po.LoginPo.<init>(LoginPo.java:10)
at library.BaseClass.<init>(BaseClass.java:17)
at Po.LoginPo.<init>(LoginPo.java:10)
at library.BaseClass.<init>(BaseClass.java:17)
at Po.LoginPo.<init>(LoginPo.java:10)
at library.BaseClass.<init>(BaseClass.java:17)
at Po.LoginPo.<init>(LoginPo.java:10)
at library.BaseClass.<init>(BaseClass.java:17)
at Po.LoginPo.<init>(LoginPo.java:10)
at library.BaseClass.<init>(BaseClass.java:17)
at Po.LoginPo.<init>(LoginPo.java:10)
at library.BaseClass.<init>(BaseClass.java:17)
at Po.LoginPo.<init>(LoginPo.java:10)
at library.BaseClass.<init>(BaseClass.java:17)
at Po.LoginPo.<init>(LoginPo.java:10)
at library.BaseClass.<init>(BaseClass.java:17)
at Po.LoginPo.<init>(LoginPo.java:10)
at library.BaseClass.<init>(BaseClass.java:17)
at Po.LoginPo.<init>(LoginPo.java:10)
at library.BaseClass.<init>(BaseClass.java:17)
at Po.LoginPo.<init>(LoginPo.java:10)
at library.BaseClass.<init>(BaseClass.java:17)
at Po.LoginPo.<init>(LoginPo.java:10)
at library.BaseClass.<init>(BaseClass.java:17)
at Po.LoginPo.<init>(LoginPo.java:10)
at library.BaseClass.<init>(BaseClass.java:17)
at Po.LoginPo.<init>(LoginPo.java:10)
at library.BaseClass.<init>(BaseClass.java:17)
at Po.LoginPo.<init>(LoginPo.java:10)
at library.BaseClass.<init>(BaseClass.java:17)
at Po.LoginPo.<init>(LoginPo.java:10)
at library.BaseClass.<init>(BaseClass.java:17)
at Po.LoginPo.<init>(LoginPo.java:10)
at library.BaseClass.<init>(BaseClass.java:17)
at Po.LoginPo.<init>(LoginPo.java:10)
at library.BaseClass.<init>(BaseClass.java:17)
at Po.LoginPo.<init>(LoginPo.java:10)
at library.BaseClass.<init>(BaseClass.java:17)
at Po.LoginPo.<init>(LoginPo.java:10)
at library.BaseClass.<init>(BaseClass.java:17)
at Po.LoginPo.<init>(LoginPo.java:10)
at library.BaseClass.<init>(BaseClass.java:17)
at Po.LoginPo.<init>(LoginPo.java:10)
at library.BaseClass.<init>(BaseClass.java:17)
at Po.LoginPo.<init>(LoginPo.java:10)
at library.BaseClass.<init>(BaseClass.java:17)
at Po.LoginPo.<init>(LoginPo.java:10)
at library.BaseClass.<init>(BaseClass.java:17)
at Po.LoginPo.<init>(LoginPo.java:10)
at library.BaseClass.<init>(BaseClass.java:17)
at Po.LoginPo.<init>(LoginPo.java:10)
at library.BaseClass.<init>(BaseClass.java:17)
at Po.LoginPo.<init>(LoginPo.java:10)
at library.BaseClass.<init>(BaseClass.java:17)
at Po.LoginPo.<init>(LoginPo.java:10)
at library.BaseClass.<init>(BaseClass.java:17)
at Po.LoginPo.<init>(LoginPo.java:10)
at library.BaseClass.<init>(BaseClass.java:17)
at Po.LoginPo.<init>(LoginPo.java:10)
at library.BaseClass.<init>(BaseClass.java:17)
at Po.LoginPo.<init>(LoginPo.java:10)
at library.BaseClass.<init>(BaseClass.java:17)
at Po.LoginPo.<init>(LoginPo.java:10)
at library.BaseClass.<init>(BaseClass.java:17)
at Po.LoginPo.<init>(LoginPo.java:10)
at library.BaseClass.<init>(BaseClass.java:17)
at Po.LoginPo.<init>(LoginPo.java:10)
at library.BaseClass.<init>(BaseClass.java:17)
at Po.LoginPo.<init>(LoginPo.java:10)
at library.BaseClass.<init>(BaseClass.java:17)
at Po.LoginPo.<init>(LoginPo.java:10)
at library.BaseClass.<init>(BaseClass.java:17)
at Po.LoginPo.<init>(LoginPo.java:10)
at library.BaseClass.<init>(BaseClass.java:17)
at Po.LoginPo.<init>(LoginPo.java:10)
at library.BaseClass.<init>(BaseClass.java:17)
at Po.LoginPo.<init>(LoginPo.java:10)
at library.BaseClass.<init>(BaseClass.java:17)
at Po.LoginPo.<init>(LoginPo.java:10)
at library.BaseClass.<init>(BaseClass.java:17)
at Po.LoginPo.<init>(LoginPo.java:10)
at library.BaseClass.<init>(BaseClass.java:17)
at Po.LoginPo.<init>(LoginPo.java:10)
at library.BaseClass.<init>(BaseClass.java:17)
at Po.LoginPo.<init>(LoginPo.java:10)
at library.BaseClass.<init>(BaseClass.java:17)
at Po.LoginPo.<init>(LoginPo.java:10)
at library.BaseClass.<init>(BaseClass.java:17)
at Po.LoginPo.<init>(LoginPo.java:10)
at library.BaseClass.<init>(BaseClass.java:17)
at Po.LoginPo.<init>(LoginPo.java:10)
at library.BaseClass.<init>(BaseClass.java:17)
at Po.LoginPo.<init>(LoginPo.java:10)
at library.BaseClass.<init>(BaseClass.java:17)
at Po.LoginPo.<init>(LoginPo.java:10)
at library.BaseClass.<init>(BaseClass.java:17)
at Po.LoginPo.<init>(LoginPo.java:10)
at library.BaseClass.<init>(BaseClass.java:17)
at Po.LoginPo.<init>(LoginPo.java:10)
at library.BaseClass.<init>(BaseClass.java:17)
at Po.LoginPo.<init>(LoginPo.java:10)
at library.BaseClass.<init>(BaseClass.java:17)
at Po.LoginPo.<init>(LoginPo.java:10)
at library.BaseClass.<init>(BaseClass.java:17)
at Po.LoginPo.<init>(LoginPo.java:10)
at library.BaseClass.<init>(BaseClass.java:17)
at Po.LoginPo.<init>(LoginPo.java:10)
at library.BaseClass.<init>(BaseClass.java:17)
at Po.LoginPo.<init>(LoginPo.java:10)
at library.BaseClass.<init>(BaseClass.java:17)
at Po.LoginPo.<init>(LoginPo.java:10)
at library.BaseClass.<init>(BaseClass.java:17)
at Po.LoginPo.<init>(LoginPo.java:10)
at library.BaseClass.<init>(BaseClass.java:17)
at Po.LoginPo.<init>(LoginPo.java:10)
at library.BaseClass.<init>(BaseClass.java:17)
at Po.LoginPo.<init>(LoginPo.java:10)
at library.BaseClass.<init>(BaseClass.java:17)
at Po.LoginPo.<init>(LoginPo.java:10)
at library.BaseClass.<init>(BaseClass.java:17)
at Po.LoginPo.<init>(LoginPo.java:10)
at library.BaseClass.<init>(BaseClass.java:17)
at Po.LoginPo.<init>(LoginPo.java:10)
at library.BaseClass.<init>(BaseClass.java:17)
at Po.LoginPo.<init>(LoginPo.java:10)
at library.BaseClass.<init>(BaseClass.java:17)
at Po.LoginPo.<init>(LoginPo.java:10)
at library.BaseClass.<init>(BaseClass.java:17)
at Po.LoginPo.<init>(LoginPo.java:10)
at library.BaseClass.<init>(BaseClass.java:17)
at Po.LoginPo.<init>(LoginPo.java:10)
at library.BaseClass.<init>(BaseClass.java:17)
at Po.LoginPo.<init>(LoginPo.java:10)
at library.BaseClass.<init>(BaseClass.java:17)
at Po.LoginPo.<init>(LoginPo.java:10)
at library.BaseClass.<init>(BaseClass.java:17)
at Po.LoginPo.<init>(LoginPo.java:10)
at library.BaseClass.<init>(BaseClass.java:17)
at Po.LoginPo.<init>(LoginPo.java:10)
at library.BaseClass.<init>(BaseClass.java:17)
at Po.LoginPo.<init>(LoginPo.java:10)
at library.BaseClass.<init>(BaseClass.java:17)
at Po.LoginPo.<init>(LoginPo.java:10)
at library.BaseClass.<init>(BaseClass.java:17)
at Po.LoginPo.<init>(LoginPo.java:10)
at library.BaseClass.<init>(BaseClass.java:17)
at Po.LoginPo.<init>(LoginPo.java:10)
at library.BaseClass.<init>(BaseClass.java:17)
at Po.LoginPo.<init>(LoginPo.java:10)
at library.BaseClass.<init>(BaseClass.java:17)
at Po.LoginPo.<init>(LoginPo.java:10)
at library.BaseClass.<init>(BaseClass.java:17)
at Po.LoginPo.<init>(LoginPo.java:10)
at library.BaseClass.<init>(BaseClass.java:17)
at Po.LoginPo.<init>(LoginPo.java:10)
at library.BaseClass.<init>(BaseClass.java:17)
at Po.LoginPo.<init>(LoginPo.java:10)
at library.BaseClass.<init>(BaseClass.java:17)
at Po.LoginPo.<init>(LoginPo.java:10)
at library.BaseClass.<init>(BaseClass.java:17)
at Po.LoginPo.<init>(LoginPo.java:10)
at library.BaseClass.<init>(BaseClass.java:17)
at Po.LoginPo.<init>(LoginPo.java:10)
at library.BaseClass.<init>(BaseClass.java:17)
at Po.LoginPo.<init>(LoginPo.java:10)
at library.BaseClass.<init>(BaseClass.java:17)
at Po.LoginPo.<init>(LoginPo.java:10)
at library.BaseClass.<init>(BaseClass.java:17)
at Po.LoginPo.<init>(LoginPo.java:10)
at library.BaseClass.<init>(BaseClass.java:17)
at Po.LoginPo.<init>(LoginPo.java:10)
at library.BaseClass.<init>(BaseClass.java:17)
at Po.LoginPo.<init>(LoginPo.java:10)
at library.BaseClass.<init>(BaseClass.java:17)
at Po.LoginPo.<init>(LoginPo.java:10)
at library.BaseClass.<init>(BaseClass.java:17)
at Po.LoginPo.<init>(LoginPo.java:10)
at library.BaseClass.<init>(BaseClass.java:17)
at Po.LoginPo.<init>(LoginPo.java:10)
at library.BaseClass.<init>(BaseClass.java:17)
at Po.LoginPo.<init>(LoginPo.java:10)
at library.BaseClass.<init>(BaseClass.java:17)
at Po.LoginPo.<init>(LoginPo.java:10)
at library.BaseClass.<init>(BaseClass.java:17)
at Po.LoginPo.<init>(LoginPo.java:10)
at library.BaseClass.<init>(BaseClass.java:17)
at Po.LoginPo.<init>(LoginPo.java:10)
at library.BaseClass.<init>(BaseClass.java:17)
at Po.LoginPo.<init>(LoginPo.java:10)
at library.BaseClass.<init>(BaseClass.java:17)
at Po.LoginPo.<init>(LoginPo.java:10)
at library.BaseClass.<init>(BaseClass.java:17)
at Po.LoginPo.<init>(LoginPo.java:10)
at library.BaseClass.<init>(BaseClass.java:17)
at Po.LoginPo.<init>(LoginPo.java:10)
at library.BaseClass.<init>(BaseClass.java:17)
at Po.LoginPo.<init>(LoginPo.java:10)
at library.BaseClass.<init>(BaseClass.java:17)
at Po.LoginPo.<init>(LoginPo.java:10)
at library.BaseClass.<init>(BaseClass.java:17)
at Po.LoginPo.<init>(LoginPo.java:10)
at library.BaseClass.<init>(BaseClass.java:17)
at Po.LoginPo.<init>(LoginPo.java:10)
at library.BaseClass.<init>(BaseClass.java:17)
at Po.LoginPo.<init>(LoginPo.java:10)
at library.BaseClass.<init>(BaseClass.java:17)
at Po.LoginPo.<init>(LoginPo.java:10)
at library.BaseClass.<init>(BaseClass.java:17)
at Po.LoginPo.<init>(LoginPo.java:10)
at library.BaseClass.<init>(BaseClass.java:17)
at Po.LoginPo.<init>(LoginPo.java:10)
at library.BaseClass.<init>(BaseClass.java:17)
at Po.LoginPo.<init>(LoginPo.java:10)
at library.BaseClass.<init>(BaseClass.java:17)
at Po.LoginPo.<init>(LoginPo.java:10)
at library.BaseClass.<init>(BaseClass.java:17)
at Po.LoginPo.<init>(LoginPo.java:10)
at library.BaseClass.<init>(BaseClass.java:17)
at Po.LoginPo.<init>(LoginPo.java:10)
at library.BaseClass.<init>(BaseClass.java:17)
at Po.LoginPo.<init>(LoginPo.java:10)
at library.BaseClass.<init>(BaseClass.java:17)
at Po.LoginPo.<init>(LoginPo.java:10)
at library.BaseClass.<init>(BaseClass.java:17)
at Po.LoginPo.<init>(LoginPo.java:10)
at library.BaseClass.<init>(BaseClass.java:17)
at Po.LoginPo.<init>(LoginPo.java:10)
at library.BaseClass.<init>(BaseClass.java:17)
at Po.LoginPo.<init>(LoginPo.java:10)
at library.BaseClass.<init>(BaseClass.java:17)
at Po.LoginPo.<init>(LoginPo.java:10)
at library.BaseClass.<init>(BaseClass.java:17)
at Po.LoginPo.<init>(LoginPo.java:10)
at library.BaseClass.<init>(BaseClass.java:17)
at Po.LoginPo.<init>(LoginPo.java:10)
at library.BaseClass.<init>(BaseClass.java:17)
at Po.LoginPo.<init>(LoginPo.java:10)
at library.BaseClass.<init>(BaseClass.java:17)
at Po.LoginPo.<init>(LoginPo.java:10)
at library.BaseClass.<init>(BaseClass.java:17)
at Po.LoginPo.<init>(LoginPo.java:10)
at library.BaseClass.<init>(BaseClass.java:17)
at Po.LoginPo.<init>(LoginPo.java:10)
at library.BaseClass.<init>(BaseClass.java:17)
at Po.LoginPo.<init>(LoginPo.java:10)
at library.BaseClass.<init>(BaseClass.java:17)
at Po.LoginPo.<init>(LoginPo.java:10)
at library.BaseClass.<init>(BaseClass.java:17)
at Po.LoginPo.<init>(LoginPo.java:10)
at library.BaseClass.<init>(BaseClass.java:17)
at Po.LoginPo.<init>(LoginPo.java:10)
at library.BaseClass.<init>(BaseClass.java:17)
at Po.LoginPo.<init>(LoginPo.java:10)
at library.BaseClass.<init>(BaseClass.java:17)
at Po.LoginPo.<init>(LoginPo.java:10)
at library.BaseClass.<init>(BaseClass.java:17)
at Po.LoginPo.<init>(LoginPo.java:10)
at library.BaseClass.<init>(BaseClass.java:17)
at Po.LoginPo.<init>(LoginPo.java:10)
at library.BaseClass.<init>(BaseClass.java:17)
at Po.LoginPo.<init>(LoginPo.java:10)
at library.BaseClass.<init>(BaseClass.java:17)
at Po.LoginPo.<init>(LoginPo.java:10)
at library.BaseClass.<init>(BaseClass.java:17)
at Po.LoginPo.<init>(LoginPo.java:10)
at library.BaseClass.<init>(BaseClass.java:17)
at Po.LoginPo.<init>(LoginPo.java:10)
at library.BaseClass.<init>(BaseClass.java:17)
at Po.LoginPo.<init>(LoginPo.java:10)
at library.BaseClass.<init>(BaseClass.java:17)
at Po.LoginPo.<init>(LoginPo.java:10)
at library.BaseClass.<init>(BaseClass.java:17)
at Po.LoginPo.<init>(LoginPo.java:10)
at library.BaseClass.<init>(BaseClass.java:17)
at Po.LoginPo.<init>(LoginPo.java:10)
at library.BaseClass.<init>(BaseClass.java:17)
at Po.LoginPo.<init>(LoginPo.java:10)
at library.BaseClass.<init>(BaseClass.java:17)
at Po.LoginPo.<init>(LoginPo.java:10)
at library.BaseClass.<init>(BaseClass.java:17)
at Po.LoginPo.<init>(LoginPo.java:10)
at library.BaseClass.<init>(BaseClass.java:17)
at Po.LoginPo.<init>(LoginPo.java:10)
at library.BaseClass.<init>(BaseClass.java:17)
at Po.LoginPo.<init>(LoginPo.java:10)
at library.BaseClass.<init>(BaseClass.java:17)
at Po.LoginPo.<init>(LoginPo.java:10)
at library.BaseClass.<init>(BaseClass.java:17)
at Po.LoginPo.<init>(LoginPo.java:10)
at library.BaseClass.<init>(BaseClass.java:17)
at Po.LoginPo.<init>(LoginPo.java:10)
at library.BaseClass.<init>(BaseClass.java:17)
at Po.LoginPo.<init>(LoginPo.java:10)
at library.BaseClass.<init>(BaseClass.java:17)
at Po.LoginPo.<init>(LoginPo.java:10)
at library.BaseClass.<init>(BaseClass.java:17)
at Po.LoginPo.<init>(LoginPo.java:10)
at library.BaseClass.<init>(BaseClass.java:17)
at Po.LoginPo.<init>(LoginPo.java:10)
at library.BaseClass.<init>(BaseClass.java:17)
at Po.LoginPo.<init>(LoginPo.java:10)
at library.BaseClass.<init>(BaseClass.java:17)
at Po.LoginPo.<init>(LoginPo.java:10)
at library.BaseClass.<init>(BaseClass.java:17)
at Po.LoginPo.<init>(LoginPo.java:10)
at library.BaseClass.<init>(BaseClass.java:17)
at Po.LoginPo.<init>(LoginPo.java:10)
at library.BaseClass.<init>(BaseClass.java:17)
at Po.LoginPo.<init>(LoginPo.java:10)
at library.BaseClass.<init>(BaseClass.java:17)
at Po.LoginPo.<init>(LoginPo.java:10)
at library.BaseClass.<init>(BaseClass.java:17)
at Po.LoginPo.<init>(LoginPo.java:10)
at library.BaseClass.<init>(BaseClass.java:17)
at Po.LoginPo.<init>(LoginPo.java:10)
at library.BaseClass.<init>(BaseClass.java:17)
at Po.LoginPo.<init>(LoginPo.java:10)
at library.BaseClass.<init>(BaseClass.java:17)
at Po.LoginPo.<init>(LoginPo.java:10)
at library.BaseClass.<init>(BaseClass.java:17)
at Po.LoginPo.<init>(LoginPo.java:10)
at library.BaseClass.<init>(BaseClass.java:17)
at Po.LoginPo.<init>(LoginPo.java:10)
at library.BaseClass.<init>(BaseClass.java:17)
at Po.LoginPo.<init>(LoginPo.java:10)
at library.BaseClass.<init>(BaseClass.java:17)
at Po.LoginPo.<init>(LoginPo.java:10)
at library.BaseClass.<init>(BaseClass.java:17)
at Po.LoginPo.<init>(LoginPo.java:10)
at library.BaseClass.<init>(BaseClass.java:17)
at Po.LoginPo.<init>(LoginPo.java:10)
at library.BaseClass.<init>(BaseClass.java:17)
at Po.LoginPo.<init>(LoginPo.java:10)
at library.BaseClass.<init>(BaseClass.java:17)
at Po.LoginPo.<init>(LoginPo.java:10)
at library.BaseClass.<init>(BaseClass.java:17)
at Po.LoginPo.<init>(LoginPo.java:10)
at library.BaseClass.<init>(BaseClass.java:17)
at Po.LoginPo.<init>(LoginPo.java:10)
at library.BaseClass.<init>(BaseClass.java:17)
at Po.LoginPo.<init>(LoginPo.java:10)
at library.BaseClass.<init>(BaseClass.java:17)
at Po.LoginPo.<init>(LoginPo.java:10)
at library.BaseClass.<init>(BaseClass.java:17)
at Po.LoginPo.<init>(LoginPo.java:10)
at library.BaseClass.<init>(BaseClass.java:17)
at Po.LoginPo.<init>(LoginPo.java:10)
at library.BaseClass.<init>(BaseClass.java:17)
at Po.LoginPo.<init>(LoginPo.java:10)
at library.BaseClass.<init>(BaseClass.java:17)
at Po.LoginPo.<init>(LoginPo.java:10)
at library.BaseClass.<init>(BaseClass.java:17)
at Po.LoginPo.<init>(LoginPo.java:10)
at library.BaseClass.<init>(BaseClass.java:17)
at Po.LoginPo.<init>(LoginPo.java:10)
at library.BaseClass.<init>(BaseClass.java:17)
at Po.LoginPo.<init>(LoginPo.java:10)
at library.BaseClass.<init>(BaseClass.java:17)
at Po.LoginPo.<init>(LoginPo.java:10)
at library.BaseClass.<init>(BaseClass.java:17)
at Po.LoginPo.<init>(LoginPo.java:10)
at library.BaseClass.<init>(BaseClass.java:17)
at Po.LoginPo.<init>(LoginPo.java:10)
at library.BaseClass.<init>(BaseClass.java:17)
at Po.LoginPo.<init>(LoginPo.java:10)
at library.BaseClass.<init>(BaseClass.java:17)
at Po.LoginPo.<init>(LoginPo.java:10)
at library.BaseClass.<init>(BaseClass.java:17)
at Po.LoginPo.<init>(LoginPo.java:10)
at library.BaseClass.<init>(BaseClass.java:17)
at Po.LoginPo.<init>(LoginPo.java:10)
at library.BaseClass.<init>(BaseClass.java:17)
at Po.LoginPo.<init>(LoginPo.java:10)
at library.BaseClass.<init>(BaseClass.java:17)
at Po.LoginPo.<init>(LoginPo.java:10)
at library.BaseClass.<init>(BaseClass.java:17)
at Po.LoginPo.<init>(LoginPo.java:10)
at library.BaseClass.<init>(BaseClass.java:17)
at Po.LoginPo.<init>(LoginPo.java:10)
at library.BaseClass.<init>(BaseClass.java:17)
at Po.LoginPo.<init>(LoginPo.java:10)
at library.BaseClass.<init>(BaseClass.java:17)
at Po.LoginPo.<init>(LoginPo.java:10)
at library.BaseClass.<init>(BaseClass.java:17)
at Po.LoginPo.<init>(LoginPo.java:10)
at library.BaseClass.<init>(BaseClass.java:17)
at Po.LoginPo.<init>(LoginPo.java:10)
at library.BaseClass.<init>(BaseClass.java:17)
at Po.LoginPo.<init>(LoginPo.java:10)
at library.BaseClass.<init>(BaseClass.java:17)
at Po.LoginPo.<init>(LoginPo.java:10)
at library.BaseClass.<init>(BaseClass.java:17)
at Po.LoginPo.<init>(LoginPo.java:10)
at library.BaseClass.<init>(BaseClass.java:17)
at Po.LoginPo.<init>(LoginPo.java:10)
at library.BaseClass.<init>(BaseClass.java:17)
at Po.LoginPo.<init>(LoginPo.java:10)
at library.BaseClass.<init>(BaseClass.java:17)
at Po.LoginPo.<init>(LoginPo.java:10)
at library.BaseClass.<init>(BaseClass.java:17)
at Po.LoginPo.<init>(LoginPo.java:10)
at library.BaseClass.<init>(BaseClass.java:17)
at Po.LoginPo.<init>(LoginPo.java:10)
at library.BaseClass.<init>(BaseClass.java:17)
at Po.LoginPo.<init>(LoginPo.java:10)
at library.BaseClass.<init>(BaseClass.java:17)
at Po.LoginPo.<init>(LoginPo.java:10)
at library.BaseClass.<init>(BaseClass.java:17)
at Po.LoginPo.<init>(LoginPo.java:10)
at library.BaseClass.<init>(BaseClass.java:17)
at Po.LoginPo.<init>(LoginPo.java:10)
at library.BaseClass.<init>(BaseClass.java:17)
at Po.LoginPo.<init>(LoginPo.java:10)
at library.BaseClass.<init>(BaseClass.java:17)
at Po.LoginPo.<init>(LoginPo.java:10)
at library.BaseClass.<init>(BaseClass.java:17)
at Po.LoginPo.<init>(LoginPo.java:10)
at library.BaseClass.<init>(BaseClass.java:17)
at Po.LoginPo.<init>(LoginPo.java:10)
at library.BaseClass.<init>(BaseClass.java:17)
at Po.LoginPo.<init>(LoginPo.java:10)
at library.BaseClass.<init>(BaseClass.java:17)
at Po.LoginPo.<init>(LoginPo.java:10)
at library.BaseClass.<init>(BaseClass.java:17)
at Po.LoginPo.<init>(LoginPo.java:10)
at library.BaseClass.<init>(BaseClass.java:17)
at Po.LoginPo.<init>(LoginPo.java:10)
at library.BaseClass.<init>(BaseClass.java:17)
at Po.LoginPo.<init>(LoginPo.java:10)
at library.BaseClass.<init>(BaseClass.java:17)
at Po.LoginPo.<init>(LoginPo.java:10)
at library.BaseClass.<init>(BaseClass.java:17)
at Po.LoginPo.<init>(LoginPo.java:10)
at library.BaseClass.<init>(BaseClass.java:17)
at Po.LoginPo.<init>(LoginPo.java:10)
at library.BaseClass.<init>(BaseClass.java:17)
at Po.LoginPo.<init>(LoginPo.java:10)
at library.BaseClass.<init>(BaseClass.java:17)
at Po.LoginPo.<init>(LoginPo.java:10)
at library.BaseClass.<init>(BaseClass.java:17)
at Po.LoginPo.<init>(LoginPo.java:10)
at library.BaseClass.<init>(BaseClass.java:17)
at Po.LoginPo.<init>(LoginPo.java:10)
at library.BaseClass.<init>(BaseClass.java:17)
at Po.LoginPo.<init>(LoginPo.java:10)
at library.BaseClass.<init>(BaseClass.java:17)
at Po.LoginPo.<init>(LoginPo.java:10)
at library.BaseClass.<init>(BaseClass.java:17)
at Po.LoginPo.<init>(LoginPo.java:10)
at library.BaseClass.<init>(BaseClass.java:17)
at Po.LoginPo.<init>(LoginPo.java:10)
at library.BaseClass.<init>(BaseClass.java:17)
at Po.LoginPo.<init>(LoginPo.java:10)
at library.BaseClass.<init>(BaseClass.java:17)
at Po.LoginPo.<init>(LoginPo.java:10)
at library.BaseClass.<init>(BaseClass.java:17)
at Po.LoginPo.<init>(LoginPo.java:10)
at library.BaseClass.<init>(BaseClass.java:17)
at Po.LoginPo.<init>(LoginPo.java:10)
at library.BaseClass.<init>(BaseClass.java:17)
at Po.LoginPo.<init>(LoginPo.java:10)
at library.BaseClass.<init>(BaseClass.java:17)
at Po.LoginPo.<init>(LoginPo.java:10)
at library.BaseClass.<init>(BaseClass.java:17)
at Po.LoginPo.<init>(LoginPo.java:10)
at library.BaseClass.<init>(BaseClass.java:17)
at Po.LoginPo.<init>(LoginPo.java:10)
at library.BaseClass.<init>(BaseClass.java:17)
at Po.LoginPo.<init>(LoginPo.java:10)
at library.BaseClass.<init>(BaseClass.java:17)
at Po.LoginPo.<init>(LoginPo.java:10)
at library.BaseClass.<init>(BaseClass.java:17)
at Po.LoginPo.<init>(LoginPo.java:10)
at library.BaseClass.<init>(BaseClass.java:17)
at Po.LoginPo.<init>(LoginPo.java:10)
at library.BaseClass.<init>(BaseClass.java:17)
at Po.LoginPo.<init>(LoginPo.java:10)
at library.BaseClass.<init>(BaseClass.java:17)
at Po.LoginPo.<init>(LoginPo.java:10)
at library.BaseClass.<init>(BaseClass.java:17)
at Po.LoginPo.<init>(LoginPo.java:10)
at library.BaseClass.<init>(BaseClass.java:17)
at Po.LoginPo.<init>(LoginPo.java:10)
at library.BaseClass.<init>(BaseClass.java:17)
at Po.LoginPo.<init>(LoginPo.java:10)
at library.BaseClass.<init>(BaseClass.java:17)
at Po.LoginPo.<init>(LoginPo.java:10)
at library.BaseClass.<init>(BaseClass.java:17)
at Po.LoginPo.<init>(LoginPo.java:10)
at library.BaseClass.<init>(BaseClass.java:17)
at Po.LoginPo.<init>(LoginPo.java:10)
at library.BaseClass.<init>(BaseClass.java:17)
at Po.LoginPo.<init>(LoginPo.java:10)
at library.BaseClass.<init>(BaseClass.java:17)
at Po.LoginPo.<init>(LoginPo.java:10)
at library.BaseClass.<init>(BaseClass.java:17)
at Po.LoginPo.<init>(LoginPo.java:10)
at library.BaseClass.<init>(BaseClass.java:17)
at Po.LoginPo.<init>(LoginPo.java:10)
at library.BaseClass.<init>(BaseClass.java:17)
at Po.LoginPo.<init>(LoginPo.java:10)
at library.BaseClass.<init>(BaseClass.java:17)
at Po.LoginPo.<init>(LoginPo.java:10)
at library.BaseClass.<init>(BaseClass.java:17)
at Po.LoginPo.<init>(LoginPo.java:10)
at library.BaseClass.<init>(BaseClass.java:17)
at Po.LoginPo.<init>(LoginPo.java:10)
at library.BaseClass.<init>(BaseClass.java:17)
at Po.LoginPo.<init>(LoginPo.java:10)
at library.BaseClass.<init>(BaseClass.java:17)
at Po.LoginPo.<init>(LoginPo.java:10)
at library.BaseClass.<init>(BaseClass.java:17)
at Po.LoginPo.<init>(LoginPo.java:10)
at library.BaseClass.<init>(BaseClass.java:17)
at Po.LoginPo.<init>(LoginPo.java:10)
at library.BaseClass.<init>(BaseClass.java:17)
at Po.LoginPo.<init>(LoginPo.java:10)
at library.BaseClass.<init>(BaseClass.java:17)
at Po.LoginPo.<init>(LoginPo.java:10)
at library.BaseClass.<init>(BaseClass.java:17)
at Po.LoginPo.<init>(LoginPo.java:10)
at library.BaseClass.<init>(BaseClass.java:17)
at Po.LoginPo.<init>(LoginPo.java:10)
at library.BaseClass.<init>(BaseClass.java:17)
at Po.LoginPo.<init>(LoginPo.java:10)
at library.BaseClass.<init>(BaseClass.java:17)
at Po.LoginPo.<init>(LoginPo.java:10)
at library.BaseClass.<init>(BaseClass.java:17)
at Po.LoginPo.<init>(LoginPo.java:10)
at library.BaseClass.<init>(BaseClass.java:17)
at Po.LoginPo.<init>(LoginPo.java:10)
at library.BaseClass.<init>(BaseClass.java:17)
at Po.LoginPo.<init>(LoginPo.java:10)
at library.BaseClass.<init>(BaseClass.java:17)
at Po.LoginPo.<init>(LoginPo.java:10)
at library.BaseClass.<init>(BaseClass.java:17)
at Po.LoginPo.<init>(LoginPo.java:10)
at library.BaseClass.<init>(BaseClass.java:17)
at Po.LoginPo.<init>(LoginPo.java:10)
at library.BaseClass.<init>(BaseClass.java:17)
at Po.LoginPo.<init>(LoginPo.java:10)
at library.BaseClass.<init>(BaseClass.java:17)
at Po.LoginPo.<init>(LoginPo.java:10)
at library.BaseClass.<init>(BaseClass.java:17)
at Po.LoginPo.<init>(LoginPo.java:10)
at library.BaseClass.<init>(BaseClass.java:17)
at Po.LoginPo.<init>(LoginPo.java:10)
at library.BaseClass.<init>(BaseClass.java:17)
at Po.LoginPo.<init>(LoginPo.java:10)
at library.BaseClass.<init>(BaseClass.java:17)
at Po.LoginPo.<init>(LoginPo.java:10)
at library.BaseClass.<init>(BaseClass.java:17)
at Po.LoginPo.<init>(LoginPo.java:10)
at library.BaseClass.<init>(BaseClass.java:17)
at Po.LoginPo.<init>(LoginPo.java:10)
at library.BaseClass.<init>(BaseClass.java:17)
at Po.LoginPo.<init>(LoginPo.java:10)
at library.BaseClass.<init>(BaseClass.java:17)
at Po.LoginPo.<init>(LoginPo.java:10)
at library.BaseClass.<init>(BaseClass.java:17)
at Po.LoginPo.<init>(LoginPo.java:10)
at library.BaseClass.<init>(BaseClass.java:17)
at Po.LoginPo.<init>(LoginPo.java:10)
at library.BaseClass.<init>(BaseClass.java:17)
at Po.LoginPo.<init>(LoginPo.java:10)
at library.BaseClass.<init>(BaseClass.java:17)
at Po.LoginPo.<init>(LoginPo.java:10)
at library.BaseClass.<init>(BaseClass.java:17)
at Po.LoginPo.<init>(LoginPo.java:10)
at library.BaseClass.<init>(BaseClass.java:17)
at Po.LoginPo.<init>(LoginPo.java:10)
at library.BaseClass.<init>(BaseClass.java:17)
at Po.LoginPo.<init>(LoginPo.java:10)
at library.BaseClass.<init>(BaseClass.java:17)
at Po.LoginPo.<init>(LoginPo.java:10)
at library.BaseClass.<init>(BaseClass.java:17)
at Po.LoginPo.<init>(LoginPo.java:10)
at library.BaseClass.<init>(BaseClass.java:17)
at Po.LoginPo.<init>(LoginPo.java:10)
at library.BaseClass.<init>(BaseClass.java:17)
at Po.LoginPo.<init>(LoginPo.java:10)
at library.BaseClass.<init>(BaseClass.java:17)
at Po.LoginPo.<init>(LoginPo.java:10)
at library.BaseClass.<init>(BaseClass.java:17)
at Po.LoginPo.<init>(LoginPo.java:10)
at library.BaseClass.<init>(BaseClass.java:17)
at Po.LoginPo.<init>(LoginPo.java:10)
at library.BaseClass.<init>(BaseClass.java:17)
at Po.LoginPo.<init>(LoginPo.java:10)
at library.BaseClass.<init>(BaseClass.java:17)
at Po.LoginPo.<init>(LoginPo.java:10)
at library.BaseClass.<init>(BaseClass.java:17)
at Po.LoginPo.<init>(LoginPo.java:10)
at library.BaseClass.<init>(BaseClass.java:17)
at Po.LoginPo.<init>(LoginPo.java:10)
at library.BaseClass.<init>(BaseClass.java:17)
at Po.LoginPo.<init>(LoginPo.java:10)
at library.BaseClass.<init>(BaseClass.java:17)
at Po.LoginPo.<init>(LoginPo.java:10)
at library.BaseClass.<init>(BaseClass.java:17)
at Po.LoginPo.<init>(LoginPo.java:10)
at library.BaseClass.<init>(BaseClass.java:17)
at Po.LoginPo.<init>(LoginPo.java:10)
at library.BaseClass.<init>(BaseClass.java:17)
at Po.LoginPo.<init>(LoginPo.java:10)
at library.BaseClass.<init>(BaseClass.java:17)
at Po.LoginPo.<init>(LoginPo.java:10)
at library.BaseClass.<init>(BaseClass.java:17)
at Po.LoginPo.<init>(LoginPo.java:10)
at library.BaseClass.<init>(BaseClass.java:17)
at Po.LoginPo.<init>(LoginPo.java:10)
at library.BaseClass.<init>(BaseClass.java:17)
at Po.LoginPo.<init>(LoginPo.java:10)
at library.BaseClass.<init>(BaseClass.java:17)
at Po.LoginPo.<init>(LoginPo.java:10)
at library.BaseClass.<init>(BaseClass.java:17)
at Po.LoginPo.<init>(LoginPo.java:10)
at library.BaseClass.<init>(BaseClass.java:17)
at Po.LoginPo.<init>(LoginPo.java:10)
at library.BaseClass.<init>(BaseClass.java:17)
at Po.LoginPo.<init>(LoginPo.java:10)
at library.BaseClass.<init>(BaseClass.java:17)
at Po.LoginPo.<init>(LoginPo.java:10)
at library.BaseClass.<init>(BaseClass.java:17)
at Po.LoginPo.<init>(LoginPo.java:10)
at library.BaseClass.<init>(BaseClass.java:17)
at Po.LoginPo.<init>(LoginPo.java:10)
at library.BaseClass.<init>(BaseClass.java:17)
at Po.LoginPo.<init>(LoginPo.java:10)
at library.BaseClass.<init>(BaseClass.java:17)
at Po.LoginPo.<init>(LoginPo.java:10)
at library.BaseClass.<init>(BaseClass.java:17)
at Po.LoginPo.<init>(LoginPo.java:10)
at library.BaseClass.<init>(BaseClass.java:17)
at Po.LoginPo.<init>(LoginPo.java:10)
at library.BaseClass.<init>(BaseClass.java:17)
at Po.LoginPo.<init>(LoginPo.java:10)
at library.BaseClass.<init>(BaseClass.java:17)
at Po.LoginPo.<init>(LoginPo.java:10)
at library.BaseClass.<init>(BaseClass.java:17)
at Po.LoginPo.<init>(LoginPo.java:10)
at library.BaseClass.<init>(BaseClass.java:17)
at Po.LoginPo.<init>(LoginPo.java:10)
at library.BaseClass.<init>(BaseClass.java:17)
at Po.LoginPo.<init>(LoginPo.java:10)
at library.BaseClass.<init>(BaseClass.java:17)
at Po.LoginPo.<init>(LoginPo.java:10)
at library.BaseClass.<init>(BaseClass.java:17)
at Po.LoginPo.<init>(LoginPo.java:10)
at library.BaseClass.<init>(BaseClass.java:17)
at Po.LoginPo.<init>(LoginPo.java:10)
at library.BaseClass.<init>(BaseClass.java:17)
at Po.LoginPo.<init>(LoginPo.java:10)
at library.BaseClass.<init>(BaseClass.java:17)
at Po.LoginPo.<init>(LoginPo.java:10)
at library.BaseClass.<init>(BaseClass.java:17)
at Po.LoginPo.<init>(LoginPo.java:10)
at library.BaseClass.<init>(BaseClass.java:17)
at Po.LoginPo.<init>(LoginPo.java:10)
at library.BaseClass.<init>(BaseClass.java:17)
]]>
            </full-stacktrace>
          </exception> <!-- java.lang.StackOverflowError -->
          <reporter-output>
          </reporter-output>
        </test-method> <!-- Registration -->
        <test-method status="PASS" signature="closebrowser()[pri:0, instance:script.Test2@383f1975]" name="closebrowser" is-config="true" duration-ms="5681" started-at="2019-07-24T09:50:34Z" finished-at="2019-07-24T09:50:39Z">
          <reporter-output>
          </reporter-output>
        </test-method> <!-- closebrowser -->
      </class> <!-- script.Test2 -->
      <class name="script.Test1">
        <test-method status="PASS" signature="openbrowser()[pri:0, instance:script.Test1@441cc260]" name="openbrowser" is-config="true" duration-ms="9650" started-at="2019-07-24T09:50:39Z" finished-at="2019-07-24T09:50:49Z">
          <reporter-output>
          </reporter-output>
        </test-method> <!-- openbrowser -->
        <test-method status="FAIL" signature="Login()[pri:0, instance:script.Test1@441cc260]" name="Login" duration-ms="4" started-at="2019-07-24T09:50:49Z" finished-at="2019-07-24T09:50:49Z">
          <exception class="java.lang.StackOverflowError">
            <full-stacktrace>
              <![CDATA[java.lang.StackOverflowError
at Po.LoginPo.<init>(LoginPo.java:10)
at library.BaseClass.<init>(BaseClass.java:17)
at Po.LoginPo.<init>(LoginPo.java:10)
at library.BaseClass.<init>(BaseClass.java:17)
at Po.LoginPo.<init>(LoginPo.java:10)
at library.BaseClass.<init>(BaseClass.java:17)
at Po.LoginPo.<init>(LoginPo.java:10)
at library.BaseClass.<init>(BaseClass.java:17)
at Po.LoginPo.<init>(LoginPo.java:10)
at library.BaseClass.<init>(BaseClass.java:17)
at Po.LoginPo.<init>(LoginPo.java:10)
at library.BaseClass.<init>(BaseClass.java:17)
at Po.LoginPo.<init>(LoginPo.java:10)
at library.BaseClass.<init>(BaseClass.java:17)
at Po.LoginPo.<init>(LoginPo.java:10)
at library.BaseClass.<init>(BaseClass.java:17)
at Po.LoginPo.<init>(LoginPo.java:10)
at library.BaseClass.<init>(BaseClass.java:17)
at Po.LoginPo.<init>(LoginPo.java:10)
at library.BaseClass.<init>(BaseClass.java:17)
at Po.LoginPo.<init>(LoginPo.java:10)
at library.BaseClass.<init>(BaseClass.java:17)
at Po.LoginPo.<init>(LoginPo.java:10)
at library.BaseClass.<init>(BaseClass.java:17)
at Po.LoginPo.<init>(LoginPo.java:10)
at library.BaseClass.<init>(BaseClass.java:17)
at Po.LoginPo.<init>(LoginPo.java:10)
at library.BaseClass.<init>(BaseClass.java:17)
at Po.LoginPo.<init>(LoginPo.java:10)
at library.BaseClass.<init>(BaseClass.java:17)
at Po.LoginPo.<init>(LoginPo.java:10)
at library.BaseClass.<init>(BaseClass.java:17)
at Po.LoginPo.<init>(LoginPo.java:10)
at library.BaseClass.<init>(BaseClass.java:17)
at Po.LoginPo.<init>(LoginPo.java:10)
at library.BaseClass.<init>(BaseClass.java:17)
at Po.LoginPo.<init>(LoginPo.java:10)
at library.BaseClass.<init>(BaseClass.java:17)
at Po.LoginPo.<init>(LoginPo.java:10)
at library.BaseClass.<init>(BaseClass.java:17)
at Po.LoginPo.<init>(LoginPo.java:10)
at library.BaseClass.<init>(BaseClass.java:17)
at Po.LoginPo.<init>(LoginPo.java:10)
at library.BaseClass.<init>(BaseClass.java:17)
at Po.LoginPo.<init>(LoginPo.java:10)
at library.BaseClass.<init>(BaseClass.java:17)
at Po.LoginPo.<init>(LoginPo.java:10)
at library.BaseClass.<init>(BaseClass.java:17)
at Po.LoginPo.<init>(LoginPo.java:10)
at library.BaseClass.<init>(BaseClass.java:17)
at Po.LoginPo.<init>(LoginPo.java:10)
at library.BaseClass.<init>(BaseClass.java:17)
at Po.LoginPo.<init>(LoginPo.java:10)
at library.BaseClass.<init>(BaseClass.java:17)
at Po.LoginPo.<init>(LoginPo.java:10)
at library.BaseClass.<init>(BaseClass.java:17)
at Po.LoginPo.<init>(LoginPo.java:10)
at library.BaseClass.<init>(BaseClass.java:17)
at Po.LoginPo.<init>(LoginPo.java:10)
at library.BaseClass.<init>(BaseClass.java:17)
at Po.LoginPo.<init>(LoginPo.java:10)
at library.BaseClass.<init>(BaseClass.java:17)
at Po.LoginPo.<init>(LoginPo.java:10)
at library.BaseClass.<init>(BaseClass.java:17)
at Po.LoginPo.<init>(LoginPo.java:10)
at library.BaseClass.<init>(BaseClass.java:17)
at Po.LoginPo.<init>(LoginPo.java:10)
at library.BaseClass.<init>(BaseClass.java:17)
at Po.LoginPo.<init>(LoginPo.java:10)
at library.BaseClass.<init>(BaseClass.java:17)
at Po.LoginPo.<init>(LoginPo.java:10)
at library.BaseClass.<init>(BaseClass.java:17)
at Po.LoginPo.<init>(LoginPo.java:10)
at library.BaseClass.<init>(BaseClass.java:17)
at Po.LoginPo.<init>(LoginPo.java:10)
at library.BaseClass.<init>(BaseClass.java:17)
at Po.LoginPo.<init>(LoginPo.java:10)
at library.BaseClass.<init>(BaseClass.java:17)
at Po.LoginPo.<init>(LoginPo.java:10)
at library.BaseClass.<init>(BaseClass.java:17)
at Po.LoginPo.<init>(LoginPo.java:10)
at library.BaseClass.<init>(BaseClass.java:17)
at Po.LoginPo.<init>(LoginPo.java:10)
at library.BaseClass.<init>(BaseClass.java:17)
at Po.LoginPo.<init>(LoginPo.java:10)
at library.BaseClass.<init>(BaseClass.java:17)
at Po.LoginPo.<init>(LoginPo.java:10)
at library.BaseClass.<init>(BaseClass.java:17)
at Po.LoginPo.<init>(LoginPo.java:10)
at library.BaseClass.<init>(BaseClass.java:17)
at Po.LoginPo.<init>(LoginPo.java:10)
at library.BaseClass.<init>(BaseClass.java:17)
at Po.LoginPo.<init>(LoginPo.java:10)
at library.BaseClass.<init>(BaseClass.java:17)
at Po.LoginPo.<init>(LoginPo.java:10)
at library.BaseClass.<init>(BaseClass.java:17)
at Po.LoginPo.<init>(LoginPo.java:10)
at library.BaseClass.<init>(BaseClass.java:17)
at Po.LoginPo.<init>(LoginPo.java:10)
at library.BaseClass.<init>(BaseClass.java:17)
at Po.LoginPo.<init>(LoginPo.java:10)
at library.BaseClass.<init>(BaseClass.java:17)
at Po.LoginPo.<init>(LoginPo.java:10)
at library.BaseClass.<init>(BaseClass.java:17)
at Po.LoginPo.<init>(LoginPo.java:10)
at library.BaseClass.<init>(BaseClass.java:17)
at Po.LoginPo.<init>(LoginPo.java:10)
at library.BaseClass.<init>(BaseClass.java:17)
at Po.LoginPo.<init>(LoginPo.java:10)
at library.BaseClass.<init>(BaseClass.java:17)
at Po.LoginPo.<init>(LoginPo.java:10)
at library.BaseClass.<init>(BaseClass.java:17)
at Po.LoginPo.<init>(LoginPo.java:10)
at library.BaseClass.<init>(BaseClass.java:17)
at Po.LoginPo.<init>(LoginPo.java:10)
at library.BaseClass.<init>(BaseClass.java:17)
at Po.LoginPo.<init>(LoginPo.java:10)
at library.BaseClass.<init>(BaseClass.java:17)
at Po.LoginPo.<init>(LoginPo.java:10)
at library.BaseClass.<init>(BaseClass.java:17)
at Po.LoginPo.<init>(LoginPo.java:10)
at library.BaseClass.<init>(BaseClass.java:17)
at Po.LoginPo.<init>(LoginPo.java:10)
at library.BaseClass.<init>(BaseClass.java:17)
at Po.LoginPo.<init>(LoginPo.java:10)
at library.BaseClass.<init>(BaseClass.java:17)
at Po.LoginPo.<init>(LoginPo.java:10)
at library.BaseClass.<init>(BaseClass.java:17)
at Po.LoginPo.<init>(LoginPo.java:10)
at library.BaseClass.<init>(BaseClass.java:17)
at Po.LoginPo.<init>(LoginPo.java:10)
at library.BaseClass.<init>(BaseClass.java:17)
at Po.LoginPo.<init>(LoginPo.java:10)
at library.BaseClass.<init>(BaseClass.java:17)
at Po.LoginPo.<init>(LoginPo.java:10)
at library.BaseClass.<init>(BaseClass.java:17)
at Po.LoginPo.<init>(LoginPo.java:10)
at library.BaseClass.<init>(BaseClass.java:17)
at Po.LoginPo.<init>(LoginPo.java:10)
at library.BaseClass.<init>(BaseClass.java:17)
at Po.LoginPo.<init>(LoginPo.java:10)
at library.BaseClass.<init>(BaseClass.java:17)
at Po.LoginPo.<init>(LoginPo.java:10)
at library.BaseClass.<init>(BaseClass.java:17)
at Po.LoginPo.<init>(LoginPo.java:10)
at library.BaseClass.<init>(BaseClass.java:17)
at Po.LoginPo.<init>(LoginPo.java:10)
at library.BaseClass.<init>(BaseClass.java:17)
at Po.LoginPo.<init>(LoginPo.java:10)
at library.BaseClass.<init>(BaseClass.java:17)
at Po.LoginPo.<init>(LoginPo.java:10)
at library.BaseClass.<init>(BaseClass.java:17)
at Po.LoginPo.<init>(LoginPo.java:10)
at library.BaseClass.<init>(BaseClass.java:17)
at Po.LoginPo.<init>(LoginPo.java:10)
at library.BaseClass.<init>(BaseClass.java:17)
at Po.LoginPo.<init>(LoginPo.java:10)
at library.BaseClass.<init>(BaseClass.java:17)
at Po.LoginPo.<init>(LoginPo.java:10)
at library.BaseClass.<init>(BaseClass.java:17)
at Po.LoginPo.<init>(LoginPo.java:10)
at library.BaseClass.<init>(BaseClass.java:17)
at Po.LoginPo.<init>(LoginPo.java:10)
at library.BaseClass.<init>(BaseClass.java:17)
at Po.LoginPo.<init>(LoginPo.java:10)
at library.BaseClass.<init>(BaseClass.java:17)
at Po.LoginPo.<init>(LoginPo.java:10)
at library.BaseClass.<init>(BaseClass.java:17)
at Po.LoginPo.<init>(LoginPo.java:10)
at library.BaseClass.<init>(BaseClass.java:17)
at Po.LoginPo.<init>(LoginPo.java:10)
at library.BaseClass.<init>(BaseClass.java:17)
at Po.LoginPo.<init>(LoginPo.java:10)
at library.BaseClass.<init>(BaseClass.java:17)
at Po.LoginPo.<init>(LoginPo.java:10)
at library.BaseClass.<init>(BaseClass.java:17)
at Po.LoginPo.<init>(LoginPo.java:10)
at library.BaseClass.<init>(BaseClass.java:17)
at Po.LoginPo.<init>(LoginPo.java:10)
at library.BaseClass.<init>(BaseClass.java:17)
at Po.LoginPo.<init>(LoginPo.java:10)
at library.BaseClass.<init>(BaseClass.java:17)
at Po.LoginPo.<init>(LoginPo.java:10)
at library.BaseClass.<init>(BaseClass.java:17)
at Po.LoginPo.<init>(LoginPo.java:10)
at library.BaseClass.<init>(BaseClass.java:17)
at Po.LoginPo.<init>(LoginPo.java:10)
at library.BaseClass.<init>(BaseClass.java:17)
at Po.LoginPo.<init>(LoginPo.java:10)
at library.BaseClass.<init>(BaseClass.java:17)
at Po.LoginPo.<init>(LoginPo.java:10)
at library.BaseClass.<init>(BaseClass.java:17)
at Po.LoginPo.<init>(LoginPo.java:10)
at library.BaseClass.<init>(BaseClass.java:17)
at Po.LoginPo.<init>(LoginPo.java:10)
at library.BaseClass.<init>(BaseClass.java:17)
at Po.LoginPo.<init>(LoginPo.java:10)
at library.BaseClass.<init>(BaseClass.java:17)
at Po.LoginPo.<init>(LoginPo.java:10)
at library.BaseClass.<init>(BaseClass.java:17)
at Po.LoginPo.<init>(LoginPo.java:10)
at library.BaseClass.<init>(BaseClass.java:17)
at Po.LoginPo.<init>(LoginPo.java:10)
at library.BaseClass.<init>(BaseClass.java:17)
at Po.LoginPo.<init>(LoginPo.java:10)
at library.BaseClass.<init>(BaseClass.java:17)
at Po.LoginPo.<init>(LoginPo.java:10)
at library.BaseClass.<init>(BaseClass.java:17)
at Po.LoginPo.<init>(LoginPo.java:10)
at library.BaseClass.<init>(BaseClass.java:17)
at Po.LoginPo.<init>(LoginPo.java:10)
at library.BaseClass.<init>(BaseClass.java:17)
at Po.LoginPo.<init>(LoginPo.java:10)
at library.BaseClass.<init>(BaseClass.java:17)
at Po.LoginPo.<init>(LoginPo.java:10)
at library.BaseClass.<init>(BaseClass.java:17)
at Po.LoginPo.<init>(LoginPo.java:10)
at library.BaseClass.<init>(BaseClass.java:17)
at Po.LoginPo.<init>(LoginPo.java:10)
at library.BaseClass.<init>(BaseClass.java:17)
at Po.LoginPo.<init>(LoginPo.java:10)
at library.BaseClass.<init>(BaseClass.java:17)
at Po.LoginPo.<init>(LoginPo.java:10)
at library.BaseClass.<init>(BaseClass.java:17)
at Po.LoginPo.<init>(LoginPo.java:10)
at library.BaseClass.<init>(BaseClass.java:17)
at Po.LoginPo.<init>(LoginPo.java:10)
at library.BaseClass.<init>(BaseClass.java:17)
at Po.LoginPo.<init>(LoginPo.java:10)
at library.BaseClass.<init>(BaseClass.java:17)
at Po.LoginPo.<init>(LoginPo.java:10)
at library.BaseClass.<init>(BaseClass.java:17)
at Po.LoginPo.<init>(LoginPo.java:10)
at library.BaseClass.<init>(BaseClass.java:17)
at Po.LoginPo.<init>(LoginPo.java:10)
at library.BaseClass.<init>(BaseClass.java:17)
at Po.LoginPo.<init>(LoginPo.java:10)
at library.BaseClass.<init>(BaseClass.java:17)
at Po.LoginPo.<init>(LoginPo.java:10)
at library.BaseClass.<init>(BaseClass.java:17)
at Po.LoginPo.<init>(LoginPo.java:10)
at library.BaseClass.<init>(BaseClass.java:17)
at Po.LoginPo.<init>(LoginPo.java:10)
at library.BaseClass.<init>(BaseClass.java:17)
at Po.LoginPo.<init>(LoginPo.java:10)
at library.BaseClass.<init>(BaseClass.java:17)
at Po.LoginPo.<init>(LoginPo.java:10)
at library.BaseClass.<init>(BaseClass.java:17)
at Po.LoginPo.<init>(LoginPo.java:10)
at library.BaseClass.<init>(BaseClass.java:17)
at Po.LoginPo.<init>(LoginPo.java:10)
at library.BaseClass.<init>(BaseClass.java:17)
at Po.LoginPo.<init>(LoginPo.java:10)
at library.BaseClass.<init>(BaseClass.java:17)
at Po.LoginPo.<init>(LoginPo.java:10)
at library.BaseClass.<init>(BaseClass.java:17)
at Po.LoginPo.<init>(LoginPo.java:10)
at library.BaseClass.<init>(BaseClass.java:17)
at Po.LoginPo.<init>(LoginPo.java:10)
at library.BaseClass.<init>(BaseClass.java:17)
at Po.LoginPo.<init>(LoginPo.java:10)
at library.BaseClass.<init>(BaseClass.java:17)
at Po.LoginPo.<init>(LoginPo.java:10)
at library.BaseClass.<init>(BaseClass.java:17)
at Po.LoginPo.<init>(LoginPo.java:10)
at library.BaseClass.<init>(BaseClass.java:17)
at Po.LoginPo.<init>(LoginPo.java:10)
at library.BaseClass.<init>(BaseClass.java:17)
at Po.LoginPo.<init>(LoginPo.java:10)
at library.BaseClass.<init>(BaseClass.java:17)
at Po.LoginPo.<init>(LoginPo.java:10)
at library.BaseClass.<init>(BaseClass.java:17)
at Po.LoginPo.<init>(LoginPo.java:10)
at library.BaseClass.<init>(BaseClass.java:17)
at Po.LoginPo.<init>(LoginPo.java:10)
at library.BaseClass.<init>(BaseClass.java:17)
at Po.LoginPo.<init>(LoginPo.java:10)
at library.BaseClass.<init>(BaseClass.java:17)
at Po.LoginPo.<init>(LoginPo.java:10)
at library.BaseClass.<init>(BaseClass.java:17)
at Po.LoginPo.<init>(LoginPo.java:10)
at library.BaseClass.<init>(BaseClass.java:17)
at Po.LoginPo.<init>(LoginPo.java:10)
at library.BaseClass.<init>(BaseClass.java:17)
at Po.LoginPo.<init>(LoginPo.java:10)
at library.BaseClass.<init>(BaseClass.java:17)
at Po.LoginPo.<init>(LoginPo.java:10)
at library.BaseClass.<init>(BaseClass.java:17)
at Po.LoginPo.<init>(LoginPo.java:10)
at library.BaseClass.<init>(BaseClass.java:17)
at Po.LoginPo.<init>(LoginPo.java:10)
at library.BaseClass.<init>(BaseClass.java:17)
at Po.LoginPo.<init>(LoginPo.java:10)
at library.BaseClass.<init>(BaseClass.java:17)
at Po.LoginPo.<init>(LoginPo.java:10)
at library.BaseClass.<init>(BaseClass.java:17)
at Po.LoginPo.<init>(LoginPo.java:10)
at library.BaseClass.<init>(BaseClass.java:17)
at Po.LoginPo.<init>(LoginPo.java:10)
at library.BaseClass.<init>(BaseClass.java:17)
at Po.LoginPo.<init>(LoginPo.java:10)
at library.BaseClass.<init>(BaseClass.java:17)
at Po.LoginPo.<init>(LoginPo.java:10)
at library.BaseClass.<init>(BaseClass.java:17)
at Po.LoginPo.<init>(LoginPo.java:10)
at library.BaseClass.<init>(BaseClass.java:17)
at Po.LoginPo.<init>(LoginPo.java:10)
at library.BaseClass.<init>(BaseClass.java:17)
at Po.LoginPo.<init>(LoginPo.java:10)
at library.BaseClass.<init>(BaseClass.java:17)
at Po.LoginPo.<init>(LoginPo.java:10)
at library.BaseClass.<init>(BaseClass.java:17)
at Po.LoginPo.<init>(LoginPo.java:10)
at library.BaseClass.<init>(BaseClass.java:17)
at Po.LoginPo.<init>(LoginPo.java:10)
at library.BaseClass.<init>(BaseClass.java:17)
at Po.LoginPo.<init>(LoginPo.java:10)
at library.BaseClass.<init>(BaseClass.java:17)
at Po.LoginPo.<init>(LoginPo.java:10)
at library.BaseClass.<init>(BaseClass.java:17)
at Po.LoginPo.<init>(LoginPo.java:10)
at library.BaseClass.<init>(BaseClass.java:17)
at Po.LoginPo.<init>(LoginPo.java:10)
at library.BaseClass.<init>(BaseClass.java:17)
at Po.LoginPo.<init>(LoginPo.java:10)
at library.BaseClass.<init>(BaseClass.java:17)
at Po.LoginPo.<init>(LoginPo.java:10)
at library.BaseClass.<init>(BaseClass.java:17)
at Po.LoginPo.<init>(LoginPo.java:10)
at library.BaseClass.<init>(BaseClass.java:17)
at Po.LoginPo.<init>(LoginPo.java:10)
at library.BaseClass.<init>(BaseClass.java:17)
at Po.LoginPo.<init>(LoginPo.java:10)
at library.BaseClass.<init>(BaseClass.java:17)
at Po.LoginPo.<init>(LoginPo.java:10)
at library.BaseClass.<init>(BaseClass.java:17)
at Po.LoginPo.<init>(LoginPo.java:10)
at library.BaseClass.<init>(BaseClass.java:17)
at Po.LoginPo.<init>(LoginPo.java:10)
at library.BaseClass.<init>(BaseClass.java:17)
at Po.LoginPo.<init>(LoginPo.java:10)
at library.BaseClass.<init>(BaseClass.java:17)
at Po.LoginPo.<init>(LoginPo.java:10)
at library.BaseClass.<init>(BaseClass.java:17)
at Po.LoginPo.<init>(LoginPo.java:10)
at library.BaseClass.<init>(BaseClass.java:17)
at Po.LoginPo.<init>(LoginPo.java:10)
at library.BaseClass.<init>(BaseClass.java:17)
at Po.LoginPo.<init>(LoginPo.java:10)
at library.BaseClass.<init>(BaseClass.java:17)
at Po.LoginPo.<init>(LoginPo.java:10)
at library.BaseClass.<init>(BaseClass.java:17)
at Po.LoginPo.<init>(LoginPo.java:10)
at library.BaseClass.<init>(BaseClass.java:17)
at Po.LoginPo.<init>(LoginPo.java:10)
at library.BaseClass.<init>(BaseClass.java:17)
at Po.LoginPo.<init>(LoginPo.java:10)
at library.BaseClass.<init>(BaseClass.java:17)
at Po.LoginPo.<init>(LoginPo.java:10)
at library.BaseClass.<init>(BaseClass.java:17)
at Po.LoginPo.<init>(LoginPo.java:10)
at library.BaseClass.<init>(BaseClass.java:17)
at Po.LoginPo.<init>(LoginPo.java:10)
at library.BaseClass.<init>(BaseClass.java:17)
at Po.LoginPo.<init>(LoginPo.java:10)
at library.BaseClass.<init>(BaseClass.java:17)
at Po.LoginPo.<init>(LoginPo.java:10)
at library.BaseClass.<init>(BaseClass.java:17)
at Po.LoginPo.<init>(LoginPo.java:10)
at library.BaseClass.<init>(BaseClass.java:17)
at Po.LoginPo.<init>(LoginPo.java:10)
at library.BaseClass.<init>(BaseClass.java:17)
at Po.LoginPo.<init>(LoginPo.java:10)
at library.BaseClass.<init>(BaseClass.java:17)
at Po.LoginPo.<init>(LoginPo.java:10)
at library.BaseClass.<init>(BaseClass.java:17)
at Po.LoginPo.<init>(LoginPo.java:10)
at library.BaseClass.<init>(BaseClass.java:17)
at Po.LoginPo.<init>(LoginPo.java:10)
at library.BaseClass.<init>(BaseClass.java:17)
at Po.LoginPo.<init>(LoginPo.java:10)
at library.BaseClass.<init>(BaseClass.java:17)
at Po.LoginPo.<init>(LoginPo.java:10)
at library.BaseClass.<init>(BaseClass.java:17)
at Po.LoginPo.<init>(LoginPo.java:10)
at library.BaseClass.<init>(BaseClass.java:17)
at Po.LoginPo.<init>(LoginPo.java:10)
at library.BaseClass.<init>(BaseClass.java:17)
at Po.LoginPo.<init>(LoginPo.java:10)
at library.BaseClass.<init>(BaseClass.java:17)
at Po.LoginPo.<init>(LoginPo.java:10)
at library.BaseClass.<init>(BaseClass.java:17)
at Po.LoginPo.<init>(LoginPo.java:10)
at library.BaseClass.<init>(BaseClass.java:17)
at Po.LoginPo.<init>(LoginPo.java:10)
at library.BaseClass.<init>(BaseClass.java:17)
at Po.LoginPo.<init>(LoginPo.java:10)
at library.BaseClass.<init>(BaseClass.java:17)
at Po.LoginPo.<init>(LoginPo.java:10)
at library.BaseClass.<init>(BaseClass.java:17)
at Po.LoginPo.<init>(LoginPo.java:10)
at library.BaseClass.<init>(BaseClass.java:17)
at Po.LoginPo.<init>(LoginPo.java:10)
at library.BaseClass.<init>(BaseClass.java:17)
at Po.LoginPo.<init>(LoginPo.java:10)
at library.BaseClass.<init>(BaseClass.java:17)
at Po.LoginPo.<init>(LoginPo.java:10)
at library.BaseClass.<init>(BaseClass.java:17)
at Po.LoginPo.<init>(LoginPo.java:10)
at library.BaseClass.<init>(BaseClass.java:17)
at Po.LoginPo.<init>(LoginPo.java:10)
at library.BaseClass.<init>(BaseClass.java:17)
at Po.LoginPo.<init>(LoginPo.java:10)
at library.BaseClass.<init>(BaseClass.java:17)
at Po.LoginPo.<init>(LoginPo.java:10)
at library.BaseClass.<init>(BaseClass.java:17)
at Po.LoginPo.<init>(LoginPo.java:10)
at library.BaseClass.<init>(BaseClass.java:17)
at Po.LoginPo.<init>(LoginPo.java:10)
at library.BaseClass.<init>(BaseClass.java:17)
at Po.LoginPo.<init>(LoginPo.java:10)
at library.BaseClass.<init>(BaseClass.java:17)
at Po.LoginPo.<init>(LoginPo.java:10)
at library.BaseClass.<init>(BaseClass.java:17)
at Po.LoginPo.<init>(LoginPo.java:10)
at library.BaseClass.<init>(BaseClass.java:17)
at Po.LoginPo.<init>(LoginPo.java:10)
at library.BaseClass.<init>(BaseClass.java:17)
at Po.LoginPo.<init>(LoginPo.java:10)
at library.BaseClass.<init>(BaseClass.java:17)
at Po.LoginPo.<init>(LoginPo.java:10)
at library.BaseClass.<init>(BaseClass.java:17)
at Po.LoginPo.<init>(LoginPo.java:10)
at library.BaseClass.<init>(BaseClass.java:17)
at Po.LoginPo.<init>(LoginPo.java:10)
at library.BaseClass.<init>(BaseClass.java:17)
at Po.LoginPo.<init>(LoginPo.java:10)
at library.BaseClass.<init>(BaseClass.java:17)
at Po.LoginPo.<init>(LoginPo.java:10)
at library.BaseClass.<init>(BaseClass.java:17)
at Po.LoginPo.<init>(LoginPo.java:10)
at library.BaseClass.<init>(BaseClass.java:17)
at Po.LoginPo.<init>(LoginPo.java:10)
at library.BaseClass.<init>(BaseClass.java:17)
at Po.LoginPo.<init>(LoginPo.java:10)
at library.BaseClass.<init>(BaseClass.java:17)
at Po.LoginPo.<init>(LoginPo.java:10)
at library.BaseClass.<init>(BaseClass.java:17)
at Po.LoginPo.<init>(LoginPo.java:10)
at library.BaseClass.<init>(BaseClass.java:17)
at Po.LoginPo.<init>(LoginPo.java:10)
at library.BaseClass.<init>(BaseClass.java:17)
at Po.LoginPo.<init>(LoginPo.java:10)
at library.BaseClass.<init>(BaseClass.java:17)
at Po.LoginPo.<init>(LoginPo.java:10)
at library.BaseClass.<init>(BaseClass.java:17)
at Po.LoginPo.<init>(LoginPo.java:10)
at library.BaseClass.<init>(BaseClass.java:17)
at Po.LoginPo.<init>(LoginPo.java:10)
at library.BaseClass.<init>(BaseClass.java:17)
at Po.LoginPo.<init>(LoginPo.java:10)
at library.BaseClass.<init>(BaseClass.java:17)
at Po.LoginPo.<init>(LoginPo.java:10)
at library.BaseClass.<init>(BaseClass.java:17)
at Po.LoginPo.<init>(LoginPo.java:10)
at library.BaseClass.<init>(BaseClass.java:17)
at Po.LoginPo.<init>(LoginPo.java:10)
at library.BaseClass.<init>(BaseClass.java:17)
at Po.LoginPo.<init>(LoginPo.java:10)
at library.BaseClass.<init>(BaseClass.java:17)
at Po.LoginPo.<init>(LoginPo.java:10)
at library.BaseClass.<init>(BaseClass.java:17)
at Po.LoginPo.<init>(LoginPo.java:10)
at library.BaseClass.<init>(BaseClass.java:17)
at Po.LoginPo.<init>(LoginPo.java:10)
at library.BaseClass.<init>(BaseClass.java:17)
at Po.LoginPo.<init>(LoginPo.java:10)
at library.BaseClass.<init>(BaseClass.java:17)
at Po.LoginPo.<init>(LoginPo.java:10)
at library.BaseClass.<init>(BaseClass.java:17)
at Po.LoginPo.<init>(LoginPo.java:10)
at library.BaseClass.<init>(BaseClass.java:17)
at Po.LoginPo.<init>(LoginPo.java:10)
at library.BaseClass.<init>(BaseClass.java:17)
at Po.LoginPo.<init>(LoginPo.java:10)
at library.BaseClass.<init>(BaseClass.java:17)
at Po.LoginPo.<init>(LoginPo.java:10)
at library.BaseClass.<init>(BaseClass.java:17)
at Po.LoginPo.<init>(LoginPo.java:10)
at library.BaseClass.<init>(BaseClass.java:17)
at Po.LoginPo.<init>(LoginPo.java:10)
at library.BaseClass.<init>(BaseClass.java:17)
at Po.LoginPo.<init>(LoginPo.java:10)
at library.BaseClass.<init>(BaseClass.java:17)
at Po.LoginPo.<init>(LoginPo.java:10)
at library.BaseClass.<init>(BaseClass.java:17)
at Po.LoginPo.<init>(LoginPo.java:10)
at library.BaseClass.<init>(BaseClass.java:17)
at Po.LoginPo.<init>(LoginPo.java:10)
at library.BaseClass.<init>(BaseClass.java:17)
at Po.LoginPo.<init>(LoginPo.java:10)
at library.BaseClass.<init>(BaseClass.java:17)
at Po.LoginPo.<init>(LoginPo.java:10)
at library.BaseClass.<init>(BaseClass.java:17)
at Po.LoginPo.<init>(LoginPo.java:10)
at library.BaseClass.<init>(BaseClass.java:17)
at Po.LoginPo.<init>(LoginPo.java:10)
at library.BaseClass.<init>(BaseClass.java:17)
at Po.LoginPo.<init>(LoginPo.java:10)
at library.BaseClass.<init>(BaseClass.java:17)
at Po.LoginPo.<init>(LoginPo.java:10)
at library.BaseClass.<init>(BaseClass.java:17)
at Po.LoginPo.<init>(LoginPo.java:10)
at library.BaseClass.<init>(BaseClass.java:17)
at Po.LoginPo.<init>(LoginPo.java:10)
at library.BaseClass.<init>(BaseClass.java:17)
at Po.LoginPo.<init>(LoginPo.java:10)
at library.BaseClass.<init>(BaseClass.java:17)
at Po.LoginPo.<init>(LoginPo.java:10)
at library.BaseClass.<init>(BaseClass.java:17)
at Po.LoginPo.<init>(LoginPo.java:10)
at library.BaseClass.<init>(BaseClass.java:17)
at Po.LoginPo.<init>(LoginPo.java:10)
at library.BaseClass.<init>(BaseClass.java:17)
at Po.LoginPo.<init>(LoginPo.java:10)
at library.BaseClass.<init>(BaseClass.java:17)
at Po.LoginPo.<init>(LoginPo.java:10)
at library.BaseClass.<init>(BaseClass.java:17)
at Po.LoginPo.<init>(LoginPo.java:10)
at library.BaseClass.<init>(BaseClass.java:17)
at Po.LoginPo.<init>(LoginPo.java:10)
at library.BaseClass.<init>(BaseClass.java:17)
at Po.LoginPo.<init>(LoginPo.java:10)
at library.BaseClass.<init>(BaseClass.java:17)
at Po.LoginPo.<init>(LoginPo.java:10)
at library.BaseClass.<init>(BaseClass.java:17)
at Po.LoginPo.<init>(LoginPo.java:10)
at library.BaseClass.<init>(BaseClass.java:17)
at Po.LoginPo.<init>(LoginPo.java:10)
at library.BaseClass.<init>(BaseClass.java:17)
at Po.LoginPo.<init>(LoginPo.java:10)
at library.BaseClass.<init>(BaseClass.java:17)
at Po.LoginPo.<init>(LoginPo.java:10)
at library.BaseClass.<init>(BaseClass.java:17)
at Po.LoginPo.<init>(LoginPo.java:10)
at library.BaseClass.<init>(BaseClass.java:17)
at Po.LoginPo.<init>(LoginPo.java:10)
at library.BaseClass.<init>(BaseClass.java:17)
at Po.LoginPo.<init>(LoginPo.java:10)
at library.BaseClass.<init>(BaseClass.java:17)
at Po.LoginPo.<init>(LoginPo.java:10)
at library.BaseClass.<init>(BaseClass.java:17)
at Po.LoginPo.<init>(LoginPo.java:10)
at library.BaseClass.<init>(BaseClass.java:17)
at Po.LoginPo.<init>(LoginPo.java:10)
at library.BaseClass.<init>(BaseClass.java:17)
at Po.LoginPo.<init>(LoginPo.java:10)
at library.BaseClass.<init>(BaseClass.java:17)
at Po.LoginPo.<init>(LoginPo.java:10)
at library.BaseClass.<init>(BaseClass.java:17)
at Po.LoginPo.<init>(LoginPo.java:10)
at library.BaseClass.<init>(BaseClass.java:17)
at Po.LoginPo.<init>(LoginPo.java:10)
at library.BaseClass.<init>(BaseClass.java:17)
at Po.LoginPo.<init>(LoginPo.java:10)
at library.BaseClass.<init>(BaseClass.java:17)
at Po.LoginPo.<init>(LoginPo.java:10)
at library.BaseClass.<init>(BaseClass.java:17)
at Po.LoginPo.<init>(LoginPo.java:10)
at library.BaseClass.<init>(BaseClass.java:17)
at Po.LoginPo.<init>(LoginPo.java:10)
at library.BaseClass.<init>(BaseClass.java:17)
at Po.LoginPo.<init>(LoginPo.java:10)
at library.BaseClass.<init>(BaseClass.java:17)
at Po.LoginPo.<init>(LoginPo.java:10)
at library.BaseClass.<init>(BaseClass.java:17)
at Po.LoginPo.<init>(LoginPo.java:10)
at library.BaseClass.<init>(BaseClass.java:17)
at Po.LoginPo.<init>(LoginPo.java:10)
at library.BaseClass.<init>(BaseClass.java:17)
at Po.LoginPo.<init>(LoginPo.java:10)
at library.BaseClass.<init>(BaseClass.java:17)
at Po.LoginPo.<init>(LoginPo.java:10)
at library.BaseClass.<init>(BaseClass.java:17)
at Po.LoginPo.<init>(LoginPo.java:10)
at library.BaseClass.<init>(BaseClass.java:17)
at Po.LoginPo.<init>(LoginPo.java:10)
at library.BaseClass.<init>(BaseClass.java:17)
at Po.LoginPo.<init>(LoginPo.java:10)
at library.BaseClass.<init>(BaseClass.java:17)
at Po.LoginPo.<init>(LoginPo.java:10)
at library.BaseClass.<init>(BaseClass.java:17)
at Po.LoginPo.<init>(LoginPo.java:10)
at library.BaseClass.<init>(BaseClass.java:17)
at Po.LoginPo.<init>(LoginPo.java:10)
at library.BaseClass.<init>(BaseClass.java:17)
at Po.LoginPo.<init>(LoginPo.java:10)
at library.BaseClass.<init>(BaseClass.java:17)
at Po.LoginPo.<init>(LoginPo.java:10)
at library.BaseClass.<init>(BaseClass.java:17)
at Po.LoginPo.<init>(LoginPo.java:10)
at library.BaseClass.<init>(BaseClass.java:17)
at Po.LoginPo.<init>(LoginPo.java:10)
at library.BaseClass.<init>(BaseClass.java:17)
at Po.LoginPo.<init>(LoginPo.java:10)
at library.BaseClass.<init>(BaseClass.java:17)
at Po.LoginPo.<init>(LoginPo.java:10)
at library.BaseClass.<init>(BaseClass.java:17)
at Po.LoginPo.<init>(LoginPo.java:10)
at library.BaseClass.<init>(BaseClass.java:17)
at Po.LoginPo.<init>(LoginPo.java:10)
at library.BaseClass.<init>(BaseClass.java:17)
at Po.LoginPo.<init>(LoginPo.java:10)
at library.BaseClass.<init>(BaseClass.java:17)
at Po.LoginPo.<init>(LoginPo.java:10)
at library.BaseClass.<init>(BaseClass.java:17)
at Po.LoginPo.<init>(LoginPo.java:10)
at library.BaseClass.<init>(BaseClass.java:17)
at Po.LoginPo.<init>(LoginPo.java:10)
at library.BaseClass.<init>(BaseClass.java:17)
at Po.LoginPo.<init>(LoginPo.java:10)
at library.BaseClass.<init>(BaseClass.java:17)
at Po.LoginPo.<init>(LoginPo.java:10)
at library.BaseClass.<init>(BaseClass.java:17)
at Po.LoginPo.<init>(LoginPo.java:10)
at library.BaseClass.<init>(BaseClass.java:17)
at Po.LoginPo.<init>(LoginPo.java:10)
at library.BaseClass.<init>(BaseClass.java:17)
at Po.LoginPo.<init>(LoginPo.java:10)
at library.BaseClass.<init>(BaseClass.java:17)
at Po.LoginPo.<init>(LoginPo.java:10)
at library.BaseClass.<init>(BaseClass.java:17)
at Po.LoginPo.<init>(LoginPo.java:10)
at library.BaseClass.<init>(BaseClass.java:17)
at Po.LoginPo.<init>(LoginPo.java:10)
at library.BaseClass.<init>(BaseClass.java:17)
at Po.LoginPo.<init>(LoginPo.java:10)
at library.BaseClass.<init>(BaseClass.java:17)
at Po.LoginPo.<init>(LoginPo.java:10)
at library.BaseClass.<init>(BaseClass.java:17)
at Po.LoginPo.<init>(LoginPo.java:10)
at library.BaseClass.<init>(BaseClass.java:17)
at Po.LoginPo.<init>(LoginPo.java:10)
at library.BaseClass.<init>(BaseClass.java:17)
at Po.LoginPo.<init>(LoginPo.java:10)
at library.BaseClass.<init>(BaseClass.java:17)
at Po.LoginPo.<init>(LoginPo.java:10)
at library.BaseClass.<init>(BaseClass.java:17)
at Po.LoginPo.<init>(LoginPo.java:10)
at library.BaseClass.<init>(BaseClass.java:17)
at Po.LoginPo.<init>(LoginPo.java:10)
at library.BaseClass.<init>(BaseClass.java:17)
at Po.LoginPo.<init>(LoginPo.java:10)
at library.BaseClass.<init>(BaseClass.java:17)
at Po.LoginPo.<init>(LoginPo.java:10)
at library.BaseClass.<init>(BaseClass.java:17)
at Po.LoginPo.<init>(LoginPo.java:10)
at library.BaseClass.<init>(BaseClass.java:17)
at Po.LoginPo.<init>(LoginPo.java:10)
at library.BaseClass.<init>(BaseClass.java:17)
at Po.LoginPo.<init>(LoginPo.java:10)
at library.BaseClass.<init>(BaseClass.java:17)
at Po.LoginPo.<init>(LoginPo.java:10)
at library.BaseClass.<init>(BaseClass.java:17)
at Po.LoginPo.<init>(LoginPo.java:10)
at library.BaseClass.<init>(BaseClass.java:17)
at Po.LoginPo.<init>(LoginPo.java:10)
at library.BaseClass.<init>(BaseClass.java:17)
at Po.LoginPo.<init>(LoginPo.java:10)
at library.BaseClass.<init>(BaseClass.java:17)
at Po.LoginPo.<init>(LoginPo.java:10)
at library.BaseClass.<init>(BaseClass.java:17)
at Po.LoginPo.<init>(LoginPo.java:10)
at library.BaseClass.<init>(BaseClass.java:17)
at Po.LoginPo.<init>(LoginPo.java:10)
at library.BaseClass.<init>(BaseClass.java:17)
at Po.LoginPo.<init>(LoginPo.java:10)
at library.BaseClass.<init>(BaseClass.java:17)
at Po.LoginPo.<init>(LoginPo.java:10)
at library.BaseClass.<init>(BaseClass.java:17)
at Po.LoginPo.<init>(LoginPo.java:10)
at library.BaseClass.<init>(BaseClass.java:17)
at Po.LoginPo.<init>(LoginPo.java:10)
at library.BaseClass.<init>(BaseClass.java:17)
at Po.LoginPo.<init>(LoginPo.java:10)
at library.BaseClass.<init>(BaseClass.java:17)
at Po.LoginPo.<init>(LoginPo.java:10)
at library.BaseClass.<init>(BaseClass.java:17)
at Po.LoginPo.<init>(LoginPo.java:10)
at library.BaseClass.<init>(BaseClass.java:17)
at Po.LoginPo.<init>(LoginPo.java:10)
at library.BaseClass.<init>(BaseClass.java:17)
at Po.LoginPo.<init>(LoginPo.java:10)
at library.BaseClass.<init>(BaseClass.java:17)
at Po.LoginPo.<init>(LoginPo.java:10)
at library.BaseClass.<init>(BaseClass.java:17)
at Po.LoginPo.<init>(LoginPo.java:10)
at library.BaseClass.<init>(BaseClass.java:17)
at Po.LoginPo.<init>(LoginPo.java:10)
at library.BaseClass.<init>(BaseClass.java:17)
at Po.LoginPo.<init>(LoginPo.java:10)
at library.BaseClass.<init>(BaseClass.java:17)
at Po.LoginPo.<init>(LoginPo.java:10)
at library.BaseClass.<init>(BaseClass.java:17)
at Po.LoginPo.<init>(LoginPo.java:10)
at library.BaseClass.<init>(BaseClass.java:17)
at Po.LoginPo.<init>(LoginPo.java:10)
at library.BaseClass.<init>(BaseClass.java:17)
at Po.LoginPo.<init>(LoginPo.java:10)
at library.BaseClass.<init>(BaseClass.java:17)
at Po.LoginPo.<init>(LoginPo.java:10)
at library.BaseClass.<init>(BaseClass.java:17)
at Po.LoginPo.<init>(LoginPo.java:10)
at library.BaseClass.<init>(BaseClass.java:17)
at Po.LoginPo.<init>(LoginPo.java:10)
at library.BaseClass.<init>(BaseClass.java:17)
at Po.LoginPo.<init>(LoginPo.java:10)
at library.BaseClass.<init>(BaseClass.java:17)
at Po.LoginPo.<init>(LoginPo.java:10)
at library.BaseClass.<init>(BaseClass.java:17)
at Po.LoginPo.<init>(LoginPo.java:10)
at library.BaseClass.<init>(BaseClass.java:17)
at Po.LoginPo.<init>(LoginPo.java:10)
at library.BaseClass.<init>(BaseClass.java:17)
at Po.LoginPo.<init>(LoginPo.java:10)
at library.BaseClass.<init>(BaseClass.java:17)
at Po.LoginPo.<init>(LoginPo.java:10)
at library.BaseClass.<init>(BaseClass.java:17)
at Po.LoginPo.<init>(LoginPo.java:10)
at library.BaseClass.<init>(BaseClass.java:17)
at Po.LoginPo.<init>(LoginPo.java:10)
at library.BaseClass.<init>(BaseClass.java:17)
at Po.LoginPo.<init>(LoginPo.java:10)
at library.BaseClass.<init>(BaseClass.java:17)
at Po.LoginPo.<init>(LoginPo.java:10)
at library.BaseClass.<init>(BaseClass.java:17)
at Po.LoginPo.<init>(LoginPo.java:10)
at library.BaseClass.<init>(BaseClass.java:17)
at Po.LoginPo.<init>(LoginPo.java:10)
at library.BaseClass.<init>(BaseClass.java:17)
at Po.LoginPo.<init>(LoginPo.java:10)
at library.BaseClass.<init>(BaseClass.java:17)
at Po.LoginPo.<init>(LoginPo.java:10)
at library.BaseClass.<init>(BaseClass.java:17)
at Po.LoginPo.<init>(LoginPo.java:10)
at library.BaseClass.<init>(BaseClass.java:17)
at Po.LoginPo.<init>(LoginPo.java:10)
at library.BaseClass.<init>(BaseClass.java:17)
at Po.LoginPo.<init>(LoginPo.java:10)
at library.BaseClass.<init>(BaseClass.java:17)
at Po.LoginPo.<init>(LoginPo.java:10)
at library.BaseClass.<init>(BaseClass.java:17)
at Po.LoginPo.<init>(LoginPo.java:10)
at library.BaseClass.<init>(BaseClass.java:17)
at Po.LoginPo.<init>(LoginPo.java:10)
at library.BaseClass.<init>(BaseClass.java:17)
at Po.LoginPo.<init>(LoginPo.java:10)
at library.BaseClass.<init>(BaseClass.java:17)
at Po.LoginPo.<init>(LoginPo.java:10)
[...]
at Po.LoginPo.<init>(LoginPo.java:10)
at library.BaseClass.<init>(BaseClass.java:17)
at Po.LoginPo.<init>(LoginPo.java:10)
at library.BaseClass.<init>(BaseClass.java:17)
at Po.LoginPo.<init>(LoginPo.java:10)
at library.BaseClass.<init>(BaseClass.java:17)
at Po.LoginPo.<init>(LoginPo.java:10)
at library.BaseClass.<init>(BaseClass.java:17)
at Po.LoginPo.<init>(LoginPo.java:10)
at library.BaseClass.<init>(BaseClass.java:17)
at Po.LoginPo.<init>(LoginPo.java:10)
at library.BaseClass.<init>(BaseClass.java:17)
at Po.LoginPo.<init>(LoginPo.java:10)
at library.BaseClass.<init>(BaseClass.java:17)
at Po.LoginPo.<init>(LoginPo.java:10)
at library.BaseClass.<init>(BaseClass.java:17)
at Po.LoginPo.<init>(LoginPo.java:10)
at library.BaseClass.<init>(BaseClass.java:17)
at Po.LoginPo.<init>(LoginPo.java:10)
at library.BaseClass.<init>(BaseClass.java:17)
at Po.LoginPo.<init>(LoginPo.java:10)
at library.BaseClass.<init>(BaseClass.java:17)
at Po.LoginPo.<init>(LoginPo.java:10)
at library.BaseClass.<init>(BaseClass.java:17)
at Po.LoginPo.<init>(LoginPo.java:10)
at library.BaseClass.<init>(BaseClass.java:17)
at Po.LoginPo.<init>(LoginPo.java:10)
at library.BaseClass.<init>(BaseClass.java:17)
at Po.LoginPo.<init>(LoginPo.java:10)
at library.BaseClass.<init>(BaseClass.java:17)
at Po.LoginPo.<init>(LoginPo.java:10)
at library.BaseClass.<init>(BaseClass.java:17)
at Po.LoginPo.<init>(LoginPo.java:10)
at library.BaseClass.<init>(BaseClass.java:17)
at Po.LoginPo.<init>(LoginPo.java:10)
at library.BaseClass.<init>(BaseClass.java:17)
at Po.LoginPo.<init>(LoginPo.java:10)
at library.BaseClass.<init>(BaseClass.java:17)
at Po.LoginPo.<init>(LoginPo.java:10)
at library.BaseClass.<init>(BaseClass.java:17)
at Po.LoginPo.<init>(LoginPo.java:10)
at library.BaseClass.<init>(BaseClass.java:17)
at Po.LoginPo.<init>(LoginPo.java:10)
at library.BaseClass.<init>(BaseClass.java:17)
at Po.LoginPo.<init>(LoginPo.java:10)
at library.BaseClass.<init>(BaseClass.java:17)
at Po.LoginPo.<init>(LoginPo.java:10)
at library.BaseClass.<init>(BaseClass.java:17)
at Po.LoginPo.<init>(LoginPo.java:10)
at library.BaseClass.<init>(BaseClass.java:17)
at Po.LoginPo.<init>(LoginPo.java:10)
at library.BaseClass.<init>(BaseClass.java:17)
at Po.LoginPo.<init>(LoginPo.java:10)
at library.BaseClass.<init>(BaseClass.java:17)
at Po.LoginPo.<init>(LoginPo.java:10)
at library.BaseClass.<init>(BaseClass.java:17)
at Po.LoginPo.<init>(LoginPo.java:10)
at library.BaseClass.<init>(BaseClass.java:17)
at Po.LoginPo.<init>(LoginPo.java:10)
at library.BaseClass.<init>(BaseClass.java:17)
at Po.LoginPo.<init>(LoginPo.java:10)
at library.BaseClass.<init>(BaseClass.java:17)
at Po.LoginPo.<init>(LoginPo.java:10)
at library.BaseClass.<init>(BaseClass.java:17)
at Po.LoginPo.<init>(LoginPo.java:10)
at library.BaseClass.<init>(BaseClass.java:17)
at Po.LoginPo.<init>(LoginPo.java:10)
at library.BaseClass.<init>(BaseClass.java:17)
at Po.LoginPo.<init>(LoginPo.java:10)
at library.BaseClass.<init>(BaseClass.java:17)
at Po.LoginPo.<init>(LoginPo.java:10)
at library.BaseClass.<init>(BaseClass.java:17)
at Po.LoginPo.<init>(LoginPo.java:10)
at library.BaseClass.<init>(BaseClass.java:17)
at Po.LoginPo.<init>(LoginPo.java:10)
at library.BaseClass.<init>(BaseClass.java:17)
at Po.LoginPo.<init>(LoginPo.java:10)
at library.BaseClass.<init>(BaseClass.java:17)
at Po.LoginPo.<init>(LoginPo.java:10)
at library.BaseClass.<init>(BaseClass.java:17)
at Po.LoginPo.<init>(LoginPo.java:10)
at library.BaseClass.<init>(BaseClass.java:17)
at Po.LoginPo.<init>(LoginPo.java:10)
at library.BaseClass.<init>(BaseClass.java:17)
at Po.LoginPo.<init>(LoginPo.java:10)
at library.BaseClass.<init>(BaseClass.java:17)
at Po.LoginPo.<init>(LoginPo.java:10)
at library.BaseClass.<init>(BaseClass.java:17)
at Po.LoginPo.<init>(LoginPo.java:10)
at library.BaseClass.<init>(BaseClass.java:17)
at Po.LoginPo.<init>(LoginPo.java:10)
at library.BaseClass.<init>(BaseClass.java:17)
at Po.LoginPo.<init>(LoginPo.java:10)
at library.BaseClass.<init>(BaseClass.java:17)
at Po.LoginPo.<init>(LoginPo.java:10)
at library.BaseClass.<init>(BaseClass.java:17)
at Po.LoginPo.<init>(LoginPo.java:10)
at library.BaseClass.<init>(BaseClass.java:17)
at Po.LoginPo.<init>(LoginPo.java:10)
at library.BaseClass.<init>(BaseClass.java:17)
at Po.LoginPo.<init>(LoginPo.java:10)
at library.BaseClass.<init>(BaseClass.java:17)
at Po.LoginPo.<init>(LoginPo.java:10)
at library.BaseClass.<init>(BaseClass.java:17)
at Po.LoginPo.<init>(LoginPo.java:10)
at library.BaseClass.<init>(BaseClass.java:17)
at Po.LoginPo.<init>(LoginPo.java:10)
at library.BaseClass.<init>(BaseClass.java:17)
at Po.LoginPo.<init>(LoginPo.java:10)
at library.BaseClass.<init>(BaseClass.java:17)
at Po.LoginPo.<init>(LoginPo.java:10)
at library.BaseClass.<init>(BaseClass.java:17)
at Po.LoginPo.<init>(LoginPo.java:10)
at library.BaseClass.<init>(BaseClass.java:17)
at Po.LoginPo.<init>(LoginPo.java:10)
at library.BaseClass.<init>(BaseClass.java:17)
at Po.LoginPo.<init>(LoginPo.java:10)
at library.BaseClass.<init>(BaseClass.java:17)
at Po.LoginPo.<init>(LoginPo.java:10)
at library.BaseClass.<init>(BaseClass.java:17)
at Po.LoginPo.<init>(LoginPo.java:10)
at library.BaseClass.<init>(BaseClass.java:17)
at Po.LoginPo.<init>(LoginPo.java:10)
at library.BaseClass.<init>(BaseClass.java:17)
at Po.LoginPo.<init>(LoginPo.java:10)
at library.BaseClass.<init>(BaseClass.java:17)
at Po.LoginPo.<init>(LoginPo.java:10)
at library.BaseClass.<init>(BaseClass.java:17)
at Po.LoginPo.<init>(LoginPo.java:10)
at library.BaseClass.<init>(BaseClass.java:17)
at Po.LoginPo.<init>(LoginPo.java:10)
at library.BaseClass.<init>(BaseClass.java:17)
at Po.LoginPo.<init>(LoginPo.java:10)
at library.BaseClass.<init>(BaseClass.java:17)
at Po.LoginPo.<init>(LoginPo.java:10)
at library.BaseClass.<init>(BaseClass.java:17)
at Po.LoginPo.<init>(LoginPo.java:10)
at library.BaseClass.<init>(BaseClass.java:17)
at Po.LoginPo.<init>(LoginPo.java:10)
at library.BaseClass.<init>(BaseClass.java:17)
at Po.LoginPo.<init>(LoginPo.java:10)
at library.BaseClass.<init>(BaseClass.java:17)
at Po.LoginPo.<init>(LoginPo.java:10)
at library.BaseClass.<init>(BaseClass.java:17)
at Po.LoginPo.<init>(LoginPo.java:10)
at library.BaseClass.<init>(BaseClass.java:17)
at Po.LoginPo.<init>(LoginPo.java:10)
at library.BaseClass.<init>(BaseClass.java:17)
at Po.LoginPo.<init>(LoginPo.java:10)
at library.BaseClass.<init>(BaseClass.java:17)
at Po.LoginPo.<init>(LoginPo.java:10)
at library.BaseClass.<init>(BaseClass.java:17)
at Po.LoginPo.<init>(LoginPo.java:10)
at library.BaseClass.<init>(BaseClass.java:17)
at Po.LoginPo.<init>(LoginPo.java:10)
at library.BaseClass.<init>(BaseClass.java:17)
at Po.LoginPo.<init>(LoginPo.java:10)
at library.BaseClass.<init>(BaseClass.java:17)
at Po.LoginPo.<init>(LoginPo.java:10)
at library.BaseClass.<init>(BaseClass.java:17)
at Po.LoginPo.<init>(LoginPo.java:10)
at library.BaseClass.<init>(BaseClass.java:17)
at Po.LoginPo.<init>(LoginPo.java:10)
at library.BaseClass.<init>(BaseClass.java:17)
at Po.LoginPo.<init>(LoginPo.java:10)
at library.BaseClass.<init>(BaseClass.java:17)
at Po.LoginPo.<init>(LoginPo.java:10)
at library.BaseClass.<init>(BaseClass.java:17)
at Po.LoginPo.<init>(LoginPo.java:10)
at library.BaseClass.<init>(BaseClass.java:17)
at Po.LoginPo.<init>(LoginPo.java:10)
at library.BaseClass.<init>(BaseClass.java:17)
at Po.LoginPo.<init>(LoginPo.java:10)
at library.BaseClass.<init>(BaseClass.java:17)
at Po.LoginPo.<init>(LoginPo.java:10)
at library.BaseClass.<init>(BaseClass.java:17)
at Po.LoginPo.<init>(LoginPo.java:10)
at library.BaseClass.<init>(BaseClass.java:17)
at Po.LoginPo.<init>(LoginPo.java:10)
at library.BaseClass.<init>(BaseClass.java:17)
at Po.LoginPo.<init>(LoginPo.java:10)
at library.BaseClass.<init>(BaseClass.java:17)
at Po.LoginPo.<init>(LoginPo.java:10)
at library.BaseClass.<init>(BaseClass.java:17)
at Po.LoginPo.<init>(LoginPo.java:10)
at library.BaseClass.<init>(BaseClass.java:17)
at Po.LoginPo.<init>(LoginPo.java:10)
at library.BaseClass.<init>(BaseClass.java:17)
at Po.LoginPo.<init>(LoginPo.java:10)
at library.BaseClass.<init>(BaseClass.java:17)
at Po.LoginPo.<init>(LoginPo.java:10)
at library.BaseClass.<init>(BaseClass.java:17)
at Po.LoginPo.<init>(LoginPo.java:10)
at library.BaseClass.<init>(BaseClass.java:17)
at Po.LoginPo.<init>(LoginPo.java:10)
at library.BaseClass.<init>(BaseClass.java:17)
at Po.LoginPo.<init>(LoginPo.java:10)
at library.BaseClass.<init>(BaseClass.java:17)
at Po.LoginPo.<init>(LoginPo.java:10)
at library.BaseClass.<init>(BaseClass.java:17)
at Po.LoginPo.<init>(LoginPo.java:10)
at library.BaseClass.<init>(BaseClass.java:17)
at Po.LoginPo.<init>(LoginPo.java:10)
at library.BaseClass.<init>(BaseClass.java:17)
at Po.LoginPo.<init>(LoginPo.java:10)
at library.BaseClass.<init>(BaseClass.java:17)
at Po.LoginPo.<init>(LoginPo.java:10)
at library.BaseClass.<init>(BaseClass.java:17)
at Po.LoginPo.<init>(LoginPo.java:10)
at library.BaseClass.<init>(BaseClass.java:17)
at Po.LoginPo.<init>(LoginPo.java:10)
at library.BaseClass.<init>(BaseClass.java:17)
at Po.LoginPo.<init>(LoginPo.java:10)
at library.BaseClass.<init>(BaseClass.java:17)
at Po.LoginPo.<init>(LoginPo.java:10)
at library.BaseClass.<init>(BaseClass.java:17)
at Po.LoginPo.<init>(LoginPo.java:10)
at library.BaseClass.<init>(BaseClass.java:17)
at Po.LoginPo.<init>(LoginPo.java:10)
at library.BaseClass.<init>(BaseClass.java:17)
at Po.LoginPo.<init>(LoginPo.java:10)
at library.BaseClass.<init>(BaseClass.java:17)
at Po.LoginPo.<init>(LoginPo.java:10)
at library.BaseClass.<init>(BaseClass.java:17)
at Po.LoginPo.<init>(LoginPo.java:10)
at library.BaseClass.<init>(BaseClass.java:17)
at Po.LoginPo.<init>(LoginPo.java:10)
at library.BaseClass.<init>(BaseClass.java:17)
at Po.LoginPo.<init>(LoginPo.java:10)
at library.BaseClass.<init>(BaseClass.java:17)
at Po.LoginPo.<init>(LoginPo.java:10)
at library.BaseClass.<init>(BaseClass.java:17)
at Po.LoginPo.<init>(LoginPo.java:10)
at library.BaseClass.<init>(BaseClass.java:17)
at Po.LoginPo.<init>(LoginPo.java:10)
at library.BaseClass.<init>(BaseClass.java:17)
at Po.LoginPo.<init>(LoginPo.java:10)
at library.BaseClass.<init>(BaseClass.java:17)
at Po.LoginPo.<init>(LoginPo.java:10)
at library.BaseClass.<init>(BaseClass.java:17)
at Po.LoginPo.<init>(LoginPo.java:10)
at library.BaseClass.<init>(BaseClass.java:17)
at Po.LoginPo.<init>(LoginPo.java:10)
at library.BaseClass.<init>(BaseClass.java:17)
at Po.LoginPo.<init>(LoginPo.java:10)
at library.BaseClass.<init>(BaseClass.java:17)
at Po.LoginPo.<init>(LoginPo.java:10)
at library.BaseClass.<init>(BaseClass.java:17)
at Po.LoginPo.<init>(LoginPo.java:10)
at library.BaseClass.<init>(BaseClass.java:17)
at Po.LoginPo.<init>(LoginPo.java:10)
at library.BaseClass.<init>(BaseClass.java:17)
at Po.LoginPo.<init>(LoginPo.java:10)
at library.BaseClass.<init>(BaseClass.java:17)
at Po.LoginPo.<init>(LoginPo.java:10)
at library.BaseClass.<init>(BaseClass.java:17)
at Po.LoginPo.<init>(LoginPo.java:10)
at library.BaseClass.<init>(BaseClass.java:17)
at Po.LoginPo.<init>(LoginPo.java:10)
at library.BaseClass.<init>(BaseClass.java:17)
at Po.LoginPo.<init>(LoginPo.java:10)
at library.BaseClass.<init>(BaseClass.java:17)
at Po.LoginPo.<init>(LoginPo.java:10)
at library.BaseClass.<init>(BaseClass.java:17)
at Po.LoginPo.<init>(LoginPo.java:10)
at library.BaseClass.<init>(BaseClass.java:17)
at Po.LoginPo.<init>(LoginPo.java:10)
at library.BaseClass.<init>(BaseClass.java:17)
at Po.LoginPo.<init>(LoginPo.java:10)
at library.BaseClass.<init>(BaseClass.java:17)
at Po.LoginPo.<init>(LoginPo.java:10)
at library.BaseClass.<init>(BaseClass.java:17)
at Po.LoginPo.<init>(LoginPo.java:10)
at library.BaseClass.<init>(BaseClass.java:17)
at Po.LoginPo.<init>(LoginPo.java:10)
at library.BaseClass.<init>(BaseClass.java:17)
at Po.LoginPo.<init>(LoginPo.java:10)
at library.BaseClass.<init>(BaseClass.java:17)
at Po.LoginPo.<init>(LoginPo.java:10)
at library.BaseClass.<init>(BaseClass.java:17)
at Po.LoginPo.<init>(LoginPo.java:10)
at library.BaseClass.<init>(BaseClass.java:17)
at Po.LoginPo.<init>(LoginPo.java:10)
at library.BaseClass.<init>(BaseClass.java:17)
at Po.LoginPo.<init>(LoginPo.java:10)
at library.BaseClass.<init>(BaseClass.java:17)
at Po.LoginPo.<init>(LoginPo.java:10)
at library.BaseClass.<init>(BaseClass.java:17)
at Po.LoginPo.<init>(LoginPo.java:10)
at library.BaseClass.<init>(BaseClass.java:17)
at Po.LoginPo.<init>(LoginPo.java:10)
at library.BaseClass.<init>(BaseClass.java:17)
at Po.LoginPo.<init>(LoginPo.java:10)
at library.BaseClass.<init>(BaseClass.java:17)
at Po.LoginPo.<init>(LoginPo.java:10)
at library.BaseClass.<init>(BaseClass.java:17)
at Po.LoginPo.<init>(LoginPo.java:10)
at library.BaseClass.<init>(BaseClass.java:17)
at Po.LoginPo.<init>(LoginPo.java:10)
at library.BaseClass.<init>(BaseClass.java:17)
at Po.LoginPo.<init>(LoginPo.java:10)
at library.BaseClass.<init>(BaseClass.java:17)
at Po.LoginPo.<init>(LoginPo.java:10)
at library.BaseClass.<init>(BaseClass.java:17)
at Po.LoginPo.<init>(LoginPo.java:10)
at library.BaseClass.<init>(BaseClass.java:17)
at Po.LoginPo.<init>(LoginPo.java:10)
at library.BaseClass.<init>(BaseClass.java:17)
at Po.LoginPo.<init>(LoginPo.java:10)
at library.BaseClass.<init>(BaseClass.java:17)
at Po.LoginPo.<init>(LoginPo.java:10)
at library.BaseClass.<init>(BaseClass.java:17)
at Po.LoginPo.<init>(LoginPo.java:10)
at library.BaseClass.<init>(BaseClass.java:17)
at Po.LoginPo.<init>(LoginPo.java:10)
at library.BaseClass.<init>(BaseClass.java:17)
at Po.LoginPo.<init>(LoginPo.java:10)
at library.BaseClass.<init>(BaseClass.java:17)
at Po.LoginPo.<init>(LoginPo.java:10)
at library.BaseClass.<init>(BaseClass.java:17)
at Po.LoginPo.<init>(LoginPo.java:10)
at library.BaseClass.<init>(BaseClass.java:17)
at Po.LoginPo.<init>(LoginPo.java:10)
at library.BaseClass.<init>(BaseClass.java:17)
at Po.LoginPo.<init>(LoginPo.java:10)
at library.BaseClass.<init>(BaseClass.java:17)
at Po.LoginPo.<init>(LoginPo.java:10)
at library.BaseClass.<init>(BaseClass.java:17)
at Po.LoginPo.<init>(LoginPo.java:10)
at library.BaseClass.<init>(BaseClass.java:17)
at Po.LoginPo.<init>(LoginPo.java:10)
at library.BaseClass.<init>(BaseClass.java:17)
at Po.LoginPo.<init>(LoginPo.java:10)
at library.BaseClass.<init>(BaseClass.java:17)
at Po.LoginPo.<init>(LoginPo.java:10)
at library.BaseClass.<init>(BaseClass.java:17)
at Po.LoginPo.<init>(LoginPo.java:10)
at library.BaseClass.<init>(BaseClass.java:17)
at Po.LoginPo.<init>(LoginPo.java:10)
at library.BaseClass.<init>(BaseClass.java:17)
at Po.LoginPo.<init>(LoginPo.java:10)
at library.BaseClass.<init>(BaseClass.java:17)
at Po.LoginPo.<init>(LoginPo.java:10)
at library.BaseClass.<init>(BaseClass.java:17)
at Po.LoginPo.<init>(LoginPo.java:10)
at library.BaseClass.<init>(BaseClass.java:17)
at Po.LoginPo.<init>(LoginPo.java:10)
at library.BaseClass.<init>(BaseClass.java:17)
at Po.LoginPo.<init>(LoginPo.java:10)
at library.BaseClass.<init>(BaseClass.java:17)
at Po.LoginPo.<init>(LoginPo.java:10)
at library.BaseClass.<init>(BaseClass.java:17)
at Po.LoginPo.<init>(LoginPo.java:10)
at library.BaseClass.<init>(BaseClass.java:17)
at Po.LoginPo.<init>(LoginPo.java:10)
at library.BaseClass.<init>(BaseClass.java:17)
at Po.LoginPo.<init>(LoginPo.java:10)
at library.BaseClass.<init>(BaseClass.java:17)
at Po.LoginPo.<init>(LoginPo.java:10)
at library.BaseClass.<init>(BaseClass.java:17)
at Po.LoginPo.<init>(LoginPo.java:10)
at library.BaseClass.<init>(BaseClass.java:17)
at Po.LoginPo.<init>(LoginPo.java:10)
at library.BaseClass.<init>(BaseClass.java:17)
at Po.LoginPo.<init>(LoginPo.java:10)
at library.BaseClass.<init>(BaseClass.java:17)
at Po.LoginPo.<init>(LoginPo.java:10)
at library.BaseClass.<init>(BaseClass.java:17)
at Po.LoginPo.<init>(LoginPo.java:10)
at library.BaseClass.<init>(BaseClass.java:17)
at Po.LoginPo.<init>(LoginPo.java:10)
at library.BaseClass.<init>(BaseClass.java:17)
at Po.LoginPo.<init>(LoginPo.java:10)
at library.BaseClass.<init>(BaseClass.java:17)
at Po.LoginPo.<init>(LoginPo.java:10)
at library.BaseClass.<init>(BaseClass.java:17)
at Po.LoginPo.<init>(LoginPo.java:10)
at library.BaseClass.<init>(BaseClass.java:17)
at Po.LoginPo.<init>(LoginPo.java:10)
at library.BaseClass.<init>(BaseClass.java:17)
at Po.LoginPo.<init>(LoginPo.java:10)
at library.BaseClass.<init>(BaseClass.java:17)
at Po.LoginPo.<init>(LoginPo.java:10)
at library.BaseClass.<init>(BaseClass.java:17)
at Po.LoginPo.<init>(LoginPo.java:10)
at library.BaseClass.<init>(BaseClass.java:17)
at Po.LoginPo.<init>(LoginPo.java:10)
at library.BaseClass.<init>(BaseClass.java:17)
at Po.LoginPo.<init>(LoginPo.java:10)
at library.BaseClass.<init>(BaseClass.java:17)
at Po.LoginPo.<init>(LoginPo.java:10)
at library.BaseClass.<init>(BaseClass.java:17)
at Po.LoginPo.<init>(LoginPo.java:10)
at library.BaseClass.<init>(BaseClass.java:17)
at Po.LoginPo.<init>(LoginPo.java:10)
at library.BaseClass.<init>(BaseClass.java:17)
at Po.LoginPo.<init>(LoginPo.java:10)
at library.BaseClass.<init>(BaseClass.java:17)
at Po.LoginPo.<init>(LoginPo.java:10)
at library.BaseClass.<init>(BaseClass.java:17)
at Po.LoginPo.<init>(LoginPo.java:10)
at library.BaseClass.<init>(BaseClass.java:17)
at Po.LoginPo.<init>(LoginPo.java:10)
at library.BaseClass.<init>(BaseClass.java:17)
at Po.LoginPo.<init>(LoginPo.java:10)
at library.BaseClass.<init>(BaseClass.java:17)
at Po.LoginPo.<init>(LoginPo.java:10)
at library.BaseClass.<init>(BaseClass.java:17)
at Po.LoginPo.<init>(LoginPo.java:10)
at library.BaseClass.<init>(BaseClass.java:17)
at Po.LoginPo.<init>(LoginPo.java:10)
at library.BaseClass.<init>(BaseClass.java:17)
at Po.LoginPo.<init>(LoginPo.java:10)
at library.BaseClass.<init>(BaseClass.java:17)
at Po.LoginPo.<init>(LoginPo.java:10)
at library.BaseClass.<init>(BaseClass.java:17)
at Po.LoginPo.<init>(LoginPo.java:10)
at library.BaseClass.<init>(BaseClass.java:17)
at Po.LoginPo.<init>(LoginPo.java:10)
at library.BaseClass.<init>(BaseClass.java:17)
at Po.LoginPo.<init>(LoginPo.java:10)
at library.BaseClass.<init>(BaseClass.java:17)
at Po.LoginPo.<init>(LoginPo.java:10)
at library.BaseClass.<init>(BaseClass.java:17)
at Po.LoginPo.<init>(LoginPo.java:10)
at library.BaseClass.<init>(BaseClass.java:17)
at Po.LoginPo.<init>(LoginPo.java:10)
at library.BaseClass.<init>(BaseClass.java:17)
at Po.LoginPo.<init>(LoginPo.java:10)
at library.BaseClass.<init>(BaseClass.java:17)
at Po.LoginPo.<init>(LoginPo.java:10)
at library.BaseClass.<init>(BaseClass.java:17)
at Po.LoginPo.<init>(LoginPo.java:10)
at library.BaseClass.<init>(BaseClass.java:17)
at Po.LoginPo.<init>(LoginPo.java:10)
at library.BaseClass.<init>(BaseClass.java:17)
at Po.LoginPo.<init>(LoginPo.java:10)
at library.BaseClass.<init>(BaseClass.java:17)
at Po.LoginPo.<init>(LoginPo.java:10)
at library.BaseClass.<init>(BaseClass.java:17)
at Po.LoginPo.<init>(LoginPo.java:10)
at library.BaseClass.<init>(BaseClass.java:17)
at Po.LoginPo.<init>(LoginPo.java:10)
at library.BaseClass.<init>(BaseClass.java:17)
]]>
            </full-stacktrace>
          </exception> <!-- java.lang.StackOverflowError -->
          <reporter-output>
          </reporter-output>
        </test-method> <!-- Login -->
        <test-method status="PASS" signature="closebrowser()[pri:0, instance:script.Excel@73a00e09]" name="closebrowser" is-config="true" duration-ms="5360" started-at="2019-07-24T09:51:04Z" finished-at="2019-07-24T09:51:09Z">
          <reporter-output>
          </reporter-output>
        </test-method> <!-- closebrowser -->
      </class> <!-- script.Excel -->
    </test> <!-- Test -->
  </suite> <!-- Suite -->
</testng-results>
