-------------------------------------------------------------------------------
Test set: TestSuite
-------------------------------------------------------------------------------
Tests run: 3, Failures: 3, Errors: 0, Skipped: 0, Time elapsed: 46.439 sec <<< FAILURE! - in TestSuite
Registration(script.Test2)  Time elapsed: 0.024 sec  <<< FAILURE!
java.lang.StackOverflowError: null
	at Po.LoginPo.<init>(LoginPo.java:10)
	at library.BaseClass.<init>(BaseClass.java:17)
	at Po.LoginPo.<init>(LoginPo.java:10)
	at library.BaseClass.<init>(BaseClass.java:17)
	at Po.LoginPo.<init>(LoginPo.java:10)
	at library.BaseClass.<init>(BaseClass.java:17)
	at Po.LoginPo.<init>(LoginPo.java:10)
	at library.BaseClass.<init>(BaseClass.java:17)
	at Po.LoginPo.<init>(LoginPo.java:10)
	at library.BaseClass.<init>(BaseClass.java:17)
	at Po.LoginPo.<init>(LoginPo.java:10)
	at library.BaseClass.<init>(BaseClass.java:17)
	at Po.LoginPo.<init>(LoginPo.java:10)
	at library.BaseClass.<init>(BaseClass.java:17)
	at Po.LoginPo.<init>(LoginPo.java:10)
	at library.BaseClass.<init>(BaseClass.java:17)
	at Po.LoginPo.<init>(LoginPo.java:10)
	at library.BaseClass.<init>(BaseClass.java:17)
	at Po.LoginPo.<init>(LoginPo.java:10)
	at library.BaseClass.<init>(BaseClass.java:17)
	at Po.LoginPo.<init>(LoginPo.java:10)
	at library.BaseClass.<init>(BaseClass.java:17)
	at Po.LoginPo.<init>(LoginPo.java:10)
	at library.BaseClass.<init>(BaseClass.java:17)
	at Po.LoginPo.<init>(LoginPo.java:10)
	at library.BaseClass.<init>(BaseClass.java:17)
	at Po.LoginPo.<init>(LoginPo.java:10)
	at library.BaseClass.<init>(BaseClass.java:17)
	at Po.LoginPo.<init>(LoginPo.java:10)
	at library.BaseClass.<init>(BaseClass.java:17)
	at Po.LoginPo.<init>(LoginPo.java:10)
	at library.BaseClass.<init>(BaseClass.java:17)
	at Po.LoginPo.<init>(LoginPo.java:10)
	at library.BaseClass.<init>(BaseClass.java:17)
	at Po.LoginPo.<init>(LoginPo.java:10)
	at library.BaseClass.<init>(BaseClass.java:17)
	at Po.LoginPo.<init>(LoginPo.java:10)
	at library.BaseClass.<init>(BaseClass.java:17)
	at Po.LoginPo.<init>(LoginPo.java:10)
	at library.BaseClass.<init>(BaseClass.java:17)
	at Po.LoginPo.<init>(LoginPo.java:10)
	at library.BaseClass.<init>(BaseClass.java:17)
	at Po.LoginPo.<init>(LoginPo.java:10)
	at library.BaseClass.<init>(BaseClass.java:17)
	at Po.LoginPo.<init>(LoginPo.java:10)
	at library.BaseClass.<init>(BaseClass.java:17)
	at Po.LoginPo.<init>(LoginPo.java:10)
	at library.BaseClass.<init>(BaseClass.java:17)
	at Po.LoginPo.<init>(LoginPo.java:10)
	at library.BaseClass.<init>(BaseClass.java:17)
	at Po.LoginPo.<init>(LoginPo.java:10)
	at library.BaseClass.<init>(BaseClass.java:17)
	at Po.LoginPo.<init>(LoginPo.java:10)
	at library.BaseClass.<init>(BaseClass.java:17)
	at Po.LoginPo.<init>(LoginPo.java:10)
	at library.BaseClass.<init>(BaseClass.java:17)
	at Po.LoginPo.<init>(LoginPo.java:10)
	at library.BaseClass.<init>(BaseClass.java:17)
	at Po.LoginPo.<init>(LoginPo.java:10)
	at library.BaseClass.<init>(BaseClass.java:17)
	at Po.LoginPo.<init>(LoginPo.java:10)
	at library.BaseClass.<init>(BaseClass.java:17)
	at Po.LoginPo.<init>(LoginPo.java:10)
	at library.BaseClass.<init>(BaseClass.java:17)
	at Po.LoginPo.<init>(LoginPo.java:10)
	at library.BaseClass.<init>(BaseClass.java:17)
	at Po.LoginPo.<init>(LoginPo.java:10)
	at library.BaseClass.<init>(BaseClass.java:17)
	at Po.LoginPo.<init>(LoginPo.java:10)
	at library.BaseClass.<init>(BaseClass.java:17)
	at Po.LoginPo.<init>(LoginPo.java:10)
	at library.BaseClass.<init>(BaseClass.java:17)
	at Po.LoginPo.<init>(LoginPo.java:10)
	at library.BaseClass.<init>(BaseClass.java:17)
	at Po.LoginPo.<init>(LoginPo.java:10)
	at library.BaseClass.<init>(BaseClass.java:17)
	at Po.LoginPo.<init>(LoginPo.java:10)
	at library.BaseClass.<init>(BaseClass.java:17)
	at Po.LoginPo.<init>(LoginPo.java:10)
	at library.BaseClass.<init>(BaseClass.java:17)
	at Po.LoginPo.<init>(LoginPo.java:10)
	at library.BaseClass.<init>(BaseClass.java:17)
	at Po.LoginPo.<init>(LoginPo.java:10)
	at library.BaseClass.<init>(BaseClass.java:17)
	at Po.LoginPo.<init>(LoginPo.java:10)
	at library.BaseClass.<init>(BaseClass.java:17)
	at Po.LoginPo.<init>(LoginPo.java:10)
	at library.BaseClass.<init>(BaseClass.java:17)
	at Po.LoginPo.<init>(LoginPo.java:10)
	at library.BaseClass.<init>(BaseClass.java:17)
	at Po.LoginPo.<init>(LoginPo.java:10)
	at library.BaseClass.<init>(BaseClass.java:17)
	at Po.LoginPo.<init>(LoginPo.java:10)
	at library.BaseClass.<init>(BaseClass.java:17)
	at Po.LoginPo.<init>(LoginPo.java:10)
	at library.BaseClass.<init>(BaseClass.java:17)
	at Po.LoginPo.<init>(LoginPo.java:10)
	at library.BaseClass.<init>(BaseClass.java:17)
	at Po.LoginPo.<init>(LoginPo.java:10)
	at library.BaseClass.<init>(BaseClass.java:17)
	at Po.LoginPo.<init>(LoginPo.java:10)
	at library.BaseClass.<init>(BaseClass.java:17)
	at Po.LoginPo.<init>(LoginPo.java:10)
	at library.BaseClass.<init>(BaseClass.java:17)
	at Po.LoginPo.<init>(LoginPo.java:10)
	at library.BaseClass.<init>(BaseClass.java:17)
	at Po.LoginPo.<init>(LoginPo.java:10)
	at library.BaseClass.<init>(BaseClass.java:17)
	at Po.LoginPo.<init>(LoginPo.java:10)
	at library.BaseClass.<init>(BaseClass.java:17)
	at Po.LoginPo.<init>(LoginPo.java:10)
	at library.BaseClass.<init>(BaseClass.java:17)
	at Po.LoginPo.<init>(LoginPo.java:10)
	at library.BaseClass.<init>(BaseClass.java:17)
	at Po.LoginPo.<init>(LoginPo.java:10)
	at library.BaseClass.<init>(BaseClass.java:17)
	at Po.LoginPo.<init>(LoginPo.java:10)
	at library.BaseClass.<init>(BaseClass.java:17)
	at Po.LoginPo.<init>(LoginPo.java:10)
	at library.BaseClass.<init>(BaseClass.java:17)
	at Po.LoginPo.<init>(LoginPo.java:10)
	at library.BaseClass.<init>(BaseClass.java:17)
	at Po.LoginPo.<init>(LoginPo.java:10)
	at library.BaseClass.<init>(BaseClass.java:17)
	at Po.LoginPo.<init>(LoginPo.java:10)
	at library.BaseClass.<init>(BaseClass.java:17)
	at Po.LoginPo.<init>(LoginPo.java:10)
	at library.BaseClass.<init>(BaseClass.java:17)
	at Po.LoginPo.<init>(LoginPo.java:10)
	at library.BaseClass.<init>(BaseClass.java:17)
	at Po.LoginPo.<init>(LoginPo.java:10)
	at library.BaseClass.<init>(BaseClass.java:17)
	at Po.LoginPo.<init>(LoginPo.java:10)
	at library.BaseClass.<init>(BaseClass.java:17)
	at Po.LoginPo.<init>(LoginPo.java:10)
	at library.BaseClass.<init>(BaseClass.java:17)
	at Po.LoginPo.<init>(LoginPo.java:10)
	at library.BaseClass.<init>(BaseClass.java:17)
	at Po.LoginPo.<init>(LoginPo.java:10)
	at library.BaseClass.<init>(BaseClass.java:17)
	at Po.LoginPo.<init>(LoginPo.java:10)
	at library.BaseClass.<init>(BaseClass.java:17)
	at Po.LoginPo.<init>(LoginPo.java:10)
	at library.BaseClass.<init>(BaseClass.java:17)
	at Po.LoginPo.<init>(LoginPo.java:10)
	at library.BaseClass.<init>(BaseClass.java:17)
	at Po.LoginPo.<init>(LoginPo.java:10)
	at library.BaseClass.<init>(BaseClass.java:17)
	at Po.LoginPo.<init>(LoginPo.java:10)
	at library.BaseClass.<init>(BaseClass.java:17)
	at Po.LoginPo.<init>(LoginPo.java:10)
	at library.BaseClass.<init>(BaseClass.java:17)
	at Po.LoginPo.<init>(LoginPo.java:10)
	at library.BaseClass.<init>(BaseClass.java:17)
	at Po.LoginPo.<init>(LoginPo.java:10)
	at library.BaseClass.<init>(BaseClass.java:17)
	at Po.LoginPo.<init>(LoginPo.java:10)
	at library.BaseClass.<init>(BaseClass.java:17)
	at Po.LoginPo.<init>(LoginPo.java:10)
	at library.BaseClass.<init>(BaseClass.java:17)
	at Po.LoginPo.<init>(LoginPo.java:10)
	at library.BaseClass.<init>(BaseClass.java:17)
	at Po.LoginPo.<init>(LoginPo.java:10)
	at library.BaseClass.<init>(BaseClass.java:17)
	at Po.LoginPo.<init>(LoginPo.java:10)
	at library.BaseClass.<init>(BaseClass.java:17)
	at Po.LoginPo.<init>(LoginPo.java:10)
	at library.BaseClass.<init>(BaseClass.java:17)
	at Po.LoginPo.<init>(LoginPo.java:10)
	at library.BaseClass.<init>(BaseClass.java:17)
	at Po.LoginPo.<init>(LoginPo.java:10)
	at library.BaseClass.<init>(BaseClass.java:17)
	at Po.LoginPo.<init>(LoginPo.java:10)
	at library.BaseClass.<init>(BaseClass.java:17)
	at Po.LoginPo.<init>(LoginPo.java:10)
	at library.BaseClass.<init>(BaseClass.java:17)
	at Po.LoginPo.<init>(LoginPo.java:10)
	at library.BaseClass.<init>(BaseClass.java:17)
	at Po.LoginPo.<init>(LoginPo.java:10)
	at library.BaseClass.<init>(BaseClass.java:17)
	at Po.LoginPo.<init>(LoginPo.java:10)
	at library.BaseClass.<init>(BaseClass.java:17)
	at Po.LoginPo.<init>(LoginPo.java:10)
	at library.BaseClass.<init>(BaseClass.java:17)
	at Po.LoginPo.<init>(LoginPo.java:10)
	at library.BaseClass.<init>(BaseClass.java:17)
	at Po.LoginPo.<init>(LoginPo.java:10)
	at library.BaseClass.<init>(BaseClass.java:17)
	at Po.LoginPo.<init>(LoginPo.java:10)
	at library.BaseClass.<init>(BaseClass.java:17)
	at Po.LoginPo.<init>(LoginPo.java:10)
	at library.BaseClass.<init>(BaseClass.java:17)
	at Po.LoginPo.<init>(LoginPo.java:10)
	at library.BaseClass.<init>(BaseClass.java:17)
	at Po.LoginPo.<init>(LoginPo.java:10)
	at library.BaseClass.<init>(BaseClass.java:17)
	at Po.LoginPo.<init>(LoginPo.java:10)
	at library.BaseClass.<init>(BaseClass.java:17)
	at Po.LoginPo.<init>(LoginPo.java:10)
	at library.BaseClass.<init>(BaseClass.java:17)
	at Po.LoginPo.<init>(LoginPo.java:10)
	at library.BaseClass.<init>(BaseClass.java:17)
	at Po.LoginPo.<init>(LoginPo.java:10)
	at library.BaseClass.<init>(BaseClass.java:17)
	at Po.LoginPo.<init>(LoginPo.java:10)
	at library.BaseClass.<init>(BaseClass.java:17)
	at Po.LoginPo.<init>(LoginPo.java:10)
	at library.BaseClass.<init>(BaseClass.java:17)
	at Po.LoginPo.<init>(LoginPo.java:10)
	at library.BaseClass.<init>(BaseClass.java:17)
	at Po.LoginPo.<init>(LoginPo.java:10)
	at library.BaseClass.<init>(BaseClass.java:17)
	at Po.LoginPo.<init>(LoginPo.java:10)
	at library.BaseClass.<init>(BaseClass.java:17)
	at Po.LoginPo.<init>(LoginPo.java:10)
	at library.BaseClass.<init>(BaseClass.java:17)
	at Po.LoginPo.<init>(LoginPo.java:10)
	at library.BaseClass.<init>(BaseClass.java:17)
	at Po.LoginPo.<init>(LoginPo.java:10)
	at library.BaseClass.<init>(BaseClass.java:17)
	at Po.LoginPo.<init>(LoginPo.java:10)
	at library.BaseClass.<init>(BaseClass.java:17)
	at Po.LoginPo.<init>(LoginPo.java:10)
	at library.BaseClass.<init>(BaseClass.java:17)
	at Po.LoginPo.<init>(LoginPo.java:10)
	at library.BaseClass.<init>(BaseClass.java:17)
	at Po.LoginPo.<init>(LoginPo.java:10)
	at library.BaseClass.<init>(BaseClass.java:17)
	at Po.LoginPo.<init>(LoginPo.java:10)
	at library.BaseClass.<init>(BaseClass.java:17)
	at Po.LoginPo.<init>(LoginPo.java:10)
	at library.BaseClass.<init>(BaseClass.java:17)
	at Po.LoginPo.<init>(LoginPo.java:10)
	at library.BaseClass.<init>(BaseClass.java:17)
	at Po.LoginPo.<init>(LoginPo.java:10)
	at library.BaseClass.<init>(BaseClass.java:17)
	at Po.LoginPo.<init>(LoginPo.java:10)
	at library.BaseClass.<init>(BaseClass.java:17)
	at Po.LoginPo.<init>(LoginPo.java:10)
	at library.BaseClass.<init>(BaseClass.java:17)
	at Po.LoginPo.<init>(LoginPo.java:10)
	at library.BaseClass.<init>(BaseClass.java:17)
	at Po.LoginPo.<init>(LoginPo.java:10)
	at library.BaseClass.<init>(BaseClass.java:17)
	at Po.LoginPo.<init>(LoginPo.java:10)
	at library.BaseClass.<init>(BaseClass.java:17)
	at Po.LoginPo.<init>(LoginPo.java:10)
	at library.BaseClass.<init>(BaseClass.java:17)
	at Po.LoginPo.<init>(LoginPo.java:10)
	at library.BaseClass.<init>(BaseClass.java:17)
	at Po.LoginPo.<init>(LoginPo.java:10)
	at library.BaseClass.<init>(BaseClass.java:17)
	at Po.LoginPo.<init>(LoginPo.java:10)
	at library.BaseClass.<init>(BaseClass.java:17)
	at Po.LoginPo.<init>(LoginPo.java:10)
	at library.BaseClass.<init>(BaseClass.java:17)
	at Po.LoginPo.<init>(LoginPo.java:10)
	at library.BaseClass.<init>(BaseClass.java:17)
	at Po.LoginPo.<init>(LoginPo.java:10)
	at library.BaseClass.<init>(BaseClass.java:17)
	at Po.LoginPo.<init>(LoginPo.java:10)
	at library.BaseClass.<init>(BaseClass.java:17)
	at Po.LoginPo.<init>(LoginPo.java:10)
	at library.BaseClass.<init>(BaseClass.java:17)
	at Po.LoginPo.<init>(LoginPo.java:10)
	at library.BaseClass.<init>(BaseClass.java:17)
	at Po.LoginPo.<init>(LoginPo.java:10)
	at library.BaseClass.<init>(BaseClass.java:17)
	at Po.LoginPo.<init>(LoginPo.java:10)
	at library.BaseClass.<init>(BaseClass.java:17)
	at Po.LoginPo.<init>(LoginPo.java:10)
	at library.BaseClass.<init>(BaseClass.java:17)
	at Po.LoginPo.<init>(LoginPo.java:10)
	at library.BaseClass.<init>(BaseClass.java:17)
	at Po.LoginPo.<init>(LoginPo.java:10)
	at library.BaseClass.<init>(BaseClass.java:17)
	at Po.LoginPo.<init>(LoginPo.java:10)
	at library.BaseClass.<init>(BaseClass.java:17)
	at Po.LoginPo.<init>(LoginPo.java:10)
	at library.BaseClass.<init>(BaseClass.java:17)
	at Po.LoginPo.<init>(LoginPo.java:10)
	at library.BaseClass.<init>(BaseClass.java:17)
	at Po.LoginPo.<init>(LoginPo.java:10)
	at library.BaseClass.<init>(BaseClass.java:17)
	at Po.LoginPo.<init>(LoginPo.java:10)
	at library.BaseClass.<init>(BaseClass.java:17)
	at Po.LoginPo.<init>(LoginPo.java:10)
	at library.BaseClass.<init>(BaseClass.java:17)
	at Po.LoginPo.<init>(LoginPo.java:10)
	at library.BaseClass.<init>(BaseClass.java:17)
	at Po.LoginPo.<init>(LoginPo.java:10)
	at library.BaseClass.<init>(BaseClass.java:17)
	at Po.LoginPo.<init>(LoginPo.java:10)
	at library.BaseClass.<init>(BaseClass.java:17)
	at Po.LoginPo.<init>(LoginPo.java:10)
	at library.BaseClass.<init>(BaseClass.java:17)
	at Po.LoginPo.<init>(LoginPo.java:10)
	at library.BaseClass.<init>(BaseClass.java:17)
	at Po.LoginPo.<init>(LoginPo.java:10)
	at library.BaseClass.<init>(BaseClass.java:17)
	at Po.LoginPo.<init>(LoginPo.java:10)
	at library.BaseClass.<init>(BaseClass.java:17)
	at Po.LoginPo.<init>(LoginPo.java:10)
	at library.BaseClass.<init>(BaseClass.java:17)
	at Po.LoginPo.<init>(LoginPo.java:10)
	at library.BaseClass.<init>(BaseClass.java:17)
	at Po.LoginPo.<init>(LoginPo.java:10)
	at library.BaseClass.<init>(BaseClass.java:17)
	at Po.LoginPo.<init>(LoginPo.java:10)
	at library.BaseClass.<init>(BaseClass.java:17)
	at Po.LoginPo.<init>(LoginPo.java:10)
	at library.BaseClass.<init>(BaseClass.java:17)
	at Po.LoginPo.<init>(LoginPo.java:10)
	at library.BaseClass.<init>(BaseClass.java:17)
	at Po.LoginPo.<init>(LoginPo.java:10)
	at library.BaseClass.<init>(BaseClass.java:17)
	at Po.LoginPo.<init>(LoginPo.java:10)
	at library.BaseClass.<init>(BaseClass.java:17)
	at Po.LoginPo.<init>(LoginPo.java:10)
	at library.BaseClass.<init>(BaseClass.java:17)
	at Po.LoginPo.<init>(LoginPo.java:10)
	at library.BaseClass.<init>(BaseClass.java:17)
	at Po.LoginPo.<init>(LoginPo.java:10)
	at library.BaseClass.<init>(BaseClass.java:17)
	at Po.LoginPo.<init>(LoginPo.java:10)
	at library.BaseClass.<init>(BaseClass.java:17)
	at Po.LoginPo.<init>(LoginPo.java:10)
	at library.BaseClass.<init>(BaseClass.java:17)
	at Po.LoginPo.<init>(LoginPo.java:10)
	at library.BaseClass.<init>(BaseClass.java:17)
	at Po.LoginPo.<init>(LoginPo.java:10)
	at library.BaseClass.<init>(BaseClass.java:17)
	at Po.LoginPo.<init>(LoginPo.java:10)
	at library.BaseClass.<init>(BaseClass.java:17)
	at Po.LoginPo.<init>(LoginPo.java:10)
	at library.BaseClass.<init>(BaseClass.java:17)
	at Po.LoginPo.<init>(LoginPo.java:10)
	at library.BaseClass.<init>(BaseClass.java:17)
	at Po.LoginPo.<init>(LoginPo.java:10)
	at library.BaseClass.<init>(BaseClass.java:17)
	at Po.LoginPo.<init>(LoginPo.java:10)
	at library.BaseClass.<init>(BaseClass.java:17)
	at Po.LoginPo.<init>(LoginPo.java:10)
	at library.BaseClass.<init>(BaseClass.java:17)
	at Po.LoginPo.<init>(LoginPo.java:10)
	at library.BaseClass.<init>(BaseClass.java:17)
	at Po.LoginPo.<init>(LoginPo.java:10)
	at library.BaseClass.<init>(BaseClass.java:17)
	at Po.LoginPo.<init>(LoginPo.java:10)
	at library.BaseClass.<init>(BaseClass.java:17)
	at Po.LoginPo.<init>(LoginPo.java:10)
	at library.BaseClass.<init>(BaseClass.java:17)
	at Po.LoginPo.<init>(LoginPo.java:10)
	at library.BaseClass.<init>(BaseClass.java:17)
	at Po.LoginPo.<init>(LoginPo.java:10)
	at library.BaseClass.<init>(BaseClass.java:17)
	at Po.LoginPo.<init>(LoginPo.java:10)
	at library.BaseClass.<init>(BaseClass.java:17)
	at Po.LoginPo.<init>(LoginPo.java:10)
	at library.BaseClass.<init>(BaseClass.java:17)
	at Po.LoginPo.<init>(LoginPo.java:10)
	at library.BaseClass.<init>(BaseClass.java:17)
	at Po.LoginPo.<init>(LoginPo.java:10)
	at library.BaseClass.<init>(BaseClass.java:17)
	at Po.LoginPo.<init>(LoginPo.java:10)
	at library.BaseClass.<init>(BaseClass.java:17)
	at Po.LoginPo.<init>(LoginPo.java:10)
	at library.BaseClass.<init>(BaseClass.java:17)
	at Po.LoginPo.<init>(LoginPo.java:10)
	at library.BaseClass.<init>(BaseClass.java:17)
	at Po.LoginPo.<init>(LoginPo.java:10)
	at library.BaseClass.<init>(BaseClass.java:17)
	at Po.LoginPo.<init>(LoginPo.java:10)
	at library.BaseClass.<init>(BaseClass.java:17)
	at Po.LoginPo.<init>(LoginPo.java:10)
	at library.BaseClass.<init>(BaseClass.java:17)
	at Po.LoginPo.<init>(LoginPo.java:10)
	at library.BaseClass.<init>(BaseClass.java:17)
	at Po.LoginPo.<init>(LoginPo.java:10)
	at library.BaseClass.<init>(BaseClass.java:17)
	at Po.LoginPo.<init>(LoginPo.java:10)
	at library.BaseClass.<init>(BaseClass.java:17)
	at Po.LoginPo.<init>(LoginPo.java:10)
	at library.BaseClass.<init>(BaseClass.java:17)
	at Po.LoginPo.<init>(LoginPo.java:10)
	at library.BaseClass.<init>(BaseClass.java:17)
	at Po.LoginPo.<init>(LoginPo.java:10)
	at library.BaseClass.<init>(BaseClass.java:17)
	at Po.LoginPo.<init>(LoginPo.java:10)
	at library.BaseClass.<init>(BaseClass.java:17)
	at Po.LoginPo.<init>(LoginPo.java:10)
	at library.BaseClass.<init>(BaseClass.java:17)
	at Po.LoginPo.<init>(LoginPo.java:10)
	at library.BaseClass.<init>(BaseClass.java:17)
	at Po.LoginPo.<init>(LoginPo.java:10)
	at library.BaseClass.<init>(BaseClass.java:17)
	at Po.LoginPo.<init>(LoginPo.java:10)
	at library.BaseClass.<init>(BaseClass.java:17)
	at Po.LoginPo.<init>(LoginPo.java:10)
	at library.BaseClass.<init>(BaseClass.java:17)
	at Po.LoginPo.<init>(LoginPo.java:10)
	at library.BaseClass.<init>(BaseClass.java:17)
	at Po.LoginPo.<init>(LoginPo.java:10)
	at library.BaseClass.<init>(BaseClass.java:17)
	at Po.LoginPo.<init>(LoginPo.java:10)
	at library.BaseClass.<init>(BaseClass.java:17)
	at Po.LoginPo.<init>(LoginPo.java:10)
	at library.BaseClass.<init>(BaseClass.java:17)
	at Po.LoginPo.<init>(LoginPo.java:10)
	at library.BaseClass.<init>(BaseClass.java:17)
	at Po.LoginPo.<init>(LoginPo.java:10)
	at library.BaseClass.<init>(BaseClass.java:17)
	at Po.LoginPo.<init>(LoginPo.java:10)
	at library.BaseClass.<init>(BaseClass.java:17)
	at Po.LoginPo.<init>(LoginPo.java:10)
	at library.BaseClass.<init>(BaseClass.java:17)
	at Po.LoginPo.<init>(LoginPo.java:10)
	at library.BaseClass.<init>(BaseClass.java:17)
	at Po.LoginPo.<init>(LoginPo.java:10)
	at library.BaseClass.<init>(BaseClass.java:17)
	at Po.LoginPo.<init>(LoginPo.java:10)
	at library.BaseClass.<init>(BaseClass.java:17)
	at Po.LoginPo.<init>(LoginPo.java:10)
	at library.BaseClass.<init>(BaseClass.java:17)
	at Po.LoginPo.<init>(LoginPo.java:10)
	at library.BaseClass.<init>(BaseClass.java:17)
	at Po.LoginPo.<init>(LoginPo.java:10)
	at library.BaseClass.<init>(BaseClass.java:17)
	at Po.LoginPo.<init>(LoginPo.java:10)
	at library.BaseClass.<init>(BaseClass.java:17)
	at Po.LoginPo.<init>(LoginPo.java:10)
	at library.BaseClass.<init>(BaseClass.java:17)
	at Po.LoginPo.<init>(LoginPo.java:10)
	at library.BaseClass.<init>(BaseClass.java:17)
	at Po.LoginPo.<init>(LoginPo.java:10)
	at library.BaseClass.<init>(BaseClass.java:17)
	at Po.LoginPo.<init>(LoginPo.java:10)
	at library.BaseClass.<init>(BaseClass.java:17)
	at Po.LoginPo.<init>(LoginPo.java:10)
	at library.BaseClass.<init>(BaseClass.java:17)
	at Po.LoginPo.<init>(LoginPo.java:10)
	at library.BaseClass.<init>(BaseClass.java:17)
	at Po.LoginPo.<init>(LoginPo.java:10)
	at library.BaseClass.<init>(BaseClass.java:17)
	at Po.LoginPo.<init>(LoginPo.java:10)
	at library.BaseClass.<init>(BaseClass.java:17)
	at Po.LoginPo.<init>(LoginPo.java:10)
	at library.BaseClass.<init>(BaseClass.java:17)
	at Po.LoginPo.<init>(LoginPo.java:10)
	at library.BaseClass.<init>(BaseClass.java:17)
	at Po.LoginPo.<init>(LoginPo.java:10)
	at library.BaseClass.<init>(BaseClass.java:17)
	at Po.LoginPo.<init>(LoginPo.java:10)
	at library.BaseClass.<init>(BaseClass.java:17)
	at Po.LoginPo.<init>(LoginPo.java:10)
	at library.BaseClass.<init>(BaseClass.java:17)
	at Po.LoginPo.<init>(LoginPo.java:10)
	at library.BaseClass.<init>(BaseClass.java:17)
	at Po.LoginPo.<init>(LoginPo.java:10)
	at library.BaseClass.<init>(BaseClass.java:17)
	at Po.LoginPo.<init>(LoginPo.java:10)
	at library.BaseClass.<init>(BaseClass.java:17)
	at Po.LoginPo.<init>(LoginPo.java:10)
	at library.BaseClass.<init>(BaseClass.java:17)
	at Po.LoginPo.<init>(LoginPo.java:10)
	at library.BaseClass.<init>(BaseClass.java:17)
	at Po.LoginPo.<init>(LoginPo.java:10)
	at library.BaseClass.<init>(BaseClass.java:17)
	at Po.LoginPo.<init>(LoginPo.java:10)
	at library.BaseClass.<init>(BaseClass.java:17)
	at Po.LoginPo.<init>(LoginPo.java:10)
	at library.BaseClass.<init>(BaseClass.java:17)
	at Po.LoginPo.<init>(LoginPo.java:10)
	at library.BaseClass.<init>(BaseClass.java:17)
	at Po.LoginPo.<init>(LoginPo.java:10)
	at library.BaseClass.<init>(BaseClass.java:17)
	at Po.LoginPo.<init>(LoginPo.java:10)
	at library.BaseClass.<init>(BaseClass.java:17)
	at Po.LoginPo.<init>(LoginPo.java:10)
	at library.BaseClass.<init>(BaseClass.java:17)
	at Po.LoginPo.<init>(LoginPo.java:10)
	at library.BaseClass.<init>(BaseClass.java:17)
	at Po.LoginPo.<init>(LoginPo.java:10)
	at library.BaseClass.<init>(BaseClass.java:17)
	at Po.LoginPo.<init>(LoginPo.java:10)
	at library.BaseClass.<init>(BaseClass.java:17)
	at Po.LoginPo.<init>(LoginPo.java:10)
	at library.BaseClass.<init>(BaseClass.java:17)
	at Po.LoginPo.<init>(LoginPo.java:10)
	at library.BaseClass.<init>(BaseClass.java:17)
	at Po.LoginPo.<init>(LoginPo.java:10)
	at library.BaseClass.<init>(BaseClass.java:17)
	at Po.LoginPo.<init>(LoginPo.java:10)
	at library.BaseClass.<init>(BaseClass.java:17)
	at Po.LoginPo.<init>(LoginPo.java:10)
	at library.BaseClass.<init>(BaseClass.java:17)
	at Po.LoginPo.<init>(LoginPo.java:10)
	at library.BaseClass.<init>(BaseClass.java:17)
	at Po.LoginPo.<init>(LoginPo.java:10)
	at library.BaseClass.<init>(BaseClass.java:17)
	at Po.LoginPo.<init>(LoginPo.java:10)
	at library.BaseClass.<init>(BaseClass.java:17)
	at Po.LoginPo.<init>(LoginPo.java:10)
	at library.BaseClass.<init>(BaseClass.java:17)
	at Po.LoginPo.<init>(LoginPo.java:10)
	at library.BaseClass.<init>(BaseClass.java:17)
	at Po.LoginPo.<init>(LoginPo.java:10)
	at library.BaseClass.<init>(BaseClass.java:17)
	at Po.LoginPo.<init>(LoginPo.java:10)
	at library.BaseClass.<init>(BaseClass.java:17)
	at Po.LoginPo.<init>(LoginPo.java:10)
	at library.BaseClass.<init>(BaseClass.java:17)
	at Po.LoginPo.<init>(LoginPo.java:10)
	at library.BaseClass.<init>(BaseClass.java:17)
	at Po.LoginPo.<init>(LoginPo.java:10)
	at library.BaseClass.<init>(BaseClass.java:17)
	at Po.LoginPo.<init>(LoginPo.java:10)
	at library.BaseClass.<init>(BaseClass.java:17)
	at Po.LoginPo.<init>(LoginPo.java:10)
	at library.BaseClass.<init>(BaseClass.java:17)
	at Po.LoginPo.<init>(LoginPo.java:10)
	at library.BaseClass.<init>(BaseClass.java:17)
	at Po.LoginPo.<init>(LoginPo.java:10)
	at library.BaseClass.<init>(BaseClass.java:17)
	at Po.LoginPo.<init>(LoginPo.java:10)
	at library.BaseClass.<init>(BaseClass.java:17)
	at Po.LoginPo.<init>(LoginPo.java:10)
	at library.BaseClass.<init>(BaseClass.java:17)
	at Po.LoginPo.<init>(LoginPo.java:10)
	at library.BaseClass.<init>(BaseClass.java:17)
	at Po.LoginPo.<init>(LoginPo.java:10)
	at library.BaseClass.<init>(BaseClass.java:17)
	at Po.LoginPo.<init>(LoginPo.java:10)
	at library.BaseClass.<init>(BaseClass.java:17)
	at Po.LoginPo.<init>(LoginPo.java:10)
	at library.BaseClass.<init>(BaseClass.java:17)
	at Po.LoginPo.<init>(LoginPo.java:10)
	at library.BaseClass.<init>(BaseClass.java:17)
	at Po.LoginPo.<init>(LoginPo.java:10)
	at library.BaseClass.<init>(BaseClass.java:17)
	at Po.LoginPo.<init>(LoginPo.java:10)
	at library.BaseClass.<init>(BaseClass.java:17)
	at Po.LoginPo.<init>(LoginPo.java:10)
	at library.BaseClass.<init>(BaseClass.java:17)
	at Po.LoginPo.<init>(LoginPo.java:10)
	at library.BaseClass.<init>(BaseClass.java:17)
	at Po.LoginPo.<init>(LoginPo.java:10)
	at library.BaseClass.<init>(BaseClass.java:17)
	at Po.LoginPo.<init>(LoginPo.java:10)
	at library.BaseClass.<init>(BaseClass.java:17)
	at Po.LoginPo.<init>(LoginPo.java:10)
	at library.BaseClass.<init>(BaseClass.java:17)
	at Po.LoginPo.<init>(LoginPo.java:10)
	at library.BaseClass.<init>(BaseClass.java:17)
	at Po.LoginPo.<init>(LoginPo.java:10)
	at library.BaseClass.<init>(BaseClass.java:17)
	at Po.LoginPo.<init>(LoginPo.java:10)
	at library.BaseClass.<init>(BaseClass.java:17)
	at Po.LoginPo.<init>(LoginPo.java:10)
	at library.BaseClass.<init>(BaseClass.java:17)
	at Po.LoginPo.<init>(LoginPo.java:10)
	at library.BaseClass.<init>(BaseClass.java:17)
	at Po.LoginPo.<init>(LoginPo.java:10)
	at library.BaseClass.<init>(BaseClass.java:17)
	at Po.LoginPo.<init>(LoginPo.java:10)
	at library.BaseClass.<init>(BaseClass.java:17)
	at Po.LoginPo.<init>(LoginPo.java:10)
	at library.BaseClass.<init>(BaseClass.java:17)
	at Po.LoginPo.<init>(LoginPo.java:10)
	at library.BaseClass.<init>(BaseClass.java:17)
	at Po.LoginPo.<init>(LoginPo.java:10)
	at library.BaseClass.<init>(BaseClass.java:17)
	at Po.LoginPo.<init>(LoginPo.java:10)
	at library.BaseClass.<init>(BaseClass.java:17)
	at Po.LoginPo.<init>(LoginPo.java:10)
	at library.BaseClass.<init>(BaseClass.java:17)
	at Po.LoginPo.<init>(LoginPo.java:10)
	at library.BaseClass.<init>(BaseClass.java:17)
	at Po.LoginPo.<init>(LoginPo.java:10)
	at library.BaseClass.<init>(BaseClass.java:17)
	at Po.LoginPo.<init>(LoginPo.java:10)
	at library.BaseClass.<init>(BaseClass.java:17)
	at Po.LoginPo.<init>(LoginPo.java:10)
	at library.BaseClass.<init>(BaseClass.java:17)
	at Po.LoginPo.<init>(LoginPo.java:10)
	at library.BaseClass.<init>(BaseClass.java:17)
	at Po.LoginPo.<init>(LoginPo.java:10)
	at library.BaseClass.<init>(BaseClass.java:17)
	at Po.LoginPo.<init>(LoginPo.java:10)
	at library.BaseClass.<init>(BaseClass.java:17)
	at Po.LoginPo.<init>(LoginPo.java:10)
	at library.BaseClass.<init>(BaseClass.java:17)
	at Po.LoginPo.<init>(LoginPo.java:10)
	at library.BaseClass.<init>(BaseClass.java:17)
	at Po.LoginPo.<init>(LoginPo.java:10)
	at library.BaseClass.<init>(BaseClass.java:17)
	at Po.LoginPo.<init>(LoginPo.java:10)
	at library.BaseClass.<init>(BaseClass.java:17)
	at Po.LoginPo.<init>(LoginPo.java:10)
	at library.BaseClass.<init>(BaseClass.java:17)
	at Po.LoginPo.<init>(LoginPo.java:10)
	at library.BaseClass.<init>(BaseClass.java:17)
	at Po.LoginPo.<init>(LoginPo.java:10)
	at library.BaseClass.<init>(BaseClass.java:17)
	at Po.LoginPo.<init>(LoginPo.java:10)
	at library.BaseClass.<init>(BaseClass.java:17)
	at Po.LoginPo.<init>(LoginPo.java:10)
	at library.BaseClass.<init>(BaseClass.java:17)
	at Po.LoginPo.<init>(LoginPo.java:10)
	at library.BaseClass.<init>(BaseClass.java:17)
	at Po.LoginPo.<init>(LoginPo.java:10)
	at library.BaseClass.<init>(BaseClass.java:17)
	at Po.LoginPo.<init>(LoginPo.java:10)
	at library.BaseClass.<init>(BaseClass.java:17)
	at Po.LoginPo.<init>(LoginPo.java:10)
	at library.BaseClass.<init>(BaseClass.java:17)
	at Po.LoginPo.<init>(LoginPo.java:10)
	at library.BaseClass.<init>(BaseClass.java:17)
	at Po.LoginPo.<init>(LoginPo.java:10)
	at library.BaseClass.<init>(BaseClass.java:17)
	at Po.LoginPo.<init>(LoginPo.java:10)
	at library.BaseClass.<init>(BaseClass.java:17)
	at Po.LoginPo.<init>(LoginPo.java:10)
	at library.BaseClass.<init>(BaseClass.java:17)
	at Po.LoginPo.<init>(LoginPo.java:10)
	at library.BaseClass.<init>(BaseClass.java:17)
	at Po.LoginPo.<init>(LoginPo.java:10)
	at library.BaseClass.<init>(BaseClass.java:17)
	at Po.LoginPo.<init>(LoginPo.java:10)
	at library.BaseClass.<init>(BaseClass.java:17)
	at Po.LoginPo.<init>(LoginPo.java:10)
	at library.BaseClass.<init>(BaseClass.java:17)
	at Po.LoginPo.<init>(LoginPo.java:10)
	at library.BaseClass.<init>(BaseClass.java:17)
	at Po.LoginPo.<init>(LoginPo.java:10)
	at library.BaseClass.<init>(BaseClass.java:17)
	at Po.LoginPo.<init>(LoginPo.java:10)
	at library.BaseClass.<init>(BaseClass.java:17)
	at Po.LoginPo.<init>(LoginPo.java:10)
	at library.BaseClass.<init>(BaseClass.java:17)
	at Po.LoginPo.<init>(LoginPo.java:10)
	at library.BaseClass.<init>(BaseClass.java:17)
	at Po.LoginPo.<init>(LoginPo.java:10)
	at library.BaseClass.<init>(BaseClass.java:17)
	at Po.LoginPo.<init>(LoginPo.java:10)
	at library.BaseClass.<init>(BaseClass.java:17)
	at Po.LoginPo.<init>(LoginPo.java:10)
	at library.BaseClass.<init>(BaseClass.java:17)
	at Po.LoginPo.<init>(LoginPo.java:10)
	at library.BaseClass.<init>(BaseClass.java:17)
	at Po.LoginPo.<init>(LoginPo.java:10)
	at library.BaseClass.<init>(BaseClass.java:17)
	at Po.LoginPo.<init>(LoginPo.java:10)
	at library.BaseClass.<init>(BaseClass.java:17)
	at Po.LoginPo.<init>(LoginPo.java:10)
	at library.BaseClass.<init>(BaseClass.java:17)
	at Po.LoginPo.<init>(LoginPo.java:10)
	at library.BaseClass.<init>(BaseClass.java:17)
	at Po.LoginPo.<init>(LoginPo.java:10)
	at library.BaseClass.<init>(BaseClass.java:17)
	at Po.LoginPo.<init>(LoginPo.java:10)
	at library.BaseClass.<init>(BaseClass.java:17)
	at Po.LoginPo.<init>(LoginPo.java:10)
	at library.BaseClass.<init>(BaseClass.java:17)
	at Po.LoginPo.<init>(LoginPo.java:10)
	at library.BaseClass.<init>(BaseClass.java:17)
	at Po.LoginPo.<init>(LoginPo.java:10)
	at library.BaseClass.<init>(BaseClass.java:17)
	at Po.LoginPo.<init>(LoginPo.java:10)
	at library.BaseClass.<init>(BaseClass.java:17)
	at Po.LoginPo.<init>(LoginPo.java:10)
	at library.BaseClass.<init>(BaseClass.java:17)
	at Po.LoginPo.<init>(LoginPo.java:10)
	at library.BaseClass.<init>(BaseClass.java:17)
	at Po.LoginPo.<init>(LoginPo.java:10)
	at library.BaseClass.<init>(BaseClass.java:17)
	at Po.LoginPo.<init>(LoginPo.java:10)
	at library.BaseClass.<init>(BaseClass.java:17)
	at Po.LoginPo.<init>(LoginPo.java:10)
	at library.BaseClass.<init>(BaseClass.java:17)
	at Po.LoginPo.<init>(LoginPo.java:10)
	at library.BaseClass.<init>(BaseClass.java:17)
	at Po.LoginPo.<init>(LoginPo.java:10)
	at library.BaseClass.<init>(BaseClass.java:17)
	at Po.LoginPo.<init>(LoginPo.java:10)
	at library.BaseClass.<init>(BaseClass.java:17)
	at Po.LoginPo.<init>(LoginPo.java:10)
	at library.BaseClass.<init>(BaseClass.java:17)
	at Po.LoginPo.<init>(LoginPo.java:10)
	at library.BaseClass.<init>(BaseClass.java:17)
	at Po.LoginPo.<init>(LoginPo.java:10)
	at library.BaseClass.<init>(BaseClass.java:17)
	at Po.LoginPo.<init>(LoginPo.java:10)
	at library.BaseClass.<init>(BaseClass.java:17)
	at Po.LoginPo.<init>(LoginPo.java:10)
	at library.BaseClass.<init>(BaseClass.java:17)
	at Po.LoginPo.<init>(LoginPo.java:10)
	at library.BaseClass.<init>(BaseClass.java:17)
	at Po.LoginPo.<init>(LoginPo.java:10)
	at library.BaseClass.<init>(BaseClass.java:17)
	at Po.LoginPo.<init>(LoginPo.java:10)
	at library.BaseClass.<init>(BaseClass.java:17)
	at Po.LoginPo.<init>(LoginPo.java:10)
	at library.BaseClass.<init>(BaseClass.java:17)
	at Po.LoginPo.<init>(LoginPo.java:10)
	at library.BaseClass.<init>(BaseClass.java:17)
	at Po.LoginPo.<init>(LoginPo.java:10)
	at library.BaseClass.<init>(BaseClass.java:17)
	at Po.LoginPo.<init>(LoginPo.java:10)
	at library.BaseClass.<init>(BaseClass.java:17)
	at Po.LoginPo.<init>(LoginPo.java:10)
	at library.BaseClass.<init>(BaseClass.java:17)
	at Po.LoginPo.<init>(LoginPo.java:10)
	at library.BaseClass.<init>(BaseClass.java:17)
	at Po.LoginPo.<init>(LoginPo.java:10)
	at library.BaseClass.<init>(BaseClass.java:17)
	at Po.LoginPo.<init>(LoginPo.java:10)
	at library.BaseClass.<init>(BaseClass.java:17)
	at Po.LoginPo.<init>(LoginPo.java:10)
	at library.BaseClass.<init>(BaseClass.java:17)
	at Po.LoginPo.<init>(LoginPo.java:10)
	at library.BaseClass.<init>(BaseClass.java:17)
	at Po.LoginPo.<init>(LoginPo.java:10)
	at library.BaseClass.<init>(BaseClass.java:17)
	at Po.LoginPo.<init>(LoginPo.java:10)
	at library.BaseClass.<init>(BaseClass.java:17)
	at Po.LoginPo.<init>(LoginPo.java:10)
	at library.BaseClass.<init>(BaseClass.java:17)
	at Po.LoginPo.<init>(LoginPo.java:10)
	at library.BaseClass.<init>(BaseClass.java:17)
	at Po.LoginPo.<init>(LoginPo.java:10)
	at library.BaseClass.<init>(BaseClass.java:17)
	at Po.LoginPo.<init>(LoginPo.java:10)
	at library.BaseClass.<init>(BaseClass.java:17)
	at Po.LoginPo.<init>(LoginPo.java:10)
	at library.BaseClass.<init>(BaseClass.java:17)
	at Po.LoginPo.<init>(LoginPo.java:10)
	at library.BaseClass.<init>(BaseClass.java:17)
	at Po.LoginPo.<init>(LoginPo.java:10)
	at library.BaseClass.<init>(BaseClass.java:17)
	at Po.LoginPo.<init>(LoginPo.java:10)
	at library.BaseClass.<init>(BaseClass.java:17)
	at Po.LoginPo.<init>(LoginPo.java:10)
	at library.BaseClass.<init>(BaseClass.java:17)
	at Po.LoginPo.<init>(LoginPo.java:10)
	at library.BaseClass.<init>(BaseClass.java:17)
	at Po.LoginPo.<init>(LoginPo.java:10)
	at library.BaseClass.<init>(BaseClass.java:17)
	at Po.LoginPo.<init>(LoginPo.java:10)
	at library.BaseClass.<init>(BaseClass.java:17)
	at Po.LoginPo.<init>(LoginPo.java:10)
	at library.BaseClass.<init>(BaseClass.java:17)
	at Po.LoginPo.<init>(LoginPo.java:10)
	at library.BaseClass.<init>(BaseClass.java:17)
	at Po.LoginPo.<init>(LoginPo.java:10)
	at library.BaseClass.<init>(BaseClass.java:17)
	at Po.LoginPo.<init>(LoginPo.java:10)
	at library.BaseClass.<init>(BaseClass.java:17)
	at Po.LoginPo.<init>(LoginPo.java:10)
	at library.BaseClass.<init>(BaseClass.java:17)
	at Po.LoginPo.<init>(LoginPo.java:10)
	at library.BaseClass.<init>(BaseClass.java:17)
	at Po.LoginPo.<init>(LoginPo.java:10)
	at library.BaseClass.<init>(BaseClass.java:17)
	at Po.LoginPo.<init>(LoginPo.java:10)
	at library.BaseClass.<init>(BaseClass.java:17)
	at Po.LoginPo.<init>(LoginPo.java:10)
	at library.BaseClass.<init>(BaseClass.java:17)
	at Po.LoginPo.<init>(LoginPo.java:10)
	at library.BaseClass.<init>(BaseClass.java:17)
	at Po.LoginPo.<init>(LoginPo.java:10)
	at library.BaseClass.<init>(BaseClass.java:17)
	at Po.LoginPo.<init>(LoginPo.java:10)
	at library.BaseClass.<init>(BaseClass.java:17)
	at Po.LoginPo.<init>(LoginPo.java:10)
	at library.BaseClass.<init>(BaseClass.java:17)
	at Po.LoginPo.<init>(LoginPo.java:10)
	at library.BaseClass.<init>(BaseClass.java:17)
	at Po.LoginPo.<init>(LoginPo.java:10)
	at library.BaseClass.<init>(BaseClass.java:17)
	at Po.LoginPo.<init>(LoginPo.java:10)
	at library.BaseClass.<init>(BaseClass.java:17)
	at Po.LoginPo.<init>(LoginPo.java:10)
	at library.BaseClass.<init>(BaseClass.java:17)
	at Po.LoginPo.<init>(LoginPo.java:10)
	at library.BaseClass.<init>(BaseClass.java:17)
	at Po.LoginPo.<init>(LoginPo.java:10)
	at library.BaseClass.<init>(BaseClass.java:17)
	at Po.LoginPo.<init>(LoginPo.java:10)
	at library.BaseClass.<init>(BaseClass.java:17)
	at Po.LoginPo.<init>(LoginPo.java:10)
	at library.BaseClass.<init>(BaseClass.java:17)
	at Po.LoginPo.<init>(LoginPo.java:10)
	at library.BaseClass.<init>(BaseClass.java:17)
	at Po.LoginPo.<init>(LoginPo.java:10)
	at library.BaseClass.<init>(BaseClass.java:17)
	at Po.LoginPo.<init>(LoginPo.java:10)
	at library.BaseClass.<init>(BaseClass.java:17)
	at Po.LoginPo.<init>(LoginPo.java:10)
	at library.BaseClass.<init>(BaseClass.java:17)
	at Po.LoginPo.<init>(LoginPo.java:10)
	at library.BaseClass.<init>(BaseClass.java:17)
	at Po.LoginPo.<init>(LoginPo.java:10)
	at library.BaseClass.<init>(BaseClass.java:17)
	at Po.LoginPo.<init>(LoginPo.java:10)
	at library.BaseClass.<init>(BaseClass.java:17)
	at Po.LoginPo.<init>(LoginPo.java:10)
	at library.BaseClass.<init>(BaseClass.java:17)
	at Po.LoginPo.<init>(LoginPo.java:10)
	at library.BaseClass.<init>(BaseClass.java:17)
	at Po.LoginPo.<init>(LoginPo.java:10)
	at library.BaseClass.<init>(BaseClass.java:17)
	at Po.LoginPo.<init>(LoginPo.java:10)
	at library.BaseClass.<init>(BaseClass.java:17)
	at Po.LoginPo.<init>(LoginPo.java:10)
	at library.BaseClass.<init>(BaseClass.java:17)
	at Po.LoginPo.<init>(LoginPo.java:10)
	at library.BaseClass.<init>(BaseClass.java:17)
	at Po.LoginPo.<init>(LoginPo.java:10)
	at library.BaseClass.<init>(BaseClass.java:17)
	at Po.LoginPo.<init>(LoginPo.java:10)
	at library.BaseClass.<init>(BaseClass.java:17)
	at Po.LoginPo.<init>(LoginPo.java:10)
	at library.BaseClass.<init>(BaseClass.java:17)
	at Po.LoginPo.<init>(LoginPo.java:10)
	at library.BaseClass.<init>(BaseClass.java:17)
	at Po.LoginPo.<init>(LoginPo.java:10)
	at library.BaseClass.<init>(BaseClass.java:17)
	at Po.LoginPo.<init>(LoginPo.java:10)
	at library.BaseClass.<init>(BaseClass.java:17)
	at Po.LoginPo.<init>(LoginPo.java:10)
	at library.BaseClass.<init>(BaseClass.java:17)
	at Po.LoginPo.<init>(LoginPo.java:10)
	at library.BaseClass.<init>(BaseClass.java:17)
	at Po.LoginPo.<init>(LoginPo.java:10)
	at library.BaseClass.<init>(BaseClass.java:17)
	at Po.LoginPo.<init>(LoginPo.java:10)
	at library.BaseClass.<init>(BaseClass.java:17)
	at Po.LoginPo.<init>(LoginPo.java:10)
	at library.BaseClass.<init>(BaseClass.java:17)
	at Po.LoginPo.<init>(LoginPo.java:10)
	at library.BaseClass.<init>(BaseClass.java:17)
	at Po.LoginPo.<init>(LoginPo.java:10)
	at library.BaseClass.<init>(BaseClass.java:17)
	at Po.LoginPo.<init>(LoginPo.java:10)
	at library.BaseClass.<init>(BaseClass.java:17)
	at Po.LoginPo.<init>(LoginPo.java:10)
	at library.BaseClass.<init>(BaseClass.java:17)
	at Po.LoginPo.<init>(LoginPo.java:10)
	at library.BaseClass.<init>(BaseClass.java:17)
	at Po.LoginPo.<init>(LoginPo.java:10)
	at library.BaseClass.<init>(BaseClass.java:17)
	at Po.LoginPo.<init>(LoginPo.java:10)
	at library.BaseClass.<init>(BaseClass.java:17)
	at Po.LoginPo.<init>(LoginPo.java:10)
	at library.BaseClass.<init>(BaseClass.java:17)
	at Po.LoginPo.<init>(LoginPo.java:10)
	at library.BaseClass.<init>(BaseClass.java:17)
	at Po.LoginPo.<init>(LoginPo.java:10)
	at library.BaseClass.<init>(BaseClass.java:17)
	at Po.LoginPo.<init>(LoginPo.java:10)
	at library.BaseClass.<init>(BaseClass.java:17)
	at Po.LoginPo.<init>(LoginPo.java:10)
	at library.BaseClass.<init>(BaseClass.java:17)
	at Po.LoginPo.<init>(LoginPo.java:10)
	at library.BaseClass.<init>(BaseClass.java:17)
	at Po.LoginPo.<init>(LoginPo.java:10)
	at library.BaseClass.<init>(BaseClass.java:17)
	at Po.LoginPo.<init>(LoginPo.java:10)
	at library.BaseClass.<init>(BaseClass.java:17)
	at Po.LoginPo.<init>(LoginPo.java:10)
	at library.BaseClass.<init>(BaseClass.java:17)
	at Po.LoginPo.<init>(LoginPo.java:10)
	at library.BaseClass.<init>(BaseClass.java:17)
	at Po.LoginPo.<init>(LoginPo.java:10)
	at library.BaseClass.<init>(BaseClass.java:17)
	at Po.LoginPo.<init>(LoginPo.java:10)
	at library.BaseClass.<init>(BaseClass.java:17)
	at Po.LoginPo.<init>(LoginPo.java:10)
	at library.BaseClass.<init>(BaseClass.java:17)
	at Po.LoginPo.<init>(LoginPo.java:10)
	at library.BaseClass.<init>(BaseClass.java:17)
	at Po.LoginPo.<init>(LoginPo.java:10)
	at library.BaseClass.<init>(BaseClass.java:17)
	at Po.LoginPo.<init>(LoginPo.java:10)
	at library.BaseClass.<init>(BaseClass.java:17)
	at Po.LoginPo.<init>(LoginPo.java:10)
	at library.BaseClass.<init>(BaseClass.java:17)
	at Po.LoginPo.<init>(LoginPo.java:10)
	at library.BaseClass.<init>(BaseClass.java:17)
	at Po.LoginPo.<init>(LoginPo.java:10)
	at library.BaseClass.<init>(BaseClass.java:17)
	at Po.LoginPo.<init>(LoginPo.java:10)
	at library.BaseClass.<init>(BaseClass.java:17)
	at Po.LoginPo.<init>(LoginPo.java:10)
	at library.BaseClass.<init>(BaseClass.java:17)
	at Po.LoginPo.<init>(LoginPo.java:10)
	at library.BaseClass.<init>(BaseClass.java:17)
	at Po.LoginPo.<init>(LoginPo.java:10)
	at library.BaseClass.<init>(BaseClass.java:17)
	at Po.LoginPo.<init>(LoginPo.java:10)
	at library.BaseClass.<init>(BaseClass.java:17)
	at Po.LoginPo.<init>(LoginPo.java:10)
	at library.BaseClass.<init>(BaseClass.java:17)
	at Po.LoginPo.<init>(LoginPo.java:10)
	at library.BaseClass.<init>(BaseClass.java:17)
	at Po.LoginPo.<init>(LoginPo.java:10)
	at library.BaseClass.<init>(BaseClass.java:17)
	at Po.LoginPo.<init>(LoginPo.java:10)
	at library.BaseClass.<init>(BaseClass.java:17)
	at Po.LoginPo.<init>(LoginPo.java:10)
	at library.BaseClass.<init>(BaseClass.java:17)
	at Po.LoginPo.<init>(LoginPo.java:10)
	at library.BaseClass.<init>(BaseClass.java:17)
	at Po.LoginPo.<init>(LoginPo.java:10)
	at library.BaseClass.<init>(BaseClass.java:17)
	at Po.LoginPo.<init>(LoginPo.java:10)
	at library.BaseClass.<init>(BaseClass.java:17)
	at Po.LoginPo.<init>(LoginPo.java:10)
	at library.BaseClass.<init>(BaseClass.java:17)
	at Po.LoginPo.<init>(LoginPo.java:10)
	at library.BaseClass.<init>(BaseClass.java:17)
	at Po.LoginPo.<init>(LoginPo.java:10)
	at library.BaseClass.<init>(BaseClass.java:17)
	at Po.LoginPo.<init>(LoginPo.java:10)
	at library.BaseClass.<init>(BaseClass.java:17)
	at Po.LoginPo.<init>(LoginPo.java:10)
	at library.BaseClass.<init>(BaseClass.java:17)
	at Po.LoginPo.<init>(LoginPo.java:10)
	at library.BaseClass.<init>(BaseClass.java:17)
	at Po.LoginPo.<init>(LoginPo.java:10)
	at library.BaseClass.<init>(BaseClass.java:17)
	at Po.LoginPo.<init>(LoginPo.java:10)
	at library.BaseClass.<init>(BaseClass.java:17)
	at Po.LoginPo.<init>(LoginPo.java:10)
	at library.BaseClass.<init>(BaseClass.java:17)
	at Po.LoginPo.<init>(LoginPo.java:10)
	at library.BaseClass.<init>(BaseClass.java:17)
	at Po.LoginPo.<init>(LoginPo.java:10)
	at library.BaseClass.<init>(BaseClass.java:17)
	at Po.LoginPo.<init>(LoginPo.java:10)
	at library.BaseClass.<init>(BaseClass.java:17)
	at Po.LoginPo.<init>(LoginPo.java:10)
	at library.BaseClass.<init>(BaseClass.java:17)
	at Po.LoginPo.<init>(LoginPo.java:10)
	at library.BaseClass.<init>(BaseClass.java:17)
	at Po.LoginPo.<init>(LoginPo.java:10)
	at library.BaseClass.<init>(BaseClass.java:17)
	at Po.LoginPo.<init>(LoginPo.java:10)
	at library.BaseClass.<init>(BaseClass.java:17)
	at Po.LoginPo.<init>(LoginPo.java:10)
	at library.BaseClass.<init>(BaseClass.java:17)
	at Po.LoginPo.<init>(LoginPo.java:10)
	at library.BaseClass.<init>(BaseClass.java:17)
	at Po.LoginPo.<init>(LoginPo.java:10)
	at library.BaseClass.<init>(BaseClass.java:17)
	at Po.LoginPo.<init>(LoginPo.java:10)
	at library.BaseClass.<init>(BaseClass.java:17)
	at Po.LoginPo.<init>(LoginPo.java:10)
	at library.BaseClass.<init>(BaseClass.java:17)
	at Po.LoginPo.<init>(LoginPo.java:10)
	at library.BaseClass.<init>(BaseClass.java:17)
	at Po.LoginPo.<init>(LoginPo.java:10)
	at library.BaseClass.<init>(BaseClass.java:17)
	at Po.LoginPo.<init>(LoginPo.java:10)
	at library.BaseClass.<init>(BaseClass.java:17)
	at Po.LoginPo.<init>(LoginPo.java:10)
	at library.BaseClass.<init>(BaseClass.java:17)
	at Po.LoginPo.<init>(LoginPo.java:10)
	at library.BaseClass.<init>(BaseClass.java:17)
	at Po.LoginPo.<init>(LoginPo.java:10)
	at library.BaseClass.<init>(BaseClass.java:17)
	at Po.LoginPo.<init>(LoginPo.java:10)
	at library.BaseClass.<init>(BaseClass.java:17)
	at Po.LoginPo.<init>(LoginPo.java:10)
	at library.BaseClass.<init>(BaseClass.java:17)
	at Po.LoginPo.<init>(LoginPo.java:10)
	at library.BaseClass.<init>(BaseClass.java:17)
	at Po.LoginPo.<init>(LoginPo.java:10)
	at library.BaseClass.<init>(BaseClass.java:17)
	at Po.LoginPo.<init>(LoginPo.java:10)
	at library.BaseClass.<init>(BaseClass.java:17)
	at Po.LoginPo.<init>(LoginPo.java:10)
	at library.BaseClass.<init>(BaseClass.java:17)
	at Po.LoginPo.<init>(LoginPo.java:10)
	at library.BaseClass.<init>(BaseClass.java:17)
	at Po.LoginPo.<init>(LoginPo.java:10)
	at library.BaseClass.<init>(BaseClass.java:17)
	at Po.LoginPo.<init>(LoginPo.java:10)
	at library.BaseClass.<init>(BaseClass.java:17)
	at Po.LoginPo.<init>(LoginPo.java:10)
	at library.BaseClass.<init>(BaseClass.java:17)
	at Po.LoginPo.<init>(LoginPo.java:10)
	at library.BaseClass.<init>(BaseClass.java:17)
	at Po.LoginPo.<init>(LoginPo.java:10)
	at library.BaseClass.<init>(BaseClass.java:17)
	at Po.LoginPo.<init>(LoginPo.java:10)
	at library.BaseClass.<init>(BaseClass.java:17)
	at Po.LoginPo.<init>(LoginPo.java:10)
	at library.BaseClass.<init>(BaseClass.java:17)
	at Po.LoginPo.<init>(LoginPo.java:10)
	at library.BaseClass.<init>(BaseClass.java:17)
	at Po.LoginPo.<init>(LoginPo.java:10)
	at library.BaseClass.<init>(BaseClass.java:17)
	at Po.LoginPo.<init>(LoginPo.java:10)
	at library.BaseClass.<init>(BaseClass.java:17)
	at Po.LoginPo.<init>(LoginPo.java:10)
	at library.BaseClass.<init>(BaseClass.java:17)
	at Po.LoginPo.<init>(LoginPo.java:10)
	at library.BaseClass.<init>(BaseClass.java:17)
	at Po.LoginPo.<init>(LoginPo.java:10)
	at library.BaseClass.<init>(BaseClass.java:17)
	at Po.LoginPo.<init>(LoginPo.java:10)
	at library.BaseClass.<init>(BaseClass.java:17)
	at Po.LoginPo.<init>(LoginPo.java:10)
	at library.BaseClass.<init>(BaseClass.java:17)
	at Po.LoginPo.<init>(LoginPo.java:10)
	at library.BaseClass.<init>(BaseClass.java:17)
	at Po.LoginPo.<init>(LoginPo.java:10)
	at library.BaseClass.<init>(BaseClass.java:17)
	at Po.LoginPo.<init>(LoginPo.java:10)
	at library.BaseClass.<init>(BaseClass.java:17)
	at Po.LoginPo.<init>(LoginPo.java:10)
	at library.BaseClass.<init>(BaseClass.java:17)

Login(script.Test1)  Time elapsed: 0.004 sec  <<< FAILURE!
java.lang.StackOverflowError: null
	at Po.LoginPo.<init>(LoginPo.java:10)
	at library.BaseClass.<init>(BaseClass.java:17)
	at Po.LoginPo.<init>(LoginPo.java:10)
	at library.BaseClass.<init>(BaseClass.java:17)
	at Po.LoginPo.<init>(LoginPo.java:10)
	at library.BaseClass.<init>(BaseClass.java:17)
	at Po.LoginPo.<init>(LoginPo.java:10)
	at library.BaseClass.<init>(BaseClass.java:17)
	at Po.LoginPo.<init>(LoginPo.java:10)
	at library.BaseClass.<init>(BaseClass.java:17)
	at Po.LoginPo.<init>(LoginPo.java:10)
	at library.BaseClass.<init>(BaseClass.java:17)
	at Po.LoginPo.<init>(LoginPo.java:10)
	at library.BaseClass.<init>(BaseClass.java:17)
	at Po.LoginPo.<init>(LoginPo.java:10)
	at library.BaseClass.<init>(BaseClass.java:17)
	at Po.LoginPo.<init>(LoginPo.java:10)
	at library.BaseClass.<init>(BaseClass.java:17)
	at Po.LoginPo.<init>(LoginPo.java:10)
	at library.BaseClass.<init>(BaseClass.java:17)
	at Po.LoginPo.<init>(LoginPo.java:10)
	at library.BaseClass.<init>(BaseClass.java:17)
	at Po.LoginPo.<init>(LoginPo.java:10)
	at library.BaseClass.<init>(BaseClass.java:17)
	at Po.LoginPo.<init>(LoginPo.java:10)
	at library.BaseClass.<init>(BaseClass.java:17)
	at Po.LoginPo.<init>(LoginPo.java:10)
	at library.BaseClass.<init>(BaseClass.java:17)
	at Po.LoginPo.<init>(LoginPo.java:10)
	at library.BaseClass.<init>(BaseClass.java:17)
	at Po.LoginPo.<init>(LoginPo.java:10)
	at library.BaseClass.<init>(BaseClass.java:17)
	at Po.LoginPo.<init>(LoginPo.java:10)
	at library.BaseClass.<init>(BaseClass.java:17)
	at Po.LoginPo.<init>(LoginPo.java:10)
	at library.BaseClass.<init>(BaseClass.java:17)
	at Po.LoginPo.<init>(LoginPo.java:10)
	at library.BaseClass.<init>(BaseClass.java:17)
	at Po.LoginPo.<init>(LoginPo.java:10)
	at library.BaseClass.<init>(BaseClass.java:17)
	at Po.LoginPo.<init>(LoginPo.java:10)
	at library.BaseClass.<init>(BaseClass.java:17)
	at Po.LoginPo.<init>(LoginPo.java:10)
	at library.BaseClass.<init>(BaseClass.java:17)
	at Po.LoginPo.<init>(LoginPo.java:10)
	at library.BaseClass.<init>(BaseClass.java:17)
	at Po.LoginPo.<init>(LoginPo.java:10)
	at library.BaseClass.<init>(BaseClass.java:17)
	at Po.LoginPo.<init>(LoginPo.java:10)
	at library.BaseClass.<init>(BaseClass.java:17)
	at Po.LoginPo.<init>(LoginPo.java:10)
	at library.BaseClass.<init>(BaseClass.java:17)
	at Po.LoginPo.<init>(LoginPo.java:10)
	at library.BaseClass.<init>(BaseClass.java:17)
	at Po.LoginPo.<init>(LoginPo.java:10)
	at library.BaseClass.<init>(BaseClass.java:17)
	at Po.LoginPo.<init>(LoginPo.java:10)
	at library.BaseClass.<init>(BaseClass.java:17)
	at Po.LoginPo.<init>(LoginPo.java:10)
	at library.BaseClass.<init>(BaseClass.java:17)
	at Po.LoginPo.<init>(LoginPo.java:10)
	at library.BaseClass.<init>(BaseClass.java:17)
	at Po.LoginPo.<init>(LoginPo.java:10)
	at library.BaseClass.<init>(BaseClass.java:17)
	at Po.LoginPo.<init>(LoginPo.java:10)
	at library.BaseClass.<init>(BaseClass.java:17)
	at Po.LoginPo.<init>(LoginPo.java:10)
	at library.BaseClass.<init>(BaseClass.java:17)
	at Po.LoginPo.<init>(LoginPo.java:10)
	at library.BaseClass.<init>(BaseClass.java:17)
	at Po.LoginPo.<init>(LoginPo.java:10)
	at library.BaseClass.<init>(BaseClass.java:17)
	at Po.LoginPo.<init>(LoginPo.java:10)
	at library.BaseClass.<init>(BaseClass.java:17)
	at Po.LoginPo.<init>(LoginPo.java:10)
	at library.BaseClass.<init>(BaseClass.java:17)
	at Po.LoginPo.<init>(LoginPo.java:10)
	at library.BaseClass.<init>(BaseClass.java:17)
	at Po.LoginPo.<init>(LoginPo.java:10)
	at library.BaseClass.<init>(BaseClass.java:17)
	at Po.LoginPo.<init>(LoginPo.java:10)
	at library.BaseClass.<init>(BaseClass.java:17)
	at Po.LoginPo.<init>(LoginPo.java:10)
	at library.BaseClass.<init>(BaseClass.java:17)
	at Po.LoginPo.<init>(LoginPo.java:10)
	at library.BaseClass.<init>(BaseClass.java:17)
	at Po.LoginPo.<init>(LoginPo.java:10)
	at library.BaseClass.<init>(BaseClass.java:17)
	at Po.LoginPo.<init>(LoginPo.java:10)
	at library.BaseClass.<init>(BaseClass.java:17)
	at Po.LoginPo.<init>(LoginPo.java:10)
	at library.BaseClass.<init>(BaseClass.java:17)
	at Po.LoginPo.<init>(LoginPo.java:10)
	at library.BaseClass.<init>(BaseClass.java:17)
	at Po.LoginPo.<init>(LoginPo.java:10)
	at library.BaseClass.<init>(BaseClass.java:17)
	at Po.LoginPo.<init>(LoginPo.java:10)
	at library.BaseClass.<init>(BaseClass.java:17)
	at Po.LoginPo.<init>(LoginPo.java:10)
	at library.BaseClass.<init>(BaseClass.java:17)
	at Po.LoginPo.<init>(LoginPo.java:10)
	at library.BaseClass.<init>(BaseClass.java:17)
	at Po.LoginPo.<init>(LoginPo.java:10)
	at library.BaseClass.<init>(BaseClass.java:17)
	at Po.LoginPo.<init>(LoginPo.java:10)
	at library.BaseClass.<init>(BaseClass.java:17)
	at Po.LoginPo.<init>(LoginPo.java:10)
	at library.BaseClass.<init>(BaseClass.java:17)
	at Po.LoginPo.<init>(LoginPo.java:10)
	at library.BaseClass.<init>(BaseClass.java:17)
	at Po.LoginPo.<init>(LoginPo.java:10)
	at library.BaseClass.<init>(BaseClass.java:17)
	at Po.LoginPo.<init>(LoginPo.java:10)
	at library.BaseClass.<init>(BaseClass.java:17)
	at Po.LoginPo.<init>(LoginPo.java:10)
	at library.BaseClass.<init>(BaseClass.java:17)
	at Po.LoginPo.<init>(LoginPo.java:10)
	at library.BaseClass.<init>(BaseClass.java:17)
	at Po.LoginPo.<init>(LoginPo.java:10)
	at library.BaseClass.<init>(BaseClass.java:17)
	at Po.LoginPo.<init>(LoginPo.java:10)
	at library.BaseClass.<init>(BaseClass.java:17)
	at Po.LoginPo.<init>(LoginPo.java:10)
	at library.BaseClass.<init>(BaseClass.java:17)
	at Po.LoginPo.<init>(LoginPo.java:10)
	at library.BaseClass.<init>(BaseClass.java:17)
	at Po.LoginPo.<init>(LoginPo.java:10)
	at library.BaseClass.<init>(BaseClass.java:17)
	at Po.LoginPo.<init>(LoginPo.java:10)
	at library.BaseClass.<init>(BaseClass.java:17)
	at Po.LoginPo.<init>(LoginPo.java:10)
	at library.BaseClass.<init>(BaseClass.java:17)
	at Po.LoginPo.<init>(LoginPo.java:10)
	at library.BaseClass.<init>(BaseClass.java:17)
	at Po.LoginPo.<init>(LoginPo.java:10)
	at library.BaseClass.<init>(BaseClass.java:17)
	at Po.LoginPo.<init>(LoginPo.java:10)
	at library.BaseClass.<init>(BaseClass.java:17)
	at Po.LoginPo.<init>(LoginPo.java:10)
	at library.BaseClass.<init>(BaseClass.java:17)
	at Po.LoginPo.<init>(LoginPo.java:10)
	at library.BaseClass.<init>(BaseClass.java:17)
	at Po.LoginPo.<init>(LoginPo.java:10)
	at library.BaseClass.<init>(BaseClass.java:17)
	at Po.LoginPo.<init>(LoginPo.java:10)
	at library.BaseClass.<init>(BaseClass.java:17)
	at Po.LoginPo.<init>(LoginPo.java:10)
	at library.BaseClass.<init>(BaseClass.java:17)
	at Po.LoginPo.<init>(LoginPo.java:10)
	at library.BaseClass.<init>(BaseClass.java:17)
	at Po.LoginPo.<init>(LoginPo.java:10)
	at library.BaseClass.<init>(BaseClass.java:17)
	at Po.LoginPo.<init>(LoginPo.java:10)
	at library.BaseClass.<init>(BaseClass.java:17)
	at Po.LoginPo.<init>(LoginPo.java:10)
	at library.BaseClass.<init>(BaseClass.java:17)
	at Po.LoginPo.<init>(LoginPo.java:10)
	at library.BaseClass.<init>(BaseClass.java:17)
	at Po.LoginPo.<init>(LoginPo.java:10)
	at library.BaseClass.<init>(BaseClass.java:17)
	at Po.LoginPo.<init>(LoginPo.java:10)
	at library.BaseClass.<init>(BaseClass.java:17)
	at Po.LoginPo.<init>(LoginPo.java:10)
	at library.BaseClass.<init>(BaseClass.java:17)
	at Po.LoginPo.<init>(LoginPo.java:10)
	at library.BaseClass.<init>(BaseClass.java:17)
	at Po.LoginPo.<init>(LoginPo.java:10)
	at library.BaseClass.<init>(BaseClass.java:17)
	at Po.LoginPo.<init>(LoginPo.java:10)
	at library.BaseClass.<init>(BaseClass.java:17)
	at Po.LoginPo.<init>(LoginPo.java:10)
	at library.BaseClass.<init>(BaseClass.java:17)
	at Po.LoginPo.<init>(LoginPo.java:10)
	at library.BaseClass.<init>(BaseClass.java:17)
	at Po.LoginPo.<init>(LoginPo.java:10)
	at library.BaseClass.<init>(BaseClass.java:17)
	at Po.LoginPo.<init>(LoginPo.java:10)
	at library.BaseClass.<init>(BaseClass.java:17)
	at Po.LoginPo.<init>(LoginPo.java:10)
	at library.BaseClass.<init>(BaseClass.java:17)
	at Po.LoginPo.<init>(LoginPo.java:10)
	at library.BaseClass.<init>(BaseClass.java:17)
	at Po.LoginPo.<init>(LoginPo.java:10)
	at library.BaseClass.<init>(BaseClass.java:17)
	at Po.LoginPo.<init>(LoginPo.java:10)
	at library.BaseClass.<init>(BaseClass.java:17)
	at Po.LoginPo.<init>(LoginPo.java:10)
	at library.BaseClass.<init>(BaseClass.java:17)
	at Po.LoginPo.<init>(LoginPo.java:10)
	at library.BaseClass.<init>(BaseClass.java:17)
	at Po.LoginPo.<init>(LoginPo.java:10)
	at library.BaseClass.<init>(BaseClass.java:17)
	at Po.LoginPo.<init>(LoginPo.java:10)
	at library.BaseClass.<init>(BaseClass.java:17)
	at Po.LoginPo.<init>(LoginPo.java:10)
	at library.BaseClass.<init>(BaseClass.java:17)
	at Po.LoginPo.<init>(LoginPo.java:10)
	at library.BaseClass.<init>(BaseClass.java:17)
	at Po.LoginPo.<init>(LoginPo.java:10)
	at library.BaseClass.<init>(BaseClass.java:17)
	at Po.LoginPo.<init>(LoginPo.java:10)
	at library.BaseClass.<init>(BaseClass.java:17)
	at Po.LoginPo.<init>(LoginPo.java:10)
	at library.BaseClass.<init>(BaseClass.java:17)
	at Po.LoginPo.<init>(LoginPo.java:10)
	at library.BaseClass.<init>(BaseClass.java:17)
	at Po.LoginPo.<init>(LoginPo.java:10)
	at library.BaseClass.<init>(BaseClass.java:17)
	at Po.LoginPo.<init>(LoginPo.java:10)
	at library.BaseClass.<init>(BaseClass.java:17)
	at Po.LoginPo.<init>(LoginPo.java:10)
	at library.BaseClass.<init>(BaseClass.java:17)
	at Po.LoginPo.<init>(LoginPo.java:10)
	at library.BaseClass.<init>(BaseClass.java:17)
	at Po.LoginPo.<init>(LoginPo.java:10)
	at library.BaseClass.<init>(BaseClass.java:17)
	at Po.LoginPo.<init>(LoginPo.java:10)
	at library.BaseClass.<init>(BaseClass.java:17)
	at Po.LoginPo.<init>(LoginPo.java:10)
	at library.BaseClass.<init>(BaseClass.java:17)
	at Po.LoginPo.<init>(LoginPo.java:10)
	at library.BaseClass.<init>(BaseClass.java:17)
	at Po.LoginPo.<init>(LoginPo.java:10)
	at library.BaseClass.<init>(BaseClass.java:17)
	at Po.LoginPo.<init>(LoginPo.java:10)
	at library.BaseClass.<init>(BaseClass.java:17)
	at Po.LoginPo.<init>(LoginPo.java:10)
	at library.BaseClass.<init>(BaseClass.java:17)
	at Po.LoginPo.<init>(LoginPo.java:10)
	at library.BaseClass.<init>(BaseClass.java:17)
	at Po.LoginPo.<init>(LoginPo.java:10)
	at library.BaseClass.<init>(BaseClass.java:17)
	at Po.LoginPo.<init>(LoginPo.java:10)
	at library.BaseClass.<init>(BaseClass.java:17)
	at Po.LoginPo.<init>(LoginPo.java:10)
	at library.BaseClass.<init>(BaseClass.java:17)
	at Po.LoginPo.<init>(LoginPo.java:10)
	at library.BaseClass.<init>(BaseClass.java:17)
	at Po.LoginPo.<init>(LoginPo.java:10)
	at library.BaseClass.<init>(BaseClass.java:17)
	at Po.LoginPo.<init>(LoginPo.java:10)
	at library.BaseClass.<init>(BaseClass.java:17)
	at Po.LoginPo.<init>(LoginPo.java:10)
	at library.BaseClass.<init>(BaseClass.java:17)
	at Po.LoginPo.<init>(LoginPo.java:10)
	at library.BaseClass.<init>(BaseClass.java:17)
	at Po.LoginPo.<init>(LoginPo.java:10)
	at library.BaseClass.<init>(BaseClass.java:17)
	at Po.LoginPo.<init>(LoginPo.java:10)
	at library.BaseClass.<init>(BaseClass.java:17)
	at Po.LoginPo.<init>(LoginPo.java:10)
	at library.BaseClass.<init>(BaseClass.java:17)
	at Po.LoginPo.<init>(LoginPo.java:10)
	at library.BaseClass.<init>(BaseClass.java:17)
	at Po.LoginPo.<init>(LoginPo.java:10)
	at library.BaseClass.<init>(BaseClass.java:17)
	at Po.LoginPo.<init>(LoginPo.java:10)
	at library.BaseClass.<init>(BaseClass.java:17)
	at Po.LoginPo.<init>(LoginPo.java:10)
	at library.BaseClass.<init>(BaseClass.java:17)
	at Po.LoginPo.<init>(LoginPo.java:10)
	at library.BaseClass.<init>(BaseClass.java:17)
	at Po.LoginPo.<init>(LoginPo.java:10)
	at library.BaseClass.<init>(BaseClass.java:17)
	at Po.LoginPo.<init>(LoginPo.java:10)
	at library.BaseClass.<init>(BaseClass.java:17)
	at Po.LoginPo.<init>(LoginPo.java:10)
	at library.BaseClass.<init>(BaseClass.java:17)
	at Po.LoginPo.<init>(LoginPo.java:10)
	at library.BaseClass.<init>(BaseClass.java:17)
	at Po.LoginPo.<init>(LoginPo.java:10)
	at library.BaseClass.<init>(BaseClass.java:17)
	at Po.LoginPo.<init>(LoginPo.java:10)
	at library.BaseClass.<init>(BaseClass.java:17)
	at Po.LoginPo.<init>(LoginPo.java:10)
	at library.BaseClass.<init>(BaseClass.java:17)
	at Po.LoginPo.<init>(LoginPo.java:10)
	at library.BaseClass.<init>(BaseClass.java:17)
	at Po.LoginPo.<init>(LoginPo.java:10)
	at library.BaseClass.<init>(BaseClass.java:17)
	at Po.LoginPo.<init>(LoginPo.java:10)
	at library.BaseClass.<init>(BaseClass.java:17)
	at Po.LoginPo.<init>(LoginPo.java:10)
	at library.BaseClass.<init>(BaseClass.java:17)
	at Po.LoginPo.<init>(LoginPo.java:10)
	at library.BaseClass.<init>(BaseClass.java:17)
	at Po.LoginPo.<init>(LoginPo.java:10)
	at library.BaseClass.<init>(BaseClass.java:17)
	at Po.LoginPo.<init>(LoginPo.java:10)
	at library.BaseClass.<init>(BaseClass.java:17)
	at Po.LoginPo.<init>(LoginPo.java:10)
	at library.BaseClass.<init>(BaseClass.java:17)
	at Po.LoginPo.<init>(LoginPo.java:10)
	at library.BaseClass.<init>(BaseClass.java:17)
	at Po.LoginPo.<init>(LoginPo.java:10)
	at library.BaseClass.<init>(BaseClass.java:17)
	at Po.LoginPo.<init>(LoginPo.java:10)
	at library.BaseClass.<init>(BaseClass.java:17)
	at Po.LoginPo.<init>(LoginPo.java:10)
	at library.BaseClass.<init>(BaseClass.java:17)
	at Po.LoginPo.<init>(LoginPo.java:10)
	at library.BaseClass.<init>(BaseClass.java:17)
	at Po.LoginPo.<init>(LoginPo.java:10)
	at library.BaseClass.<init>(BaseClass.java:17)
	at Po.LoginPo.<init>(LoginPo.java:10)
	at library.BaseClass.<init>(BaseClass.java:17)
	at Po.LoginPo.<init>(LoginPo.java:10)
	at library.BaseClass.<init>(BaseClass.java:17)
	at Po.LoginPo.<init>(LoginPo.java:10)
	at library.BaseClass.<init>(BaseClass.java:17)
	at Po.LoginPo.<init>(LoginPo.java:10)
	at library.BaseClass.<init>(BaseClass.java:17)
	at Po.LoginPo.<init>(LoginPo.java:10)
	at library.BaseClass.<init>(BaseClass.java:17)
	at Po.LoginPo.<init>(LoginPo.java:10)
	at library.BaseClass.<init>(BaseClass.java:17)
	at Po.LoginPo.<init>(LoginPo.java:10)
	at library.BaseClass.<init>(BaseClass.java:17)
	at Po.LoginPo.<init>(LoginPo.java:10)
	at library.BaseClass.<init>(BaseClass.java:17)
	at Po.LoginPo.<init>(LoginPo.java:10)
	at library.BaseClass.<init>(BaseClass.java:17)
	at Po.LoginPo.<init>(LoginPo.java:10)
	at library.BaseClass.<init>(BaseClass.java:17)
	at Po.LoginPo.<init>(LoginPo.java:10)
	at library.BaseClass.<init>(BaseClass.java:17)
	at Po.LoginPo.<init>(LoginPo.java:10)
	at library.BaseClass.<init>(BaseClass.java:17)
	at Po.LoginPo.<init>(LoginPo.java:10)
	at library.BaseClass.<init>(BaseClass.java:17)
	at Po.LoginPo.<init>(LoginPo.java:10)
	at library.BaseClass.<init>(BaseClass.java:17)
	at Po.LoginPo.<init>(LoginPo.java:10)
	at library.BaseClass.<init>(BaseClass.java:17)
	at Po.LoginPo.<init>(LoginPo.java:10)
	at library.BaseClass.<init>(BaseClass.java:17)
	at Po.LoginPo.<init>(LoginPo.java:10)
	at library.BaseClass.<init>(BaseClass.java:17)
	at Po.LoginPo.<init>(LoginPo.java:10)
	at library.BaseClass.<init>(BaseClass.java:17)
	at Po.LoginPo.<init>(LoginPo.java:10)
	at library.BaseClass.<init>(BaseClass.java:17)
	at Po.LoginPo.<init>(LoginPo.java:10)
	at library.BaseClass.<init>(BaseClass.java:17)
	at Po.LoginPo.<init>(LoginPo.java:10)
	at library.BaseClass.<init>(BaseClass.java:17)
	at Po.LoginPo.<init>(LoginPo.java:10)
	at library.BaseClass.<init>(BaseClass.java:17)
	at Po.LoginPo.<init>(LoginPo.java:10)
	at library.BaseClass.<init>(BaseClass.java:17)
	at Po.LoginPo.<init>(LoginPo.java:10)
	at library.BaseClass.<init>(BaseClass.java:17)
	at Po.LoginPo.<init>(LoginPo.java:10)
	at library.BaseClass.<init>(BaseClass.java:17)
	at Po.LoginPo.<init>(LoginPo.java:10)
	at library.BaseClass.<init>(BaseClass.java:17)
	at Po.LoginPo.<init>(LoginPo.java:10)
	at library.BaseClass.<init>(BaseClass.java:17)
	at Po.LoginPo.<init>(LoginPo.java:10)
	at library.BaseClass.<init>(BaseClass.java:17)
	at Po.LoginPo.<init>(LoginPo.java:10)
	at library.BaseClass.<init>(BaseClass.java:17)
	at Po.LoginPo.<init>(LoginPo.java:10)
	at library.BaseClass.<init>(BaseClass.java:17)
	at Po.LoginPo.<init>(LoginPo.java:10)
	at library.BaseClass.<init>(BaseClass.java:17)
	at Po.LoginPo.<init>(LoginPo.java:10)
	at library.BaseClass.<init>(BaseClass.java:17)
	at Po.LoginPo.<init>(LoginPo.java:10)
	at library.BaseClass.<init>(BaseClass.java:17)
	at Po.LoginPo.<init>(LoginPo.java:10)
	at library.BaseClass.<init>(BaseClass.java:17)
	at Po.LoginPo.<init>(LoginPo.java:10)
	at library.BaseClass.<init>(BaseClass.java:17)
	at Po.LoginPo.<init>(LoginPo.java:10)
	at library.BaseClass.<init>(BaseClass.java:17)
	at Po.LoginPo.<init>(LoginPo.java:10)
	at library.BaseClass.<init>(BaseClass.java:17)
	at Po.LoginPo.<init>(LoginPo.java:10)
	at library.BaseClass.<init>(BaseClass.java:17)
	at Po.LoginPo.<init>(LoginPo.java:10)
	at library.BaseClass.<init>(BaseClass.java:17)
	at Po.LoginPo.<init>(LoginPo.java:10)
	at library.BaseClass.<init>(BaseClass.java:17)
	at Po.LoginPo.<init>(LoginPo.java:10)
	at library.BaseClass.<init>(BaseClass.java:17)
	at Po.LoginPo.<init>(LoginPo.java:10)
	at library.BaseClass.<init>(BaseClass.java:17)
	at Po.LoginPo.<init>(LoginPo.java:10)
	at library.BaseClass.<init>(BaseClass.java:17)
	at Po.LoginPo.<init>(LoginPo.java:10)
	at library.BaseClass.<init>(BaseClass.java:17)
	at Po.LoginPo.<init>(LoginPo.java:10)
	at library.BaseClass.<init>(BaseClass.java:17)
	at Po.LoginPo.<init>(LoginPo.java:10)
	at library.BaseClass.<init>(BaseClass.java:17)
	at Po.LoginPo.<init>(LoginPo.java:10)
	at library.BaseClass.<init>(BaseClass.java:17)
	at Po.LoginPo.<init>(LoginPo.java:10)
	at library.BaseClass.<init>(BaseClass.java:17)
	at Po.LoginPo.<init>(LoginPo.java:10)
	at library.BaseClass.<init>(BaseClass.java:17)
	at Po.LoginPo.<init>(LoginPo.java:10)
	at library.BaseClass.<init>(BaseClass.java:17)
	at Po.LoginPo.<init>(LoginPo.java:10)
	at library.BaseClass.<init>(BaseClass.java:17)
	at Po.LoginPo.<init>(LoginPo.java:10)
	at library.BaseClass.<init>(BaseClass.java:17)
	at Po.LoginPo.<init>(LoginPo.java:10)
	at library.BaseClass.<init>(BaseClass.java:17)
	at Po.LoginPo.<init>(LoginPo.java:10)
	at library.BaseClass.<init>(BaseClass.java:17)
	at Po.LoginPo.<init>(LoginPo.java:10)
	at library.BaseClass.<init>(BaseClass.java:17)
	at Po.LoginPo.<init>(LoginPo.java:10)
	at library.BaseClass.<init>(BaseClass.java:17)
	at Po.LoginPo.<init>(LoginPo.java:10)
	at library.BaseClass.<init>(BaseClass.java:17)
	at Po.LoginPo.<init>(LoginPo.java:10)
	at library.BaseClass.<init>(BaseClass.java:17)
	at Po.LoginPo.<init>(LoginPo.java:10)
	at library.BaseClass.<init>(BaseClass.java:17)
	at Po.LoginPo.<init>(LoginPo.java:10)
	at library.BaseClass.<init>(BaseClass.java:17)
	at Po.LoginPo.<init>(LoginPo.java:10)
	at library.BaseClass.<init>(BaseClass.java:17)
	at Po.LoginPo.<init>(LoginPo.java:10)
	at library.BaseClass.<init>(BaseClass.java:17)
	at Po.LoginPo.<init>(LoginPo.java:10)
	at library.BaseClass.<init>(BaseClass.java:17)
	at Po.LoginPo.<init>(LoginPo.java:10)
	at library.BaseClass.<init>(BaseClass.java:17)
	at Po.LoginPo.<init>(LoginPo.java:10)
	at library.BaseClass.<init>(BaseClass.java:17)
	at Po.LoginPo.<init>(LoginPo.java:10)
	at library.BaseClass.<init>(BaseClass.java:17)
	at Po.LoginPo.<init>(LoginPo.java:10)
	at library.BaseClass.<init>(BaseClass.java:17)
	at Po.LoginPo.<init>(LoginPo.java:10)
	at library.BaseClass.<init>(BaseClass.java:17)
	at Po.LoginPo.<init>(LoginPo.java:10)
	at library.BaseClass.<init>(BaseClass.java:17)
	at Po.LoginPo.<init>(LoginPo.java:10)
	at library.BaseClass.<init>(BaseClass.java:17)
	at Po.LoginPo.<init>(LoginPo.java:10)
	at library.BaseClass.<init>(BaseClass.java:17)
	at Po.LoginPo.<init>(LoginPo.java:10)
	at library.BaseClass.<init>(BaseClass.java:17)
	at Po.LoginPo.<init>(LoginPo.java:10)
	at library.BaseClass.<init>(BaseClass.java:17)
	at Po.LoginPo.<init>(LoginPo.java:10)
	at library.BaseClass.<init>(BaseClass.java:17)
	at Po.LoginPo.<init>(LoginPo.java:10)
	at library.BaseClass.<init>(BaseClass.java:17)
	at Po.LoginPo.<init>(LoginPo.java:10)
	at library.BaseClass.<init>(BaseClass.java:17)
	at Po.LoginPo.<init>(LoginPo.java:10)
	at library.BaseClass.<init>(BaseClass.java:17)
	at Po.LoginPo.<init>(LoginPo.java:10)
	at library.BaseClass.<init>(BaseClass.java:17)
	at Po.LoginPo.<init>(LoginPo.java:10)
	at library.BaseClass.<init>(BaseClass.java:17)
	at Po.LoginPo.<init>(LoginPo.java:10)
	at library.BaseClass.<init>(BaseClass.java:17)
	at Po.LoginPo.<init>(LoginPo.java:10)
	at library.BaseClass.<init>(BaseClass.java:17)
	at Po.LoginPo.<init>(LoginPo.java:10)
	at library.BaseClass.<init>(BaseClass.java:17)
	at Po.LoginPo.<init>(LoginPo.java:10)
	at library.BaseClass.<init>(BaseClass.java:17)
	at Po.LoginPo.<init>(LoginPo.java:10)
	at library.BaseClass.<init>(BaseClass.java:17)
	at Po.LoginPo.<init>(LoginPo.java:10)
	at library.BaseClass.<init>(BaseClass.java:17)
	at Po.LoginPo.<init>(LoginPo.java:10)
	at library.BaseClass.<init>(BaseClass.java:17)
	at Po.LoginPo.<init>(LoginPo.java:10)
	at library.BaseClass.<init>(BaseClass.java:17)
	at Po.LoginPo.<init>(LoginPo.java:10)
	at library.BaseClass.<init>(BaseClass.java:17)
	at Po.LoginPo.<init>(LoginPo.java:10)
	at library.BaseClass.<init>(BaseClass.java:17)
	at Po.LoginPo.<init>(LoginPo.java:10)
	at library.BaseClass.<init>(BaseClass.java:17)
	at Po.LoginPo.<init>(LoginPo.java:10)
	at library.BaseClass.<init>(BaseClass.java:17)
	at Po.LoginPo.<init>(LoginPo.java:10)
	at library.BaseClass.<init>(BaseClass.java:17)
	at Po.LoginPo.<init>(LoginPo.java:10)
	at library.BaseClass.<init>(BaseClass.java:17)
	at Po.LoginPo.<init>(LoginPo.java:10)
	at library.BaseClass.<init>(BaseClass.java:17)
	at Po.LoginPo.<init>(LoginPo.java:10)
	at library.BaseClass.<init>(BaseClass.java:17)
	at Po.LoginPo.<init>(LoginPo.java:10)
	at library.BaseClass.<init>(BaseClass.java:17)
	at Po.LoginPo.<init>(LoginPo.java:10)
	at library.BaseClass.<init>(BaseClass.java:17)
	at Po.LoginPo.<init>(LoginPo.java:10)
	at library.BaseClass.<init>(BaseClass.java:17)
	at Po.LoginPo.<init>(LoginPo.java:10)
	at library.BaseClass.<init>(BaseClass.java:17)
	at Po.LoginPo.<init>(LoginPo.java:10)
	at library.BaseClass.<init>(BaseClass.java:17)
	at Po.LoginPo.<init>(LoginPo.java:10)
	at library.BaseClass.<init>(BaseClass.java:17)
	at Po.LoginPo.<init>(LoginPo.java:10)
	at library.BaseClass.<init>(BaseClass.java:17)
	at Po.LoginPo.<init>(LoginPo.java:10)
	at library.BaseClass.<init>(BaseClass.java:17)
	at Po.LoginPo.<init>(LoginPo.java:10)
	at library.BaseClass.<init>(BaseClass.java:17)
	at Po.LoginPo.<init>(LoginPo.java:10)
	at library.BaseClass.<init>(BaseClass.java:17)
	at Po.LoginPo.<init>(LoginPo.java:10)
	at library.BaseClass.<init>(BaseClass.java:17)
	at Po.LoginPo.<init>(LoginPo.java:10)
	at library.BaseClass.<init>(BaseClass.java:17)
	at Po.LoginPo.<init>(LoginPo.java:10)
	at library.BaseClass.<init>(BaseClass.java:17)
	at Po.LoginPo.<init>(LoginPo.java:10)
	at library.BaseClass.<init>(BaseClass.java:17)
	at Po.LoginPo.<init>(LoginPo.java:10)
	at library.BaseClass.<init>(BaseClass.java:17)
	at Po.LoginPo.<init>(LoginPo.java:10)
	at library.BaseClass.<init>(BaseClass.java:17)
	at Po.LoginPo.<init>(LoginPo.java:10)
	at library.BaseClass.<init>(BaseClass.java:17)
	at Po.LoginPo.<init>(LoginPo.java:10)
	at library.BaseClass.<init>(BaseClass.java:17)
	at Po.LoginPo.<init>(LoginPo.java:10)
	at library.BaseClass.<init>(BaseClass.java:17)
	at Po.LoginPo.<init>(LoginPo.java:10)
	at library.BaseClass.<init>(BaseClass.java:17)
	at Po.LoginPo.<init>(LoginPo.java:10)
	at library.BaseClass.<init>(BaseClass.java:17)
	at Po.LoginPo.<init>(LoginPo.java:10)
	at library.BaseClass.<init>(BaseClass.java:17)
	at Po.LoginPo.<init>(LoginPo.java:10)
	at library.BaseClass.<init>(BaseClass.java:17)
	at Po.LoginPo.<init>(LoginPo.java:10)
	at library.BaseClass.<init>(BaseClass.java:17)
	at Po.LoginPo.<init>(LoginPo.java:10)
	at library.BaseClass.<init>(BaseClass.java:17)
	at Po.LoginPo.<init>(LoginPo.java:10)
	at library.BaseClass.<init>(BaseClass.java:17)
	at Po.LoginPo.<init>(LoginPo.java:10)
	at library.BaseClass.<init>(BaseClass.java:17)
	at Po.LoginPo.<init>(LoginPo.java:10)
	at library.BaseClass.<init>(BaseClass.java:17)
	at Po.LoginPo.<init>(LoginPo.java:10)
	at library.BaseClass.<init>(BaseClass.java:17)
	at Po.LoginPo.<init>(LoginPo.java:10)
	at library.BaseClass.<init>(BaseClass.java:17)
	at Po.LoginPo.<init>(LoginPo.java:10)
	at library.BaseClass.<init>(BaseClass.java:17)
	at Po.LoginPo.<init>(LoginPo.java:10)
	at library.BaseClass.<init>(BaseClass.java:17)
	at Po.LoginPo.<init>(LoginPo.java:10)
	at library.BaseClass.<init>(BaseClass.java:17)
	at Po.LoginPo.<init>(LoginPo.java:10)
	at library.BaseClass.<init>(BaseClass.java:17)
	at Po.LoginPo.<init>(LoginPo.java:10)
	at library.BaseClass.<init>(BaseClass.java:17)
	at Po.LoginPo.<init>(LoginPo.java:10)
	at library.BaseClass.<init>(BaseClass.java:17)
	at Po.LoginPo.<init>(LoginPo.java:10)
	at library.BaseClass.<init>(BaseClass.java:17)
	at Po.LoginPo.<init>(LoginPo.java:10)
	at library.BaseClass.<init>(BaseClass.java:17)
	at Po.LoginPo.<init>(LoginPo.java:10)
	at library.BaseClass.<init>(BaseClass.java:17)
	at Po.LoginPo.<init>(LoginPo.java:10)
	at library.BaseClass.<init>(BaseClass.java:17)
	at Po.LoginPo.<init>(LoginPo.java:10)
	at library.BaseClass.<init>(BaseClass.java:17)
	at Po.LoginPo.<init>(LoginPo.java:10)
	at library.BaseClass.<init>(BaseClass.java:17)
	at Po.LoginPo.<init>(LoginPo.java:10)
	at library.BaseClass.<init>(BaseClass.java:17)
	at Po.LoginPo.<init>(LoginPo.java:10)
	at library.BaseClass.<init>(BaseClass.java:17)
	at Po.LoginPo.<init>(LoginPo.java:10)
	at library.BaseClass.<init>(BaseClass.java:17)
	at Po.LoginPo.<init>(LoginPo.java:10)
	at library.BaseClass.<init>(BaseClass.java:17)
	at Po.LoginPo.<init>(LoginPo.java:10)
	at library.BaseClass.<init>(BaseClass.java:17)
	at Po.LoginPo.<init>(LoginPo.java:10)
	at library.BaseClass.<init>(BaseClass.java:17)
	at Po.LoginPo.<init>(LoginPo.java:10)
	at library.BaseClass.<init>(BaseClass.java:17)
	at Po.LoginPo.<init>(LoginPo.java:10)
	at library.BaseClass.<init>(BaseClass.java:17)
	at Po.LoginPo.<init>(LoginPo.java:10)
	at library.BaseClass.<init>(BaseClass.java:17)
	at Po.LoginPo.<init>(LoginPo.java:10)
	at library.BaseClass.<init>(BaseClass.java:17)
	at Po.LoginPo.<init>(LoginPo.java:10)
	at library.BaseClass.<init>(BaseClass.java:17)
	at Po.LoginPo.<init>(LoginPo.java:10)
	at library.BaseClass.<init>(BaseClass.java:17)
	at Po.LoginPo.<init>(LoginPo.java:10)
	at library.BaseClass.<init>(BaseClass.java:17)
	at Po.LoginPo.<init>(LoginPo.java:10)
	at library.BaseClass.<init>(BaseClass.java:17)
	at Po.LoginPo.<init>(LoginPo.java:10)
	at library.BaseClass.<init>(BaseClass.java:17)
	at Po.LoginPo.<init>(LoginPo.java:10)
	at library.BaseClass.<init>(BaseClass.java:17)
	at Po.LoginPo.<init>(LoginPo.java:10)
	at library.BaseClass.<init>(BaseClass.java:17)
	at Po.LoginPo.<init>(LoginPo.java:10)
	at library.BaseClass.<init>(BaseClass.java:17)
	at Po.LoginPo.<init>(LoginPo.java:10)
	at library.BaseClass.<init>(BaseClass.java:17)
	at Po.LoginPo.<init>(LoginPo.java:10)
	at library.BaseClass.<init>(BaseClass.java:17)
	at Po.LoginPo.<init>(LoginPo.java:10)
	at library.BaseClass.<init>(BaseClass.java:17)
	at Po.LoginPo.<init>(LoginPo.java:10)
	at library.BaseClass.<init>(BaseClass.java:17)
	at Po.LoginPo.<init>(LoginPo.java:10)
	at library.BaseClass.<init>(BaseClass.java:17)
	at Po.LoginPo.<init>(LoginPo.java:10)
	at library.BaseClass.<init>(BaseClass.java:17)
	at Po.LoginPo.<init>(LoginPo.java:10)
	at library.BaseClass.<init>(BaseClass.java:17)
	at Po.LoginPo.<init>(LoginPo.java:10)
	at library.BaseClass.<init>(BaseClass.java:17)
	at Po.LoginPo.<init>(LoginPo.java:10)
	at library.BaseClass.<init>(BaseClass.java:17)
	at Po.LoginPo.<init>(LoginPo.java:10)
	at library.BaseClass.<init>(BaseClass.java:17)
	at Po.LoginPo.<init>(LoginPo.java:10)
	at library.BaseClass.<init>(BaseClass.java:17)
	at Po.LoginPo.<init>(LoginPo.java:10)
	at library.BaseClass.<init>(BaseClass.java:17)
	at Po.LoginPo.<init>(LoginPo.java:10)
	at library.BaseClass.<init>(BaseClass.java:17)
	at Po.LoginPo.<init>(LoginPo.java:10)
	at library.BaseClass.<init>(BaseClass.java:17)
	at Po.LoginPo.<init>(LoginPo.java:10)
	at library.BaseClass.<init>(BaseClass.java:17)
	at Po.LoginPo.<init>(LoginPo.java:10)
	at library.BaseClass.<init>(BaseClass.java:17)
	at Po.LoginPo.<init>(LoginPo.java:10)
	at library.BaseClass.<init>(BaseClass.java:17)
	at Po.LoginPo.<init>(LoginPo.java:10)
	at library.BaseClass.<init>(BaseClass.java:17)
	at Po.LoginPo.<init>(LoginPo.java:10)
	at library.BaseClass.<init>(BaseClass.java:17)
	at Po.LoginPo.<init>(LoginPo.java:10)
	at library.BaseClass.<init>(BaseClass.java:17)
	at Po.LoginPo.<init>(LoginPo.java:10)
	at library.BaseClass.<init>(BaseClass.java:17)
	at Po.LoginPo.<init>(LoginPo.java:10)
	at library.BaseClass.<init>(BaseClass.java:17)
	at Po.LoginPo.<init>(LoginPo.java:10)
	at library.BaseClass.<init>(BaseClass.java:17)
	at Po.LoginPo.<init>(LoginPo.java:10)
	at library.BaseClass.<init>(BaseClass.java:17)
	at Po.LoginPo.<init>(LoginPo.java:10)
	at library.BaseClass.<init>(BaseClass.java:17)
	at Po.LoginPo.<init>(LoginPo.java:10)
	at library.BaseClass.<init>(BaseClass.java:17)
	at Po.LoginPo.<init>(LoginPo.java:10)
	at library.BaseClass.<init>(BaseClass.java:17)
	at Po.LoginPo.<init>(LoginPo.java:10)
	at library.BaseClass.<init>(BaseClass.java:17)
	at Po.LoginPo.<init>(LoginPo.java:10)
	at library.BaseClass.<init>(BaseClass.java:17)
	at Po.LoginPo.<init>(LoginPo.java:10)
	at library.BaseClass.<init>(BaseClass.java:17)
	at Po.LoginPo.<init>(LoginPo.java:10)
	at library.BaseClass.<init>(BaseClass.java:17)
	at Po.LoginPo.<init>(LoginPo.java:10)
	at library.BaseClass.<init>(BaseClass.java:17)
	at Po.LoginPo.<init>(LoginPo.java:10)
	at library.BaseClass.<init>(BaseClass.java:17)
	at Po.LoginPo.<init>(LoginPo.java:10)
	at library.BaseClass.<init>(BaseClass.java:17)
	at Po.LoginPo.<init>(LoginPo.java:10)
	at library.BaseClass.<init>(BaseClass.java:17)
	at Po.LoginPo.<init>(LoginPo.java:10)
	at library.BaseClass.<init>(BaseClass.java:17)
	at Po.LoginPo.<init>(LoginPo.java:10)
	at library.BaseClass.<init>(BaseClass.java:17)
	at Po.LoginPo.<init>(LoginPo.java:10)
	at library.BaseClass.<init>(BaseClass.java:17)
	at Po.LoginPo.<init>(LoginPo.java:10)
	at library.BaseClass.<init>(BaseClass.java:17)
	at Po.LoginPo.<init>(LoginPo.java:10)
	at library.BaseClass.<init>(BaseClass.java:17)
	at Po.LoginPo.<init>(LoginPo.java:10)
	at library.BaseClass.<init>(BaseClass.java:17)
	at Po.LoginPo.<init>(LoginPo.java:10)
	at library.BaseClass.<init>(BaseClass.java:17)
	at Po.LoginPo.<init>(LoginPo.java:10)
	at library.BaseClass.<init>(BaseClass.java:17)
	at Po.LoginPo.<init>(LoginPo.java:10)
	at library.BaseClass.<init>(BaseClass.java:17)
	at Po.LoginPo.<init>(LoginPo.java:10)
	at library.BaseClass.<init>(BaseClass.java:17)
	at Po.LoginPo.<init>(LoginPo.java:10)
	at library.BaseClass.<init>(BaseClass.java:17)
	at Po.LoginPo.<init>(LoginPo.java:10)
	at library.BaseClass.<init>(BaseClass.java:17)
	at Po.LoginPo.<init>(LoginPo.java:10)
	at library.BaseClass.<init>(BaseClass.java:17)
	at Po.LoginPo.<init>(LoginPo.java:10)
	at library.BaseClass.<init>(BaseClass.java:17)
	at Po.LoginPo.<init>(LoginPo.java:10)
	at library.BaseClass.<init>(BaseClass.java:17)
	at Po.LoginPo.<init>(LoginPo.java:10)
	at library.BaseClass.<init>(BaseClass.java:17)
	at Po.LoginPo.<init>(LoginPo.java:10)
	at library.BaseClass.<init>(BaseClass.java:17)
	at Po.LoginPo.<init>(LoginPo.java:10)
	at library.BaseClass.<init>(BaseClass.java:17)
	at Po.LoginPo.<init>(LoginPo.java:10)
	at library.BaseClass.<init>(BaseClass.java:17)
	at Po.LoginPo.<init>(LoginPo.java:10)
	at library.BaseClass.<init>(BaseClass.java:17)
	at Po.LoginPo.<init>(LoginPo.java:10)
	at library.BaseClass.<init>(BaseClass.java:17)
	at Po.LoginPo.<init>(LoginPo.java:10)
	at library.BaseClass.<init>(BaseClass.java:17)
	at Po.LoginPo.<init>(LoginPo.java:10)
	at library.BaseClass.<init>(BaseClass.java:17)
	at Po.LoginPo.<init>(LoginPo.java:10)
	at library.BaseClass.<init>(BaseClass.java:17)
	at Po.LoginPo.<init>(LoginPo.java:10)
	at library.BaseClass.<init>(BaseClass.java:17)
	at Po.LoginPo.<init>(LoginPo.java:10)
	at library.BaseClass.<init>(BaseClass.java:17)
	at Po.LoginPo.<init>(LoginPo.java:10)
	at library.BaseClass.<init>(BaseClass.java:17)
	at Po.LoginPo.<init>(LoginPo.java:10)
	at library.BaseClass.<init>(BaseClass.java:17)
	at Po.LoginPo.<init>(LoginPo.java:10)
	at library.BaseClass.<init>(BaseClass.java:17)
	at Po.LoginPo.<init>(LoginPo.java:10)
	at library.BaseClass.<init>(BaseClass.java:17)
	at Po.LoginPo.<init>(LoginPo.java:10)
	at library.BaseClass.<init>(BaseClass.java:17)
	at Po.LoginPo.<init>(LoginPo.java:10)
	at library.BaseClass.<init>(BaseClass.java:17)
	at Po.LoginPo.<init>(LoginPo.java:10)
	at library.BaseClass.<init>(BaseClass.java:17)
	at Po.LoginPo.<init>(LoginPo.java:10)
	at library.BaseClass.<init>(BaseClass.java:17)
	at Po.LoginPo.<init>(LoginPo.java:10)
	at library.BaseClass.<init>(BaseClass.java:17)
	at Po.LoginPo.<init>(LoginPo.java:10)
	at library.BaseClass.<init>(BaseClass.java:17)
	at Po.LoginPo.<init>(LoginPo.java:10)
	at library.BaseClass.<init>(BaseClass.java:17)
	at Po.LoginPo.<init>(LoginPo.java:10)
	at library.BaseClass.<init>(BaseClass.java:17)
	at Po.LoginPo.<init>(LoginPo.java:10)
	at library.BaseClass.<init>(BaseClass.java:17)
	at Po.LoginPo.<init>(LoginPo.java:10)
	at library.BaseClass.<init>(BaseClass.java:17)
	at Po.LoginPo.<init>(LoginPo.java:10)
	at library.BaseClass.<init>(BaseClass.java:17)
	at Po.LoginPo.<init>(LoginPo.java:10)
	at library.BaseClass.<init>(BaseClass.java:17)
	at Po.LoginPo.<init>(LoginPo.java:10)
	at library.BaseClass.<init>(BaseClass.java:17)
	at Po.LoginPo.<init>(LoginPo.java:10)
	at library.BaseClass.<init>(BaseClass.java:17)
	at Po.LoginPo.<init>(LoginPo.java:10)
	at library.BaseClass.<init>(BaseClass.java:17)
	at Po.LoginPo.<init>(LoginPo.java:10)
	at library.BaseClass.<init>(BaseClass.java:17)
	at Po.LoginPo.<init>(LoginPo.java:10)
	at library.BaseClass.<init>(BaseClass.java:17)
	at Po.LoginPo.<init>(LoginPo.java:10)
	at library.BaseClass.<init>(BaseClass.java:17)
	at Po.LoginPo.<init>(LoginPo.java:10)
	at library.BaseClass.<init>(BaseClass.java:17)
	at Po.LoginPo.<init>(LoginPo.java:10)
	at library.BaseClass.<init>(BaseClass.java:17)
	at Po.LoginPo.<init>(LoginPo.java:10)
	at library.BaseClass.<init>(BaseClass.java:17)
	at Po.LoginPo.<init>(LoginPo.java:10)
	at library.BaseClass.<init>(BaseClass.java:17)
	at Po.LoginPo.<init>(LoginPo.java:10)
	at library.BaseClass.<init>(BaseClass.java:17)
	at Po.LoginPo.<init>(LoginPo.java:10)
	at library.BaseClass.<init>(BaseClass.java:17)
	at Po.LoginPo.<init>(LoginPo.java:10)
	at library.BaseClass.<init>(BaseClass.java:17)
	at Po.LoginPo.<init>(LoginPo.java:10)
	at library.BaseClass.<init>(BaseClass.java:17)
	at Po.LoginPo.<init>(LoginPo.java:10)
	at library.BaseClass.<init>(BaseClass.java:17)
	at Po.LoginPo.<init>(LoginPo.java:10)
	at library.BaseClass.<init>(BaseClass.java:17)
	at Po.LoginPo.<init>(LoginPo.java:10)
	at library.BaseClass.<init>(BaseClass.java:17)
	at Po.LoginPo.<init>(LoginPo.java:10)
[...]
	at library.BaseClass.<init>(BaseClass.java:17)
	at Po.LoginPo.<init>(LoginPo.java:10)
	at library.BaseClass.<init>(BaseClass.java:17)
	at Po.LoginPo.<init>(LoginPo.java:10)
	at library.BaseClass.<init>(BaseClass.java:17)
	at Po.LoginPo.<init>(LoginPo.java:10)
	at library.BaseClass.<init>(BaseClass.java:17)
	at Po.LoginPo.<init>(LoginPo.java:10)
	at library.BaseClass.<init>(BaseClass.java:17)
	at Po.LoginPo.<init>(LoginPo.java:10)
	at library.BaseClass.<init>(BaseClass.java:17)
	at Po.LoginPo.<init>(LoginPo.java:10)
	at library.BaseClass.<init>(BaseClass.java:17)
	at Po.LoginPo.<init>(LoginPo.java:10)
	at library.BaseClass.<init>(BaseClass.java:17)
	at Po.LoginPo.<init>(LoginPo.java:10)
	at library.BaseClass.<init>(BaseClass.java:17)
	at Po.LoginPo.<init>(LoginPo.java:10)
	at library.BaseClass.<init>(BaseClass.java:17)
	at Po.LoginPo.<init>(LoginPo.java:10)
	at library.BaseClass.<init>(BaseClass.java:17)
	at Po.LoginPo.<init>(LoginPo.java:10)
	at library.BaseClass.<init>(BaseClass.java:17)
	at Po.LoginPo.<init>(LoginPo.java:10)
	at library.BaseClass.<init>(BaseClass.java:17)
	at Po.LoginPo.<init>(LoginPo.java:10)
	at library.BaseClass.<init>(BaseClass.java:17)
	at Po.LoginPo.<init>(LoginPo.java:10)
	at library.BaseClass.<init>(BaseClass.java:17)
	at Po.LoginPo.<init>(LoginPo.java:10)
	at library.BaseClass.<init>(BaseClass.java:17)
	at Po.LoginPo.<init>(LoginPo.java:10)
	at library.BaseClass.<init>(BaseClass.java:17)
	at Po.LoginPo.<init>(LoginPo.java:10)
	at library.BaseClass.<init>(BaseClass.java:17)
	at Po.LoginPo.<init>(LoginPo.java:10)
	at library.BaseClass.<init>(BaseClass.java:17)
	at Po.LoginPo.<init>(LoginPo.java:10)
	at library.BaseClass.<init>(BaseClass.java:17)
	at Po.LoginPo.<init>(LoginPo.java:10)
	at library.BaseClass.<init>(BaseClass.java:17)
	at Po.LoginPo.<init>(LoginPo.java:10)
	at library.BaseClass.<init>(BaseClass.java:17)
	at Po.LoginPo.<init>(LoginPo.java:10)
	at library.BaseClass.<init>(BaseClass.java:17)
	at Po.LoginPo.<init>(LoginPo.java:10)
	at library.BaseClass.<init>(BaseClass.java:17)
	at Po.LoginPo.<init>(LoginPo.java:10)
	at library.BaseClass.<init>(BaseClass.java:17)
	at Po.LoginPo.<init>(LoginPo.java:10)
	at library.BaseClass.<init>(BaseClass.java:17)
	at Po.LoginPo.<init>(LoginPo.java:10)
	at library.BaseClass.<init>(BaseClass.java:17)
	at Po.LoginPo.<init>(LoginPo.java:10)
	at library.BaseClass.<init>(BaseClass.java:17)
	at Po.LoginPo.<init>(LoginPo.java:10)
	at library.BaseClass.<init>(BaseClass.java:17)
	at Po.LoginPo.<init>(LoginPo.java:10)
	at library.BaseClass.<init>(BaseClass.java:17)
	at Po.LoginPo.<init>(LoginPo.java:10)
	at library.BaseClass.<init>(BaseClass.java:17)
	at Po.LoginPo.<init>(LoginPo.java:10)
	at library.BaseClass.<init>(BaseClass.java:17)
	at Po.LoginPo.<init>(LoginPo.java:10)
	at library.BaseClass.<init>(BaseClass.java:17)
	at Po.LoginPo.<init>(LoginPo.java:10)
	at library.BaseClass.<init>(BaseClass.java:17)
	at Po.LoginPo.<init>(LoginPo.java:10)
	at library.BaseClass.<init>(BaseClass.java:17)
	at Po.LoginPo.<init>(LoginPo.java:10)
	at library.BaseClass.<init>(BaseClass.java:17)
	at Po.LoginPo.<init>(LoginPo.java:10)
	at library.BaseClass.<init>(BaseClass.java:17)
	at Po.LoginPo.<init>(LoginPo.java:10)
	at library.BaseClass.<init>(BaseClass.java:17)
	at Po.LoginPo.<init>(LoginPo.java:10)
	at library.BaseClass.<init>(BaseClass.java:17)
	at Po.LoginPo.<init>(LoginPo.java:10)
	at library.BaseClass.<init>(BaseClass.java:17)
	at Po.LoginPo.<init>(LoginPo.java:10)
	at library.BaseClass.<init>(BaseClass.java:17)
	at Po.LoginPo.<init>(LoginPo.java:10)
	at library.BaseClass.<init>(BaseClass.java:17)
	at Po.LoginPo.<init>(LoginPo.java:10)
	at library.BaseClass.<init>(BaseClass.java:17)
	at Po.LoginPo.<init>(LoginPo.java:10)
	at library.BaseClass.<init>(BaseClass.java:17)
	at Po.LoginPo.<init>(LoginPo.java:10)
	at library.BaseClass.<init>(BaseClass.java:17)
	at Po.LoginPo.<init>(LoginPo.java:10)
	at library.BaseClass.<init>(BaseClass.java:17)
	at Po.LoginPo.<init>(LoginPo.java:10)
	at library.BaseClass.<init>(BaseClass.java:17)
	at Po.LoginPo.<init>(LoginPo.java:10)
	at library.BaseClass.<init>(BaseClass.java:17)
	at Po.LoginPo.<init>(LoginPo.java:10)
	at library.BaseClass.<init>(BaseClass.java:17)
	at Po.LoginPo.<init>(LoginPo.java:10)
	at library.BaseClass.<init>(BaseClass.java:17)
	at Po.LoginPo.<init>(LoginPo.java:10)
	at library.BaseClass.<init>(BaseClass.java:17)
	at Po.LoginPo.<init>(LoginPo.java:10)
	at library.BaseClass.<init>(BaseClass.java:17)
	at Po.LoginPo.<init>(LoginPo.java:10)
	at library.BaseClass.<init>(BaseClass.java:17)
	at Po.LoginPo.<init>(LoginPo.java:10)
	at library.BaseClass.<init>(BaseClass.java:17)
	at Po.LoginPo.<init>(LoginPo.java:10)
	at library.BaseClass.<init>(BaseClass.java:17)
	at Po.LoginPo.<init>(LoginPo.java:10)
	at library.BaseClass.<init>(BaseClass.java:17)
	at Po.LoginPo.<init>(LoginPo.java:10)
	at library.BaseClass.<init>(BaseClass.java:17)
	at Po.LoginPo.<init>(LoginPo.java:10)
	at library.BaseClass.<init>(BaseClass.java:17)
	at Po.LoginPo.<init>(LoginPo.java:10)
	at library.BaseClass.<init>(BaseClass.java:17)
	at Po.LoginPo.<init>(LoginPo.java:10)
	at library.BaseClass.<init>(BaseClass.java:17)
	at Po.LoginPo.<init>(LoginPo.java:10)
	at library.BaseClass.<init>(BaseClass.java:17)
	at Po.LoginPo.<init>(LoginPo.java:10)
	at library.BaseClass.<init>(BaseClass.java:17)
	at Po.LoginPo.<init>(LoginPo.java:10)
	at library.BaseClass.<init>(BaseClass.java:17)
	at Po.LoginPo.<init>(LoginPo.java:10)
	at library.BaseClass.<init>(BaseClass.java:17)
	at Po.LoginPo.<init>(LoginPo.java:10)
	at library.BaseClass.<init>(BaseClass.java:17)
	at Po.LoginPo.<init>(LoginPo.java:10)
	at library.BaseClass.<init>(BaseClass.java:17)
	at Po.LoginPo.<init>(LoginPo.java:10)
	at library.BaseClass.<init>(BaseClass.java:17)
	at Po.LoginPo.<init>(LoginPo.java:10)
	at library.BaseClass.<init>(BaseClass.java:17)
	at Po.LoginPo.<init>(LoginPo.java:10)
	at library.BaseClass.<init>(BaseClass.java:17)
	at Po.LoginPo.<init>(LoginPo.java:10)
	at library.BaseClass.<init>(BaseClass.java:17)
	at Po.LoginPo.<init>(LoginPo.java:10)
	at library.BaseClass.<init>(BaseClass.java:17)
	at Po.LoginPo.<init>(LoginPo.java:10)
	at library.BaseClass.<init>(BaseClass.java:17)
	at Po.LoginPo.<init>(LoginPo.java:10)
	at library.BaseClass.<init>(BaseClass.java:17)
	at Po.LoginPo.<init>(LoginPo.java:10)
	at library.BaseClass.<init>(BaseClass.java:17)
	at Po.LoginPo.<init>(LoginPo.java:10)
	at library.BaseClass.<init>(BaseClass.java:17)
	at Po.LoginPo.<init>(LoginPo.java:10)
	at library.BaseClass.<init>(BaseClass.java:17)
	at Po.LoginPo.<init>(LoginPo.java:10)
	at library.BaseClass.<init>(BaseClass.java:17)
	at Po.LoginPo.<init>(LoginPo.java:10)
	at library.BaseClass.<init>(BaseClass.java:17)
	at Po.LoginPo.<init>(LoginPo.java:10)
	at library.BaseClass.<init>(BaseClass.java:17)
	at Po.LoginPo.<init>(LoginPo.java:10)
	at library.BaseClass.<init>(BaseClass.java:17)
	at Po.LoginPo.<init>(LoginPo.java:10)
	at library.BaseClass.<init>(BaseClass.java:17)
	at Po.LoginPo.<init>(LoginPo.java:10)
	at library.BaseClass.<init>(BaseClass.java:17)
	at Po.LoginPo.<init>(LoginPo.java:10)
	at library.BaseClass.<init>(BaseClass.java:17)
	at Po.LoginPo.<init>(LoginPo.java:10)
	at library.BaseClass.<init>(BaseClass.java:17)
	at Po.LoginPo.<init>(LoginPo.java:10)
	at library.BaseClass.<init>(BaseClass.java:17)
	at Po.LoginPo.<init>(LoginPo.java:10)
	at library.BaseClass.<init>(BaseClass.java:17)
	at Po.LoginPo.<init>(LoginPo.java:10)
	at library.BaseClass.<init>(BaseClass.java:17)
	at Po.LoginPo.<init>(LoginPo.java:10)
	at library.BaseClass.<init>(BaseClass.java:17)
	at Po.LoginPo.<init>(LoginPo.java:10)
	at library.BaseClass.<init>(BaseClass.java:17)
	at Po.LoginPo.<init>(LoginPo.java:10)
	at library.BaseClass.<init>(BaseClass.java:17)
	at Po.LoginPo.<init>(LoginPo.java:10)
	at library.BaseClass.<init>(BaseClass.java:17)
	at Po.LoginPo.<init>(LoginPo.java:10)
	at library.BaseClass.<init>(BaseClass.java:17)
	at Po.LoginPo.<init>(LoginPo.java:10)
	at library.BaseClass.<init>(BaseClass.java:17)
	at Po.LoginPo.<init>(LoginPo.java:10)
	at library.BaseClass.<init>(BaseClass.java:17)
	at Po.LoginPo.<init>(LoginPo.java:10)
	at library.BaseClass.<init>(BaseClass.java:17)
	at Po.LoginPo.<init>(LoginPo.java:10)
	at library.BaseClass.<init>(BaseClass.java:17)
	at Po.LoginPo.<init>(LoginPo.java:10)
	at library.BaseClass.<init>(BaseClass.java:17)
	at Po.LoginPo.<init>(LoginPo.java:10)
	at library.BaseClass.<init>(BaseClass.java:17)
	at Po.LoginPo.<init>(LoginPo.java:10)
	at library.BaseClass.<init>(BaseClass.java:17)
	at Po.LoginPo.<init>(LoginPo.java:10)
	at library.BaseClass.<init>(BaseClass.java:17)
	at Po.LoginPo.<init>(LoginPo.java:10)
	at library.BaseClass.<init>(BaseClass.java:17)
	at Po.LoginPo.<init>(LoginPo.java:10)
	at library.BaseClass.<init>(BaseClass.java:17)
	at Po.LoginPo.<init>(LoginPo.java:10)
	at library.BaseClass.<init>(BaseClass.java:17)
	at Po.LoginPo.<init>(LoginPo.java:10)
	at library.BaseClass.<init>(BaseClass.java:17)
	at Po.LoginPo.<init>(LoginPo.java:10)
	at library.BaseClass.<init>(BaseClass.java:17)
	at Po.LoginPo.<init>(LoginPo.java:10)
	at library.BaseClass.<init>(BaseClass.java:17)
	at Po.LoginPo.<init>(LoginPo.java:10)
	at library.BaseClass.<init>(BaseClass.java:17)
	at Po.LoginPo.<init>(LoginPo.java:10)
	at library.BaseClass.<init>(BaseClass.java:17)
	at Po.LoginPo.<init>(LoginPo.java:10)
	at library.BaseClass.<init>(BaseClass.java:17)
	at Po.LoginPo.<init>(LoginPo.java:10)
	at library.BaseClass.<init>(BaseClass.java:17)
	at Po.LoginPo.<init>(LoginPo.java:10)
	at library.BaseClass.<init>(BaseClass.java:17)
	at Po.LoginPo.<init>(LoginPo.java:10)
	at library.BaseClass.<init>(BaseClass.java:17)
	at Po.LoginPo.<init>(LoginPo.java:10)
	at library.BaseClass.<init>(BaseClass.java:17)
	at Po.LoginPo.<init>(LoginPo.java:10)
	at library.BaseClass.<init>(BaseClass.java:17)
	at Po.LoginPo.<init>(LoginPo.java:10)
	at library.BaseClass.<init>(BaseClass.java:17)
	at Po.LoginPo.<init>(LoginPo.java:10)
	at library.BaseClass.<init>(BaseClass.java:17)
	at Po.LoginPo.<init>(LoginPo.java:10)
	at library.BaseClass.<init>(BaseClass.java:17)
	at Po.LoginPo.<init>(LoginPo.java:10)
	at library.BaseClass.<init>(BaseClass.java:17)
	at Po.LoginPo.<init>(LoginPo.java:10)
	at library.BaseClass.<init>(BaseClass.java:17)
	at Po.LoginPo.<init>(LoginPo.java:10)
	at library.BaseClass.<init>(BaseClass.java:17)
	at Po.LoginPo.<init>(LoginPo.java:10)
	at library.BaseClass.<init>(BaseClass.java:17)
	at Po.LoginPo.<init>(LoginPo.java:10)
	at library.BaseClass.<init>(BaseClass.java:17)
	at Po.LoginPo.<init>(LoginPo.java:10)
	at library.BaseClass.<init>(BaseClass.java:17)
	at Po.LoginPo.<init>(LoginPo.java:10)
	at library.BaseClass.<init>(BaseClass.java:17)
	at Po.LoginPo.<init>(LoginPo.java:10)
	at library.BaseClass.<init>(BaseClass.java:17)
	at Po.LoginPo.<init>(LoginPo.java:10)
	at library.BaseClass.<init>(BaseClass.java:17)
	at Po.LoginPo.<init>(LoginPo.java:10)
	at library.BaseClass.<init>(BaseClass.java:17)
	at Po.LoginPo.<init>(LoginPo.java:10)
	at library.BaseClass.<init>(BaseClass.java:17)
	at Po.LoginPo.<init>(LoginPo.java:10)
	at library.BaseClass.<init>(BaseClass.java:17)
	at Po.LoginPo.<init>(LoginPo.java:10)
	at library.BaseClass.<init>(BaseClass.java:17)
	at Po.LoginPo.<init>(LoginPo.java:10)
	at library.BaseClass.<init>(BaseClass.java:17)
	at Po.LoginPo.<init>(LoginPo.java:10)
	at library.BaseClass.<init>(BaseClass.java:17)
	at Po.LoginPo.<init>(LoginPo.java:10)
	at library.BaseClass.<init>(BaseClass.java:17)
	at Po.LoginPo.<init>(LoginPo.java:10)
	at library.BaseClass.<init>(BaseClass.java:17)
	at Po.LoginPo.<init>(LoginPo.java:10)
	at library.BaseClass.<init>(BaseClass.java:17)
	at Po.LoginPo.<init>(LoginPo.java:10)
	at library.BaseClass.<init>(BaseClass.java:17)
	at Po.LoginPo.<init>(LoginPo.java:10)
	at library.BaseClass.<init>(BaseClass.java:17)
	at Po.LoginPo.<init>(LoginPo.java:10)
	at library.BaseClass.<init>(BaseClass.java:17)
	at Po.LoginPo.<init>(LoginPo.java:10)
	at library.BaseClass.<init>(BaseClass.java:17)
	at Po.LoginPo.<init>(LoginPo.java:10)
	at library.BaseClass.<init>(BaseClass.java:17)
	at Po.LoginPo.<init>(LoginPo.java:10)
	at library.BaseClass.<init>(BaseClass.java:17)
	at Po.LoginPo.<init>(LoginPo.java:10)
	at library.BaseClass.<init>(BaseClass.java:17)
	at Po.LoginPo.<init>(LoginPo.java:10)
	at library.BaseClass.<init>(BaseClass.java:17)
	at Po.LoginPo.<init>(LoginPo.java:10)
	at library.BaseClass.<init>(BaseClass.java:17)
	at Po.LoginPo.<init>(LoginPo.java:10)
	at library.BaseClass.<init>(BaseClass.java:17)
	at Po.LoginPo.<init>(LoginPo.java:10)
	at library.BaseClass.<init>(BaseClass.java:17)
	at Po.LoginPo.<init>(LoginPo.java:10)
	at library.BaseClass.<init>(BaseClass.java:17)
	at Po.LoginPo.<init>(LoginPo.java:10)
	at library.BaseClass.<init>(BaseClass.java:17)
	at Po.LoginPo.<init>(LoginPo.java:10)
	at library.BaseClass.<init>(BaseClass.java:17)
	at Po.LoginPo.<init>(LoginPo.java:10)
	at library.BaseClass.<init>(BaseClass.java:17)
	at Po.LoginPo.<init>(LoginPo.java:10)
	at library.BaseClass.<init>(BaseClass.java:17)
	at Po.LoginPo.<init>(LoginPo.java:10)
	at library.BaseClass.<init>(BaseClass.java:17)
	at Po.LoginPo.<init>(LoginPo.java:10)
	at library.BaseClass.<init>(BaseClass.java:17)
	at Po.LoginPo.<init>(LoginPo.java:10)
	at library.BaseClass.<init>(BaseClass.java:17)
	at Po.LoginPo.<init>(LoginPo.java:10)
	at library.BaseClass.<init>(BaseClass.java:17)
	at Po.LoginPo.<init>(LoginPo.java:10)
	at library.BaseClass.<init>(BaseClass.java:17)
	at Po.LoginPo.<init>(LoginPo.java:10)
	at library.BaseClass.<init>(BaseClass.java:17)
	at Po.LoginPo.<init>(LoginPo.java:10)
	at library.BaseClass.<init>(BaseClass.java:17)
	at Po.LoginPo.<init>(LoginPo.java:10)
	at library.BaseClass.<init>(BaseClass.java:17)
	at Po.LoginPo.<init>(LoginPo.java:10)
	at library.BaseClass.<init>(BaseClass.java:17)
	at Po.LoginPo.<init>(LoginPo.java:10)
	at library.BaseClass.<init>(BaseClass.java:17)
	at Po.LoginPo.<init>(LoginPo.java:10)
	at library.BaseClass.<init>(BaseClass.java:17)
	at Po.LoginPo.<init>(LoginPo.java:10)
	at library.BaseClass.<init>(BaseClass.java:17)
	at Po.LoginPo.<init>(LoginPo.java:10)
	at library.BaseClass.<init>(BaseClass.java:17)
	at Po.LoginPo.<init>(LoginPo.java:10)
	at library.BaseClass.<init>(BaseClass.java:17)
	at Po.LoginPo.<init>(LoginPo.java:10)
	at library.BaseClass.<init>(BaseClass.java:17)
	at Po.LoginPo.<init>(LoginPo.java:10)
	at library.BaseClass.<init>(BaseClass.java:17)
	at Po.LoginPo.<init>(LoginPo.java:10)
	at library.BaseClass.<init>(BaseClass.java:17)
	at Po.LoginPo.<init>(LoginPo.java:10)
	at library.BaseClass.<init>(BaseClass.java:17)
	at Po.LoginPo.<init>(LoginPo.java:10)
	at library.BaseClass.<init>(BaseClass.java:17)
	at Po.LoginPo.<init>(LoginPo.java:10)
	at library.BaseClass.<init>(BaseClass.java:17)
	at Po.LoginPo.<init>(LoginPo.java:10)
	at library.BaseClass.<init>(BaseClass.java:17)
	at Po.LoginPo.<init>(LoginPo.java:10)
	at library.BaseClass.<init>(BaseClass.java:17)
	at Po.LoginPo.<init>(LoginPo.java:10)
	at library.BaseClass.<init>(BaseClass.java:17)
	at Po.LoginPo.<init>(LoginPo.java:10)
	at library.BaseClass.<init>(BaseClass.java:17)
	at Po.LoginPo.<init>(LoginPo.java:10)
	at library.BaseClass.<init>(BaseClass.java:17)
	at Po.LoginPo.<init>(LoginPo.java:10)
	at library.BaseClass.<init>(BaseClass.java:17)
	at Po.LoginPo.<init>(LoginPo.java:10)
	at library.BaseClass.<init>(BaseClass.java:17)
	at Po.LoginPo.<init>(LoginPo.java:10)
	at library.BaseClass.<init>(BaseClass.java:17)
	at Po.LoginPo.<init>(LoginPo.java:10)
	at library.BaseClass.<init>(BaseClass.java:17)
	at Po.LoginPo.<init>(LoginPo.java:10)
	at library.BaseClass.<init>(BaseClass.java:17)
	at Po.LoginPo.<init>(LoginPo.java:10)
	at library.BaseClass.<init>(BaseClass.java:17)
	at Po.LoginPo.<init>(LoginPo.java:10)
	at library.BaseClass.<init>(BaseClass.java:17)
	at Po.LoginPo.<init>(LoginPo.java:10)
	at library.BaseClass.<init>(BaseClass.java:17)
	at Po.LoginPo.<init>(LoginPo.java:10)
	at library.BaseClass.<init>(BaseClass.java:17)
	at Po.LoginPo.<init>(LoginPo.java:10)
	at library.BaseClass.<init>(BaseClass.java:17)
	at Po.LoginPo.<init>(LoginPo.java:10)
	at library.BaseClass.<init>(BaseClass.java:17)
	at Po.LoginPo.<init>(LoginPo.java:10)
	at library.BaseClass.<init>(BaseClass.java:17)
	at Po.LoginPo.<init>(LoginPo.java:10)
	at library.BaseClass.<init>(BaseClass.java:17)
	at Po.LoginPo.<init>(LoginPo.java:10)
	at library.BaseClass.<init>(BaseClass.java:17)
	at Po.LoginPo.<init>(LoginPo.java:10)
	at library.BaseClass.<init>(BaseClass.java:17)
	at Po.LoginPo.<init>(LoginPo.java:10)
	at library.BaseClass.<init>(BaseClass.java:17)
	at Po.LoginPo.<init>(LoginPo.java:10)
	at library.BaseClass.<init>(BaseClass.java:17)
	at Po.LoginPo.<init>(LoginPo.java:10)
	at library.BaseClass.<init>(BaseClass.java:17)
	at Po.LoginPo.<init>(LoginPo.java:10)
	at library.BaseClass.<init>(BaseClass.java:17)
	at Po.LoginPo.<init>(LoginPo.java:10)
	at library.BaseClass.<init>(BaseClass.java:17)
	at Po.LoginPo.<init>(LoginPo.java:10)
	at library.BaseClass.<init>(BaseClass.java:17)
	at Po.LoginPo.<init>(LoginPo.java:10)
	at library.BaseClass.<init>(BaseClass.java:17)
	at Po.LoginPo.<init>(LoginPo.java:10)
	at library.BaseClass.<init>(BaseClass.java:17)
	at Po.LoginPo.<init>(LoginPo.java:10)
	at library.BaseClass.<init>(BaseClass.java:17)
	at Po.LoginPo.<init>(LoginPo.java:10)
	at library.BaseClass.<init>(BaseClass.java:17)
	at Po.LoginPo.<init>(LoginPo.java:10)
	at library.BaseClass.<init>(BaseClass.java:17)
	at Po.LoginPo.<init>(LoginPo.java:10)
	at library.BaseClass.<init>(BaseClass.java:17)
	at Po.LoginPo.<init>(LoginPo.java:10)
	at library.BaseClass.<init>(BaseClass.java:17)
	at Po.LoginPo.<init>(LoginPo.java:10)
	at library.BaseClass.<init>(BaseClass.java:17)
	at Po.LoginPo.<init>(LoginPo.java:10)
	at library.BaseClass.<init>(BaseClass.java:17)
	at Po.LoginPo.<init>(LoginPo.java:10)
	at library.BaseClass.<init>(BaseClass.java:17)
	at Po.LoginPo.<init>(LoginPo.java:10)
	at library.BaseClass.<init>(BaseClass.java:17)
	at Po.LoginPo.<init>(LoginPo.java:10)
	at library.BaseClass.<init>(BaseClass.java:17)
	at Po.LoginPo.<init>(LoginPo.java:10)
	at library.BaseClass.<init>(BaseClass.java:17)
	at Po.LoginPo.<init>(LoginPo.java:10)
	at library.BaseClass.<init>(BaseClass.java:17)
	at Po.LoginPo.<init>(LoginPo.java:10)
	at library.BaseClass.<init>(BaseClass.java:17)
	at Po.LoginPo.<init>(LoginPo.java:10)
	at library.BaseClass.<init>(BaseClass.java:17)
	at Po.LoginPo.<init>(LoginPo.java:10)
	at library.BaseClass.<init>(BaseClass.java:17)
	at Po.LoginPo.<init>(LoginPo.java:10)
	at library.BaseClass.<init>(BaseClass.java:17)
	at Po.LoginPo.<init>(LoginPo.java:10)
	at library.BaseClass.<init>(BaseClass.java:17)
	at Po.LoginPo.<init>(LoginPo.java:10)
	at library.BaseClass.<init>(BaseClass.java:17)
	at Po.LoginPo.<init>(LoginPo.java:10)
	at library.BaseClass.<init>(BaseClass.java:17)
	at Po.LoginPo.<init>(LoginPo.java:10)
	at library.BaseClass.<init>(BaseClass.java:17)
	at Po.LoginPo.<init>(LoginPo.java:10)
	at library.BaseClass.<init>(BaseClass.java:17)
	at Po.LoginPo.<init>(LoginPo.java:10)
	at library.BaseClass.<init>(BaseClass.java:17)
	at Po.LoginPo.<init>(LoginPo.java:10)
	at library.BaseClass.<init>(BaseClass.java:17)
	at Po.LoginPo.<init>(LoginPo.java:10)
	at library.BaseClass.<init>(BaseClass.java:17)
	at Po.LoginPo.<init>(LoginPo.java:10)
	at library.BaseClass.<init>(BaseClass.java:17)
	at Po.LoginPo.<init>(LoginPo.java:10)
	at library.BaseClass.<init>(BaseClass.java:17)
	at Po.LoginPo.<init>(LoginPo.java:10)
	at library.BaseClass.<init>(BaseClass.java:17)
	at Po.LoginPo.<init>(LoginPo.java:10)
	at library.BaseClass.<init>(BaseClass.java:17)
	at Po.LoginPo.<init>(LoginPo.java:10)
	at library.BaseClass.<init>(BaseClass.java:17)
	at Po.LoginPo.<init>(LoginPo.java:10)
	at library.BaseClass.<init>(BaseClass.java:17)
	at Po.LoginPo.<init>(LoginPo.java:10)
	at library.BaseClass.<init>(BaseClass.java:17)

